Log file open, 12/10/14 21:03:57
LogInit:Display: Running engine for game: AsteroidMiner
LogInit: Version: 4.6.0-2369412+++depot+UE4-Releases+4.6
LogInit: API Version: 2369412
LogInit: Compiled (64-bit): Nov 24 2014 21:54:04
LogInit: Compiled with Visual C++: 18.00.21005.01
LogInit: Build Configuration: Development
LogInit: Branch Name: ++depot+UE4-Releases+4.6
LogInit: Command line:  
LogInit: Base directory: C:/Program Files/Epic Games/4.6/Engine/Binaries/Win64/
LogInit: Rocket: 1
[2014.12.10-21.03.58:029][  0]LogTaskGraph: Started task graph with 3 named threads and 6 total threads.
[2014.12.10-21.03.58:089][  0]LogOnline:Warning: No default platform service specified for OnlineSubsystem
[2014.12.10-21.03.58:121][  0]LogInit: Presizing for 0 objects not considered by GC, pre-allocating 0 bytes.
[2014.12.10-21.03.58:135][  0]LogInit: Object subsystem initialized
[2014.12.10-21.03.58:137][  0]LogConsoleResponse:Warning: Skipping Unknown console variable: 'UIScaleCurve = (EditorCurveData=(Keys=((Time=480.000000,Value=0.444000),(Time=720.000000,Value=0.666000),(Time=1080.000000,Value=1.000000),(Time=8640.000000,Value=8.000000))),ExternalCurve=None)'
[2014.12.10-21.03.58:137][  0]LogConsoleResponse:Warning:   Found in ini file 'E:/Other Files/UnrealEngine_4.5/Projects/AsteroidMiner4.6/Saved/Config/Windows/Engine.ini', in section '[/Script/Engine.RendererSettings]'
[2014.12.10-21.03.58:138][  0]LogConsoleManager:Warning: Console variable 'r.MSAA.CompositingSampleCount' wasn't set (Priority ProjectSetting < Scalability)
[2014.12.10-21.03.58:138][  0]LogInit: Selected Device Profile: [Windows]
[2014.12.10-21.03.58:138][  0]LogInit: Applying CVar settings loaded from the selected device profile: [Windows]
[2014.12.10-21.03.58:168][  0]LogInit: Computer: LLOYDS_PC
[2014.12.10-21.03.58:168][  0]LogInit: User: 10021000
[2014.12.10-21.03.58:168][  0]LogInit: CPU Page size=4096, Cores=4
[2014.12.10-21.03.58:168][  0]LogInit: High frequency timer resolution =2.337877 MHz
[2014.12.10-21.03.58:168][  0]LogMemory: Memory total: Physical=5.9GB (6GB approx) Virtual=131072.0GB
[2014.12.10-21.03.58:168][  0]LogMemory: Platform Memory Stats for Windows
[2014.12.10-21.03.58:168][  0]LogMemory: Process Physical Memory: 47.29 MB used, 47.29 MB peak
[2014.12.10-21.03.58:168][  0]LogMemory: Process Virtual Memory: 23.10 MB used, 24.39 MB peak
[2014.12.10-21.03.58:168][  0]LogMemory: Physical Memory: 2384.21 MB used, 6077.92 MB total
[2014.12.10-21.03.58:168][  0]LogMemory: Virtual Memory: 272.18 MB used, 134217728.00 MB total
[2014.12.10-21.03.58:207][  0]LogD3D11RHI: Found D3D11 adapter 0: NVIDIA GeForce GTX 680 (Feature Level 11_0)
[2014.12.10-21.03.58:207][  0]LogD3D11RHI: Adapter has 1985MB of dedicated video memory, 0MB of dedicated system memory, and 2048MB of shared system memory, 2 output[s]
[2014.12.10-21.03.58:210][  0]LogD3D11RHI: Found D3D11 adapter 1: Microsoft Basic Render Driver (Feature Level 11_0)
[2014.12.10-21.03.58:210][  0]LogD3D11RHI: Adapter has 0MB of dedicated video memory, 0MB of dedicated system memory, and 256MB of shared system memory, 0 output[s]
[2014.12.10-21.03.58:210][  0]LogD3D11RHI: Chosen D3D11 Adapter Id = 0
[2014.12.10-21.03.58:217][  0]LogRHI: Texture pool is 1361 MB (70% of 1945 MB)
[2014.12.10-21.03.58:234][  0]LogD3D11RHI: Async texture creation enabled
[2014.12.10-21.03.58:313][  0]LogTextLocalizationManager: The requested culture ('en_GB') has no localization data; parent culture's ('en') localization data will be used.
[2014.12.10-21.03.58:541][  0]LogContentStreaming: Texture pool size is 0.000000MB
[2014.12.10-21.04.07:891][  0]LogTargetPlatformManager:Display: Building Assets For Windows
[2014.12.10-21.04.08:606][  0]LogTargetPlatformManager:Display: Building Assets For Windows
[2014.12.10-21.04.08:695][  0]LogDerivedDataCache:Display: Max Cache Size: 512 MB
[2014.12.10-21.04.08:855][  0]LogDerivedDataCache: Loaded boot cache 0.16s 39MB C:/Users/10021_000/AppData/Local/UnrealEngine/4.6/DerivedDataCache/Boot.ddc.
[2014.12.10-21.04.08:855][  0]LogDerivedDataCache:Display: Loaded Boot cache: C:/Users/10021_000/AppData/Local/UnrealEngine/4.6/DerivedDataCache/Boot.ddc
[2014.12.10-21.04.08:857][  0]LogDerivedDataCache: FDerivedDataBackendGraph:  Pak pak cache file E:/Other Files/UnrealEngine_4.5/Projects/AsteroidMiner4.6/DerivedDataCache/DDC.ddp not found, will not use a pak cache.
[2014.12.10-21.04.08:857][  0]LogDerivedDataCache: Unable to find inner node Pak for hierarchical cache Hierarchy.
[2014.12.10-21.04.08:959][  0]LogDerivedDataCache:Display: Pak cache opened for reading ../../../Engine/DerivedDataCache/DDC.ddp.
[2014.12.10-21.04.08:972][  0]LogDerivedDataCache: Using Local data cache path C:/Users/10021_000/AppData/Local/UnrealEngine/Common/DerivedDataCache: Writable
[2014.12.10-21.04.09:210][  0]LogCollisionProfile:Warning: Profile (Trigger) - Custom Channel Name = 'Projectile' hasn't been found
[2014.12.10-21.04.09:210][  0]LogCollisionProfile:Warning: Profile (UI) - Custom Channel Name = 'Weapon' hasn't been found
[2014.12.10-21.04.09:210][  0]LogCollisionProfile:Warning: Profile (Projectile) ObjectTypeName (Projectile) is invalid. 
[2014.12.10-21.04.09:494][  0]LogMeshUtilities: No automatic mesh reduction module available
[2014.12.10-21.04.09:494][  0]LogMeshUtilities: No automatic mesh merging module available
[2014.12.10-21.04.10:434][  0]LogInit: WinSock: version 1.1 (2.2), MaxSocks=32767, MaxUdp=65467
[2014.12.10-21.04.10:531][  0]LogSlate:Warning: Failed to load font data from '../../../Engine/Content/Slate/Fonts/Roboto-Italic.ttf'
[2014.12.10-21.04.11:902][  0]UdpMessaging: Initializing bridge on interface 0.0.0.0:0 to multicast group 230.0.0.1:6666.
[2014.12.10-21.04.12:142][  0]LogDirectoryWatcher:Warning: Failed to begin reading directory changes for E:/Other Files/UnrealEngine_4.5/Projects/AsteroidMiner4.6/Binaries/Win64. Error: 0
[2014.12.10-21.04.12:407][  0]SourceControl: Info Source control is disabled
[2014.12.10-21.04.12:407][  0]SourceControl: Info Source control is disabled
[2014.12.10-21.04.12:419][  0]SourceControl: Info Source control is disabled
[2014.12.10-21.04.12:627][  0]LogObj: 23754 objects as part of root set at end of initial load.
[2014.12.10-21.04.12:627][  0]LogUObjectAllocator: 5168128 out of 0 bytes used by permanent object pool.
[2014.12.10-21.04.12:714][  0]LogEngine: Initializing Engine...
[2014.12.10-21.04.12:982][  0]LogInit: XAudio2 using '37'' TFT-TV-4 (NVIDIA High Definition Audio)' : 2 channels at 48 kHz using 16 bits per sample (channel mask 0x3)
[2014.12.10-21.04.12:992][  0]LogInit: FAudioDevice initialized.
[2014.12.10-21.04.13:026][  0]LogAIModule: Creating AISystem for world NewWorld
[2014.12.10-21.04.13:081][  0]LogDerivedDataCache: Saved boot cache 0.05s 39MB C:/Users/10021_000/AppData/Local/UnrealEngine/4.6/DerivedDataCache/Boot.ddc.
[2014.12.10-21.04.13:166][  0]LogInit: Texture streaming: Enabled
[2014.12.10-21.04.13:211][  0]LogAnalytics: Creating configured Analytics provider AnalyticsET
[2014.12.10-21.04.13:211][  0]LogAnalytics: ET APIKey = Rocket.Release. APIServer = http://et2.epicgames.com/ET2/. AppVersion = 4.6.0-2369412+++depot+UE4-Releases+4.6
[2014.12.10-21.04.13:212][  0]LogAnalytics: SetUserId a29c071cf10a93fac0ff457d50595e17
[2014.12.10-21.04.13:212][  0]LogAnalytics: AnalyticsET::StartSession [Rocket.Release]
[2014.12.10-21.04.13:236][  0]LogInit: Transaction tracking system initialized
[2014.12.10-21.04.13:389][  0]BlueprintLog: New page: Editor Load
[2014.12.10-21.04.13:431][  0]LogAssetRegistry: FAssetRegistry took 0.0106 seconds to start up
[2014.12.10-21.04.13:433][  0]LogDirectoryWatcher:Warning: Failed to begin reading directory changes for ../../../Engine/Plugins/Experimental/CharacterAI/Content/. Error: 0
[2014.12.10-21.04.14:325][  0]LogTargetPlatformManager:Display: Building Assets For Windows
[2014.12.10-21.04.14:891][  0]LogTargetPlatformManager:Display: Building Assets For Windows
[2014.12.10-21.04.15:216][  0]LogConsoleResponse:Display: 
[2014.12.10-21.04.15:310][  0]LogLinker:Warning: Asset '../../../Engine/Content/Functions/Engine_MaterialFunctions03/Procedurals/ComputeFilterWidth.uasset' has been saved with empty engine version. The asset will be loaded but may be incompatible.
[2014.12.10-21.04.15:630][  0]SourceControl: Info Source control is disabled
[2014.12.10-21.04.15:631][  0]Cmd: MAP LOAD FILE="E:/Other Files/UnrealEngine_4.5/Projects/AsteroidMiner4.6/Content/Maps/AsteroidMiner.umap" TEMPLATE=0 SHOWPROGRESS=1
[2014.12.10-21.04.15:635][  0]LightingResults: New page: Lighting Build
[2014.12.10-21.04.15:652][  0]MapCheck: New page: Map Check
[2014.12.10-21.04.15:652][  0]LightingResults: New page: Lighting Build
[2014.12.10-21.04.15:667][  0]LogParticles: Destroying 0 GPU particle simulations for FXSystem 0x000000CD03D45940
[2014.12.10-21.04.15:864][  0]LogLinker:Warning: Asset 'E:/Other Files/UnrealEngine_4.5/Projects/AsteroidMiner4.6/Content/Materials/M_SkyBox.uasset' has been saved with empty engine version. The asset will be loaded but may be incompatible.
[2014.12.10-21.04.15:867][  0]LogLinker:Warning: Asset 'E:/Other Files/UnrealEngine_4.5/Projects/AsteroidMiner4.6/Content/Textures/HighResSkyBox.uasset' has been saved with empty engine version. The asset will be loaded but may be incompatible.
[2014.12.10-21.04.16:645][  0]LogLinker:Warning: Asset 'E:/Other Files/UnrealEngine_4.5/Projects/AsteroidMiner4.6/Content/Meshes/DetailedSun.uasset' has been saved with empty engine version. The asset will be loaded but may be incompatible.
[2014.12.10-21.04.16:648][  0]LogLinker:Warning: Asset 'E:/Other Files/UnrealEngine_4.5/Projects/AsteroidMiner4.6/Content/Materials/M_Sun.uasset' has been saved with empty engine version. The asset will be loaded but may be incompatible.
[2014.12.10-21.04.16:652][  0]LogLinker:Warning: Asset 'E:/Other Files/UnrealEngine_4.5/Projects/AsteroidMiner4.6/Content/Textures/T_Fire.uasset' has been saved with empty engine version. The asset will be loaded but may be incompatible.
[2014.12.10-21.04.16:828][  0]LogBlueprint:Warning: [AdjustVelocityBTT] CreatePinForVariable: 'VelocityChange?' variable not found. Base class was probably changed.
[2014.12.10-21.04.16:850][  0]LogBlueprint:Warning: [compiler] Warning Could not find a variable named "VelocityChange?" in 'BotShip_C'.
Make sure 'BotShip_C' has been compiled for  Set VelocityChange? 
[2014.12.10-21.04.16:853][  0]LogBlueprint:Error: [compiler] Error The property associated with  Velocity Change?  could not be found
[2014.12.10-21.04.16:869][  0]LogBlueprint:Warning: [compiler] Warning [0021.83] Compile of AdjustVelocityBTT failed. 1 Fatal Issue(s) 1 Warning(s) [in 40 ms]
[2014.12.10-21.04.17:050][  0]LoadErrors:Error: Error Failed import for BoolProperty
[2014.12.10-21.04.17:365][  0]LogLinker:Warning: Asset 'E:/Other Files/UnrealEngine_4.5/Projects/AsteroidMiner4.6/Content/Blueprints/Objects/B_Asteroid.uasset' has been saved with empty engine version. The asset will be loaded but may be incompatible.
[2014.12.10-21.04.17:370][  0]LogLinker:Warning: Asset 'E:/Other Files/UnrealEngine_4.5/Projects/AsteroidMiner4.6/Content/Meshes/Rock.uasset' has been saved with empty engine version. The asset will be loaded but may be incompatible.
[2014.12.10-21.04.17:372][  0]LogLinker:Warning: Asset 'E:/Other Files/UnrealEngine_4.5/Projects/AsteroidMiner4.6/Content/Materials/M_Asteroid.uasset' has been saved with empty engine version. The asset will be loaded but may be incompatible.
[2014.12.10-21.04.17:388][  0]LoadErrors:Error: Error Failed import for BoolProperty
[2014.12.10-21.04.17:468][  0]LogBlueprint:Warning: [compiler] Warning  Remove from Viewport  is deprecated; Use RemoveFromParent instead
[2014.12.10-21.04.17:470][  0]LogBlueprint:Warning: [compiler] Warning [0022.43] Compile of GameOverWidget successful, but with 1 Warning(s) [in 7 ms]
[2014.12.10-21.04.17:474][  0]LogBlueprint:Warning: [compiler] Warning  Remove from Viewport  is deprecated; Use RemoveFromParent instead
[2014.12.10-21.04.17:476][  0]LogBlueprint:Warning: [compiler] Warning [0022.43] Compile of GameOverWidget successful, but with 1 Warning(s) [in 3 ms]
[2014.12.10-21.04.17:476][  0]LogBlueprint:Warning: [compiler] Warning [0022.43] Compile of GameOverWidget successful, but with 2 Warning(s) [in 0 ms]
[2014.12.10-21.04.17:517][  0]LogBlueprint:Warning: [compiler] Warning  Remove from Viewport  is deprecated; Use RemoveFromParent instead
[2014.12.10-21.04.17:518][  0]LogBlueprint:Warning: [compiler] Warning [0022.48] Compile of PauseMenuWidget successful, but with 1 Warning(s) [in 7 ms]
[2014.12.10-21.04.17:522][  0]LogBlueprint:Warning: [compiler] Warning  Remove from Viewport  is deprecated; Use RemoveFromParent instead
[2014.12.10-21.04.17:523][  0]LogBlueprint:Warning: [compiler] Warning [0022.48] Compile of PauseMenuWidget successful, but with 1 Warning(s) [in 3 ms]
[2014.12.10-21.04.17:523][  0]LogBlueprint:Warning: [compiler] Warning [0022.48] Compile of PauseMenuWidget successful, but with 2 Warning(s) [in 0 ms]
[2014.12.10-21.04.18:972][  0]LogEditorServer: Finished looking for orphan Actors (0.000 secs)
[2014.12.10-21.04.18:972][  0]LogAIModule: Creating AISystem for world AsteroidMiner
[2014.12.10-21.04.18:973][  0]Cmd: MAP CHECKDEP
[2014.12.10-21.04.18:973][  0]MapCheck: New page: AsteroidMiner - 10 Dec 2014 21:04:18
[2014.12.10-21.04.19:221][  0]MapCheck: Info Map check complete: 0 Error(s), 0 Warning(s), took 248.135ms to complete.
[2014.12.10-21.04.19:221][  0]LogFileHelpers: Loading map 'AsteroidMiner' took 3.590
[2014.12.10-21.04.19:332][  0]LogCollectionManager: Loaded 0 collections in 0.002598 seconds
[2014.12.10-21.04.19:502][  0]LogCrashTracker: Crashtracker disabled due to settings.
[2014.12.10-21.04.19:512][  0]LogUObjectGlobals:Warning: Failed to find object 'Class None.'
[2014.12.10-21.04.19:542][  0]LogLoad: Full Startup: 24.50 seconds (BP compile: 1.05 seconds)
[2014.12.10-21.04.19:889][  0]LogContentBrowser:Verbose: The content browser source was changed by the sources view to '/Game/Blueprints/AI/BehaviourTreeTasks'
[2014.12.10-21.04.20:213][  0]LogRenderer:Warning: Reallocating scene render targets to support 944x872.
[2014.12.10-21.04.21:429][  4]LogAssetRegistry: Asset discovery search completed in 8.0081 seconds
[2014.12.10-21.04.21:454][  4]LogAnalytics: Event Editor.Usage.AssetClasses has too many attributes (41). May be truncated at the collector.
[2014.12.10-21.07.06:925][103]LogContentBrowser:Verbose: The content browser source was changed by the sources view to '/Game/Materials'
[2014.12.10-21.08.47:327][214]LogContentBrowser:Verbose: The content browser source was changed by the sources view to '/Game/Blueprints/AI/BehaviourTreeTasks'
[2014.12.10-21.08.49:407][264]BlueprintLog: New page: Compile AdjustVelocityBTT
[2014.12.10-21.08.49:751][264]BlueprintEditorCompileResults: Info [0294.71] Compile of AdjustVelocityBTT successful! [in 282 ms]
[2014.12.10-21.09.53:628][450]LogEditorViewport: Clicking on Actor (LMB): BP_Sky_Sphere_C (BP_Sky_Sphere)
[2014.12.10-21.09.54:780][491]BlueprintLog: New page: Pre-PIE auto-recompile
[2014.12.10-21.09.54:784][491]LogPlayLevel: [PIE] Compiling Tutorial_BP_MacroLib before PIE...
[2014.12.10-21.09.54:879][491]LogPlayLevel: [PIE] Compiling AsteroidMiner before PIE...
[2014.12.10-21.09.55:542][491]LogParticles: Destroying 0 GPU particle simulations for FXSystem 0x000000CD11559B20
[2014.12.10-21.09.55:577][491]LogPlayLevel: PIE:  Blueprint regeneration took 797 ms (2 blueprints)
[2014.12.10-21.09.55:577][491]PIE: New page: PIE session: AsteroidMiner (10 Dec 2014 21:09:55)
[2014.12.10-21.09.55:620][491]LogPlayLevel: PIE: StaticDuplicateObject took: (0.042617s)
[2014.12.10-21.09.55:621][491]LogPlayLevel: PIE: World Init took: (0.001378s)
[2014.12.10-21.09.55:622][491]LogPlayLevel: PIE: Created PIE world by copying editor world from /Game/Maps/AsteroidMiner.AsteroidMiner to /Game/Maps/UEDPIE_0_AsteroidMiner.AsteroidMiner (0.044404s)
[2014.12.10-21.09.55:682][491]LogWorld: Game class is 'AsteroidMinerGameMode_C'
[2014.12.10-21.09.55:686][491]LogAIModule: Creating AISystem for world AsteroidMiner
[2014.12.10-21.09.55:688][491]LogWorld: Bringing World /Game/Maps/UEDPIE_0_AsteroidMiner.AsteroidMiner up for play (max tick rate 0) at 2014.12.10-21.09.55
[2014.12.10-21.09.55:690][491]LogWorld: Bringing up level for play took: 0.003499
[2014.12.10-21.09.55:693][491]PIE: Info Play in editor start time for /Game/Maps/UEDPIE_0_AsteroidMiner 0.698
[2014.12.10-21.09.55:717][491]LogScript:Warning: Accessed None 'CallFunc_PlaySoundAttached_ReturnValue'
	AsteroidMinerCamera_C /Game/Maps/UEDPIE_0_AsteroidMiner.AsteroidMiner:PersistentLevel.AsteroidMinerCamera_C_0
	Function /Game/Blueprints/GameComponents/AsteroidMinerCamera.AsteroidMinerCamera_C:ExecuteUbergraph_AsteroidMinerCamera:0091
[2014.12.10-21.09.55:717][491]PIE:Error: Error Accessed None 'CallFunc_PlaySoundAttached_ReturnValue' from node Construction Script in blueprint AsteroidMinerCamera
[2014.12.10-21.09.58:760][617]LogParticles: Destroying 0 GPU particle simulations for FXSystem 0x000000CD086F67A0
[2014.12.10-21.10.00:572][680]LogContentBrowser:Verbose: The content browser source was changed by the sources view to '/Game/Blueprints/AI'
[2014.12.10-21.10.07:583][852]BlueprintLog: New page: Pre-PIE auto-recompile
[2014.12.10-21.10.07:600][852]LogPlayLevel: [PIE] Compiling AsteroidMiner before PIE...
[2014.12.10-21.10.08:281][852]LogPlayLevel: PIE:  Blueprint regeneration took 697 ms (1 blueprints)
[2014.12.10-21.10.08:281][852]PIE: New page: PIE session: AsteroidMiner (10 Dec 2014 21:10:08)
[2014.12.10-21.10.08:323][852]LogPlayLevel: PIE: StaticDuplicateObject took: (0.041216s)
[2014.12.10-21.10.08:324][852]LogPlayLevel: PIE: World Init took: (0.001222s)
[2014.12.10-21.10.08:324][852]LogPlayLevel: PIE: Created PIE world by copying editor world from /Game/Maps/AsteroidMiner.AsteroidMiner to /Game/Maps/UEDPIE_0_AsteroidMiner.AsteroidMiner (0.042714s)
[2014.12.10-21.10.08:362][852]LogWorld: Game class is 'AsteroidMinerGameMode_C'
[2014.12.10-21.10.08:367][852]LogAIModule: Creating AISystem for world AsteroidMiner
[2014.12.10-21.10.08:368][852]LogWorld: Bringing World /Game/Maps/UEDPIE_0_AsteroidMiner.AsteroidMiner up for play (max tick rate 0) at 2014.12.10-21.10.08
[2014.12.10-21.10.08:369][852]LogWorld: Bringing up level for play took: 0.002267
[2014.12.10-21.10.08:372][852]PIE: Info Play in editor start time for /Game/Maps/UEDPIE_0_AsteroidMiner 1.378
[2014.12.10-21.10.08:395][852]LogScript:Warning: Accessed None 'CallFunc_PlaySoundAttached_ReturnValue'
	AsteroidMinerCamera_C /Game/Maps/UEDPIE_0_AsteroidMiner.AsteroidMiner:PersistentLevel.AsteroidMinerCamera_C_1
	Function /Game/Blueprints/GameComponents/AsteroidMinerCamera.AsteroidMinerCamera_C:ExecuteUbergraph_AsteroidMinerCamera:0091
[2014.12.10-21.10.08:396][852]PIE:Error: Error Accessed None 'CallFunc_PlaySoundAttached_ReturnValue' from node Construction Script in blueprint AsteroidMinerCamera
[2014.12.10-21.10.40:581][ 61]LogScript:Warning: Cannot access 'AudioComponent_2'. It is pending kill. Property: 'CallFunc_PlaySoundAttached_ReturnValue'
	AsteroidMinerCamera_C /Game/Maps/UEDPIE_0_AsteroidMiner.AsteroidMiner:PersistentLevel.AsteroidMinerCamera_C_1
	Function /Game/Blueprints/GameComponents/AsteroidMinerCamera.AsteroidMinerCamera_C:ExecuteUbergraph_AsteroidMinerCamera:0091
[2014.12.10-21.10.40:582][ 61]PIE:Error: Error Cannot access 'AudioComponent_2'. It is pending kill. Property: 'CallFunc_PlaySoundAttached_ReturnValue' from node Construction Script in blueprint AsteroidMinerCamera
[2014.12.10-21.10.48:904][375]LogScript:Warning: Attempt to take Sqrt() of negative number - returning 0.
[2014.12.10-21.10.48:904][375]LogScript:Warning: Attempt to take Sqrt() of negative number - returning 0.
[2014.12.10-21.10.48:965][377]LogScript:Warning: Attempt to take Sqrt() of negative number - returning 0.
[2014.12.10-21.10.48:965][377]LogScript:Warning: Attempt to take Sqrt() of negative number - returning 0.
[2014.12.10-21.10.49:026][379]LogScript:Warning: Attempt to take Sqrt() of negative number - returning 0.
[2014.12.10-21.10.49:026][379]LogScript:Warning: Attempt to take Sqrt() of negative number - returning 0.
[2014.12.10-21.10.49:088][381]LogScript:Warning: Attempt to take Sqrt() of negative number - returning 0.
[2014.12.10-21.10.49:089][381]LogScript:Warning: Attempt to take Sqrt() of negative number - returning 0.
[2014.12.10-21.10.49:150][383]LogScript:Warning: Attempt to take Sqrt() of negative number - returning 0.
[2014.12.10-21.10.49:150][383]LogScript:Warning: Attempt to take Sqrt() of negative number - returning 0.
[2014.12.10-21.10.49:208][385]LogScript:Warning: Attempt to take Sqrt() of negative number - returning 0.
[2014.12.10-21.10.49:208][385]LogScript:Warning: Attempt to take Sqrt() of negative number - returning 0.
[2014.12.10-21.10.53:649][549]LogScript:Warning: Cannot access 'BotShip_C_1'. It is pending kill. Property: 'BotShip_C_1_ExecuteUbergraph_AsteroidMiner_RefProperty'
	AsteroidMiner_C /Game/Maps/UEDPIE_0_AsteroidMiner.AsteroidMiner:PersistentLevel.AsteroidMiner_C_0
	Function /Game/Maps/AsteroidMiner.AsteroidMiner_C:ExecuteUbergraph_AsteroidMiner:3CEF
[2014.12.10-21.10.53:649][549]PIE:Error: Error Cannot access 'BotShip_C_1'. It is pending kill. Property: 'BotShip_C_1_ExecuteUbergraph_AsteroidMiner_RefProperty' from node Set DeltaTime in blueprint AsteroidMiner
[2014.12.10-21.10.53:649][549]LogScript:Warning: Attempt to assign variable through None
	AsteroidMiner_C /Game/Maps/UEDPIE_0_AsteroidMiner.AsteroidMiner:PersistentLevel.AsteroidMiner_C_0
	Function /Game/Maps/AsteroidMiner.AsteroidMiner_C:ExecuteUbergraph_AsteroidMiner:3D05
[2014.12.10-21.10.53:650][549]PIE:Error: Error Attempt to assign variable through None from node Set DeltaTime in blueprint AsteroidMiner
[2014.12.10-21.10.53:650][549]LogScript:Warning: Cannot access 'BotShip_C_1'. It is pending kill. Property: 'BotShip_C_1_ExecuteUbergraph_AsteroidMiner_RefProperty'
	AsteroidMiner_C /Game/Maps/UEDPIE_0_AsteroidMiner.AsteroidMiner:PersistentLevel.AsteroidMiner_C_0
	Function /Game/Maps/AsteroidMiner.AsteroidMiner_C:ExecuteUbergraph_AsteroidMiner:3C91
[2014.12.10-21.10.53:650][549]PIE:Error: Error Cannot access 'BotShip_C_1'. It is pending kill. Property: 'BotShip_C_1_ExecuteUbergraph_AsteroidMiner_RefProperty' from node Set DeltaTime in blueprint AsteroidMiner
[2014.12.10-21.10.53:650][549]LogScript:Warning: Attempt to assign variable through None
	AsteroidMiner_C /Game/Maps/UEDPIE_0_AsteroidMiner.AsteroidMiner:PersistentLevel.AsteroidMiner_C_0
	Function /Game/Maps/AsteroidMiner.AsteroidMiner_C:ExecuteUbergraph_AsteroidMiner:3CA7
[2014.12.10-21.10.53:650][549]PIE:Error: Error Attempt to assign variable through None from node Set DeltaTime in blueprint AsteroidMiner
[2014.12.10-21.10.53:650][549]LogScript:Warning: Cannot access 'BotShip_C_1'. It is pending kill. Property: 'BotShip_C_1_ExecuteUbergraph_AsteroidMiner_RefProperty'
	AsteroidMiner_C /Game/Maps/UEDPIE_0_AsteroidMiner.AsteroidMiner:PersistentLevel.AsteroidMiner_C_0
	Function /Game/Maps/AsteroidMiner.AsteroidMiner_C:ExecuteUbergraph_AsteroidMiner:3D87
[2014.12.10-21.10.53:651][549]PIE:Error: Error Cannot access 'BotShip_C_1'. It is pending kill. Property: 'BotShip_C_1_ExecuteUbergraph_AsteroidMiner_RefProperty' from node Set DeltaTime in blueprint AsteroidMiner
[2014.12.10-21.10.53:651][549]LogScript:Warning: Attempt to assign variable through None
	AsteroidMiner_C /Game/Maps/UEDPIE_0_AsteroidMiner.AsteroidMiner:PersistentLevel.AsteroidMiner_C_0
	Function /Game/Maps/AsteroidMiner.AsteroidMiner_C:ExecuteUbergraph_AsteroidMiner:3D9D
[2014.12.10-21.10.53:651][549]PIE:Error: Error Attempt to assign variable through None from node Set DeltaTime in blueprint AsteroidMiner
[2014.12.10-21.10.53:651][549]LogScript:Warning: Cannot access 'BotShip_C_1'. It is pending kill. Property: 'BotShip_C_1_ExecuteUbergraph_AsteroidMiner_RefProperty'
	AsteroidMiner_C /Game/Maps/UEDPIE_0_AsteroidMiner.AsteroidMiner:PersistentLevel.AsteroidMiner_C_0
	Function /Game/Maps/AsteroidMiner.AsteroidMiner_C:ExecuteUbergraph_AsteroidMiner:3D56
[2014.12.10-21.10.53:651][549]PIE:Error: Error Cannot access 'BotShip_C_1'. It is pending kill. Property: 'BotShip_C_1_ExecuteUbergraph_AsteroidMiner_RefProperty' from node Set DeltaTime in blueprint AsteroidMiner
[2014.12.10-21.10.53:652][549]LogScript:Warning: Attempt to assign variable through None
	AsteroidMiner_C /Game/Maps/UEDPIE_0_AsteroidMiner.AsteroidMiner:PersistentLevel.AsteroidMiner_C_0
	Function /Game/Maps/AsteroidMiner.AsteroidMiner_C:ExecuteUbergraph_AsteroidMiner:3D6C
[2014.12.10-21.10.53:652][549]PIE:Error: Error Attempt to assign variable through None from node Set DeltaTime in blueprint AsteroidMiner
[2014.12.10-21.10.53:652][549]LogScript:Warning: Cannot access 'BotShip_C_1'. It is pending kill. Property: 'BotShip_C_1_ExecuteUbergraph_AsteroidMiner_RefProperty'
	AsteroidMiner_C /Game/Maps/UEDPIE_0_AsteroidMiner.AsteroidMiner:PersistentLevel.AsteroidMiner_C_0
	Function /Game/Maps/AsteroidMiner.AsteroidMiner_C:ExecuteUbergraph_AsteroidMiner:3E29
[2014.12.10-21.10.53:653][549]PIE:Error: Error Cannot access 'BotShip_C_1'. It is pending kill. Property: 'BotShip_C_1_ExecuteUbergraph_AsteroidMiner_RefProperty' from node Set DeltaTime in blueprint AsteroidMiner
[2014.12.10-21.10.53:653][549]LogScript:Warning: Attempt to assign variable through None
	AsteroidMiner_C /Game/Maps/UEDPIE_0_AsteroidMiner.AsteroidMiner:PersistentLevel.AsteroidMiner_C_0
	Function /Game/Maps/AsteroidMiner.AsteroidMiner_C:ExecuteUbergraph_AsteroidMiner:3E3F
[2014.12.10-21.10.53:653][549]PIE:Error: Error Attempt to assign variable through None from node Set DeltaTime in blueprint AsteroidMiner
[2014.12.10-21.10.53:653][549]LogScript:Warning: Cannot access 'BotShip_C_1'. It is pending kill. Property: 'BotShip_C_1_ExecuteUbergraph_AsteroidMiner_RefProperty'
	AsteroidMiner_C /Game/Maps/UEDPIE_0_AsteroidMiner.AsteroidMiner:PersistentLevel.AsteroidMiner_C_0
	Function /Game/Maps/AsteroidMiner.AsteroidMiner_C:ExecuteUbergraph_AsteroidMiner:3CC7
[2014.12.10-21.10.53:653][549]PIE:Error: Error Cannot access 'BotShip_C_1'. It is pending kill. Property: 'BotShip_C_1_ExecuteUbergraph_AsteroidMiner_RefProperty' from node Set DeltaTime in blueprint AsteroidMiner
[2014.12.10-21.10.53:653][549]LogScript:Warning: Cannot access 'BotShip_C_1'. It is pending kill. Property: 'BotShip_C_1_ExecuteUbergraph_AsteroidMiner_RefProperty'
	AsteroidMiner_C /Game/Maps/UEDPIE_0_AsteroidMiner.AsteroidMiner:PersistentLevel.AsteroidMiner_C_0
	Function /Game/Maps/AsteroidMiner.AsteroidMiner_C:ExecuteUbergraph_AsteroidMiner:379A
[2014.12.10-21.10.53:654][549]PIE:Error: Error Cannot access 'BotShip_C_1'. It is pending kill. Property: 'BotShip_C_1_ExecuteUbergraph_AsteroidMiner_RefProperty' from node Set DeltaTime in blueprint AsteroidMiner
[2014.12.10-21.10.54:807][587]LogParticles: Destroying 0 GPU particle simulations for FXSystem 0x000000CD153822A0
[2014.12.10-21.10.58:318][656]Cmd: QUIT_EDITOR
[2014.12.10-21.10.58:943][656]LogExit: Preparing to exit.
[2014.12.10-21.11.00:033][656]LogExit: Editor shut down
[2014.12.10-21.11.00:034][656]LogExit: Transaction tracking system shut down
[2014.12.10-21.11.00:042][656]LogParticles: Destroying 0 GPU particle simulations for FXSystem 0x000000CD0A5618A0
[2014.12.10-21.11.00:043][656]LogParticles: Destroying 0 GPU particle simulations for FXSystem 0x000000CD1024A8E0
[2014.12.10-21.11.00:046][656]LogParticles: Destroying 0 GPU particle simulations for FXSystem 0x000000CD0ED29E40
[2014.12.10-21.11.00:151][656]LogParticles: Destroying 0 GPU particle simulations for FXSystem 0x000000CD0D84E160
[2014.12.10-21.11.00:151][656]LogExit: Object subsystem successfully closed.
[2014.12.10-21.11.00:230][656]LogModuleManager: Shutting down and abandoning module AndroidDeviceDetection (172)
[2014.12.10-21.11.00:230][656]LogModuleManager: Shutting down and abandoning module CrashTracker (171)
[2014.12.10-21.11.00:230][656]LogModuleManager: Shutting down and abandoning module SuperSearch (170)
[2014.12.10-21.11.00:230][656]LogModuleManager: Shutting down and abandoning module SceneOutliner (169)
[2014.12.10-21.11.00:230][656]LogModuleManager: Shutting down and abandoning module EditorWidgets (168)
[2014.12.10-21.11.00:230][656]LogModuleManager: Shutting down and abandoning module CollectionManager (167)
[2014.12.10-21.11.00:231][656]LogModuleManager: Shutting down and abandoning module StatsViewer (166)
[2014.12.10-21.11.00:231][656]LogModuleManager: Shutting down and abandoning module FoliageEdit (165)
[2014.12.10-21.11.00:231][656]LogModuleManager: Shutting down and abandoning module LandscapeEditor (164)
[2014.12.10-21.11.00:232][656]LogModuleManager: Shutting down and abandoning module MeshPaint (163)
[2014.12.10-21.11.00:232][656]LogModuleManager: Shutting down and abandoning module ActorPickerMode (162)
[2014.12.10-21.11.00:232][656]LogModuleManager: Shutting down and abandoning module GeometryMode (161)
[2014.12.10-21.11.00:232][656]LogModuleManager: Shutting down and abandoning module TextureAlignMode (160)
[2014.12.10-21.11.00:232][656]LogModuleManager: Shutting down and abandoning module BspMode (159)
[2014.12.10-21.11.00:232][656]LogModuleManager: Shutting down and abandoning module PlacementMode (158)
[2014.12.10-21.11.00:232][656]LogModuleManager: Shutting down and abandoning module AutomationWorker (157)
[2014.12.10-21.11.00:232][656]LogModuleManager: Shutting down and abandoning module CharacterAI (156)
[2014.12.10-21.11.00:232][656]LogModuleManager: Shutting down and abandoning module GameProjectGeneration (155)
[2014.12.10-21.11.00:232][656]LogModuleManager: Shutting down and abandoning module IntroTutorials (154)
[2014.12.10-21.11.00:232][656]LogModuleManager: Shutting down and abandoning module EditorLiveStreaming (153)
[2014.12.10-21.11.00:232][656]LogModuleManager: Shutting down and abandoning module HardwareTargeting (152)
[2014.12.10-21.11.00:232][656]LogModuleManager: Shutting down and abandoning module DeviceProfileEditor (151)
[2014.12.10-21.11.00:232][656]LogModuleManager: Shutting down and abandoning module UndoHistory (150)
[2014.12.10-21.11.00:232][656]LogModuleManager: Shutting down and abandoning module GameplayTagsEditor (149)
[2014.12.10-21.11.00:232][656]LogModuleManager: Shutting down and abandoning module UserFeedback (148)
[2014.12.10-21.11.00:232][656]LogModuleManager: Shutting down and abandoning module XmlParser (147)
[2014.12.10-21.11.00:232][656]LogModuleManager: Shutting down and abandoning module Blutility (146)
[2014.12.10-21.11.00:232][656]LogModuleManager: Shutting down and abandoning module IOSPlatformEditor (145)
[2014.12.10-21.11.00:232][656]LogModuleManager: Shutting down and abandoning module IOSRuntimeSettings (144)
[2014.12.10-21.11.00:232][656]LogModuleManager: Shutting down and abandoning module AndroidPlatformEditor (143)
[2014.12.10-21.11.00:232][656]LogModuleManager: Shutting down and abandoning module AndroidRuntimeSettings (142)
[2014.12.10-21.11.00:232][656]LogModuleManager: Shutting down and abandoning module ProjectTargetPlatformEditor (141)
[2014.12.10-21.11.00:232][656]LogModuleManager: Shutting down and abandoning module ProjectSettingsViewer (140)
[2014.12.10-21.11.00:233][656]LogModuleManager: Shutting down and abandoning module InputBindingEditor (139)
[2014.12.10-21.11.00:233][656]LogModuleManager: Shutting down and abandoning module EditorSettingsViewer (138)
[2014.12.10-21.11.00:233][656]LogModuleManager: Shutting down and abandoning module SettingsEditor (137)
[2014.12.10-21.11.00:233][656]LogModuleManager: Shutting down and abandoning module ProjectLauncher (136)
[2014.12.10-21.11.00:233][656]LogModuleManager: Shutting down and abandoning module SessionFrontend (135)
[2014.12.10-21.11.00:233][656]LogModuleManager: Shutting down and abandoning module ProfilerClient (134)
[2014.12.10-21.11.00:233][656]LogModuleManager: Shutting down and abandoning module TargetDeviceServices (133)
[2014.12.10-21.11.00:233][656]LogModuleManager: Shutting down and abandoning module DeviceManager (132)
[2014.12.10-21.11.00:233][656]LogModuleManager: Shutting down and abandoning module AutomationController (131)
[2014.12.10-21.11.00:233][656]LogModuleManager: Shutting down and abandoning module AutomationWindow (130)
[2014.12.10-21.11.00:233][656]LogModuleManager: Shutting down and abandoning module Layers (129)
[2014.12.10-21.11.00:233][656]LogModuleManager: Shutting down and abandoning module ComponentVisualizers (128)
[2014.12.10-21.11.00:234][656]LogModuleManager: Shutting down and abandoning module DetailCustomizations (127)
[2014.12.10-21.11.00:234][656]LogModuleManager: Shutting down and abandoning module PackagesDialog (126)
[2014.12.10-21.11.00:234][656]LogModuleManager: Shutting down and abandoning module AssetRegistry (125)
[2014.12.10-21.11.00:369][656]LogModuleManager: Shutting down and abandoning module Persona (124)
[2014.12.10-21.11.00:369][656]LogModuleManager: Shutting down and abandoning module Kismet (123)
[2014.12.10-21.11.00:369][656]LogModuleManager: Shutting down and abandoning module GraphEditor (122)
[2014.12.10-21.11.00:369][656]LogModuleManager: Shutting down and abandoning module ClassViewer (121)
[2014.12.10-21.11.00:369][656]LogModuleManager: Shutting down and abandoning module Toolbox (120)
[2014.12.10-21.11.00:369][656]LogModuleManager: Shutting down and abandoning module ModuleUI (119)
[2014.12.10-21.11.00:369][656]LogModuleManager: Shutting down and abandoning module MovieSceneTools (118)
[2014.12.10-21.11.00:369][656]LogModuleManager: Shutting down and abandoning module OutputLog (117)
[2014.12.10-21.11.00:369][656]LogModuleManager: Shutting down and abandoning module GammaUI (116)
[2014.12.10-21.11.00:369][656]LogModuleManager: Shutting down and abandoning module Documentation (115)
[2014.12.10-21.11.00:369][656]LogModuleManager: Shutting down and abandoning module GameLiveStreaming (114)
[2014.12.10-21.11.00:369][656]LogModuleManager: Shutting down and abandoning module StreamingPauseRendering (113)
[2014.12.10-21.11.00:369][656]LogModuleManager: Shutting down and abandoning module HTTP (112)
[2014.12.10-21.11.00:369][656]LogModuleManager: Shutting down and abandoning module AnalyticsET (111)
[2014.12.10-21.11.00:369][656]LogModuleManager: Shutting down and abandoning module Analytics (110)
[2014.12.10-21.11.00:369][656]LogModuleManager: Shutting down and abandoning module AITestSuite (109)
[2014.12.10-21.11.00:369][656]LogModuleManager: Shutting down and abandoning module AIModule (108)
[2014.12.10-21.11.00:369][656]LogModuleManager: Shutting down and abandoning module ProfilerService (107)
[2014.12.10-21.11.00:436][656]LogModuleManager: Shutting down and abandoning module TaskGraph (106)
[2014.12.10-21.11.00:436][656]LogModuleManager: Shutting down and abandoning module GameplayDebugger (105)
[2014.12.10-21.11.00:436][656]LogModuleManager: Shutting down and abandoning module SlateRemote (104)
[2014.12.10-21.11.00:436][656]LogModuleManager: Shutting down and abandoning module ScriptEditorPlugin (103)
[2014.12.10-21.11.00:436][656]LogModuleManager: Shutting down and abandoning module CustomMeshComponent (102)
[2014.12.10-21.11.00:436][656]LogModuleManager: Shutting down and abandoning module CableComponent (101)
[2014.12.10-21.11.00:436][656]LogModuleManager: Shutting down and abandoning module MessagingDebugger (100)
[2014.12.10-21.11.00:436][656]LogModuleManager: Shutting down and abandoning module MediaPlayerEditor (99)
[2014.12.10-21.11.00:436][656]LogModuleManager: Shutting down and abandoning module SpeedTreeImporter (98)
[2014.12.10-21.11.00:436][656]LogModuleManager: Shutting down and abandoning module PluginsEditor (97)
[2014.12.10-21.11.00:436][656]LogModuleManager: Shutting down and abandoning module EpicSurvey (96)
[2014.12.10-21.11.00:436][656]LogModuleManager: Shutting down and abandoning module DesktopPlatform (95)
[2014.12.10-21.11.00:436][656]LogModuleManager: Shutting down and abandoning module VisualStudioSourceCodeAccess (94)
[2014.12.10-21.11.00:436][656]LogModuleManager: Shutting down and abandoning module UObjectPlugin (93)
[2014.12.10-21.11.00:436][656]LogModuleManager: Shutting down and abandoning module SubversionSourceControl (92)
[2014.12.10-21.11.00:436][656]LogModuleManager: Shutting down and abandoning module SourceControl (91)
[2014.12.10-21.11.00:436][656]LogModuleManager: Shutting down and abandoning module PerforceSourceControl (90)
[2014.12.10-21.11.00:436][656]LogModuleManager: Shutting down and abandoning module BlankPlugin (89)
[2014.12.10-21.11.00:437][656]LogModuleManager: Shutting down and abandoning module SlateReflector (88)
[2014.12.10-21.11.00:437][656]LogModuleManager: Shutting down and abandoning module DirectoryWatcher (87)
[2014.12.10-21.11.00:438][656]LogModuleManager: Shutting down and abandoning module HotReload (86)
[2014.12.10-21.11.00:438][656]LogModuleManager: Shutting down and abandoning module MainFrame (85)
[2014.12.10-21.11.00:438][656]LogModuleManager: Shutting down and abandoning module LevelEditor (84)
[2014.12.10-21.11.00:440][656]LogModuleManager: Shutting down and abandoning module ViewportSnapping (83)
[2014.12.10-21.11.00:440][656]LogModuleManager: Shutting down and abandoning module SmartSnapping (82)
[2014.12.10-21.11.00:440][656]LogModuleManager: Shutting down and abandoning module PaperTiledImporter (81)
[2014.12.10-21.11.00:440][656]LogModuleManager: Shutting down and abandoning module PaperJsonImporter (80)
[2014.12.10-21.11.00:440][656]LogModuleManager: Shutting down and abandoning module ContentBrowser (79)
[2014.12.10-21.11.00:440][656]LogModuleManager: Shutting down and abandoning module Paper2DEditor (78)
[2014.12.10-21.11.00:440][656]LogModuleManager: Shutting down and abandoning module ScriptPlugin (77)
[2014.12.10-21.11.00:440][656]LogModuleManager: Shutting down and abandoning module UdpMessaging (76)
[2014.12.10-21.11.00:541][656]LogModuleManager: Shutting down and abandoning module Paper2D (75)
[2014.12.10-21.11.00:541][656]LogModuleManager: Shutting down and abandoning module UE4Game (74)
[2014.12.10-21.11.00:541][656]LogModuleManager: Shutting down and abandoning module WindowsMoviePlayer (73)
[2014.12.10-21.11.00:545][656]LogModuleManager: Shutting down and abandoning module Media (72)
[2014.12.10-21.11.00:545][656]LogModuleManager: Shutting down and abandoning module WmfMedia (71)
[2014.12.10-21.11.00:546][656]LogModuleManager: Shutting down and abandoning module OnlineBlueprintSupport (70)
[2014.12.10-21.11.00:546][656]LogModuleManager: Shutting down and abandoning module PropertyEditor (69)
[2014.12.10-21.11.00:546][656]LogModuleManager: Shutting down and abandoning module BehaviorTreeEditor (68)
[2014.12.10-21.11.00:546][656]LogModuleManager: Shutting down and abandoning module FunctionalTesting (67)
[2014.12.10-21.11.00:546][656]LogModuleManager: Shutting down and abandoning module CollisionAnalyzer (66)
[2014.12.10-21.11.00:546][656]LogModuleManager: Shutting down and abandoning module WorkspaceMenuStructure (65)
[2014.12.10-21.11.00:546][656]LogModuleManager: Shutting down and abandoning module MessageLog (64)
[2014.12.10-21.11.00:546][656]LogModuleManager: Shutting down and abandoning module Sequencer (63)
[2014.12.10-21.11.00:546][656]LogModuleManager: Shutting down and abandoning module AssetTools (62)
[2014.12.10-21.11.00:546][656]LogModuleManager: Shutting down and abandoning module UMGEditor (61)
[2014.12.10-21.11.00:546][656]LogModuleManager: Shutting down and abandoning module UMG (60)
[2014.12.10-21.11.00:546][656]LogModuleManager: Shutting down and abandoning module Slate (59)
[2014.12.10-21.11.00:546][656]LogModuleManager: Shutting down and abandoning module EditorStyle (58)
[2014.12.10-21.11.00:552][656]LogModuleManager: Shutting down and abandoning module SessionServices (57)
[2014.12.10-21.11.00:552][656]LogModuleManager: Shutting down and abandoning module SourceCodeAccess (56)
[2014.12.10-21.11.00:552][656]LogModuleManager: Shutting down and abandoning module HeadMountedDisplay (55)
[2014.12.10-21.11.00:552][656]LogModuleManager: Shutting down and abandoning module XAudio2 (54)
[2014.12.10-21.11.00:552][656]LogModuleManager: Shutting down and abandoning module Networking (52)
[2014.12.10-21.11.00:552][656]LogModuleManager: Shutting down and abandoning module Core (51)
[2014.12.10-21.11.00:552][656]LogModuleManager: Shutting down and abandoning module KismetCompiler (50)
[2014.12.10-21.11.00:552][656]LogModuleManager: Shutting down and abandoning module PhysXFormats (49)
[2014.12.10-21.11.00:553][656]LogModuleManager: Shutting down and abandoning module MeshUtilities (48)
[2014.12.10-21.11.00:553][656]LogModuleManager: Shutting down and abandoning module DerivedDataCache (47)
[2014.12.10-21.11.00:588][656]LogDerivedDataCache: Shutdown
[2014.12.10-21.11.00:588][656]LogModuleManager: Shutting down and abandoning module ShaderFormatOpenGL (46)
[2014.12.10-21.11.00:588][656]LogModuleManager: Shutting down and abandoning module ShaderFormatD3D (45)
[2014.12.10-21.11.00:588][656]LogModuleManager: Shutting down and abandoning module MetalShaderFormat (44)
[2014.12.10-21.11.00:588][656]LogModuleManager: Shutting down and abandoning module TextureFormatUncompressed (43)
[2014.12.10-21.11.00:588][656]LogModuleManager: Shutting down and abandoning module TextureFormatPVR (42)
[2014.12.10-21.11.00:588][656]LogModuleManager: Shutting down and abandoning module TextureFormatDXT (41)
[2014.12.10-21.11.00:588][656]LogModuleManager: Shutting down and abandoning module TextureFormatAndroid (40)
[2014.12.10-21.11.00:588][656]LogModuleManager: Shutting down and abandoning module AudioFormatOpus (39)
[2014.12.10-21.11.00:588][656]LogModuleManager: Shutting down and abandoning module AudioFormatOgg (38)
[2014.12.10-21.11.00:588][656]LogModuleManager: Shutting down and abandoning module AudioFormatADPCM (37)
[2014.12.10-21.11.00:588][656]LogModuleManager: Shutting down and abandoning module LinuxTargetPlatform (36)
[2014.12.10-21.11.00:588][656]LogModuleManager: Shutting down and abandoning module LinuxServerTargetPlatform (35)
[2014.12.10-21.11.00:588][656]LogModuleManager: Shutting down and abandoning module LinuxNoEditorTargetPlatform (34)
[2014.12.10-21.11.00:588][656]LogModuleManager: Shutting down and abandoning module Messaging (33)
[2014.12.10-21.11.00:588][656]LogModuleManager: Shutting down and abandoning module IOSTargetPlatform (32)
[2014.12.10-21.11.00:588][656]LogModuleManager: Shutting down and abandoning module Android_PVRTCTargetPlatform (31)
[2014.12.10-21.11.00:588][656]LogModuleManager: Shutting down and abandoning module Android_ETC2TargetPlatform (30)
[2014.12.10-21.11.00:588][656]LogModuleManager: Shutting down and abandoning module Android_ETC1TargetPlatform (29)
[2014.12.10-21.11.00:588][656]LogModuleManager: Shutting down and abandoning module Android_DXTTargetPlatform (28)
[2014.12.10-21.11.00:588][656]LogModuleManager: Shutting down and abandoning module Android_ATCTargetPlatform (27)
[2014.12.10-21.11.00:588][656]LogModuleManager: Shutting down and abandoning module AndroidTargetPlatform (26)
[2014.12.10-21.11.00:588][656]LogModuleManager: Shutting down and abandoning module WindowsTargetPlatform (25)
[2014.12.10-21.11.00:588][656]LogModuleManager: Shutting down and abandoning module WindowsServerTargetPlatform (24)
[2014.12.10-21.11.00:588][656]LogModuleManager: Shutting down and abandoning module WindowsNoEditorTargetPlatform (23)
[2014.12.10-21.11.00:588][656]LogModuleManager: Shutting down and abandoning module WindowsClientTargetPlatform (22)
[2014.12.10-21.11.00:588][656]LogModuleManager: Shutting down and abandoning module TargetPlatform (21)
[2014.12.10-21.11.00:588][656]LogModuleManager: Shutting down and abandoning module InputCore (20)
[2014.12.10-21.11.00:588][656]LogModuleManager: Shutting down and abandoning module Settings (19)
[2014.12.10-21.11.00:589][656]LogModuleManager: Shutting down and abandoning module ImageWrapper (18)
[2014.12.10-21.11.00:589][656]LogModuleManager: Shutting down and abandoning module OculusRift (15)
[2014.12.10-21.11.00:589][656]LogModuleManager: Shutting down and abandoning module ExampleDeviceProfileSelector (14)
[2014.12.10-21.11.00:589][656]LogModuleManager: Shutting down and abandoning module TextureCompressor (13)
[2014.12.10-21.11.00:589][656]LogModuleManager: Shutting down and abandoning module ShaderCore (12)
[2014.12.10-21.11.00:589][656]LogModuleManager: Shutting down and abandoning module Landscape (11)
[2014.12.10-21.11.00:589][656]LogModuleManager: Shutting down and abandoning module SlateRHIRenderer (10)
[2014.12.10-21.11.00:593][656]LogModuleManager: Shutting down and abandoning module OpenGLDrv (9)
[2014.12.10-21.11.00:593][656]LogModuleManager: Shutting down and abandoning module D3D11RHI (8)
[2014.12.10-21.11.00:593][656]LogModuleManager: Shutting down and abandoning module Renderer (7)
[2014.12.10-21.11.00:593][656]LogModuleManager: Shutting down and abandoning module Engine (6)
[2014.12.10-21.11.00:593][656]LogModuleManager: Shutting down and abandoning module CoreUObject (5)
[2014.12.10-21.11.00:593][656]LogModuleManager: Shutting down and abandoning module NetworkFile (4)
[2014.12.10-21.11.00:593][656]LogModuleManager: Shutting down and abandoning module StreamingFile (3)
[2014.12.10-21.11.00:593][656]LogModuleManager: Shutting down and abandoning module SandboxFile (2)
[2014.12.10-21.11.00:593][656]LogModuleManager: Shutting down and abandoning module PakFile (1)
[2014.12.10-21.11.00:594][656]LogExit: Exiting.
[2014.12.10-21.11.00:609][656]Log file closed, 12/10/14 21:11:00
