Log file open, 12/10/14 20:39:19
LogInit:Display: Running engine for game: AsteroidMiner
LogInit: Version: 4.6.0-2369412+++depot+UE4-Releases+4.6
LogInit: API Version: 2369412
LogInit: Compiled (64-bit): Nov 24 2014 21:54:04
LogInit: Compiled with Visual C++: 18.00.21005.01
LogInit: Build Configuration: Development
LogInit: Branch Name: ++depot+UE4-Releases+4.6
LogInit: Command line:  
LogInit: Base directory: C:/Program Files/Epic Games/4.6/Engine/Binaries/Win64/
LogInit: Rocket: 1
[2014.12.10-20.39.19:242][  0]LogTaskGraph: Started task graph with 3 named threads and 6 total threads.
[2014.12.10-20.39.19:301][  0]LogOnline:Warning: No default platform service specified for OnlineSubsystem
[2014.12.10-20.39.19:333][  0]LogInit: Presizing for 0 objects not considered by GC, pre-allocating 0 bytes.
[2014.12.10-20.39.19:348][  0]LogInit: Object subsystem initialized
[2014.12.10-20.39.19:351][  0]LogConsoleResponse:Warning: Skipping Unknown console variable: 'UIScaleCurve = (EditorCurveData=(Keys=((Time=480.000000,Value=0.444000),(Time=720.000000,Value=0.666000),(Time=1080.000000,Value=1.000000),(Time=8640.000000,Value=8.000000))),ExternalCurve=None)'
[2014.12.10-20.39.19:351][  0]LogConsoleResponse:Warning:   Found in ini file 'E:/Other Files/UnrealEngine_4.5/Projects/AsteroidMiner4.6/Saved/Config/Windows/Engine.ini', in section '[/Script/Engine.RendererSettings]'
[2014.12.10-20.39.19:352][  0]LogConsoleManager:Warning: Console variable 'r.MSAA.CompositingSampleCount' wasn't set (Priority ProjectSetting < Scalability)
[2014.12.10-20.39.19:352][  0]LogInit: Selected Device Profile: [Windows]
[2014.12.10-20.39.19:352][  0]LogInit: Applying CVar settings loaded from the selected device profile: [Windows]
[2014.12.10-20.39.19:384][  0]LogInit: Computer: LLOYDS_PC
[2014.12.10-20.39.19:384][  0]LogInit: User: 10021000
[2014.12.10-20.39.19:384][  0]LogInit: CPU Page size=4096, Cores=4
[2014.12.10-20.39.19:384][  0]LogInit: High frequency timer resolution =2.337877 MHz
[2014.12.10-20.39.19:384][  0]LogMemory: Memory total: Physical=5.9GB (6GB approx) Virtual=131072.0GB
[2014.12.10-20.39.19:384][  0]LogMemory: Platform Memory Stats for Windows
[2014.12.10-20.39.19:384][  0]LogMemory: Process Physical Memory: 47.29 MB used, 47.29 MB peak
[2014.12.10-20.39.19:385][  0]LogMemory: Process Virtual Memory: 23.09 MB used, 24.39 MB peak
[2014.12.10-20.39.19:385][  0]LogMemory: Physical Memory: 2066.35 MB used, 6077.92 MB total
[2014.12.10-20.39.19:385][  0]LogMemory: Virtual Memory: 272.18 MB used, 134217728.00 MB total
[2014.12.10-20.39.19:430][  0]LogD3D11RHI: Found D3D11 adapter 0: NVIDIA GeForce GTX 680 (Feature Level 11_0)
[2014.12.10-20.39.19:430][  0]LogD3D11RHI: Adapter has 1985MB of dedicated video memory, 0MB of dedicated system memory, and 2048MB of shared system memory, 2 output[s]
[2014.12.10-20.39.19:433][  0]LogD3D11RHI: Found D3D11 adapter 1: Microsoft Basic Render Driver (Feature Level 11_0)
[2014.12.10-20.39.19:433][  0]LogD3D11RHI: Adapter has 0MB of dedicated video memory, 0MB of dedicated system memory, and 256MB of shared system memory, 0 output[s]
[2014.12.10-20.39.19:433][  0]LogD3D11RHI: Chosen D3D11 Adapter Id = 0
[2014.12.10-20.39.19:439][  0]LogRHI: Texture pool is 1361 MB (70% of 1945 MB)
[2014.12.10-20.39.19:457][  0]LogD3D11RHI: Async texture creation enabled
[2014.12.10-20.39.19:542][  0]LogTextLocalizationManager: The requested culture ('en_GB') has no localization data; parent culture's ('en') localization data will be used.
[2014.12.10-20.39.19:777][  0]LogContentStreaming: Texture pool size is 0.000000MB
[2014.12.10-20.39.31:537][  0]LogTargetPlatformManager:Display: Building Assets For Windows
[2014.12.10-20.39.32:410][  0]LogTargetPlatformManager:Display: Building Assets For Windows
[2014.12.10-20.39.32:509][  0]LogDerivedDataCache:Display: Max Cache Size: 512 MB
[2014.12.10-20.39.32:680][  0]LogDerivedDataCache: Loaded boot cache 0.17s 39MB C:/Users/10021_000/AppData/Local/UnrealEngine/4.6/DerivedDataCache/Boot.ddc.
[2014.12.10-20.39.32:680][  0]LogDerivedDataCache:Display: Loaded Boot cache: C:/Users/10021_000/AppData/Local/UnrealEngine/4.6/DerivedDataCache/Boot.ddc
[2014.12.10-20.39.32:683][  0]LogDerivedDataCache: FDerivedDataBackendGraph:  Pak pak cache file E:/Other Files/UnrealEngine_4.5/Projects/AsteroidMiner4.6/DerivedDataCache/DDC.ddp not found, will not use a pak cache.
[2014.12.10-20.39.32:683][  0]LogDerivedDataCache: Unable to find inner node Pak for hierarchical cache Hierarchy.
[2014.12.10-20.39.32:791][  0]LogDerivedDataCache:Display: Pak cache opened for reading ../../../Engine/DerivedDataCache/DDC.ddp.
[2014.12.10-20.39.32:805][  0]LogDerivedDataCache: Using Local data cache path C:/Users/10021_000/AppData/Local/UnrealEngine/Common/DerivedDataCache: Writable
[2014.12.10-20.39.33:075][  0]LogCollisionProfile:Warning: Profile (Trigger) - Custom Channel Name = 'Projectile' hasn't been found
[2014.12.10-20.39.33:075][  0]LogCollisionProfile:Warning: Profile (UI) - Custom Channel Name = 'Weapon' hasn't been found
[2014.12.10-20.39.33:075][  0]LogCollisionProfile:Warning: Profile (Projectile) ObjectTypeName (Projectile) is invalid. 
[2014.12.10-20.39.33:327][  0]LogMeshUtilities: No automatic mesh reduction module available
[2014.12.10-20.39.33:327][  0]LogMeshUtilities: No automatic mesh merging module available
[2014.12.10-20.39.34:124][  0]LogInit: WinSock: version 1.1 (2.2), MaxSocks=32767, MaxUdp=65467
[2014.12.10-20.39.34:227][  0]LogSlate:Warning: Failed to load font data from '../../../Engine/Content/Slate/Fonts/Roboto-Italic.ttf'
[2014.12.10-20.39.35:609][  0]UdpMessaging: Initializing bridge on interface 0.0.0.0:0 to multicast group 230.0.0.1:6666.
[2014.12.10-20.39.35:858][  0]LogDirectoryWatcher:Warning: Failed to begin reading directory changes for E:/Other Files/UnrealEngine_4.5/Projects/AsteroidMiner4.6/Binaries/Win64. Error: 0
[2014.12.10-20.39.36:131][  0]SourceControl: Info Source control is disabled
[2014.12.10-20.39.36:132][  0]SourceControl: Info Source control is disabled
[2014.12.10-20.39.36:144][  0]SourceControl: Info Source control is disabled
[2014.12.10-20.39.36:359][  0]LogObj: 23754 objects as part of root set at end of initial load.
[2014.12.10-20.39.36:359][  0]LogUObjectAllocator: 5168128 out of 0 bytes used by permanent object pool.
[2014.12.10-20.39.36:448][  0]LogEngine: Initializing Engine...
[2014.12.10-20.39.36:703][  0]LogInit: XAudio2 using '37'' TFT-TV-4 (NVIDIA High Definition Audio)' : 2 channels at 48 kHz using 16 bits per sample (channel mask 0x3)
[2014.12.10-20.39.36:713][  0]LogInit: FAudioDevice initialized.
[2014.12.10-20.39.36:746][  0]LogAIModule: Creating AISystem for world NewWorld
[2014.12.10-20.39.36:800][  0]LogDerivedDataCache: Saved boot cache 0.05s 39MB C:/Users/10021_000/AppData/Local/UnrealEngine/4.6/DerivedDataCache/Boot.ddc.
[2014.12.10-20.39.36:823][  0]LogInit: Texture streaming: Enabled
[2014.12.10-20.39.36:869][  0]LogAnalytics: Creating configured Analytics provider AnalyticsET
[2014.12.10-20.39.36:869][  0]LogAnalytics: ET APIKey = Rocket.Release. APIServer = http://et2.epicgames.com/ET2/. AppVersion = 4.6.0-2369412+++depot+UE4-Releases+4.6
[2014.12.10-20.39.36:870][  0]LogAnalytics: SetUserId a29c071cf10a93fac0ff457d50595e17
[2014.12.10-20.39.36:870][  0]LogAnalytics: AnalyticsET::StartSession [Rocket.Release]
[2014.12.10-20.39.36:893][  0]LogInit: Transaction tracking system initialized
[2014.12.10-20.39.37:048][  0]BlueprintLog: New page: Editor Load
[2014.12.10-20.39.37:092][  0]LogAssetRegistry: FAssetRegistry took 0.0112 seconds to start up
[2014.12.10-20.39.37:093][  0]LogDirectoryWatcher:Warning: Failed to begin reading directory changes for ../../../Engine/Plugins/Experimental/CharacterAI/Content/. Error: 0
[2014.12.10-20.39.37:888][  0]LogTargetPlatformManager:Display: Building Assets For Windows
[2014.12.10-20.39.38:450][  0]LogTargetPlatformManager:Display: Building Assets For Windows
[2014.12.10-20.39.38:754][  0]LogConsoleResponse:Display: 
[2014.12.10-20.39.38:828][  0]LogLinker:Warning: Asset '../../../Engine/Content/Functions/Engine_MaterialFunctions03/Procedurals/ComputeFilterWidth.uasset' has been saved with empty engine version. The asset will be loaded but may be incompatible.
[2014.12.10-20.39.39:141][  0]SourceControl: Info Source control is disabled
[2014.12.10-20.39.39:142][  0]Cmd: MAP LOAD FILE="E:/Other Files/UnrealEngine_4.5/Projects/AsteroidMiner4.6/Content/Maps/AsteroidMiner.umap" TEMPLATE=0 SHOWPROGRESS=1
[2014.12.10-20.39.39:146][  0]LightingResults: New page: Lighting Build
[2014.12.10-20.39.39:162][  0]MapCheck: New page: Map Check
[2014.12.10-20.39.39:162][  0]LightingResults: New page: Lighting Build
[2014.12.10-20.39.39:176][  0]LogParticles: Destroying 0 GPU particle simulations for FXSystem 0x000000F211979940
[2014.12.10-20.39.39:372][  0]LogLinker:Warning: Asset 'E:/Other Files/UnrealEngine_4.5/Projects/AsteroidMiner4.6/Content/Materials/M_SkyBox.uasset' has been saved with empty engine version. The asset will be loaded but may be incompatible.
[2014.12.10-20.39.39:375][  0]LogLinker:Warning: Asset 'E:/Other Files/UnrealEngine_4.5/Projects/AsteroidMiner4.6/Content/Textures/HighResSkyBox.uasset' has been saved with empty engine version. The asset will be loaded but may be incompatible.
[2014.12.10-20.39.40:120][  0]LogLinker:Warning: Asset 'E:/Other Files/UnrealEngine_4.5/Projects/AsteroidMiner4.6/Content/Meshes/DetailedSun.uasset' has been saved with empty engine version. The asset will be loaded but may be incompatible.
[2014.12.10-20.39.40:122][  0]LogLinker:Warning: Asset 'E:/Other Files/UnrealEngine_4.5/Projects/AsteroidMiner4.6/Content/Materials/M_Sun.uasset' has been saved with empty engine version. The asset will be loaded but may be incompatible.
[2014.12.10-20.39.40:128][  0]LogLinker:Warning: Asset 'E:/Other Files/UnrealEngine_4.5/Projects/AsteroidMiner4.6/Content/Textures/T_Fire.uasset' has been saved with empty engine version. The asset will be loaded but may be incompatible.
[2014.12.10-20.39.40:303][  0]LogBlueprint:Warning: [AdjustVelocityBTT] CreatePinForVariable: 'VelocityChange?' variable not found. Base class was probably changed.
[2014.12.10-20.39.40:326][  0]LogBlueprint:Warning: [compiler] Warning Could not find a variable named "VelocityChange?" in 'BotShip_C'.
Make sure 'BotShip_C' has been compiled for  Set VelocityChange? 
[2014.12.10-20.39.40:329][  0]LogBlueprint:Error: [compiler] Error The property associated with  Velocity Change?  could not be found
[2014.12.10-20.39.40:345][  0]LogBlueprint:Warning: [compiler] Warning [0024.05] Compile of AdjustVelocityBTT failed. 1 Fatal Issue(s) 1 Warning(s) [in 41 ms]
[2014.12.10-20.39.40:523][  0]LoadErrors:Error: Error Failed import for BoolProperty
[2014.12.10-20.39.40:840][  0]LogLinker:Warning: Asset 'E:/Other Files/UnrealEngine_4.5/Projects/AsteroidMiner4.6/Content/Blueprints/Objects/B_Asteroid.uasset' has been saved with empty engine version. The asset will be loaded but may be incompatible.
[2014.12.10-20.39.40:845][  0]LogLinker:Warning: Asset 'E:/Other Files/UnrealEngine_4.5/Projects/AsteroidMiner4.6/Content/Meshes/Rock.uasset' has been saved with empty engine version. The asset will be loaded but may be incompatible.
[2014.12.10-20.39.40:847][  0]LogLinker:Warning: Asset 'E:/Other Files/UnrealEngine_4.5/Projects/AsteroidMiner4.6/Content/Materials/M_Asteroid.uasset' has been saved with empty engine version. The asset will be loaded but may be incompatible.
[2014.12.10-20.39.40:863][  0]LoadErrors:Error: Error Failed import for BoolProperty
[2014.12.10-20.39.40:940][  0]LogBlueprint:Warning: [compiler] Warning  Remove from Viewport  is deprecated; Use RemoveFromParent instead
[2014.12.10-20.39.40:942][  0]LogBlueprint:Warning: [compiler] Warning [0024.65] Compile of GameOverWidget successful, but with 1 Warning(s) [in 7 ms]
[2014.12.10-20.39.40:945][  0]LogBlueprint:Warning: [compiler] Warning  Remove from Viewport  is deprecated; Use RemoveFromParent instead
[2014.12.10-20.39.40:947][  0]LogBlueprint:Warning: [compiler] Warning [0024.65] Compile of GameOverWidget successful, but with 1 Warning(s) [in 3 ms]
[2014.12.10-20.39.40:947][  0]LogBlueprint:Warning: [compiler] Warning [0024.65] Compile of GameOverWidget successful, but with 2 Warning(s) [in 0 ms]
[2014.12.10-20.39.40:988][  0]LogBlueprint:Warning: [compiler] Warning  Remove from Viewport  is deprecated; Use RemoveFromParent instead
[2014.12.10-20.39.40:989][  0]LogBlueprint:Warning: [compiler] Warning [0024.70] Compile of PauseMenuWidget successful, but with 1 Warning(s) [in 7 ms]
[2014.12.10-20.39.40:992][  0]LogBlueprint:Warning: [compiler] Warning  Remove from Viewport  is deprecated; Use RemoveFromParent instead
[2014.12.10-20.39.40:994][  0]LogBlueprint:Warning: [compiler] Warning [0024.70] Compile of PauseMenuWidget successful, but with 1 Warning(s) [in 3 ms]
[2014.12.10-20.39.40:994][  0]LogBlueprint:Warning: [compiler] Warning [0024.70] Compile of PauseMenuWidget successful, but with 2 Warning(s) [in 0 ms]
[2014.12.10-20.39.42:370][  0]LogEditorServer: Finished looking for orphan Actors (0.000 secs)
[2014.12.10-20.39.42:370][  0]LogAIModule: Creating AISystem for world AsteroidMiner
[2014.12.10-20.39.42:371][  0]Cmd: MAP CHECKDEP
[2014.12.10-20.39.42:371][  0]MapCheck: New page: AsteroidMiner - 10 Dec 2014 20:39:42
[2014.12.10-20.39.42:607][  0]MapCheck: Info Map check complete: 0 Error(s), 0 Warning(s), took 236.185ms to complete.
[2014.12.10-20.39.42:608][  0]LogFileHelpers: Loading map 'AsteroidMiner' took 3.465
[2014.12.10-20.39.42:720][  0]LogCollectionManager: Loaded 0 collections in 0.002666 seconds
[2014.12.10-20.39.42:885][  0]LogCrashTracker: Crashtracker disabled due to settings.
[2014.12.10-20.39.42:896][  0]LogUObjectGlobals:Warning: Failed to find object 'Class None.'
[2014.12.10-20.39.42:924][  0]LogLoad: Full Startup: 26.63 seconds (BP compile: 1.01 seconds)
[2014.12.10-20.39.43:271][  0]LogContentBrowser:Verbose: The content browser source was changed by the sources view to '/Game/Blueprints/AI'
[2014.12.10-20.39.43:592][  0]LogRenderer:Warning: Reallocating scene render targets to support 944x872.
[2014.12.10-20.39.44:487][  3]LogPackageName: SearchForPackageOnDisk took   0.000s to resolve /Engine/Tutorial/Basics/ContentBrowserOverview
[2014.12.10-20.39.44:488][  3]LogPackageName: SearchForPackageOnDisk took   0.000s to resolve /Engine/Tutorial/Basics/LevelEditorAttract
[2014.12.10-20.39.44:488][  3]LogPackageName: SearchForPackageOnDisk took   0.000s to resolve /Engine/Tutorial/Basics/LevelEditorOverview
[2014.12.10-20.39.44:488][  3]LogPackageName: SearchForPackageOnDisk took   0.000s to resolve /Engine/Tutorial/Basics/ViewportsTutorial
[2014.12.10-20.39.44:489][  3]LogPackageName: SearchForPackageOnDisk took   0.000s to resolve /Engine/Tutorial/BlueprintTutorials/BlueprintEditorTutorial
[2014.12.10-20.39.44:489][  3]LogPackageName: SearchForPackageOnDisk took   0.000s to resolve /Engine/Tutorial/BlueprintTutorials/BlueprintInterfacesEditorOverview
[2014.12.10-20.39.44:490][  3]LogPackageName: SearchForPackageOnDisk took   0.000s to resolve /Engine/Tutorial/BlueprintTutorials/BlueprintMacroLibrariesEditorOverview
[2014.12.10-20.39.44:490][  3]LogPackageName: SearchForPackageOnDisk took   0.000s to resolve /Engine/Tutorial/BlueprintTutorials/ClassBlueprintsEditorOverview
[2014.12.10-20.39.44:491][  3]LogPackageName: SearchForPackageOnDisk took   0.000s to resolve /Engine/Tutorial/BlueprintTutorials/LevelBlueprintEditorOverview
[2014.12.10-20.39.44:491][  3]LogPackageName: SearchForPackageOnDisk took   0.000s to resolve /Engine/Tutorial/BlueprintTutorials/TutorialAssets/Tutorial_BP_Class
[2014.12.10-20.39.44:492][  3]LogPackageName: SearchForPackageOnDisk took   0.000s to resolve /Engine/Tutorial/BlueprintTutorials/TutorialAssets/Tutorial_BP_Interface
[2014.12.10-20.39.44:492][  3]LogPackageName: SearchForPackageOnDisk took   0.000s to resolve /Engine/Tutorial/BlueprintTutorials/TutorialAssets/Tutorial_BP_MacroLib
[2014.12.10-20.39.44:493][  3]LogPackageName: SearchForPackageOnDisk took   0.000s to resolve /Engine/Tutorial/Foliage/FoliageWalkThrough
[2014.12.10-20.39.44:494][  3]LogPackageName: SearchForPackageOnDisk took   0.000s to resolve /Engine/Tutorial/Foliage/Foliage_Intro_Tutorial
[2014.12.10-20.39.44:495][  3]LogPackageName: SearchForPackageOnDisk took   0.000s to resolve /Engine/Tutorial/Foliage/Foliage_Settings_Tutorial
[2014.12.10-20.39.44:496][  3]LogPackageName: SearchForPackageOnDisk took   0.000s to resolve /Engine/Tutorial/Foliage/Foliage_Using_The_Tool_Tutorial
[2014.12.10-20.39.44:496][  3]LogPackageName: SearchForPackageOnDisk took   0.000s to resolve /Engine/Tutorial/Installation/InstallingVisualStudioTutorial
[2014.12.10-20.39.44:497][  3]LogPackageName: SearchForPackageOnDisk took   0.000s to resolve /Engine/Tutorial/Installation/InstallingXCodeTutorial
[2014.12.10-20.39.44:497][  3]LogPackageName: SearchForPackageOnDisk took   0.000s to resolve /Engine/Tutorial/Landscape/LandscapeWalkThrough
[2014.12.10-20.39.44:498][  3]LogPackageName: SearchForPackageOnDisk took   0.000s to resolve /Engine/Tutorial/Landscape/Landscape_Manage_Mode
[2014.12.10-20.39.44:498][  3]LogPackageName: SearchForPackageOnDisk took   0.000s to resolve /Engine/Tutorial/Landscape/Landscape_Painting_Mode
[2014.12.10-20.39.44:498][  3]LogPackageName: SearchForPackageOnDisk took   0.000s to resolve /Engine/Tutorial/Landscape/Landscape_Sculpt_Mode
[2014.12.10-20.39.44:499][  3]LogPackageName: SearchForPackageOnDisk took   0.000s to resolve /Engine/Tutorial/Mobile/CreatingSigningCertAndProvisionTutorial
[2014.12.10-20.39.44:818][  4]LogPackageName: SearchForPackageOnDisk took   0.000s to resolve /Engine/Tutorial/Mobile/InstallingiTunesTutorial
[2014.12.10-20.39.44:819][  4]LogPackageName: SearchForPackageOnDisk took   0.000s to resolve /Engine/Tutorial/Mobile/SettingUpAndroidTutorial
[2014.12.10-20.39.44:819][  4]LogPackageName: SearchForPackageOnDisk took   0.000s to resolve /Engine/Tutorial/Paper2D/FlipbookEditorTutorial
[2014.12.10-20.39.44:820][  4]LogPackageName: SearchForPackageOnDisk took   0.000s to resolve /Engine/Tutorial/Paper2D/SpriteEditorTutorial
[2014.12.10-20.39.44:820][  4]LogPackageName: SearchForPackageOnDisk took   0.000s to resolve /Engine/Tutorial/SubEditors/DestructibleMeshEditorTutorial
[2014.12.10-20.39.44:821][  4]LogPackageName: SearchForPackageOnDisk took   0.000s to resolve /Engine/Tutorial/SubEditors/MaterialEditorTutorial
[2014.12.10-20.39.44:821][  4]LogPackageName: SearchForPackageOnDisk took   0.000s to resolve /Engine/Tutorial/SubEditors/ParticleSystemEditorTutorial
[2014.12.10-20.39.44:822][  4]LogPackageName: SearchForPackageOnDisk took   0.000s to resolve /Engine/Tutorial/SubEditors/PersonaAnimBlueprintEditorWalkthrough
[2014.12.10-20.39.44:823][  4]LogPackageName: SearchForPackageOnDisk took   0.000s to resolve /Engine/Tutorial/SubEditors/PersonaAnimEditorWalkthrough
[2014.12.10-20.39.44:823][  4]LogPackageName: SearchForPackageOnDisk took   0.000s to resolve /Engine/Tutorial/SubEditors/PersonaWalkthrough
[2014.12.10-20.39.44:823][  4]LogPackageName: SearchForPackageOnDisk took   0.000s to resolve /Engine/Tutorial/SubEditors/SkeletalMeshEditorWalkthrough
[2014.12.10-20.39.44:824][  4]LogPackageName: SearchForPackageOnDisk took   0.000s to resolve /Engine/Tutorial/SubEditors/SkeletonModeWalkthrough
[2014.12.10-20.39.44:824][  4]LogPackageName: SearchForPackageOnDisk took   0.000s to resolve /Engine/Tutorial/SubEditors/StaticMeshEditorTutorial
[2014.12.10-20.39.44:825][  4]LogPackageName: SearchForPackageOnDisk took   0.000s to resolve /Engine/Tutorial/SubEditors/TutorialAssets/TutorialAnimationBlueprint
[2014.12.10-20.39.44:826][  4]LogPackageName: SearchForPackageOnDisk took   0.000s to resolve /Engine/Tutorial/SubEditors/TutorialAssets/Character/TutorialCharacter
[2014.12.10-20.39.44:826][  4]LogPackageName: SearchForPackageOnDisk took   0.000s to resolve /Engine/Tutorial/SubEditors/TutorialAssets/Character/TutorialTPP_AnimBlueprint
[2014.12.10-20.39.44:828][  4]LogPackageName: SearchForPackageOnDisk took   0.001s to resolve /Game/Blueprints/Objects/B_Asteroid
[2014.12.10-20.39.44:829][  4]LogPackageName: SearchForPackageOnDisk took   0.001s to resolve /Game/Blueprints/Objects/B_Sun
[2014.12.10-20.39.44:832][  4]LogPackageName: SearchForPackageOnDisk took   0.002s to resolve /Game/Blueprints/GameComponents/DebugHud
[2014.12.10-20.39.44:835][  4]LogPackageName: SearchForPackageOnDisk took   0.002s to resolve /Game/Blueprints/GameComponents/AsteroidMinerCamera
[2014.12.10-20.39.45:153][  5]LogPackageName: SearchForPackageOnDisk took   0.002s to resolve /Game/Blueprints/GameComponents/Hud_Interface
[2014.12.10-20.39.45:154][  5]LogPackageName: SearchForPackageOnDisk took   0.001s to resolve /Game/Blueprints/GameComponents/AsteroidMinerPlayerControler
[2014.12.10-20.39.45:155][  5]LogPackageName: SearchForPackageOnDisk took   0.001s to resolve /Game/Blueprints/GameComponents/AsteroidMinerGameMode
[2014.12.10-20.39.45:156][  5]LogPackageName: SearchForPackageOnDisk took   0.001s to resolve /Game/Blueprints/AI/BotShip
[2014.12.10-20.39.45:157][  5]LogPackageName: SearchForPackageOnDisk took   0.001s to resolve /Game/Blueprints/AI/ShipAIController
[2014.12.10-20.39.45:159][  5]LogPackageName: SearchForPackageOnDisk took   0.002s to resolve /Game/Blueprints/AI/BehaviourTreeTasks/AdjustVelocityBTT
[2014.12.10-20.39.45:162][  5]LogPackageName: SearchForPackageOnDisk took   0.002s to resolve /Game/Blueprints/AI/BehaviourTreeTasks/CheckStateBTT
[2014.12.10-20.39.45:163][  5]LogPackageName: SearchForPackageOnDisk took   0.001s to resolve /Game/Widgets/MenuWidget
[2014.12.10-20.39.45:164][  5]LogPackageName: SearchForPackageOnDisk took   0.001s to resolve /Game/Widgets/GameOverWidget
[2014.12.10-20.39.45:165][  5]LogPackageName: SearchForPackageOnDisk took   0.001s to resolve /Game/Widgets/PauseMenuWidget
[2014.12.10-20.39.45:488][  6]LogAssetRegistry: Asset discovery search completed in 8.4070 seconds
[2014.12.10-20.39.45:506][  6]LogAnalytics: Event Editor.Usage.AssetClasses has too many attributes (41). May be truncated at the collector.
[2014.12.10-20.40.00:011][347]LogContentBrowser:Verbose: The content browser source was changed by the sources view to '/Game/Blueprints/AI/BehaviourTreeTasks'
[2014.12.10-20.40.05:220][465]BlueprintLog: New page: Compile AdjustVelocityBTT
[2014.12.10-20.40.05:553][465]BlueprintEditorCompileResults: Info [0049.26] Compile of AdjustVelocityBTT successful! [in 272 ms]
[2014.12.10-20.40.08:626][525]Cmd: QUIT_EDITOR
[2014.12.10-20.40.09:265][525]LogExit: Preparing to exit.
[2014.12.10-20.40.09:739][525]LogExit: Editor shut down
[2014.12.10-20.40.09:740][525]LogExit: Transaction tracking system shut down
[2014.12.10-20.40.09:750][525]LogParticles: Destroying 0 GPU particle simulations for FXSystem 0x000000F20F6798A0
[2014.12.10-20.40.09:750][525]LogParticles: Destroying 0 GPU particle simulations for FXSystem 0x000000F2155068E0
[2014.12.10-20.40.09:751][525]LogParticles: Destroying 0 GPU particle simulations for FXSystem 0x000000F2195F9BC0
[2014.12.10-20.40.09:853][525]LogExit: Object subsystem successfully closed.
[2014.12.10-20.40.09:931][525]LogModuleManager: Shutting down and abandoning module AndroidDeviceDetection (172)
[2014.12.10-20.40.09:931][525]LogModuleManager: Shutting down and abandoning module CrashTracker (171)
[2014.12.10-20.40.09:931][525]LogModuleManager: Shutting down and abandoning module SuperSearch (170)
[2014.12.10-20.40.09:931][525]LogModuleManager: Shutting down and abandoning module SceneOutliner (169)
[2014.12.10-20.40.09:931][525]LogModuleManager: Shutting down and abandoning module EditorWidgets (168)
[2014.12.10-20.40.09:931][525]LogModuleManager: Shutting down and abandoning module CollectionManager (167)
[2014.12.10-20.40.09:931][525]LogModuleManager: Shutting down and abandoning module StatsViewer (166)
[2014.12.10-20.40.09:931][525]LogModuleManager: Shutting down and abandoning module FoliageEdit (165)
[2014.12.10-20.40.09:932][525]LogModuleManager: Shutting down and abandoning module LandscapeEditor (164)
[2014.12.10-20.40.09:932][525]LogModuleManager: Shutting down and abandoning module MeshPaint (163)
[2014.12.10-20.40.09:932][525]LogModuleManager: Shutting down and abandoning module ActorPickerMode (162)
[2014.12.10-20.40.09:932][525]LogModuleManager: Shutting down and abandoning module GeometryMode (161)
[2014.12.10-20.40.09:933][525]LogModuleManager: Shutting down and abandoning module TextureAlignMode (160)
[2014.12.10-20.40.09:933][525]LogModuleManager: Shutting down and abandoning module BspMode (159)
[2014.12.10-20.40.09:933][525]LogModuleManager: Shutting down and abandoning module PlacementMode (158)
[2014.12.10-20.40.09:933][525]LogModuleManager: Shutting down and abandoning module AutomationWorker (157)
[2014.12.10-20.40.09:933][525]LogModuleManager: Shutting down and abandoning module CharacterAI (156)
[2014.12.10-20.40.09:933][525]LogModuleManager: Shutting down and abandoning module GameProjectGeneration (155)
[2014.12.10-20.40.09:933][525]LogModuleManager: Shutting down and abandoning module IntroTutorials (154)
[2014.12.10-20.40.09:933][525]LogModuleManager: Shutting down and abandoning module EditorLiveStreaming (153)
[2014.12.10-20.40.09:933][525]LogModuleManager: Shutting down and abandoning module HardwareTargeting (152)
[2014.12.10-20.40.09:933][525]LogModuleManager: Shutting down and abandoning module DeviceProfileEditor (151)
[2014.12.10-20.40.09:933][525]LogModuleManager: Shutting down and abandoning module UndoHistory (150)
[2014.12.10-20.40.09:933][525]LogModuleManager: Shutting down and abandoning module GameplayTagsEditor (149)
[2014.12.10-20.40.09:933][525]LogModuleManager: Shutting down and abandoning module UserFeedback (148)
[2014.12.10-20.40.09:933][525]LogModuleManager: Shutting down and abandoning module XmlParser (147)
[2014.12.10-20.40.09:933][525]LogModuleManager: Shutting down and abandoning module Blutility (146)
[2014.12.10-20.40.09:933][525]LogModuleManager: Shutting down and abandoning module IOSPlatformEditor (145)
[2014.12.10-20.40.09:933][525]LogModuleManager: Shutting down and abandoning module IOSRuntimeSettings (144)
[2014.12.10-20.40.09:933][525]LogModuleManager: Shutting down and abandoning module AndroidPlatformEditor (143)
[2014.12.10-20.40.09:933][525]LogModuleManager: Shutting down and abandoning module AndroidRuntimeSettings (142)
[2014.12.10-20.40.09:933][525]LogModuleManager: Shutting down and abandoning module ProjectTargetPlatformEditor (141)
[2014.12.10-20.40.09:933][525]LogModuleManager: Shutting down and abandoning module ProjectSettingsViewer (140)
[2014.12.10-20.40.09:933][525]LogModuleManager: Shutting down and abandoning module InputBindingEditor (139)
[2014.12.10-20.40.09:934][525]LogModuleManager: Shutting down and abandoning module EditorSettingsViewer (138)
[2014.12.10-20.40.09:934][525]LogModuleManager: Shutting down and abandoning module SettingsEditor (137)
[2014.12.10-20.40.09:934][525]LogModuleManager: Shutting down and abandoning module ProjectLauncher (136)
[2014.12.10-20.40.09:934][525]LogModuleManager: Shutting down and abandoning module SessionFrontend (135)
[2014.12.10-20.40.09:934][525]LogModuleManager: Shutting down and abandoning module ProfilerClient (134)
[2014.12.10-20.40.09:934][525]LogModuleManager: Shutting down and abandoning module TargetDeviceServices (133)
[2014.12.10-20.40.09:934][525]LogModuleManager: Shutting down and abandoning module DeviceManager (132)
[2014.12.10-20.40.09:934][525]LogModuleManager: Shutting down and abandoning module AutomationController (131)
[2014.12.10-20.40.09:934][525]LogModuleManager: Shutting down and abandoning module AutomationWindow (130)
[2014.12.10-20.40.09:934][525]LogModuleManager: Shutting down and abandoning module Layers (129)
[2014.12.10-20.40.09:934][525]LogModuleManager: Shutting down and abandoning module ComponentVisualizers (128)
[2014.12.10-20.40.09:934][525]LogModuleManager: Shutting down and abandoning module DetailCustomizations (127)
[2014.12.10-20.40.09:934][525]LogModuleManager: Shutting down and abandoning module PackagesDialog (126)
[2014.12.10-20.40.09:934][525]LogModuleManager: Shutting down and abandoning module AssetRegistry (125)
[2014.12.10-20.40.10:043][525]LogModuleManager: Shutting down and abandoning module Persona (124)
[2014.12.10-20.40.10:043][525]LogModuleManager: Shutting down and abandoning module Kismet (123)
[2014.12.10-20.40.10:044][525]LogModuleManager: Shutting down and abandoning module GraphEditor (122)
[2014.12.10-20.40.10:044][525]LogModuleManager: Shutting down and abandoning module ClassViewer (121)
[2014.12.10-20.40.10:044][525]LogModuleManager: Shutting down and abandoning module Toolbox (120)
[2014.12.10-20.40.10:044][525]LogModuleManager: Shutting down and abandoning module ModuleUI (119)
[2014.12.10-20.40.10:044][525]LogModuleManager: Shutting down and abandoning module MovieSceneTools (118)
[2014.12.10-20.40.10:044][525]LogModuleManager: Shutting down and abandoning module OutputLog (117)
[2014.12.10-20.40.10:044][525]LogModuleManager: Shutting down and abandoning module GammaUI (116)
[2014.12.10-20.40.10:044][525]LogModuleManager: Shutting down and abandoning module Documentation (115)
[2014.12.10-20.40.10:044][525]LogModuleManager: Shutting down and abandoning module GameLiveStreaming (114)
[2014.12.10-20.40.10:044][525]LogModuleManager: Shutting down and abandoning module StreamingPauseRendering (113)
[2014.12.10-20.40.10:044][525]LogModuleManager: Shutting down and abandoning module HTTP (112)
[2014.12.10-20.40.10:044][525]LogModuleManager: Shutting down and abandoning module AnalyticsET (111)
[2014.12.10-20.40.10:044][525]LogModuleManager: Shutting down and abandoning module Analytics (110)
[2014.12.10-20.40.10:044][525]LogModuleManager: Shutting down and abandoning module AITestSuite (109)
[2014.12.10-20.40.10:044][525]LogModuleManager: Shutting down and abandoning module AIModule (108)
[2014.12.10-20.40.10:044][525]LogModuleManager: Shutting down and abandoning module ProfilerService (107)
[2014.12.10-20.40.10:148][525]LogModuleManager: Shutting down and abandoning module TaskGraph (106)
[2014.12.10-20.40.10:148][525]LogModuleManager: Shutting down and abandoning module GameplayDebugger (105)
[2014.12.10-20.40.10:148][525]LogModuleManager: Shutting down and abandoning module SlateRemote (104)
[2014.12.10-20.40.10:148][525]LogModuleManager: Shutting down and abandoning module ScriptEditorPlugin (103)
[2014.12.10-20.40.10:148][525]LogModuleManager: Shutting down and abandoning module CustomMeshComponent (102)
[2014.12.10-20.40.10:148][525]LogModuleManager: Shutting down and abandoning module CableComponent (101)
[2014.12.10-20.40.10:148][525]LogModuleManager: Shutting down and abandoning module MessagingDebugger (100)
[2014.12.10-20.40.10:148][525]LogModuleManager: Shutting down and abandoning module MediaPlayerEditor (99)
[2014.12.10-20.40.10:148][525]LogModuleManager: Shutting down and abandoning module SpeedTreeImporter (98)
[2014.12.10-20.40.10:148][525]LogModuleManager: Shutting down and abandoning module PluginsEditor (97)
[2014.12.10-20.40.10:148][525]LogModuleManager: Shutting down and abandoning module EpicSurvey (96)
[2014.12.10-20.40.10:148][525]LogModuleManager: Shutting down and abandoning module DesktopPlatform (95)
[2014.12.10-20.40.10:148][525]LogModuleManager: Shutting down and abandoning module VisualStudioSourceCodeAccess (94)
[2014.12.10-20.40.10:148][525]LogModuleManager: Shutting down and abandoning module UObjectPlugin (93)
[2014.12.10-20.40.10:148][525]LogModuleManager: Shutting down and abandoning module SubversionSourceControl (92)
[2014.12.10-20.40.10:148][525]LogModuleManager: Shutting down and abandoning module SourceControl (91)
[2014.12.10-20.40.10:148][525]LogModuleManager: Shutting down and abandoning module PerforceSourceControl (90)
[2014.12.10-20.40.10:148][525]LogModuleManager: Shutting down and abandoning module BlankPlugin (89)
[2014.12.10-20.40.10:148][525]LogModuleManager: Shutting down and abandoning module SlateReflector (88)
[2014.12.10-20.40.10:148][525]LogModuleManager: Shutting down and abandoning module DirectoryWatcher (87)
[2014.12.10-20.40.10:149][525]LogModuleManager: Shutting down and abandoning module HotReload (86)
[2014.12.10-20.40.10:149][525]LogModuleManager: Shutting down and abandoning module MainFrame (85)
[2014.12.10-20.40.10:149][525]LogModuleManager: Shutting down and abandoning module LevelEditor (84)
[2014.12.10-20.40.10:152][525]LogModuleManager: Shutting down and abandoning module ViewportSnapping (83)
[2014.12.10-20.40.10:152][525]LogModuleManager: Shutting down and abandoning module SmartSnapping (82)
[2014.12.10-20.40.10:152][525]LogModuleManager: Shutting down and abandoning module PaperTiledImporter (81)
[2014.12.10-20.40.10:152][525]LogModuleManager: Shutting down and abandoning module PaperJsonImporter (80)
[2014.12.10-20.40.10:152][525]LogModuleManager: Shutting down and abandoning module ContentBrowser (79)
[2014.12.10-20.40.10:152][525]LogModuleManager: Shutting down and abandoning module Paper2DEditor (78)
[2014.12.10-20.40.10:152][525]LogModuleManager: Shutting down and abandoning module ScriptPlugin (77)
[2014.12.10-20.40.10:152][525]LogModuleManager: Shutting down and abandoning module UdpMessaging (76)
[2014.12.10-20.40.10:253][525]LogModuleManager: Shutting down and abandoning module Paper2D (75)
[2014.12.10-20.40.10:253][525]LogModuleManager: Shutting down and abandoning module UE4Game (74)
[2014.12.10-20.40.10:253][525]LogModuleManager: Shutting down and abandoning module WindowsMoviePlayer (73)
[2014.12.10-20.40.10:257][525]LogModuleManager: Shutting down and abandoning module Media (72)
[2014.12.10-20.40.10:257][525]LogModuleManager: Shutting down and abandoning module WmfMedia (71)
[2014.12.10-20.40.10:257][525]LogModuleManager: Shutting down and abandoning module OnlineBlueprintSupport (70)
[2014.12.10-20.40.10:257][525]LogModuleManager: Shutting down and abandoning module PropertyEditor (69)
[2014.12.10-20.40.10:257][525]LogModuleManager: Shutting down and abandoning module BehaviorTreeEditor (68)
[2014.12.10-20.40.10:257][525]LogModuleManager: Shutting down and abandoning module FunctionalTesting (67)
[2014.12.10-20.40.10:257][525]LogModuleManager: Shutting down and abandoning module CollisionAnalyzer (66)
[2014.12.10-20.40.10:257][525]LogModuleManager: Shutting down and abandoning module WorkspaceMenuStructure (65)
[2014.12.10-20.40.10:257][525]LogModuleManager: Shutting down and abandoning module MessageLog (64)
[2014.12.10-20.40.10:257][525]LogModuleManager: Shutting down and abandoning module Sequencer (63)
[2014.12.10-20.40.10:257][525]LogModuleManager: Shutting down and abandoning module AssetTools (62)
[2014.12.10-20.40.10:257][525]LogModuleManager: Shutting down and abandoning module UMGEditor (61)
[2014.12.10-20.40.10:257][525]LogModuleManager: Shutting down and abandoning module UMG (60)
[2014.12.10-20.40.10:257][525]LogModuleManager: Shutting down and abandoning module Slate (59)
[2014.12.10-20.40.10:257][525]LogModuleManager: Shutting down and abandoning module EditorStyle (58)
[2014.12.10-20.40.10:263][525]LogModuleManager: Shutting down and abandoning module SessionServices (57)
[2014.12.10-20.40.10:263][525]LogModuleManager: Shutting down and abandoning module SourceCodeAccess (56)
[2014.12.10-20.40.10:263][525]LogModuleManager: Shutting down and abandoning module HeadMountedDisplay (55)
[2014.12.10-20.40.10:263][525]LogModuleManager: Shutting down and abandoning module XAudio2 (54)
[2014.12.10-20.40.10:263][525]LogModuleManager: Shutting down and abandoning module Networking (52)
[2014.12.10-20.40.10:263][525]LogModuleManager: Shutting down and abandoning module Core (51)
[2014.12.10-20.40.10:263][525]LogModuleManager: Shutting down and abandoning module KismetCompiler (50)
[2014.12.10-20.40.10:263][525]LogModuleManager: Shutting down and abandoning module PhysXFormats (49)
[2014.12.10-20.40.10:263][525]LogModuleManager: Shutting down and abandoning module MeshUtilities (48)
[2014.12.10-20.40.10:264][525]LogModuleManager: Shutting down and abandoning module DerivedDataCache (47)
[2014.12.10-20.40.10:314][525]LogDerivedDataCache: Shutdown
[2014.12.10-20.40.10:314][525]LogModuleManager: Shutting down and abandoning module ShaderFormatOpenGL (46)
[2014.12.10-20.40.10:314][525]LogModuleManager: Shutting down and abandoning module ShaderFormatD3D (45)
[2014.12.10-20.40.10:314][525]LogModuleManager: Shutting down and abandoning module MetalShaderFormat (44)
[2014.12.10-20.40.10:315][525]LogModuleManager: Shutting down and abandoning module TextureFormatUncompressed (43)
[2014.12.10-20.40.10:315][525]LogModuleManager: Shutting down and abandoning module TextureFormatPVR (42)
[2014.12.10-20.40.10:315][525]LogModuleManager: Shutting down and abandoning module TextureFormatDXT (41)
[2014.12.10-20.40.10:315][525]LogModuleManager: Shutting down and abandoning module TextureFormatAndroid (40)
[2014.12.10-20.40.10:315][525]LogModuleManager: Shutting down and abandoning module AudioFormatOpus (39)
[2014.12.10-20.40.10:315][525]LogModuleManager: Shutting down and abandoning module AudioFormatOgg (38)
[2014.12.10-20.40.10:315][525]LogModuleManager: Shutting down and abandoning module AudioFormatADPCM (37)
[2014.12.10-20.40.10:315][525]LogModuleManager: Shutting down and abandoning module LinuxTargetPlatform (36)
[2014.12.10-20.40.10:315][525]LogModuleManager: Shutting down and abandoning module LinuxServerTargetPlatform (35)
[2014.12.10-20.40.10:315][525]LogModuleManager: Shutting down and abandoning module LinuxNoEditorTargetPlatform (34)
[2014.12.10-20.40.10:315][525]LogModuleManager: Shutting down and abandoning module Messaging (33)
[2014.12.10-20.40.10:315][525]LogModuleManager: Shutting down and abandoning module IOSTargetPlatform (32)
[2014.12.10-20.40.10:315][525]LogModuleManager: Shutting down and abandoning module Android_PVRTCTargetPlatform (31)
[2014.12.10-20.40.10:315][525]LogModuleManager: Shutting down and abandoning module Android_ETC2TargetPlatform (30)
[2014.12.10-20.40.10:315][525]LogModuleManager: Shutting down and abandoning module Android_ETC1TargetPlatform (29)
[2014.12.10-20.40.10:315][525]LogModuleManager: Shutting down and abandoning module Android_DXTTargetPlatform (28)
[2014.12.10-20.40.10:315][525]LogModuleManager: Shutting down and abandoning module Android_ATCTargetPlatform (27)
[2014.12.10-20.40.10:315][525]LogModuleManager: Shutting down and abandoning module AndroidTargetPlatform (26)
[2014.12.10-20.40.10:315][525]LogModuleManager: Shutting down and abandoning module WindowsTargetPlatform (25)
[2014.12.10-20.40.10:315][525]LogModuleManager: Shutting down and abandoning module WindowsServerTargetPlatform (24)
[2014.12.10-20.40.10:315][525]LogModuleManager: Shutting down and abandoning module WindowsNoEditorTargetPlatform (23)
[2014.12.10-20.40.10:315][525]LogModuleManager: Shutting down and abandoning module WindowsClientTargetPlatform (22)
[2014.12.10-20.40.10:315][525]LogModuleManager: Shutting down and abandoning module TargetPlatform (21)
[2014.12.10-20.40.10:315][525]LogModuleManager: Shutting down and abandoning module InputCore (20)
[2014.12.10-20.40.10:315][525]LogModuleManager: Shutting down and abandoning module Settings (19)
[2014.12.10-20.40.10:315][525]LogModuleManager: Shutting down and abandoning module ImageWrapper (18)
[2014.12.10-20.40.10:315][525]LogModuleManager: Shutting down and abandoning module OculusRift (15)
[2014.12.10-20.40.10:315][525]LogModuleManager: Shutting down and abandoning module ExampleDeviceProfileSelector (14)
[2014.12.10-20.40.10:315][525]LogModuleManager: Shutting down and abandoning module TextureCompressor (13)
[2014.12.10-20.40.10:315][525]LogModuleManager: Shutting down and abandoning module ShaderCore (12)
[2014.12.10-20.40.10:315][525]LogModuleManager: Shutting down and abandoning module Landscape (11)
[2014.12.10-20.40.10:315][525]LogModuleManager: Shutting down and abandoning module SlateRHIRenderer (10)
[2014.12.10-20.40.10:318][525]LogModuleManager: Shutting down and abandoning module OpenGLDrv (9)
[2014.12.10-20.40.10:318][525]LogModuleManager: Shutting down and abandoning module D3D11RHI (8)
[2014.12.10-20.40.10:318][525]LogModuleManager: Shutting down and abandoning module Renderer (7)
[2014.12.10-20.40.10:318][525]LogModuleManager: Shutting down and abandoning module Engine (6)
[2014.12.10-20.40.10:318][525]LogModuleManager: Shutting down and abandoning module CoreUObject (5)
[2014.12.10-20.40.10:319][525]LogModuleManager: Shutting down and abandoning module NetworkFile (4)
[2014.12.10-20.40.10:319][525]LogModuleManager: Shutting down and abandoning module StreamingFile (3)
[2014.12.10-20.40.10:319][525]LogModuleManager: Shutting down and abandoning module SandboxFile (2)
[2014.12.10-20.40.10:319][525]LogModuleManager: Shutting down and abandoning module PakFile (1)
[2014.12.10-20.40.10:320][525]LogExit: Exiting.
[2014.12.10-20.40.10:335][525]Log file closed, 12/10/14 20:40:10
