Log file open, 12/09/14 14:15:07
LogInit:Display: Running engine for game: AsteroidMiner
LogInit: Version: 4.6.0-2369412+++depot+UE4-Releases+4.6
LogInit: API Version: 2369412
LogInit: Compiled (64-bit): Nov 24 2014 21:54:04
LogInit: Compiled with Visual C++: 18.00.21005.01
LogInit: Build Configuration: Development
LogInit: Branch Name: ++depot+UE4-Releases+4.6
LogInit: Command line: 
LogInit: Base directory: C:/Program Files/Epic Games/4.6/Engine/Binaries/Win64/
LogInit: Rocket: 1
[2014.12.09-14.15.07:613][  0]LogTaskGraph: Started task graph with 3 named threads and 6 total threads.
[2014.12.09-14.15.07:672][  0]LogOnline:Warning: No default platform service specified for OnlineSubsystem
[2014.12.09-14.15.07:704][  0]LogInit: Presizing for 0 objects not considered by GC, pre-allocating 0 bytes.
[2014.12.09-14.15.07:717][  0]LogInit: Object subsystem initialized
[2014.12.09-14.15.07:720][  0]LogConsoleResponse:Warning: Skipping Unknown console variable: 'UIScaleCurve = (EditorCurveData=(Keys=((Time=480.000000,Value=0.444000),(Time=720.000000,Value=0.666000),(Time=1080.000000,Value=1.000000),(Time=8640.000000,Value=8.000000))),ExternalCurve=None)'
[2014.12.09-14.15.07:720][  0]LogConsoleResponse:Warning:   Found in ini file 'E:/Other Files/UnrealEngine_4.5/Projects/AsteroidMiner4.6/Saved/Config/Windows/Engine.ini', in section '[/Script/Engine.RendererSettings]'
[2014.12.09-14.15.07:721][  0]LogConsoleManager:Warning: Console variable 'r.MSAA.CompositingSampleCount' wasn't set (Priority ProjectSetting < Scalability)
[2014.12.09-14.15.07:721][  0]LogInit: Selected Device Profile: [Windows]
[2014.12.09-14.15.07:721][  0]LogInit: Applying CVar settings loaded from the selected device profile: [Windows]
[2014.12.09-14.15.07:752][  0]LogInit: Computer: LLOYDS_PC
[2014.12.09-14.15.07:752][  0]LogInit: User: 10021000
[2014.12.09-14.15.07:752][  0]LogInit: CPU Page size=4096, Cores=4
[2014.12.09-14.15.07:752][  0]LogInit: High frequency timer resolution =2.337877 MHz
[2014.12.09-14.15.07:752][  0]LogMemory: Memory total: Physical=5.9GB (6GB approx) Virtual=131072.0GB
[2014.12.09-14.15.07:752][  0]LogMemory: Platform Memory Stats for Windows
[2014.12.09-14.15.07:752][  0]LogMemory: Process Physical Memory: 47.23 MB used, 47.23 MB peak
[2014.12.09-14.15.07:752][  0]LogMemory: Process Virtual Memory: 23.13 MB used, 24.41 MB peak
[2014.12.09-14.15.07:752][  0]LogMemory: Physical Memory: 2226.51 MB used, 6077.92 MB total
[2014.12.09-14.15.07:752][  0]LogMemory: Virtual Memory: 269.23 MB used, 134217728.00 MB total
[2014.12.09-14.15.07:796][  0]LogD3D11RHI: Found D3D11 adapter 0: NVIDIA GeForce GTX 680 (Feature Level 11_0)
[2014.12.09-14.15.07:796][  0]LogD3D11RHI: Adapter has 1985MB of dedicated video memory, 0MB of dedicated system memory, and 2048MB of shared system memory, 1 output[s]
[2014.12.09-14.15.07:799][  0]LogD3D11RHI: Found D3D11 adapter 1: Microsoft Basic Render Driver (Feature Level 11_0)
[2014.12.09-14.15.07:799][  0]LogD3D11RHI: Adapter has 0MB of dedicated video memory, 0MB of dedicated system memory, and 256MB of shared system memory, 0 output[s]
[2014.12.09-14.15.07:799][  0]LogD3D11RHI: Chosen D3D11 Adapter Id = 0
[2014.12.09-14.15.07:805][  0]LogRHI: Texture pool is 1361 MB (70% of 1945 MB)
[2014.12.09-14.15.07:826][  0]LogD3D11RHI: Async texture creation enabled
[2014.12.09-14.15.07:905][  0]LogTextLocalizationManager: The requested culture ('en_GB') has no localization data; parent culture's ('en') localization data will be used.
[2014.12.09-14.15.08:140][  0]LogContentStreaming: Texture pool size is 0.000000MB
[2014.12.09-14.15.17:512][  0]LogTargetPlatformManager:Display: Building Assets For Windows
[2014.12.09-14.15.18:258][  0]LogTargetPlatformManager:Display: Building Assets For Windows
[2014.12.09-14.15.18:349][  0]LogDerivedDataCache:Display: Max Cache Size: 512 MB
[2014.12.09-14.15.18:476][  0]LogDerivedDataCache: Loaded boot cache 0.13s 39MB C:/Users/10021_000/AppData/Local/UnrealEngine/4.6/DerivedDataCache/Boot.ddc.
[2014.12.09-14.15.18:476][  0]LogDerivedDataCache:Display: Loaded Boot cache: C:/Users/10021_000/AppData/Local/UnrealEngine/4.6/DerivedDataCache/Boot.ddc
[2014.12.09-14.15.18:478][  0]LogDerivedDataCache: FDerivedDataBackendGraph:  Pak pak cache file E:/Other Files/UnrealEngine_4.5/Projects/AsteroidMiner4.6/DerivedDataCache/DDC.ddp not found, will not use a pak cache.
[2014.12.09-14.15.18:478][  0]LogDerivedDataCache: Unable to find inner node Pak for hierarchical cache Hierarchy.
[2014.12.09-14.15.18:579][  0]LogDerivedDataCache:Display: Pak cache opened for reading ../../../Engine/DerivedDataCache/DDC.ddp.
[2014.12.09-14.15.18:592][  0]LogDerivedDataCache: Using Local data cache path C:/Users/10021_000/AppData/Local/UnrealEngine/Common/DerivedDataCache: Writable
[2014.12.09-14.15.18:827][  0]LogCollisionProfile:Warning: Profile (Trigger) - Custom Channel Name = 'Projectile' hasn't been found
[2014.12.09-14.15.18:827][  0]LogCollisionProfile:Warning: Profile (UI) - Custom Channel Name = 'Weapon' hasn't been found
[2014.12.09-14.15.18:827][  0]LogCollisionProfile:Warning: Profile (Projectile) ObjectTypeName (Projectile) is invalid. 
[2014.12.09-14.15.19:085][  0]LogMeshUtilities: No automatic mesh reduction module available
[2014.12.09-14.15.19:085][  0]LogMeshUtilities: No automatic mesh merging module available
[2014.12.09-14.15.19:815][  0]LogInit: WinSock: version 1.1 (2.2), MaxSocks=32767, MaxUdp=65467
[2014.12.09-14.15.19:914][  0]LogSlate:Warning: Failed to load font data from '../../../Engine/Content/Slate/Fonts/Roboto-Italic.ttf'
[2014.12.09-14.15.21:374][  0]UdpMessaging: Initializing bridge on interface 0.0.0.0:0 to multicast group 230.0.0.1:6666.
[2014.12.09-14.15.21:614][  0]LogDirectoryWatcher:Warning: Failed to begin reading directory changes for E:/Other Files/UnrealEngine_4.5/Projects/AsteroidMiner4.6/Binaries/Win64. Error: 0
[2014.12.09-14.15.21:884][  0]SourceControl: Info Source control is disabled
[2014.12.09-14.15.21:884][  0]SourceControl: Info Source control is disabled
[2014.12.09-14.15.21:896][  0]SourceControl: Info Source control is disabled
[2014.12.09-14.15.22:116][  0]LogObj: 23754 objects as part of root set at end of initial load.
[2014.12.09-14.15.22:116][  0]LogUObjectAllocator: 5168136 out of 0 bytes used by permanent object pool.
[2014.12.09-14.15.22:209][  0]LogEngine: Initializing Engine...
[2014.12.09-14.15.22:482][  0]LogInit: XAudio2 using 'Speakers (High Definition Audio Device)' : 2 channels at 48 kHz using 32 bits per sample (channel mask 0x3)
[2014.12.09-14.15.22:495][  0]LogInit: FAudioDevice initialized.
[2014.12.09-14.15.22:530][  0]LogAIModule: Creating AISystem for world NewWorld
[2014.12.09-14.15.22:589][  0]LogDerivedDataCache: Saved boot cache 0.06s 39MB C:/Users/10021_000/AppData/Local/UnrealEngine/4.6/DerivedDataCache/Boot.ddc.
[2014.12.09-14.15.22:614][  0]LogInit: Texture streaming: Enabled
[2014.12.09-14.15.22:662][  0]LogAnalytics: Creating configured Analytics provider AnalyticsET
[2014.12.09-14.15.22:662][  0]LogAnalytics: ET APIKey = Rocket.Release. APIServer = http://et2.epicgames.com/ET2/. AppVersion = 4.6.0-2369412+++depot+UE4-Releases+4.6
[2014.12.09-14.15.22:663][  0]LogAnalytics: SetUserId a29c071cf10a93fac0ff457d50595e17
[2014.12.09-14.15.22:663][  0]LogAnalytics: AnalyticsET::StartSession [Rocket.Release]
[2014.12.09-14.15.22:688][  0]LogInit: Transaction tracking system initialized
[2014.12.09-14.15.22:848][  0]BlueprintLog: New page: Editor Load
[2014.12.09-14.15.22:892][  0]LogAssetRegistry: FAssetRegistry took 0.0113 seconds to start up
[2014.12.09-14.15.22:894][  0]LogDirectoryWatcher:Warning: Failed to begin reading directory changes for ../../../Engine/Plugins/Experimental/CharacterAI/Content/. Error: 0
[2014.12.09-14.15.23:771][  0]LogTargetPlatformManager:Display: Building Assets For Windows
[2014.12.09-14.15.24:384][  0]LogTargetPlatformManager:Display: Building Assets For Windows
[2014.12.09-14.15.24:715][  0]LogConsoleResponse:Display: 
[2014.12.09-14.15.24:807][  0]LogLinker:Warning: Asset '../../../Engine/Content/Functions/Engine_MaterialFunctions03/Procedurals/ComputeFilterWidth.uasset' has been saved with empty engine version. The asset will be loaded but may be incompatible.
[2014.12.09-14.15.25:132][  0]SourceControl: Info Source control is disabled
[2014.12.09-14.15.25:132][  0]Cmd: MAP LOAD FILE="E:/Other Files/UnrealEngine_4.5/Projects/AsteroidMiner4.6/Content/Maps/AsteroidMiner.umap" TEMPLATE=0 SHOWPROGRESS=1
[2014.12.09-14.15.25:137][  0]LightingResults: New page: Lighting Build
[2014.12.09-14.15.25:154][  0]MapCheck: New page: Map Check
[2014.12.09-14.15.25:154][  0]LightingResults: New page: Lighting Build
[2014.12.09-14.15.25:169][  0]LogParticles: Destroying 0 GPU particle simulations for FXSystem 0x000000C609955940
[2014.12.09-14.15.25:384][  0]LogLinker:Warning: Asset 'E:/Other Files/UnrealEngine_4.5/Projects/AsteroidMiner4.6/Content/Materials/M_SkyBox.uasset' has been saved with empty engine version. The asset will be loaded but may be incompatible.
[2014.12.09-14.15.25:386][  0]LogLinker:Warning: Asset 'E:/Other Files/UnrealEngine_4.5/Projects/AsteroidMiner4.6/Content/Textures/HighResSkyBox.uasset' has been saved with empty engine version. The asset will be loaded but may be incompatible.
[2014.12.09-14.15.26:110][  0]LogLinker:Warning: Asset 'E:/Other Files/UnrealEngine_4.5/Projects/AsteroidMiner4.6/Content/Meshes/DetailedSun.uasset' has been saved with empty engine version. The asset will be loaded but may be incompatible.
[2014.12.09-14.15.26:113][  0]LogLinker:Warning: Asset 'E:/Other Files/UnrealEngine_4.5/Projects/AsteroidMiner4.6/Content/Materials/M_Sun.uasset' has been saved with empty engine version. The asset will be loaded but may be incompatible.
[2014.12.09-14.15.26:118][  0]LogLinker:Warning: Asset 'E:/Other Files/UnrealEngine_4.5/Projects/AsteroidMiner4.6/Content/Textures/T_Fire.uasset' has been saved with empty engine version. The asset will be loaded but may be incompatible.
[2014.12.09-14.15.26:905][  0]LogLinker:Warning: Asset 'E:/Other Files/UnrealEngine_4.5/Projects/AsteroidMiner4.6/Content/Blueprints/Objects/B_Asteroid.uasset' has been saved with empty engine version. The asset will be loaded but may be incompatible.
[2014.12.09-14.15.26:910][  0]LogLinker:Warning: Asset 'E:/Other Files/UnrealEngine_4.5/Projects/AsteroidMiner4.6/Content/Meshes/Rock.uasset' has been saved with empty engine version. The asset will be loaded but may be incompatible.
[2014.12.09-14.15.26:912][  0]LogLinker:Warning: Asset 'E:/Other Files/UnrealEngine_4.5/Projects/AsteroidMiner4.6/Content/Materials/M_Asteroid.uasset' has been saved with empty engine version. The asset will be loaded but may be incompatible.
[2014.12.09-14.15.26:969][  0]LogLinker:Warning: Asset 'E:/Other Files/UnrealEngine_4.5/Projects/AsteroidMiner4.6/Content/Materials/Outliner/PP_Outliner_Inst.uasset' has been saved with empty engine version. The asset will be loaded but may be incompatible.
[2014.12.09-14.15.26:971][  0]LogLinker:Warning: Asset 'E:/Other Files/UnrealEngine_4.5/Projects/AsteroidMiner4.6/Content/Materials/Outliner/PP_Outliner_M.uasset' has been saved with empty engine version. The asset will be loaded but may be incompatible.
[2014.12.09-14.15.26:978][  0]LogLinker:Warning: Asset 'E:/Other Files/UnrealEngine_4.5/Projects/AsteroidMiner4.6/Content/Materials/Outliner/MF_ConvolveTexture.uasset' has been saved with empty engine version. The asset will be loaded but may be incompatible.
[2014.12.09-14.15.26:989][  0]LogLinker:Warning: Asset 'E:/Other Files/UnrealEngine_4.5/Projects/AsteroidMiner4.6/Content/Materials/Outliner/MF_ExtractDepth.uasset' has been saved with empty engine version. The asset will be loaded but may be incompatible.
[2014.12.09-14.15.26:994][  0]LogLinker:Warning: Asset 'E:/Other Files/UnrealEngine_4.5/Projects/AsteroidMiner4.6/Content/Materials/Outliner/MF_SampleSceneTextureNeighbourUVs.uasset' has been saved with empty engine version. The asset will be loaded but may be incompatible.
[2014.12.09-14.15.27:074][  0]LogBlueprint:Warning: [compiler] Warning  Remove from Viewport  is deprecated; Use RemoveFromParent instead
[2014.12.09-14.15.27:076][  0]LogBlueprint:Warning: [compiler] Warning [0022.43] Compile of GameOverWidget successful, but with 1 Warning(s) [in 8 ms]
[2014.12.09-14.15.27:080][  0]LogBlueprint:Warning: [compiler] Warning  Remove from Viewport  is deprecated; Use RemoveFromParent instead
[2014.12.09-14.15.27:082][  0]LogBlueprint:Warning: [compiler] Warning [0022.44] Compile of GameOverWidget successful, but with 1 Warning(s) [in 4 ms]
[2014.12.09-14.15.27:082][  0]LogBlueprint:Warning: [compiler] Warning [0022.44] Compile of GameOverWidget successful, but with 2 Warning(s) [in 0 ms]
[2014.12.09-14.15.27:126][  0]LogBlueprint:Warning: [compiler] Warning  Remove from Viewport  is deprecated; Use RemoveFromParent instead
[2014.12.09-14.15.27:128][  0]LogBlueprint:Warning: [compiler] Warning [0022.49] Compile of PauseMenuWidget successful, but with 1 Warning(s) [in 8 ms]
[2014.12.09-14.15.27:132][  0]LogBlueprint:Warning: [compiler] Warning  Remove from Viewport  is deprecated; Use RemoveFromParent instead
[2014.12.09-14.15.27:133][  0]LogBlueprint:Warning: [compiler] Warning [0022.49] Compile of PauseMenuWidget successful, but with 1 Warning(s) [in 3 ms]
[2014.12.09-14.15.27:133][  0]LogBlueprint:Warning: [compiler] Warning [0022.49] Compile of PauseMenuWidget successful, but with 2 Warning(s) [in 0 ms]
[2014.12.09-14.15.29:368][  0]LogEditorServer: Finished looking for orphan Actors (0.000 secs)
[2014.12.09-14.15.29:369][  0]LogAIModule: Creating AISystem for world AsteroidMiner
[2014.12.09-14.15.29:369][  0]Cmd: MAP CHECKDEP
[2014.12.09-14.15.29:370][  0]MapCheck: New page: AsteroidMiner - 9 Dec 2014 14:15:29
[2014.12.09-14.15.30:454][  0]MapCheck: Info Map check complete: 0 Error(s), 0 Warning(s), took 1,084.639ms to complete.
[2014.12.09-14.15.30:455][  0]LogFileHelpers: Loading map 'AsteroidMiner' took 5.323
[2014.12.09-14.15.30:718][  0]LogCollectionManager: Loaded 0 collections in 0.026040 seconds
[2014.12.09-14.15.31:024][  0]LogCrashTracker: Crashtracker disabled due to settings.
[2014.12.09-14.15.31:036][  0]LogUObjectGlobals:Warning: Failed to find object 'Class None.'
[2014.12.09-14.15.31:067][  0]LogLoad: Full Startup: 26.42 seconds (BP compile: 1.16 seconds)
[2014.12.09-14.15.31:092][  0]LogContentBrowser:Verbose: The content browser source was changed by the sources view to '/Game/Blueprints/AI'
[2014.12.09-14.15.31:436][  0]LogRenderer:Warning: Reallocating scene render targets to support 768x872.
[2014.12.09-14.15.32:272][  5]LogAssetRegistry: Asset discovery search completed in 9.3922 seconds
[2014.12.09-14.15.32:336][  5]LogAnalytics: Event Editor.Usage.AssetClasses has too many attributes (41). May be truncated at the collector.
[2014.12.09-14.20.43:188][562]BlueprintLog: New page: Pre-PIE auto-recompile
[2014.12.09-14.20.43:188][562]LogPlayLevel: [PIE] Compiling AsteroidMiner before PIE...
[2014.12.09-14.20.44:028][562]LogPlayLevel: PIE:  Blueprint regeneration took 840 ms (1 blueprints)
[2014.12.09-14.20.44:029][562]PIE: New page: PIE session: AsteroidMiner (9 Dec 2014 14:20:44)
[2014.12.09-14.20.44:076][562]LogPlayLevel: PIE: StaticDuplicateObject took: (0.046541s)
[2014.12.09-14.20.44:077][562]LogPlayLevel: PIE: World Init took: (0.001409s)
[2014.12.09-14.20.44:077][562]LogPlayLevel: PIE: Created PIE world by copying editor world from /Game/Maps/AsteroidMiner.AsteroidMiner to /Game/Maps/UEDPIE_0_AsteroidMiner.AsteroidMiner (0.048462s)
[2014.12.09-14.20.44:134][562]LogWorld: Game class is 'AsteroidMinerGameMode_C'
[2014.12.09-14.20.44:138][562]LogAIModule: Creating AISystem for world AsteroidMiner
[2014.12.09-14.20.44:139][562]LogWorld: Bringing World /Game/Maps/UEDPIE_0_AsteroidMiner.AsteroidMiner up for play (max tick rate 0) at 2014.12.09-14.20.44
[2014.12.09-14.20.44:141][562]LogWorld: Bringing up level for play took: 0.002618
[2014.12.09-14.20.44:144][562]PIE: Info Play in editor start time for /Game/Maps/UEDPIE_0_AsteroidMiner 0.978
[2014.12.09-14.20.44:174][562]LogScript:Warning: Divide by zero: Divide_FloatFloat
[2014.12.09-14.20.44:174][562]LogScript:Warning: Divide by zero: Divide_FloatFloat
[2014.12.09-14.20.44:250][563]LogScript:Warning: Divide by zero: Divide_FloatFloat
[2014.12.09-14.20.44:275][564]LogScript:Warning: Divide by zero: Divide_FloatFloat
[2014.12.09-14.20.44:296][565]LogScript:Warning: Divide by zero: Divide_FloatFloat
[2014.12.09-14.20.44:317][566]LogScript:Warning: Divide by zero: Divide_FloatFloat
[2014.12.09-14.20.44:338][567]LogScript:Warning: Divide by zero: Divide_FloatFloat
[2014.12.09-14.20.44:359][568]LogScript:Warning: Divide by zero: Divide_FloatFloat
[2014.12.09-14.20.44:383][569]LogScript:Warning: Divide by zero: Divide_FloatFloat
[2014.12.09-14.20.44:404][570]LogScript:Warning: Divide by zero: Divide_FloatFloat
[2014.12.09-14.20.44:425][571]LogScript:Warning: Divide by zero: Divide_FloatFloat
[2014.12.09-14.20.44:445][572]LogScript:Warning: Divide by zero: Divide_FloatFloat
[2014.12.09-14.20.44:465][573]LogScript:Warning: Divide by zero: Divide_FloatFloat
[2014.12.09-14.20.44:486][574]LogScript:Warning: Divide by zero: Divide_FloatFloat
[2014.12.09-14.20.44:507][575]LogScript:Warning: Divide by zero: Divide_FloatFloat
[2014.12.09-14.20.44:528][576]LogScript:Warning: Divide by zero: Divide_FloatFloat
[2014.12.09-14.20.44:548][577]LogScript:Warning: Divide by zero: Divide_FloatFloat
[2014.12.09-14.20.44:568][578]LogScript:Warning: Divide by zero: Divide_FloatFloat
[2014.12.09-14.20.44:588][579]LogScript:Warning: Divide by zero: Divide_FloatFloat
[2014.12.09-14.20.44:609][580]LogScript:Warning: Divide by zero: Divide_FloatFloat
[2014.12.09-14.20.44:631][581]LogScript:Warning: Divide by zero: Divide_FloatFloat
[2014.12.09-14.20.44:649][582]LogScript:Warning: Divide by zero: Divide_FloatFloat
[2014.12.09-14.20.44:670][583]LogScript:Warning: Divide by zero: Divide_FloatFloat
[2014.12.09-14.20.44:690][584]LogScript:Warning: Divide by zero: Divide_FloatFloat
[2014.12.09-14.20.44:712][585]LogScript:Warning: Divide by zero: Divide_FloatFloat
[2014.12.09-14.20.44:732][586]LogScript:Warning: Divide by zero: Divide_FloatFloat
[2014.12.09-14.20.44:752][587]LogScript:Warning: Divide by zero: Divide_FloatFloat
[2014.12.09-14.20.44:771][588]LogScript:Warning: Divide by zero: Divide_FloatFloat
[2014.12.09-14.20.44:791][589]LogScript:Warning: Divide by zero: Divide_FloatFloat
[2014.12.09-14.20.44:813][590]LogScript:Warning: Divide by zero: Divide_FloatFloat
[2014.12.09-14.20.44:836][591]LogScript:Warning: Divide by zero: Divide_FloatFloat
[2014.12.09-14.20.44:856][592]LogScript:Warning: Divide by zero: Divide_FloatFloat
[2014.12.09-14.20.44:877][593]LogScript:Warning: Divide by zero: Divide_FloatFloat
[2014.12.09-14.20.44:897][594]LogScript:Warning: Divide by zero: Divide_FloatFloat
[2014.12.09-14.20.44:917][595]LogScript:Warning: Divide by zero: Divide_FloatFloat
[2014.12.09-14.20.44:938][596]LogScript:Warning: Divide by zero: Divide_FloatFloat
[2014.12.09-14.20.44:960][597]LogScript:Warning: Divide by zero: Divide_FloatFloat
[2014.12.09-14.20.44:980][598]LogScript:Warning: Divide by zero: Divide_FloatFloat
[2014.12.09-14.20.45:001][599]LogScript:Warning: Divide by zero: Divide_FloatFloat
[2014.12.09-14.20.45:021][600]LogScript:Warning: Divide by zero: Divide_FloatFloat
[2014.12.09-14.20.45:043][601]LogScript:Warning: Divide by zero: Divide_FloatFloat
[2014.12.09-14.20.45:063][602]LogScript:Warning: Divide by zero: Divide_FloatFloat
[2014.12.09-14.20.45:085][603]LogScript:Warning: Divide by zero: Divide_FloatFloat
[2014.12.09-14.20.45:104][604]LogScript:Warning: Divide by zero: Divide_FloatFloat
[2014.12.09-14.20.45:124][605]LogScript:Warning: Divide by zero: Divide_FloatFloat
[2014.12.09-14.20.45:145][606]LogScript:Warning: Divide by zero: Divide_FloatFloat
[2014.12.09-14.20.45:167][607]LogScript:Warning: Divide by zero: Divide_FloatFloat
[2014.12.09-14.20.45:187][608]LogScript:Warning: Divide by zero: Divide_FloatFloat
[2014.12.09-14.20.45:205][609]Cmd: EnableGDT
[2014.12.09-14.20.52:142][894]LogParticles: Destroying 0 GPU particle simulations for FXSystem 0x000000C60C390680
[2014.12.09-14.20.54:060][983]LogLinker:Warning: Asset 'E:/Other Files/UnrealEngine_4.5/Projects/AsteroidMiner4.6/Content/Blueprints/MoonMinerGameMode.uasset' has been saved with empty engine version. The asset will be loaded but may be incompatible.
[2014.12.09-14.20.54:062][983]LogLinker:Warning: Asset 'E:/Other Files/UnrealEngine_4.5/Projects/AsteroidMiner4.6/Content/Blueprints/AsteroidMinerGameMode.uasset' has been saved with empty engine version. The asset will be loaded but may be incompatible.
[2014.12.09-14.21.07:088][212]BlueprintLog: New page: Compile AsteroidMiner
[2014.12.09-14.21.07:965][212]BlueprintEditorCompileResults: Info [0363.32] Compile of AsteroidMiner successful! [in 480 ms]
[2014.12.09-14.21.10:481][237]Cmd: OBJ SAVEPACKAGE PACKAGE="/Game/Maps/AsteroidMiner" FILE="E:/Other Files/UnrealEngine_4.5/Projects/AsteroidMiner4.6/Content/Maps/AsteroidMiner.umap" SILENT=true AUTOSAVING=false KEEPDIRTY=false
[2014.12.09-14.21.27:791][237]LogSavePackage: Save=16320.760742ms
[2014.12.09-14.21.27:791][237]LogSavePackage: Moving 'E:/Other Files/UnrealEngine_4.5/Projects/AsteroidMiner4.6/Saved/AsteroidMiner6CE5F4F34CFDA6CC598A8E9F86037FD2.tmp' to 'E:/Other Files/UnrealEngine_4.5/Projects/AsteroidMiner4.6/Content/Maps/AsteroidMiner.umap'
[2014.12.09-14.21.27:907][237]LogFileHelpers: Saving map 'AsteroidMiner' took 17.700
[2014.12.09-14.21.57:115][395]BlueprintLog: New page: Pre-PIE auto-recompile
[2014.12.09-14.21.57:120][395]LogPlayLevel: [PIE] Compiling Tutorial_BP_MacroLib before PIE...
[2014.12.09-14.21.57:350][395]LogPlayLevel: [PIE] Compiling AsteroidMiner before PIE...
[2014.12.09-14.21.58:191][395]LogPlayLevel: PIE:  Blueprint regeneration took 1075 ms (2 blueprints)
[2014.12.09-14.21.58:191][395]PIE: New page: PIE session: AsteroidMiner (9 Dec 2014 14:21:58)
[2014.12.09-14.21.58:243][395]LogPlayLevel: PIE: StaticDuplicateObject took: (0.051125s)
[2014.12.09-14.21.58:244][395]LogPlayLevel: PIE: World Init took: (0.001560s)
[2014.12.09-14.21.58:244][395]LogPlayLevel: PIE: Created PIE world by copying editor world from /Game/Maps/AsteroidMiner.AsteroidMiner to /Game/Maps/UEDPIE_0_AsteroidMiner.AsteroidMiner (0.052971s)
[2014.12.09-14.21.58:279][395]LogWorld: Game class is 'AsteroidMinerGameMode_C'
[2014.12.09-14.21.58:282][395]LogAIModule: Creating AISystem for world AsteroidMiner
[2014.12.09-14.21.58:284][395]LogWorld: Bringing World /Game/Maps/UEDPIE_0_AsteroidMiner.AsteroidMiner up for play (max tick rate 0) at 2014.12.09-14.21.58
[2014.12.09-14.21.58:285][395]LogWorld: Bringing up level for play took: 0.002438
[2014.12.09-14.21.58:288][395]PIE: Info Play in editor start time for /Game/Maps/UEDPIE_0_AsteroidMiner 1.122
[2014.12.09-14.21.58:316][395]LogScript:Warning: Divide by zero: Divide_FloatFloat
[2014.12.09-14.21.58:316][395]LogScript:Warning: Divide by zero: Divide_FloatFloat
[2014.12.09-14.21.58:382][396]LogScript:Warning: Divide by zero: Divide_FloatFloat
[2014.12.09-14.21.58:409][397]LogScript:Warning: Divide by zero: Divide_FloatFloat
[2014.12.09-14.21.58:432][398]LogScript:Warning: Divide by zero: Divide_FloatFloat
[2014.12.09-14.21.58:453][399]LogScript:Warning: Divide by zero: Divide_FloatFloat
[2014.12.09-14.21.58:478][400]LogScript:Warning: Divide by zero: Divide_FloatFloat
[2014.12.09-14.21.58:501][401]LogScript:Warning: Divide by zero: Divide_FloatFloat
[2014.12.09-14.21.58:523][402]LogScript:Warning: Divide by zero: Divide_FloatFloat
[2014.12.09-14.21.58:545][403]LogScript:Warning: Divide by zero: Divide_FloatFloat
[2014.12.09-14.21.58:568][404]LogScript:Warning: Divide by zero: Divide_FloatFloat
[2014.12.09-14.21.58:593][405]LogScript:Warning: Divide by zero: Divide_FloatFloat
[2014.12.09-14.21.58:617][406]LogScript:Warning: Divide by zero: Divide_FloatFloat
[2014.12.09-14.21.58:639][407]LogScript:Warning: Divide by zero: Divide_FloatFloat
[2014.12.09-14.21.58:659][408]LogScript:Warning: Divide by zero: Divide_FloatFloat
[2014.12.09-14.21.58:680][409]LogScript:Warning: Divide by zero: Divide_FloatFloat
[2014.12.09-14.21.58:702][410]LogScript:Warning: Divide by zero: Divide_FloatFloat
[2014.12.09-14.21.58:725][411]LogScript:Warning: Divide by zero: Divide_FloatFloat
[2014.12.09-14.21.58:749][412]LogScript:Warning: Divide by zero: Divide_FloatFloat
[2014.12.09-14.21.58:774][413]LogScript:Warning: Divide by zero: Divide_FloatFloat
[2014.12.09-14.21.58:795][414]LogScript:Warning: Divide by zero: Divide_FloatFloat
[2014.12.09-14.21.58:816][415]LogScript:Warning: Divide by zero: Divide_FloatFloat
[2014.12.09-14.21.58:838][416]LogScript:Warning: Divide by zero: Divide_FloatFloat
[2014.12.09-14.21.58:861][417]LogScript:Warning: Divide by zero: Divide_FloatFloat
[2014.12.09-14.21.58:883][418]LogScript:Warning: Divide by zero: Divide_FloatFloat
[2014.12.09-14.21.58:905][419]LogScript:Warning: Divide by zero: Divide_FloatFloat
[2014.12.09-14.21.58:927][420]LogScript:Warning: Divide by zero: Divide_FloatFloat
[2014.12.09-14.21.58:949][421]LogScript:Warning: Divide by zero: Divide_FloatFloat
[2014.12.09-14.21.58:971][422]LogScript:Warning: Divide by zero: Divide_FloatFloat
[2014.12.09-14.21.58:994][423]LogScript:Warning: Divide by zero: Divide_FloatFloat
[2014.12.09-14.21.59:015][424]LogScript:Warning: Divide by zero: Divide_FloatFloat
[2014.12.09-14.21.59:035][425]LogScript:Warning: Divide by zero: Divide_FloatFloat
[2014.12.09-14.21.59:072][426]LogScript:Warning: Divide by zero: Divide_FloatFloat
[2014.12.09-14.21.59:094][427]LogScript:Warning: Divide by zero: Divide_FloatFloat
[2014.12.09-14.21.59:116][428]LogScript:Warning: Divide by zero: Divide_FloatFloat
[2014.12.09-14.21.59:140][429]LogScript:Warning: Divide by zero: Divide_FloatFloat
[2014.12.09-14.21.59:164][430]LogScript:Warning: Divide by zero: Divide_FloatFloat
[2014.12.09-14.21.59:185][431]LogScript:Warning: Divide by zero: Divide_FloatFloat
[2014.12.09-14.21.59:207][432]LogScript:Warning: Divide by zero: Divide_FloatFloat
[2014.12.09-14.21.59:231][433]LogScript:Warning: Divide by zero: Divide_FloatFloat
[2014.12.09-14.21.59:259][434]LogScript:Warning: Divide by zero: Divide_FloatFloat
[2014.12.09-14.21.59:281][435]LogScript:Warning: Divide by zero: Divide_FloatFloat
[2014.12.09-14.21.59:303][436]LogScript:Warning: Divide by zero: Divide_FloatFloat
[2014.12.09-14.21.59:325][437]LogScript:Warning: Divide by zero: Divide_FloatFloat
[2014.12.09-14.21.59:347][438]LogScript:Warning: Divide by zero: Divide_FloatFloat
[2014.12.09-14.21.59:369][439]LogScript:Warning: Divide by zero: Divide_FloatFloat
[2014.12.09-14.21.59:393][440]LogScript:Warning: Divide by zero: Divide_FloatFloat
[2014.12.09-14.21.59:414][441]LogScript:Warning: Divide by zero: Divide_FloatFloat
[2014.12.09-14.21.59:435][442]LogScript:Warning: Divide by zero: Divide_FloatFloat
[2014.12.09-14.21.59:457][443]LogScript:Warning: Divide by zero: Divide_FloatFloat
[2014.12.09-14.21.59:478][444]LogScript:Warning: Divide by zero: Divide_FloatFloat
[2014.12.09-14.21.59:500][445]LogScript:Warning: Divide by zero: Divide_FloatFloat
[2014.12.09-14.21.59:522][446]LogScript:Warning: Divide by zero: Divide_FloatFloat
[2014.12.09-14.21.59:543][447]LogScript:Warning: Divide by zero: Divide_FloatFloat
[2014.12.09-14.21.59:565][448]LogScript:Warning: Divide by zero: Divide_FloatFloat
[2014.12.09-14.21.59:587][449]LogScript:Warning: Divide by zero: Divide_FloatFloat
[2014.12.09-14.21.59:608][450]LogScript:Warning: Divide by zero: Divide_FloatFloat
[2014.12.09-14.21.59:630][451]LogScript:Warning: Divide by zero: Divide_FloatFloat
[2014.12.09-14.21.59:653][452]LogScript:Warning: Divide by zero: Divide_FloatFloat
[2014.12.09-14.21.59:678][453]LogScript:Warning: Divide by zero: Divide_FloatFloat
[2014.12.09-14.21.59:702][454]LogScript:Warning: Divide by zero: Divide_FloatFloat
[2014.12.09-14.21.59:726][455]LogScript:Warning: Divide by zero: Divide_FloatFloat
[2014.12.09-14.21.59:749][456]LogScript:Warning: Divide by zero: Divide_FloatFloat
[2014.12.09-14.21.59:773][457]LogScript:Warning: Divide by zero: Divide_FloatFloat
[2014.12.09-14.21.59:794][458]LogScript:Warning: Divide by zero: Divide_FloatFloat
[2014.12.09-14.21.59:817][459]LogScript:Warning: Divide by zero: Divide_FloatFloat
[2014.12.09-14.21.59:840][460]LogScript:Warning: Divide by zero: Divide_FloatFloat
[2014.12.09-14.21.59:861][461]LogScript:Warning: Divide by zero: Divide_FloatFloat
[2014.12.09-14.21.59:884][462]LogScript:Warning: Divide by zero: Divide_FloatFloat
[2014.12.09-14.21.59:906][463]LogScript:Warning: Divide by zero: Divide_FloatFloat
[2014.12.09-14.21.59:927][464]LogScript:Warning: Divide by zero: Divide_FloatFloat
[2014.12.09-14.21.59:948][465]LogScript:Warning: Divide by zero: Divide_FloatFloat
[2014.12.09-14.21.59:971][466]LogScript:Warning: Divide by zero: Divide_FloatFloat
[2014.12.09-14.21.59:994][467]LogScript:Warning: Divide by zero: Divide_FloatFloat
[2014.12.09-14.22.00:016][468]LogScript:Warning: Divide by zero: Divide_FloatFloat
[2014.12.09-14.22.00:041][469]LogScript:Warning: Divide by zero: Divide_FloatFloat
[2014.12.09-14.22.00:061][470]LogScript:Warning: Divide by zero: Divide_FloatFloat
[2014.12.09-14.22.00:082][471]LogScript:Warning: Divide by zero: Divide_FloatFloat
[2014.12.09-14.22.00:105][472]LogScript:Warning: Divide by zero: Divide_FloatFloat
[2014.12.09-14.22.00:128][473]LogScript:Warning: Divide by zero: Divide_FloatFloat
[2014.12.09-14.22.00:150][474]LogScript:Warning: Divide by zero: Divide_FloatFloat
[2014.12.09-14.22.00:171][475]LogScript:Warning: Divide by zero: Divide_FloatFloat
[2014.12.09-14.22.00:192][476]LogScript:Warning: Divide by zero: Divide_FloatFloat
[2014.12.09-14.22.00:213][477]LogScript:Warning: Divide by zero: Divide_FloatFloat
[2014.12.09-14.22.00:235][478]LogScript:Warning: Divide by zero: Divide_FloatFloat
[2014.12.09-14.22.00:260][479]LogScript:Warning: Divide by zero: Divide_FloatFloat
[2014.12.09-14.22.00:284][480]LogScript:Warning: Divide by zero: Divide_FloatFloat
[2014.12.09-14.22.00:306][481]LogScript:Warning: Divide by zero: Divide_FloatFloat
[2014.12.09-14.22.00:328][482]LogScript:Warning: Divide by zero: Divide_FloatFloat
[2014.12.09-14.22.00:348][483]LogScript:Warning: Divide by zero: Divide_FloatFloat
[2014.12.09-14.22.00:370][484]LogScript:Warning: Divide by zero: Divide_FloatFloat
[2014.12.09-14.22.00:392][485]LogScript:Warning: Divide by zero: Divide_FloatFloat
[2014.12.09-14.22.00:416][486]LogScript:Warning: Divide by zero: Divide_FloatFloat
[2014.12.09-14.22.00:437][487]LogScript:Warning: Divide by zero: Divide_FloatFloat
[2014.12.09-14.22.00:460][488]LogScript:Warning: Divide by zero: Divide_FloatFloat
[2014.12.09-14.22.00:486][489]LogScript:Warning: Divide by zero: Divide_FloatFloat
[2014.12.09-14.22.00:511][490]LogScript:Warning: Divide by zero: Divide_FloatFloat
[2014.12.09-14.22.00:537][491]LogScript:Warning: Divide by zero: Divide_FloatFloat
[2014.12.09-14.22.00:561][492]LogScript:Warning: Divide by zero: Divide_FloatFloat
[2014.12.09-14.22.00:587][493]LogScript:Warning: Divide by zero: Divide_FloatFloat
[2014.12.09-14.22.00:612][494]LogScript:Warning: Divide by zero: Divide_FloatFloat
[2014.12.09-14.22.00:634][495]LogScript:Warning: Divide by zero: Divide_FloatFloat
[2014.12.09-14.22.00:663][496]LogScript:Warning: Divide by zero: Divide_FloatFloat
[2014.12.09-14.22.00:688][497]LogScript:Warning: Divide by zero: Divide_FloatFloat
[2014.12.09-14.22.00:710][498]LogScript:Warning: Divide by zero: Divide_FloatFloat
[2014.12.09-14.22.00:737][499]LogScript:Warning: Divide by zero: Divide_FloatFloat
[2014.12.09-14.22.00:764][500]LogScript:Warning: Divide by zero: Divide_FloatFloat
[2014.12.09-14.22.00:787][501]LogScript:Warning: Divide by zero: Divide_FloatFloat
[2014.12.09-14.22.00:813][502]LogScript:Warning: Divide by zero: Divide_FloatFloat
[2014.12.09-14.22.00:836][503]LogScript:Warning: Divide by zero: Divide_FloatFloat
[2014.12.09-14.22.00:862][504]LogScript:Warning: Divide by zero: Divide_FloatFloat
[2014.12.09-14.22.00:887][505]LogScript:Warning: Divide by zero: Divide_FloatFloat
[2014.12.09-14.22.00:912][506]LogScript:Warning: Divide by zero: Divide_FloatFloat
[2014.12.09-14.22.00:937][507]LogScript:Warning: Divide by zero: Divide_FloatFloat
[2014.12.09-14.22.00:959][508]LogScript:Warning: Divide by zero: Divide_FloatFloat
[2014.12.09-14.22.00:980][509]LogScript:Warning: Divide by zero: Divide_FloatFloat
[2014.12.09-14.22.01:001][510]LogScript:Warning: Divide by zero: Divide_FloatFloat
[2014.12.09-14.22.01:023][511]LogScript:Warning: Divide by zero: Divide_FloatFloat
[2014.12.09-14.22.01:044][512]LogScript:Warning: Divide by zero: Divide_FloatFloat
[2014.12.09-14.22.01:065][513]LogScript:Warning: Divide by zero: Divide_FloatFloat
[2014.12.09-14.22.01:087][514]LogScript:Warning: Divide by zero: Divide_FloatFloat
[2014.12.09-14.22.01:108][515]LogScript:Warning: Divide by zero: Divide_FloatFloat
[2014.12.09-14.22.01:130][516]LogScript:Warning: Divide by zero: Divide_FloatFloat
[2014.12.09-14.22.01:152][517]LogScript:Warning: Divide by zero: Divide_FloatFloat
[2014.12.09-14.22.01:175][518]LogScript:Warning: Divide by zero: Divide_FloatFloat
[2014.12.09-14.22.01:197][519]LogScript:Warning: Divide by zero: Divide_FloatFloat
[2014.12.09-14.22.01:219][520]LogScript:Warning: Divide by zero: Divide_FloatFloat
[2014.12.09-14.22.01:242][521]LogScript:Warning: Divide by zero: Divide_FloatFloat
[2014.12.09-14.22.01:266][522]LogScript:Warning: Divide by zero: Divide_FloatFloat
[2014.12.09-14.22.01:287][523]LogScript:Warning: Divide by zero: Divide_FloatFloat
[2014.12.09-14.22.01:309][524]LogScript:Warning: Divide by zero: Divide_FloatFloat
[2014.12.09-14.22.01:332][525]LogScript:Warning: Divide by zero: Divide_FloatFloat
[2014.12.09-14.22.01:355][526]LogScript:Warning: Divide by zero: Divide_FloatFloat
[2014.12.09-14.22.01:377][527]LogScript:Warning: Divide by zero: Divide_FloatFloat
[2014.12.09-14.22.01:399][528]LogScript:Warning: Divide by zero: Divide_FloatFloat
[2014.12.09-14.22.01:421][529]LogScript:Warning: Divide by zero: Divide_FloatFloat
[2014.12.09-14.22.01:443][530]LogScript:Warning: Divide by zero: Divide_FloatFloat
[2014.12.09-14.22.01:464][531]LogScript:Warning: Divide by zero: Divide_FloatFloat
[2014.12.09-14.22.01:487][532]LogScript:Warning: Divide by zero: Divide_FloatFloat
[2014.12.09-14.22.01:509][533]LogScript:Warning: Divide by zero: Divide_FloatFloat
[2014.12.09-14.22.01:529][534]LogScript:Warning: Divide by zero: Divide_FloatFloat
[2014.12.09-14.22.01:550][535]LogScript:Warning: Divide by zero: Divide_FloatFloat
[2014.12.09-14.22.01:571][536]LogScript:Warning: Divide by zero: Divide_FloatFloat
[2014.12.09-14.22.01:593][537]LogScript:Warning: Divide by zero: Divide_FloatFloat
[2014.12.09-14.22.01:615][538]LogScript:Warning: Divide by zero: Divide_FloatFloat
[2014.12.09-14.22.01:638][539]LogScript:Warning: Divide by zero: Divide_FloatFloat
[2014.12.09-14.22.01:660][540]LogScript:Warning: Divide by zero: Divide_FloatFloat
[2014.12.09-14.22.01:680][541]LogScript:Warning: Divide by zero: Divide_FloatFloat
[2014.12.09-14.22.01:702][542]LogScript:Warning: Divide by zero: Divide_FloatFloat
[2014.12.09-14.22.01:723][543]LogScript:Warning: Divide by zero: Divide_FloatFloat
[2014.12.09-14.22.01:746][544]LogScript:Warning: Divide by zero: Divide_FloatFloat
[2014.12.09-14.22.01:772][545]LogScript:Warning: Divide by zero: Divide_FloatFloat
[2014.12.09-14.22.01:794][546]LogScript:Warning: Divide by zero: Divide_FloatFloat
[2014.12.09-14.22.01:815][547]LogScript:Warning: Divide by zero: Divide_FloatFloat
[2014.12.09-14.22.01:835][548]LogScript:Warning: Divide by zero: Divide_FloatFloat
[2014.12.09-14.22.01:857][549]LogScript:Warning: Divide by zero: Divide_FloatFloat
[2014.12.09-14.22.01:879][550]LogScript:Warning: Divide by zero: Divide_FloatFloat
[2014.12.09-14.22.01:901][551]LogScript:Warning: Divide by zero: Divide_FloatFloat
[2014.12.09-14.22.01:924][552]LogScript:Warning: Divide by zero: Divide_FloatFloat
[2014.12.09-14.22.01:945][553]LogScript:Warning: Divide by zero: Divide_FloatFloat
[2014.12.09-14.22.01:967][554]LogScript:Warning: Divide by zero: Divide_FloatFloat
[2014.12.09-14.22.01:987][555]LogScript:Warning: Divide by zero: Divide_FloatFloat
[2014.12.09-14.22.02:008][556]LogScript:Warning: Divide by zero: Divide_FloatFloat
[2014.12.09-14.22.02:029][557]LogScript:Warning: Divide by zero: Divide_FloatFloat
[2014.12.09-14.22.02:052][558]LogScript:Warning: Divide by zero: Divide_FloatFloat
[2014.12.09-14.22.02:073][559]LogScript:Warning: Divide by zero: Divide_FloatFloat
[2014.12.09-14.22.02:094][560]LogScript:Warning: Divide by zero: Divide_FloatFloat
[2014.12.09-14.22.02:115][561]LogScript:Warning: Divide by zero: Divide_FloatFloat
[2014.12.09-14.22.02:136][562]LogScript:Warning: Divide by zero: Divide_FloatFloat
[2014.12.09-14.22.02:157][563]LogScript:Warning: Divide by zero: Divide_FloatFloat
[2014.12.09-14.22.02:178][564]LogScript:Warning: Divide by zero: Divide_FloatFloat
[2014.12.09-14.22.02:199][565]LogScript:Warning: Divide by zero: Divide_FloatFloat
[2014.12.09-14.22.02:221][566]LogScript:Warning: Divide by zero: Divide_FloatFloat
[2014.12.09-14.22.02:246][567]LogScript:Warning: Divide by zero: Divide_FloatFloat
[2014.12.09-14.22.02:268][568]LogScript:Warning: Divide by zero: Divide_FloatFloat
[2014.12.09-14.22.02:292][569]LogScript:Warning: Divide by zero: Divide_FloatFloat
[2014.12.09-14.22.02:315][570]LogScript:Warning: Divide by zero: Divide_FloatFloat
[2014.12.09-14.22.02:335][571]LogScript:Warning: Divide by zero: Divide_FloatFloat
[2014.12.09-14.22.02:357][572]LogScript:Warning: Divide by zero: Divide_FloatFloat
[2014.12.09-14.22.02:380][573]LogScript:Warning: Divide by zero: Divide_FloatFloat
[2014.12.09-14.22.02:402][574]LogScript:Warning: Divide by zero: Divide_FloatFloat
[2014.12.09-14.22.02:423][575]LogScript:Warning: Divide by zero: Divide_FloatFloat
[2014.12.09-14.22.02:444][576]LogScript:Warning: Divide by zero: Divide_FloatFloat
[2014.12.09-14.22.02:465][577]LogScript:Warning: Divide by zero: Divide_FloatFloat
[2014.12.09-14.22.02:485][578]LogScript:Warning: Divide by zero: Divide_FloatFloat
[2014.12.09-14.22.02:506][579]LogScript:Warning: Divide by zero: Divide_FloatFloat
[2014.12.09-14.22.02:527][580]LogScript:Warning: Divide by zero: Divide_FloatFloat
[2014.12.09-14.22.02:549][581]LogScript:Warning: Divide by zero: Divide_FloatFloat
[2014.12.09-14.22.02:570][582]LogScript:Warning: Divide by zero: Divide_FloatFloat
[2014.12.09-14.22.02:591][583]LogScript:Warning: Divide by zero: Divide_FloatFloat
[2014.12.09-14.22.02:613][584]LogScript:Warning: Divide by zero: Divide_FloatFloat
[2014.12.09-14.22.02:633][585]LogScript:Warning: Divide by zero: Divide_FloatFloat
[2014.12.09-14.22.02:655][586]LogScript:Warning: Divide by zero: Divide_FloatFloat
[2014.12.09-14.22.02:678][587]LogScript:Warning: Divide by zero: Divide_FloatFloat
[2014.12.09-14.22.02:699][588]LogScript:Warning: Divide by zero: Divide_FloatFloat
[2014.12.09-14.22.02:720][589]LogScript:Warning: Divide by zero: Divide_FloatFloat
[2014.12.09-14.22.02:742][590]LogScript:Warning: Divide by zero: Divide_FloatFloat
[2014.12.09-14.22.02:766][591]LogScript:Warning: Divide by zero: Divide_FloatFloat
[2014.12.09-14.22.02:787][592]LogScript:Warning: Divide by zero: Divide_FloatFloat
[2014.12.09-14.22.02:808][593]LogScript:Warning: Divide by zero: Divide_FloatFloat
[2014.12.09-14.22.02:830][594]LogScript:Warning: Divide by zero: Divide_FloatFloat
[2014.12.09-14.22.02:852][595]LogScript:Warning: Divide by zero: Divide_FloatFloat
[2014.12.09-14.22.02:875][596]LogScript:Warning: Divide by zero: Divide_FloatFloat
[2014.12.09-14.22.02:895][597]LogScript:Warning: Divide by zero: Divide_FloatFloat
[2014.12.09-14.22.02:918][598]LogScript:Warning: Divide by zero: Divide_FloatFloat
[2014.12.09-14.22.02:938][599]LogScript:Warning: Divide by zero: Divide_FloatFloat
[2014.12.09-14.22.02:960][600]LogScript:Warning: Divide by zero: Divide_FloatFloat
[2014.12.09-14.22.02:984][601]LogScript:Warning: Divide by zero: Divide_FloatFloat
[2014.12.09-14.22.03:007][602]LogScript:Warning: Divide by zero: Divide_FloatFloat
[2014.12.09-14.22.03:029][603]LogScript:Warning: Divide by zero: Divide_FloatFloat
[2014.12.09-14.22.03:051][604]LogScript:Warning: Divide by zero: Divide_FloatFloat
[2014.12.09-14.22.03:073][605]LogScript:Warning: Divide by zero: Divide_FloatFloat
[2014.12.09-14.22.03:096][606]LogScript:Warning: Divide by zero: Divide_FloatFloat
[2014.12.09-14.22.03:117][607]LogScript:Warning: Divide by zero: Divide_FloatFloat
[2014.12.09-14.22.03:142][608]LogScript:Warning: Divide by zero: Divide_FloatFloat
[2014.12.09-14.22.03:163][609]LogScript:Warning: Divide by zero: Divide_FloatFloat
[2014.12.09-14.22.03:187][610]LogScript:Warning: Divide by zero: Divide_FloatFloat
[2014.12.09-14.22.03:208][611]LogScript:Warning: Divide by zero: Divide_FloatFloat
[2014.12.09-14.22.03:232][612]LogScript:Warning: Divide by zero: Divide_FloatFloat
[2014.12.09-14.22.03:255][613]LogScript:Warning: Divide by zero: Divide_FloatFloat
[2014.12.09-14.22.03:278][614]LogScript:Warning: Divide by zero: Divide_FloatFloat
[2014.12.09-14.22.03:300][615]LogScript:Warning: Divide by zero: Divide_FloatFloat
[2014.12.09-14.22.03:321][616]LogScript:Warning: Divide by zero: Divide_FloatFloat
[2014.12.09-14.22.03:342][617]LogScript:Warning: Divide by zero: Divide_FloatFloat
[2014.12.09-14.22.03:363][618]LogScript:Warning: Divide by zero: Divide_FloatFloat
[2014.12.09-14.22.03:386][619]LogScript:Warning: Divide by zero: Divide_FloatFloat
[2014.12.09-14.22.03:407][620]LogScript:Warning: Divide by zero: Divide_FloatFloat
[2014.12.09-14.22.03:430][621]LogScript:Warning: Divide by zero: Divide_FloatFloat
[2014.12.09-14.22.03:452][622]LogScript:Warning: Divide by zero: Divide_FloatFloat
[2014.12.09-14.22.03:474][623]LogScript:Warning: Divide by zero: Divide_FloatFloat
[2014.12.09-14.22.03:496][624]LogScript:Warning: Divide by zero: Divide_FloatFloat
[2014.12.09-14.22.03:517][625]LogScript:Warning: Divide by zero: Divide_FloatFloat
[2014.12.09-14.22.03:538][626]LogScript:Warning: Divide by zero: Divide_FloatFloat
[2014.12.09-14.22.03:561][627]LogScript:Warning: Divide by zero: Divide_FloatFloat
[2014.12.09-14.22.03:585][628]LogScript:Warning: Divide by zero: Divide_FloatFloat
[2014.12.09-14.22.03:606][629]LogScript:Warning: Divide by zero: Divide_FloatFloat
[2014.12.09-14.22.03:628][630]LogScript:Warning: Divide by zero: Divide_FloatFloat
[2014.12.09-14.22.03:648][631]LogScript:Warning: Divide by zero: Divide_FloatFloat
[2014.12.09-14.22.03:670][632]LogScript:Warning: Divide by zero: Divide_FloatFloat
[2014.12.09-14.22.03:690][633]LogScript:Warning: Divide by zero: Divide_FloatFloat
[2014.12.09-14.22.03:712][634]LogScript:Warning: Divide by zero: Divide_FloatFloat
[2014.12.09-14.22.03:734][635]LogScript:Warning: Divide by zero: Divide_FloatFloat
[2014.12.09-14.22.03:759][636]LogScript:Warning: Divide by zero: Divide_FloatFloat
[2014.12.09-14.22.03:781][637]LogScript:Warning: Divide by zero: Divide_FloatFloat
[2014.12.09-14.22.03:804][638]LogScript:Warning: Divide by zero: Divide_FloatFloat
[2014.12.09-14.22.03:826][639]LogScript:Warning: Divide by zero: Divide_FloatFloat
[2014.12.09-14.22.03:849][640]LogScript:Warning: Divide by zero: Divide_FloatFloat
[2014.12.09-14.22.03:871][641]LogScript:Warning: Divide by zero: Divide_FloatFloat
[2014.12.09-14.22.03:893][642]LogScript:Warning: Divide by zero: Divide_FloatFloat
[2014.12.09-14.22.03:915][643]LogScript:Warning: Divide by zero: Divide_FloatFloat
[2014.12.09-14.22.03:936][644]LogScript:Warning: Divide by zero: Divide_FloatFloat
[2014.12.09-14.22.03:956][645]LogScript:Warning: Divide by zero: Divide_FloatFloat
[2014.12.09-14.22.03:978][646]LogScript:Warning: Divide by zero: Divide_FloatFloat
[2014.12.09-14.22.04:000][647]LogScript:Warning: Divide by zero: Divide_FloatFloat
[2014.12.09-14.22.04:022][648]LogScript:Warning: Divide by zero: Divide_FloatFloat
[2014.12.09-14.22.04:044][649]LogScript:Warning: Divide by zero: Divide_FloatFloat
[2014.12.09-14.22.04:065][650]LogScript:Warning: Divide by zero: Divide_FloatFloat
[2014.12.09-14.22.04:086][651]LogScript:Warning: Divide by zero: Divide_FloatFloat
[2014.12.09-14.22.04:106][652]LogScript:Warning: Divide by zero: Divide_FloatFloat
[2014.12.09-14.22.04:128][653]LogScript:Warning: Divide by zero: Divide_FloatFloat
[2014.12.09-14.22.04:149][654]LogScript:Warning: Divide by zero: Divide_FloatFloat
[2014.12.09-14.22.04:172][655]LogScript:Warning: Divide by zero: Divide_FloatFloat
[2014.12.09-14.22.04:195][656]LogScript:Warning: Divide by zero: Divide_FloatFloat
[2014.12.09-14.22.04:216][657]LogScript:Warning: Divide by zero: Divide_FloatFloat
[2014.12.09-14.22.04:237][658]LogScript:Warning: Divide by zero: Divide_FloatFloat
[2014.12.09-14.22.04:261][659]LogScript:Warning: Divide by zero: Divide_FloatFloat
[2014.12.09-14.22.04:283][660]LogScript:Warning: Divide by zero: Divide_FloatFloat
[2014.12.09-14.22.04:305][661]LogScript:Warning: Divide by zero: Divide_FloatFloat
[2014.12.09-14.22.04:327][662]LogScript:Warning: Divide by zero: Divide_FloatFloat
[2014.12.09-14.22.04:348][663]LogScript:Warning: Divide by zero: Divide_FloatFloat
[2014.12.09-14.22.04:370][664]LogScript:Warning: Divide by zero: Divide_FloatFloat
[2014.12.09-14.22.04:390][665]LogScript:Warning: Divide by zero: Divide_FloatFloat
[2014.12.09-14.22.04:412][666]LogScript:Warning: Divide by zero: Divide_FloatFloat
[2014.12.09-14.22.04:433][667]LogScript:Warning: Divide by zero: Divide_FloatFloat
[2014.12.09-14.22.04:455][668]LogScript:Warning: Divide by zero: Divide_FloatFloat
[2014.12.09-14.22.04:476][669]LogScript:Warning: Divide by zero: Divide_FloatFloat
[2014.12.09-14.22.04:498][670]LogScript:Warning: Divide by zero: Divide_FloatFloat
[2014.12.09-14.22.04:520][671]LogScript:Warning: Divide by zero: Divide_FloatFloat
[2014.12.09-14.22.04:542][672]LogScript:Warning: Divide by zero: Divide_FloatFloat
[2014.12.09-14.22.04:563][673]LogScript:Warning: Divide by zero: Divide_FloatFloat
[2014.12.09-14.22.04:585][674]LogScript:Warning: Divide by zero: Divide_FloatFloat
[2014.12.09-14.22.04:605][675]LogScript:Warning: Divide by zero: Divide_FloatFloat
[2014.12.09-14.22.04:628][676]LogScript:Warning: Divide by zero: Divide_FloatFloat
[2014.12.09-14.22.04:649][677]LogScript:Warning: Divide by zero: Divide_FloatFloat
[2014.12.09-14.22.04:671][678]LogScript:Warning: Divide by zero: Divide_FloatFloat
[2014.12.09-14.22.04:692][679]LogScript:Warning: Divide by zero: Divide_FloatFloat
[2014.12.09-14.22.04:714][680]LogScript:Warning: Divide by zero: Divide_FloatFloat
[2014.12.09-14.22.04:734][681]LogScript:Warning: Divide by zero: Divide_FloatFloat
[2014.12.09-14.22.04:758][682]LogScript:Warning: Divide by zero: Divide_FloatFloat
[2014.12.09-14.22.04:779][683]LogScript:Warning: Divide by zero: Divide_FloatFloat
[2014.12.09-14.22.04:801][684]LogScript:Warning: Divide by zero: Divide_FloatFloat
[2014.12.09-14.22.04:821][685]LogScript:Warning: Divide by zero: Divide_FloatFloat
[2014.12.09-14.22.04:843][686]LogScript:Warning: Divide by zero: Divide_FloatFloat
[2014.12.09-14.22.04:863][687]LogScript:Warning: Divide by zero: Divide_FloatFloat
[2014.12.09-14.22.04:885][688]LogScript:Warning: Divide by zero: Divide_FloatFloat
[2014.12.09-14.22.04:906][689]LogScript:Warning: Divide by zero: Divide_FloatFloat
[2014.12.09-14.22.04:928][690]LogScript:Warning: Divide by zero: Divide_FloatFloat
[2014.12.09-14.22.04:949][691]LogScript:Warning: Divide by zero: Divide_FloatFloat
[2014.12.09-14.22.04:971][692]LogScript:Warning: Divide by zero: Divide_FloatFloat
[2014.12.09-14.22.04:991][693]LogScript:Warning: Divide by zero: Divide_FloatFloat
[2014.12.09-14.22.05:012][694]LogScript:Warning: Divide by zero: Divide_FloatFloat
[2014.12.09-14.22.05:033][695]LogScript:Warning: Divide by zero: Divide_FloatFloat
[2014.12.09-14.22.05:054][696]LogScript:Warning: Divide by zero: Divide_FloatFloat
[2014.12.09-14.22.05:076][697]LogScript:Warning: Divide by zero: Divide_FloatFloat
[2014.12.09-14.22.05:098][698]LogScript:Warning: Divide by zero: Divide_FloatFloat
[2014.12.09-14.22.05:120][699]LogScript:Warning: Divide by zero: Divide_FloatFloat
[2014.12.09-14.22.05:142][700]LogScript:Warning: Divide by zero: Divide_FloatFloat
[2014.12.09-14.22.05:162][701]LogScript:Warning: Divide by zero: Divide_FloatFloat
[2014.12.09-14.22.05:184][702]LogScript:Warning: Divide by zero: Divide_FloatFloat
[2014.12.09-14.22.05:204][703]LogScript:Warning: Divide by zero: Divide_FloatFloat
[2014.12.09-14.22.05:226][704]LogScript:Warning: Divide by zero: Divide_FloatFloat
[2014.12.09-14.22.05:250][705]LogScript:Warning: Divide by zero: Divide_FloatFloat
[2014.12.09-14.22.05:271][706]LogScript:Warning: Divide by zero: Divide_FloatFloat
[2014.12.09-14.22.05:293][707]LogScript:Warning: Divide by zero: Divide_FloatFloat
[2014.12.09-14.22.05:314][708]LogScript:Warning: Divide by zero: Divide_FloatFloat
[2014.12.09-14.22.05:336][709]LogScript:Warning: Divide by zero: Divide_FloatFloat
[2014.12.09-14.22.05:358][710]LogScript:Warning: Divide by zero: Divide_FloatFloat
[2014.12.09-14.22.05:379][711]LogScript:Warning: Divide by zero: Divide_FloatFloat
[2014.12.09-14.22.05:400][712]LogScript:Warning: Divide by zero: Divide_FloatFloat
[2014.12.09-14.22.05:422][713]LogScript:Warning: Divide by zero: Divide_FloatFloat
[2014.12.09-14.22.05:444][714]LogScript:Warning: Divide by zero: Divide_FloatFloat
[2014.12.09-14.22.05:464][715]LogScript:Warning: Divide by zero: Divide_FloatFloat
[2014.12.09-14.22.05:487][716]LogScript:Warning: Divide by zero: Divide_FloatFloat
[2014.12.09-14.22.05:515][717]LogScript:Warning: Divide by zero: Divide_FloatFloat
[2014.12.09-14.22.05:539][718]LogScript:Warning: Divide by zero: Divide_FloatFloat
[2014.12.09-14.22.05:565][719]LogScript:Warning: Divide by zero: Divide_FloatFloat
[2014.12.09-14.22.05:590][720]LogScript:Warning: Divide by zero: Divide_FloatFloat
[2014.12.09-14.22.05:614][721]LogScript:Warning: Divide by zero: Divide_FloatFloat
[2014.12.09-14.22.05:642][722]LogScript:Warning: Divide by zero: Divide_FloatFloat
[2014.12.09-14.22.05:666][723]LogScript:Warning: Divide by zero: Divide_FloatFloat
[2014.12.09-14.22.05:692][724]LogScript:Warning: Divide by zero: Divide_FloatFloat
[2014.12.09-14.22.05:717][725]LogScript:Warning: Divide by zero: Divide_FloatFloat
[2014.12.09-14.22.05:745][726]LogScript:Warning: Divide by zero: Divide_FloatFloat
[2014.12.09-14.22.05:774][727]LogScript:Warning: Divide by zero: Divide_FloatFloat
[2014.12.09-14.22.05:801][728]LogScript:Warning: Divide by zero: Divide_FloatFloat
[2014.12.09-14.22.05:827][729]LogScript:Warning: Divide by zero: Divide_FloatFloat
[2014.12.09-14.22.05:853][730]LogScript:Warning: Divide by zero: Divide_FloatFloat
[2014.12.09-14.22.05:875][731]LogScript:Warning: Divide by zero: Divide_FloatFloat
[2014.12.09-14.22.05:900][732]LogScript:Warning: Divide by zero: Divide_FloatFloat
[2014.12.09-14.22.05:925][733]LogScript:Warning: Divide by zero: Divide_FloatFloat
[2014.12.09-14.22.05:947][734]LogScript:Warning: Divide by zero: Divide_FloatFloat
[2014.12.09-14.22.05:968][735]LogScript:Warning: Divide by zero: Divide_FloatFloat
[2014.12.09-14.22.05:992][736]LogScript:Warning: Divide by zero: Divide_FloatFloat
[2014.12.09-14.22.06:013][737]LogScript:Warning: Divide by zero: Divide_FloatFloat
[2014.12.09-14.22.06:035][738]LogScript:Warning: Divide by zero: Divide_FloatFloat
[2014.12.09-14.22.06:058][739]LogScript:Warning: Divide by zero: Divide_FloatFloat
[2014.12.09-14.22.06:081][740]LogScript:Warning: Divide by zero: Divide_FloatFloat
[2014.12.09-14.22.06:102][741]LogScript:Warning: Divide by zero: Divide_FloatFloat
[2014.12.09-14.22.06:125][742]LogScript:Warning: Divide by zero: Divide_FloatFloat
[2014.12.09-14.22.06:149][743]LogScript:Warning: Divide by zero: Divide_FloatFloat
[2014.12.09-14.22.06:171][744]LogScript:Warning: Divide by zero: Divide_FloatFloat
[2014.12.09-14.22.06:193][745]LogScript:Warning: Divide by zero: Divide_FloatFloat
[2014.12.09-14.22.06:216][746]LogScript:Warning: Divide by zero: Divide_FloatFloat
[2014.12.09-14.22.06:241][747]LogScript:Warning: Divide by zero: Divide_FloatFloat
[2014.12.09-14.22.06:266][748]LogScript:Warning: Divide by zero: Divide_FloatFloat
[2014.12.09-14.22.06:294][749]LogScript:Warning: Divide by zero: Divide_FloatFloat
[2014.12.09-14.22.06:318][750]LogScript:Warning: Divide by zero: Divide_FloatFloat
[2014.12.09-14.22.06:339][751]LogScript:Warning: Divide by zero: Divide_FloatFloat
[2014.12.09-14.22.06:361][752]LogScript:Warning: Divide by zero: Divide_FloatFloat
[2014.12.09-14.22.06:382][753]LogScript:Warning: Divide by zero: Divide_FloatFloat
[2014.12.09-14.22.06:404][754]LogScript:Warning: Divide by zero: Divide_FloatFloat
[2014.12.09-14.22.06:427][755]LogScript:Warning: Divide by zero: Divide_FloatFloat
[2014.12.09-14.22.06:450][756]LogScript:Warning: Divide by zero: Divide_FloatFloat
[2014.12.09-14.22.06:510][759]LogScript:Warning: Divide by zero: Divide_FloatFloat
[2014.12.09-14.22.06:683][760]LogParticles: Destroying 0 GPU particle simulations for FXSystem 0x000000C617690180
[2014.12.09-14.22.18:771][291]LogContentBrowser:Verbose: The content browser source was changed by the sources view to '/Game/Blueprints/GameComponents'
[2014.12.09-14.23.06:999][ 92]LogUObjectGlobals:Warning: Failed to find object 'Object None.'
[2014.12.09-14.23.07:017][ 92]LogUObjectGlobals:Warning: Failed to find object 'Object None.'
[2014.12.09-14.23.07:017][ 92]LogUObjectGlobals:Warning: Failed to find object 'Object None.'
[2014.12.09-14.23.07:017][ 92]LogUObjectGlobals:Warning: Failed to find object 'Object None.'
[2014.12.09-14.23.07:017][ 92]LogUObjectGlobals:Warning: Failed to find object 'Object None.'
[2014.12.09-14.23.07:017][ 92]LogUObjectGlobals:Warning: Failed to find object 'Object None.'
[2014.12.09-14.23.07:018][ 92]LogUObjectGlobals:Warning: Failed to find object 'Object None.'
[2014.12.09-14.23.07:018][ 92]LogUObjectGlobals:Warning: Failed to find object 'Object None.'
[2014.12.09-14.23.07:018][ 92]LogUObjectGlobals:Warning: Failed to find object 'Object None.'
[2014.12.09-14.23.07:018][ 92]LogUObjectGlobals:Warning: Failed to find object 'Object None.'
[2014.12.09-14.23.07:019][ 92]LogUObjectHash:Warning: Ambiguous search, could be K2Node_CallFunction /Game/Blueprints/GameComponents/DebugHud.DebugHud:EventGraph.K2Node_CallFunction_242472 or K2Node_CallFunction /Game/Blueprints/GameComponents/GameHud.GameHud:EventGraph.K2Node_CallFunction_242472
[2014.12.09-14.23.07:019][ 92]LogProperty:Warning: Illegal TEXT reference to a private object in external package (EdGraphPin /Game/Blueprints/GameComponents/GameHud.GameHud:EventGraph.K2Node_CallFunction_242472.EdGraphPin_4369) from referencer (EdGraphPin /Game/Blueprints/GameComponents/DebugHud.DebugHud:EventGraph.K2Node_CallFunction_207158.EdGraphPin_4318).  Import failed...
[2014.12.09-14.23.07:019][ 92]LogProperty:Warning: ObjectProperty /Script/Engine.EdGraphPin:LinkedTo.LinkedTo: unresolved reference to 'EdGraphPin'"K2Node_CallFunction_242472.EdGraphPin_4369"''
[2014.12.09-14.23.07:019][ 92]LogUObjectHash:Warning: Ambiguous search, could be K2Node_CallFunction /Game/Blueprints/GameComponents/DebugHud.DebugHud:EventGraph.K2Node_CallFunction_23107 or K2Node_CallFunction /Game/Blueprints/GameComponents/GameHud.GameHud:EventGraph.K2Node_CallFunction_23107
[2014.12.09-14.23.07:019][ 92]LogProperty:Warning: Illegal TEXT reference to a private object in external package (EdGraphPin /Game/Blueprints/GameComponents/GameHud.GameHud:EventGraph.K2Node_CallFunction_23107.EdGraphPin_4383) from referencer (EdGraphPin /Game/Blueprints/GameComponents/DebugHud.DebugHud:EventGraph.K2Node_CallFunction_207158.EdGraphPin_4319).  Import failed...
[2014.12.09-14.23.07:019][ 92]LogProperty:Warning: ObjectProperty /Script/Engine.EdGraphPin:LinkedTo.LinkedTo: unresolved reference to 'EdGraphPin'"K2Node_CallFunction_23107.EdGraphPin_4383"''
[2014.12.09-14.23.07:020][ 92]LogUObjectHash:Warning: Ambiguous search, could be K2Node_VariableGet /Game/Blueprints/GameComponents/DebugHud.DebugHud:EventGraph.K2Node_VariableGet_11068 or K2Node_VariableGet /Game/Blueprints/GameComponents/GameHud.GameHud:EventGraph.K2Node_VariableGet_11068
[2014.12.09-14.23.07:020][ 92]LogProperty:Warning: Illegal TEXT reference to a private object in external package (EdGraphPin /Game/Blueprints/GameComponents/GameHud.GameHud:EventGraph.K2Node_VariableGet_11068.EdGraphPin_4348) from referencer (EdGraphPin /Game/Blueprints/GameComponents/DebugHud.DebugHud:EventGraph.K2Node_CallFunction_207158.EdGraphPin_4321).  Import failed...
[2014.12.09-14.23.07:021][ 92]LogProperty:Warning: ObjectProperty /Script/Engine.EdGraphPin:LinkedTo.LinkedTo: unresolved reference to 'EdGraphPin'"K2Node_VariableGet_11068.EdGraphPin_4348"''
[2014.12.09-14.23.07:022][ 92]LogUObjectHash:Warning: Ambiguous search, could be K2Node_CallFunction /Game/Blueprints/GameComponents/DebugHud.DebugHud:EventGraph.K2Node_CallFunction_242472 or K2Node_CallFunction /Game/Blueprints/GameComponents/GameHud.GameHud:EventGraph.K2Node_CallFunction_242472
[2014.12.09-14.23.07:022][ 92]LogProperty:Warning: Illegal TEXT reference to a private object in external package (EdGraphPin /Game/Blueprints/GameComponents/GameHud.GameHud:EventGraph.K2Node_CallFunction_242472.EdGraphPin_4370) from referencer (EdGraphPin /Game/Blueprints/GameComponents/DebugHud.DebugHud:EventGraph.K2Node_VariableGet_11068.EdGraphPin_4348).  Import failed...
[2014.12.09-14.23.07:022][ 92]LogProperty:Warning: ObjectProperty /Script/Engine.EdGraphPin:LinkedTo.LinkedTo: unresolved reference to 'EdGraphPin'"K2Node_CallFunction_242472.EdGraphPin_4370"''
[2014.12.09-14.23.07:022][ 92]LogUObjectHash:Warning: Ambiguous search, could be K2Node_CallFunction /Game/Blueprints/GameComponents/DebugHud.DebugHud:EventGraph.K2Node_CallFunction_242473 or K2Node_CallFunction /Game/Blueprints/GameComponents/GameHud.GameHud:EventGraph.K2Node_CallFunction_242473
[2014.12.09-14.23.07:022][ 92]LogProperty:Warning: Illegal TEXT reference to a private object in external package (EdGraphPin /Game/Blueprints/GameComponents/GameHud.GameHud:EventGraph.K2Node_CallFunction_242473.EdGraphPin_4355) from referencer (EdGraphPin /Game/Blueprints/GameComponents/DebugHud.DebugHud:EventGraph.K2Node_VariableGet_11068.EdGraphPin_4348).  Import failed...
[2014.12.09-14.23.07:022][ 92]LogProperty:Warning: ObjectProperty /Script/Engine.EdGraphPin:LinkedTo.LinkedTo: unresolved reference to 'EdGraphPin'"K2Node_CallFunction_242473.EdGraphPin_4355"''
[2014.12.09-14.23.07:023][ 92]LogUObjectHash:Warning: Ambiguous search, could be K2Node_CallFunction /Game/Blueprints/GameComponents/DebugHud.DebugHud:EventGraph.K2Node_CallFunction_242472 or K2Node_CallFunction /Game/Blueprints/GameComponents/GameHud.GameHud:EventGraph.K2Node_CallFunction_242472
[2014.12.09-14.23.07:023][ 92]LogProperty:Warning: Illegal TEXT reference to a private object in external package (EdGraphPin /Game/Blueprints/GameComponents/GameHud.GameHud:EventGraph.K2Node_CallFunction_242472.EdGraphPin_4368) from referencer (EdGraphPin /Game/Blueprints/GameComponents/DebugHud.DebugHud:EventGraph.K2Node_CallFunction_242473.EdGraphPin_4354).  Import failed...
[2014.12.09-14.23.07:023][ 92]LogProperty:Warning: ObjectProperty /Script/Engine.EdGraphPin:LinkedTo.LinkedTo: unresolved reference to 'EdGraphPin'"K2Node_CallFunction_242472.EdGraphPin_4368"''
[2014.12.09-14.23.07:023][ 92]LogUObjectHash:Warning: Ambiguous search, could be K2Node_VariableGet /Game/Blueprints/GameComponents/DebugHud.DebugHud:EventGraph.K2Node_VariableGet_1614 or K2Node_VariableGet /Game/Blueprints/GameComponents/GameHud.GameHud:EventGraph.K2Node_VariableGet_1614
[2014.12.09-14.23.07:023][ 92]LogProperty:Warning: Illegal TEXT reference to a private object in external package (EdGraphPin /Game/Blueprints/GameComponents/GameHud.GameHud:EventGraph.K2Node_VariableGet_1614.EdGraphPin_4452) from referencer (EdGraphPin /Game/Blueprints/GameComponents/DebugHud.DebugHud:EventGraph.K2Node_CallFunction_242473.EdGraphPin_4357).  Import failed...
[2014.12.09-14.23.07:023][ 92]LogProperty:Warning: ObjectProperty /Script/Engine.EdGraphPin:LinkedTo.LinkedTo: unresolved reference to 'EdGraphPin'"K2Node_VariableGet_1614.EdGraphPin_4452"''
[2014.12.09-14.23.07:024][ 92]LogProperty:Warning: Illegal TEXT reference to a private object in external package (EdGraphPin /Game/Blueprints/GameComponents/GameHud.GameHud:EventGraph.K2Node_CallFunction_242473.EdGraphPin_4354) from referencer (EdGraphPin /Game/Blueprints/GameComponents/DebugHud.DebugHud:EventGraph.K2Node_CallFunction_242472.EdGraphPin_4368).  Import failed...
[2014.12.09-14.23.07:024][ 92]LogProperty:Warning: ObjectProperty /Script/Engine.EdGraphPin:LinkedTo.LinkedTo: unresolved reference to 'EdGraphPin'"K2Node_CallFunction_242473.EdGraphPin_4354"''
[2014.12.09-14.23.07:026][ 92]LogUObjectHash:Warning: Ambiguous search, could be K2Node_VariableGet /Game/Blueprints/GameComponents/DebugHud.DebugHud:EventGraph.K2Node_VariableGet_1616 or K2Node_VariableGet /Game/Blueprints/GameComponents/GameHud.GameHud:EventGraph.K2Node_VariableGet_1616
[2014.12.09-14.23.07:026][ 92]LogProperty:Warning: Illegal TEXT reference to a private object in external package (EdGraphPin /Game/Blueprints/GameComponents/GameHud.GameHud:EventGraph.K2Node_VariableGet_1616.EdGraphPin_4457) from referencer (EdGraphPin /Game/Blueprints/GameComponents/DebugHud.DebugHud:EventGraph.K2Node_CallFunction_242472.EdGraphPin_4372).  Import failed...
[2014.12.09-14.23.07:026][ 92]LogProperty:Warning: ObjectProperty /Script/Engine.EdGraphPin:LinkedTo.LinkedTo: unresolved reference to 'EdGraphPin'"K2Node_VariableGet_1616.EdGraphPin_4457"''
[2014.12.09-14.23.07:027][ 92]LogUObjectHash:Warning: Ambiguous search, could be K2Node_CallFunction /Game/Blueprints/GameComponents/DebugHud.DebugHud:EventGraph.K2Node_CallFunction_31909 or K2Node_CallFunction /Game/Blueprints/GameComponents/GameHud.GameHud:EventGraph.K2Node_CallFunction_31909
[2014.12.09-14.23.07:027][ 92]LogProperty:Warning: Illegal TEXT reference to a private object in external package (EdGraphPin /Game/Blueprints/GameComponents/GameHud.GameHud:EventGraph.K2Node_CallFunction_31909.EdGraphPin_4418) from referencer (EdGraphPin /Game/Blueprints/GameComponents/DebugHud.DebugHud:EventGraph.K2Node_CallFunction_23107.EdGraphPin_4386).  Import failed...
[2014.12.09-14.23.07:027][ 92]LogProperty:Warning: ObjectProperty /Script/Engine.EdGraphPin:LinkedTo.LinkedTo: unresolved reference to 'EdGraphPin'"K2Node_CallFunction_31909.EdGraphPin_4418"''
[2014.12.09-14.23.07:028][ 92]LogUObjectHash:Warning: Ambiguous search, could be K2Node_CallFunction /Game/Blueprints/GameComponents/DebugHud.DebugHud:EventGraph.K2Node_CallFunction_32587 or K2Node_CallFunction /Game/Blueprints/GameComponents/GameHud.GameHud:EventGraph.K2Node_CallFunction_32587
[2014.12.09-14.23.07:028][ 92]LogProperty:Warning: Illegal TEXT reference to a private object in external package (EdGraphPin /Game/Blueprints/GameComponents/GameHud.GameHud:EventGraph.K2Node_CallFunction_32587.EdGraphPin_4434) from referencer (EdGraphPin /Game/Blueprints/GameComponents/DebugHud.DebugHud:EventGraph.K2Node_CallFunction_31909.EdGraphPin_4414).  Import failed...
[2014.12.09-14.23.07:028][ 92]LogProperty:Warning: ObjectProperty /Script/Engine.EdGraphPin:LinkedTo.LinkedTo: unresolved reference to 'EdGraphPin'"K2Node_CallFunction_32587.EdGraphPin_4434"''
[2014.12.09-14.23.07:028][ 92]LogUObjectHash:Warning: Ambiguous search, could be K2Node_VariableGet /Game/Blueprints/GameComponents/DebugHud.DebugHud:EventGraph.K2Node_VariableGet_1614 or K2Node_VariableGet /Game/Blueprints/GameComponents/GameHud.GameHud:EventGraph.K2Node_VariableGet_1614
[2014.12.09-14.23.07:028][ 92]LogProperty:Warning: Illegal TEXT reference to a private object in external package (EdGraphPin /Game/Blueprints/GameComponents/GameHud.GameHud:EventGraph.K2Node_VariableGet_1614.EdGraphPin_4452) from referencer (EdGraphPin /Game/Blueprints/GameComponents/DebugHud.DebugHud:EventGraph.K2Node_CallFunction_31909.EdGraphPin_4416).  Import failed...
[2014.12.09-14.23.07:028][ 92]LogProperty:Warning: ObjectProperty /Script/Engine.EdGraphPin:LinkedTo.LinkedTo: unresolved reference to 'EdGraphPin'"K2Node_VariableGet_1614.EdGraphPin_4452"''
[2014.12.09-14.23.07:029][ 92]LogUObjectHash:Warning: Ambiguous search, could be K2Node_CallFunction /Game/Blueprints/GameComponents/DebugHud.DebugHud:EventGraph.K2Node_CallFunction_32589 or K2Node_CallFunction /Game/Blueprints/GameComponents/GameHud.GameHud:EventGraph.K2Node_CallFunction_32589
[2014.12.09-14.23.07:029][ 92]LogProperty:Warning: Illegal TEXT reference to a private object in external package (EdGraphPin /Game/Blueprints/GameComponents/GameHud.GameHud:EventGraph.K2Node_CallFunction_32589.EdGraphPin_4445) from referencer (EdGraphPin /Game/Blueprints/GameComponents/DebugHud.DebugHud:EventGraph.K2Node_CallFunction_32587.EdGraphPin_4433).  Import failed...
[2014.12.09-14.23.07:030][ 92]LogProperty:Warning: ObjectProperty /Script/Engine.EdGraphPin:LinkedTo.LinkedTo: unresolved reference to 'EdGraphPin'"K2Node_CallFunction_32589.EdGraphPin_4445"''
[2014.12.09-14.23.07:031][ 92]LogUObjectHash:Warning: Ambiguous search, could be K2Node_VariableGet /Game/Blueprints/GameComponents/DebugHud.DebugHud:EventGraph.K2Node_VariableGet_1616 or K2Node_VariableGet /Game/Blueprints/GameComponents/GameHud.GameHud:EventGraph.K2Node_VariableGet_1616
[2014.12.09-14.23.07:031][ 92]LogProperty:Warning: Illegal TEXT reference to a private object in external package (EdGraphPin /Game/Blueprints/GameComponents/GameHud.GameHud:EventGraph.K2Node_VariableGet_1616.EdGraphPin_4457) from referencer (EdGraphPin /Game/Blueprints/GameComponents/DebugHud.DebugHud:EventGraph.K2Node_CallFunction_32589.EdGraphPin_4444).  Import failed...
[2014.12.09-14.23.07:031][ 92]LogProperty:Warning: ObjectProperty /Script/Engine.EdGraphPin:LinkedTo.LinkedTo: unresolved reference to 'EdGraphPin'"K2Node_VariableGet_1616.EdGraphPin_4457"''
[2014.12.09-14.23.07:031][ 92]LogProperty:Warning: Illegal TEXT reference to a private object in external package (EdGraphPin /Game/Blueprints/GameComponents/GameHud.GameHud:EventGraph.K2Node_CallFunction_242473.EdGraphPin_4357) from referencer (EdGraphPin /Game/Blueprints/GameComponents/DebugHud.DebugHud:EventGraph.K2Node_VariableGet_1614.EdGraphPin_4452).  Import failed...
[2014.12.09-14.23.07:031][ 92]LogProperty:Warning: ObjectProperty /Script/Engine.EdGraphPin:LinkedTo.LinkedTo: unresolved reference to 'EdGraphPin'"K2Node_CallFunction_242473.EdGraphPin_4357"''
[2014.12.09-14.23.07:032][ 92]LogProperty:Warning: Illegal TEXT reference to a private object in external package (EdGraphPin /Game/Blueprints/GameComponents/GameHud.GameHud:EventGraph.K2Node_CallFunction_242472.EdGraphPin_4372) from referencer (EdGraphPin /Game/Blueprints/GameComponents/DebugHud.DebugHud:EventGraph.K2Node_VariableGet_1616.EdGraphPin_4457).  Import failed...
[2014.12.09-14.23.07:032][ 92]LogProperty:Warning: ObjectProperty /Script/Engine.EdGraphPin:LinkedTo.LinkedTo: unresolved reference to 'EdGraphPin'"K2Node_CallFunction_242472.EdGraphPin_4372"''
[2014.12.09-14.23.07:088][ 92]LogBlueprint:Warning: [DebugHud] CreatePinForVariable: 'FuelBar' variable not found. Base class was probably changed.
[2014.12.09-14.23.07:093][ 92]LogBlueprint:Warning: [DebugHud] CreatePinForVariable: 'MaxFuel' variable not found. Base class was probably changed.
[2014.12.09-14.23.07:093][ 92]LogBlueprint:Warning: [DebugHud] CreatePinForVariable: 'CurrentFuel' variable not found. Base class was probably changed.
[2014.12.09-14.25.14:504][ 80]LogUObjectGlobals:Warning: Failed to find object 'Object None.'
[2014.12.09-14.25.14:504][ 80]LogUObjectGlobals:Warning: Failed to find object 'Object None.'
[2014.12.09-14.25.14:505][ 80]LogUObjectHash:Warning: Ambiguous search, could be K2Node_CallFunction /Game/Blueprints/GameComponents/DebugHud.DebugHud:EventGraph.K2Node_CallFunction_242472 or K2Node_CallFunction /Game/Blueprints/GameComponents/GameHud.GameHud:EventGraph.K2Node_CallFunction_242472
[2014.12.09-14.25.14:505][ 80]LogProperty:Warning: Illegal TEXT reference to a private object in external package (EdGraphPin /Game/Blueprints/GameComponents/GameHud.GameHud:EventGraph.K2Node_CallFunction_242472.EdGraphPin_4368) from referencer (EdGraphPin /Game/Blueprints/GameComponents/DebugHud.DebugHud:EventGraph.K2Node_CallFunction_242473.EdGraphPin_4354).  Import failed...
[2014.12.09-14.25.14:505][ 80]LogProperty:Warning: ObjectProperty /Script/Engine.EdGraphPin:LinkedTo.LinkedTo: unresolved reference to 'EdGraphPin'"K2Node_CallFunction_242472.EdGraphPin_4368"''
[2014.12.09-14.25.14:505][ 80]LogUObjectHash:Warning: Ambiguous search, could be K2Node_VariableGet /Game/Blueprints/GameComponents/DebugHud.DebugHud:EventGraph.K2Node_VariableGet_11068 or K2Node_VariableGet /Game/Blueprints/GameComponents/GameHud.GameHud:EventGraph.K2Node_VariableGet_11068
[2014.12.09-14.25.14:507][ 80]LogProperty:Warning: Illegal TEXT reference to a private object in external package (EdGraphPin /Game/Blueprints/GameComponents/GameHud.GameHud:EventGraph.K2Node_VariableGet_11068.EdGraphPin_4348) from referencer (EdGraphPin /Game/Blueprints/GameComponents/DebugHud.DebugHud:EventGraph.K2Node_CallFunction_242473.EdGraphPin_4355).  Import failed...
[2014.12.09-14.25.14:507][ 80]LogProperty:Warning: ObjectProperty /Script/Engine.EdGraphPin:LinkedTo.LinkedTo: unresolved reference to 'EdGraphPin'"K2Node_VariableGet_11068.EdGraphPin_4348"''
[2014.12.09-14.25.14:507][ 80]LogUObjectHash:Warning: Ambiguous search, could be K2Node_VariableGet /Game/Blueprints/GameComponents/DebugHud.DebugHud:EventGraph.K2Node_VariableGet_1614 or K2Node_VariableGet /Game/Blueprints/GameComponents/GameHud.GameHud:EventGraph.K2Node_VariableGet_1614
[2014.12.09-14.25.14:507][ 80]LogProperty:Warning: Illegal TEXT reference to a private object in external package (EdGraphPin /Game/Blueprints/GameComponents/GameHud.GameHud:EventGraph.K2Node_VariableGet_1614.EdGraphPin_4452) from referencer (EdGraphPin /Game/Blueprints/GameComponents/DebugHud.DebugHud:EventGraph.K2Node_CallFunction_242473.EdGraphPin_4357).  Import failed...
[2014.12.09-14.25.14:507][ 80]LogProperty:Warning: ObjectProperty /Script/Engine.EdGraphPin:LinkedTo.LinkedTo: unresolved reference to 'EdGraphPin'"K2Node_VariableGet_1614.EdGraphPin_4452"''
[2014.12.09-14.25.14:508][ 80]LogProperty:Warning: Illegal TEXT reference to a private object in external package (EdGraphPin /Game/Blueprints/GameComponents/GameHud.GameHud:EventGraph.K2Node_CallFunction_242473.EdGraphPin_4354) from referencer (EdGraphPin /Game/Blueprints/GameComponents/DebugHud.DebugHud:EventGraph.K2Node_CallFunction_242472.EdGraphPin_4368).  Import failed...
[2014.12.09-14.25.14:508][ 80]LogProperty:Warning: ObjectProperty /Script/Engine.EdGraphPin:LinkedTo.LinkedTo: unresolved reference to 'EdGraphPin'"K2Node_CallFunction_242473.EdGraphPin_4354"''
[2014.12.09-14.25.14:508][ 80]LogUObjectHash:Warning: Ambiguous search, could be K2Node_CallFunction /Game/Blueprints/GameComponents/DebugHud.DebugHud:EventGraph.K2Node_CallFunction_207158 or K2Node_CallFunction /Game/Blueprints/GameComponents/GameHud.GameHud:EventGraph.K2Node_CallFunction_207158
[2014.12.09-14.25.14:508][ 80]LogProperty:Warning: Illegal TEXT reference to a private object in external package (EdGraphPin /Game/Blueprints/GameComponents/GameHud.GameHud:EventGraph.K2Node_CallFunction_207158.EdGraphPin_4318) from referencer (EdGraphPin /Game/Blueprints/GameComponents/DebugHud.DebugHud:EventGraph.K2Node_CallFunction_242472.EdGraphPin_4369).  Import failed...
[2014.12.09-14.25.14:508][ 80]LogProperty:Warning: ObjectProperty /Script/Engine.EdGraphPin:LinkedTo.LinkedTo: unresolved reference to 'EdGraphPin'"K2Node_CallFunction_207158.EdGraphPin_4318"''
[2014.12.09-14.25.14:509][ 80]LogUObjectHash:Warning: Ambiguous search, could be K2Node_VariableGet /Game/Blueprints/GameComponents/DebugHud.DebugHud:EventGraph.K2Node_VariableGet_11068 or K2Node_VariableGet /Game/Blueprints/GameComponents/GameHud.GameHud:EventGraph.K2Node_VariableGet_11068
[2014.12.09-14.25.14:509][ 80]LogProperty:Warning: Illegal TEXT reference to a private object in external package (EdGraphPin /Game/Blueprints/GameComponents/GameHud.GameHud:EventGraph.K2Node_VariableGet_11068.EdGraphPin_4348) from referencer (EdGraphPin /Game/Blueprints/GameComponents/DebugHud.DebugHud:EventGraph.K2Node_CallFunction_242472.EdGraphPin_4370).  Import failed...
[2014.12.09-14.25.14:509][ 80]LogProperty:Warning: ObjectProperty /Script/Engine.EdGraphPin:LinkedTo.LinkedTo: unresolved reference to 'EdGraphPin'"K2Node_VariableGet_11068.EdGraphPin_4348"''
[2014.12.09-14.25.14:509][ 80]LogUObjectHash:Warning: Ambiguous search, could be K2Node_VariableGet /Game/Blueprints/GameComponents/DebugHud.DebugHud:EventGraph.K2Node_VariableGet_1616 or K2Node_VariableGet /Game/Blueprints/GameComponents/GameHud.GameHud:EventGraph.K2Node_VariableGet_1616
[2014.12.09-14.25.14:510][ 80]LogProperty:Warning: Illegal TEXT reference to a private object in external package (EdGraphPin /Game/Blueprints/GameComponents/GameHud.GameHud:EventGraph.K2Node_VariableGet_1616.EdGraphPin_4457) from referencer (EdGraphPin /Game/Blueprints/GameComponents/DebugHud.DebugHud:EventGraph.K2Node_CallFunction_242472.EdGraphPin_4372).  Import failed...
[2014.12.09-14.25.14:510][ 80]LogProperty:Warning: ObjectProperty /Script/Engine.EdGraphPin:LinkedTo.LinkedTo: unresolved reference to 'EdGraphPin'"K2Node_VariableGet_1616.EdGraphPin_4457"''
[2014.12.09-14.25.18:012][165]LogUObjectGlobals:Warning: Failed to find object 'Object None.'
[2014.12.09-14.25.18:013][165]LogUObjectGlobals:Warning: Failed to find object 'Object None.'
[2014.12.09-14.25.18:013][165]LogUObjectHash:Warning: Ambiguous search, could be K2Node_CallFunction /Game/Blueprints/GameComponents/DebugHud.DebugHud:EventGraph.K2Node_CallFunction_242472 or K2Node_CallFunction /Game/Blueprints/GameComponents/GameHud.GameHud:EventGraph.K2Node_CallFunction_242472
[2014.12.09-14.25.18:013][165]LogProperty:Warning: Illegal TEXT reference to a private object in external package (EdGraphPin /Game/Blueprints/GameComponents/GameHud.GameHud:EventGraph.K2Node_CallFunction_242472.EdGraphPin_4368) from referencer (EdGraphPin /Game/Blueprints/GameComponents/DebugHud.DebugHud:EventGraph.K2Node_CallFunction_242473.EdGraphPin_4354).  Import failed...
[2014.12.09-14.25.18:013][165]LogProperty:Warning: ObjectProperty /Script/Engine.EdGraphPin:LinkedTo.LinkedTo: unresolved reference to 'EdGraphPin'"K2Node_CallFunction_242472.EdGraphPin_4368"''
[2014.12.09-14.25.18:014][165]LogUObjectHash:Warning: Ambiguous search, could be K2Node_VariableGet /Game/Blueprints/GameComponents/DebugHud.DebugHud:EventGraph.K2Node_VariableGet_11068 or K2Node_VariableGet /Game/Blueprints/GameComponents/GameHud.GameHud:EventGraph.K2Node_VariableGet_11068
[2014.12.09-14.25.18:014][165]LogProperty:Warning: Illegal TEXT reference to a private object in external package (EdGraphPin /Game/Blueprints/GameComponents/GameHud.GameHud:EventGraph.K2Node_VariableGet_11068.EdGraphPin_4348) from referencer (EdGraphPin /Game/Blueprints/GameComponents/DebugHud.DebugHud:EventGraph.K2Node_CallFunction_242473.EdGraphPin_4355).  Import failed...
[2014.12.09-14.25.18:014][165]LogProperty:Warning: ObjectProperty /Script/Engine.EdGraphPin:LinkedTo.LinkedTo: unresolved reference to 'EdGraphPin'"K2Node_VariableGet_11068.EdGraphPin_4348"''
[2014.12.09-14.25.18:014][165]LogUObjectHash:Warning: Ambiguous search, could be K2Node_VariableGet /Game/Blueprints/GameComponents/DebugHud.DebugHud:EventGraph.K2Node_VariableGet_1614 or K2Node_VariableGet /Game/Blueprints/GameComponents/GameHud.GameHud:EventGraph.K2Node_VariableGet_1614
[2014.12.09-14.25.18:014][165]LogProperty:Warning: Illegal TEXT reference to a private object in external package (EdGraphPin /Game/Blueprints/GameComponents/GameHud.GameHud:EventGraph.K2Node_VariableGet_1614.EdGraphPin_4452) from referencer (EdGraphPin /Game/Blueprints/GameComponents/DebugHud.DebugHud:EventGraph.K2Node_CallFunction_242473.EdGraphPin_4357).  Import failed...
[2014.12.09-14.25.18:014][165]LogProperty:Warning: ObjectProperty /Script/Engine.EdGraphPin:LinkedTo.LinkedTo: unresolved reference to 'EdGraphPin'"K2Node_VariableGet_1614.EdGraphPin_4452"''
[2014.12.09-14.25.18:015][165]LogProperty:Warning: Illegal TEXT reference to a private object in external package (EdGraphPin /Game/Blueprints/GameComponents/GameHud.GameHud:EventGraph.K2Node_CallFunction_242473.EdGraphPin_4354) from referencer (EdGraphPin /Game/Blueprints/GameComponents/DebugHud.DebugHud:EventGraph.K2Node_CallFunction_242472.EdGraphPin_4368).  Import failed...
[2014.12.09-14.25.18:015][165]LogProperty:Warning: ObjectProperty /Script/Engine.EdGraphPin:LinkedTo.LinkedTo: unresolved reference to 'EdGraphPin'"K2Node_CallFunction_242473.EdGraphPin_4354"''
[2014.12.09-14.25.18:015][165]LogUObjectHash:Warning: Ambiguous search, could be K2Node_CallFunction /Game/Blueprints/GameComponents/DebugHud.DebugHud:EventGraph.K2Node_CallFunction_207158 or K2Node_CallFunction /Game/Blueprints/GameComponents/GameHud.GameHud:EventGraph.K2Node_CallFunction_207158
[2014.12.09-14.25.18:016][165]LogProperty:Warning: Illegal TEXT reference to a private object in external package (EdGraphPin /Game/Blueprints/GameComponents/GameHud.GameHud:EventGraph.K2Node_CallFunction_207158.EdGraphPin_4318) from referencer (EdGraphPin /Game/Blueprints/GameComponents/DebugHud.DebugHud:EventGraph.K2Node_CallFunction_242472.EdGraphPin_4369).  Import failed...
[2014.12.09-14.25.18:016][165]LogProperty:Warning: ObjectProperty /Script/Engine.EdGraphPin:LinkedTo.LinkedTo: unresolved reference to 'EdGraphPin'"K2Node_CallFunction_207158.EdGraphPin_4318"''
[2014.12.09-14.25.18:016][165]LogUObjectHash:Warning: Ambiguous search, could be K2Node_VariableGet /Game/Blueprints/GameComponents/DebugHud.DebugHud:EventGraph.K2Node_VariableGet_11068 or K2Node_VariableGet /Game/Blueprints/GameComponents/GameHud.GameHud:EventGraph.K2Node_VariableGet_11068
[2014.12.09-14.25.18:016][165]LogProperty:Warning: Illegal TEXT reference to a private object in external package (EdGraphPin /Game/Blueprints/GameComponents/GameHud.GameHud:EventGraph.K2Node_VariableGet_11068.EdGraphPin_4348) from referencer (EdGraphPin /Game/Blueprints/GameComponents/DebugHud.DebugHud:EventGraph.K2Node_CallFunction_242472.EdGraphPin_4370).  Import failed...
[2014.12.09-14.25.18:017][165]LogProperty:Warning: ObjectProperty /Script/Engine.EdGraphPin:LinkedTo.LinkedTo: unresolved reference to 'EdGraphPin'"K2Node_VariableGet_11068.EdGraphPin_4348"''
[2014.12.09-14.25.18:017][165]LogUObjectHash:Warning: Ambiguous search, could be K2Node_VariableGet /Game/Blueprints/GameComponents/DebugHud.DebugHud:EventGraph.K2Node_VariableGet_1616 or K2Node_VariableGet /Game/Blueprints/GameComponents/GameHud.GameHud:EventGraph.K2Node_VariableGet_1616
[2014.12.09-14.25.18:017][165]LogProperty:Warning: Illegal TEXT reference to a private object in external package (EdGraphPin /Game/Blueprints/GameComponents/GameHud.GameHud:EventGraph.K2Node_VariableGet_1616.EdGraphPin_4457) from referencer (EdGraphPin /Game/Blueprints/GameComponents/DebugHud.DebugHud:EventGraph.K2Node_CallFunction_242472.EdGraphPin_4372).  Import failed...
[2014.12.09-14.25.18:017][165]LogProperty:Warning: ObjectProperty /Script/Engine.EdGraphPin:LinkedTo.LinkedTo: unresolved reference to 'EdGraphPin'"K2Node_VariableGet_1616.EdGraphPin_4457"''
[2014.12.09-14.26.46:823][537]LogUObjectGlobals:Warning: Failed to find object 'Object None.'
[2014.12.09-14.26.46:823][537]LogProperty:Warning: Illegal TEXT reference to a private object in external package (EdGraphPin /Game/Blueprints/GameComponents/GameHud.GameHud:EventGraph.K2Node_CallFunction_242472.EdGraphPin_4368) from referencer (EdGraphPin /Game/Blueprints/GameComponents/DebugHud.DebugHud:EventGraph.K2Node_CallFunction_242473.EdGraphPin_4354).  Import failed...
[2014.12.09-14.26.46:823][537]LogProperty:Warning: ObjectProperty /Script/Engine.EdGraphPin:LinkedTo.LinkedTo: unresolved reference to 'EdGraphPin'"K2Node_CallFunction_242472.EdGraphPin_4368"''
[2014.12.09-14.26.46:824][537]LogUObjectHash:Warning: Ambiguous search, could be K2Node_VariableGet /Game/Blueprints/GameComponents/DebugHud.DebugHud:EventGraph.K2Node_VariableGet_11068 or K2Node_VariableGet /Game/Blueprints/GameComponents/GameHud.GameHud:EventGraph.K2Node_VariableGet_11068
[2014.12.09-14.26.46:824][537]LogProperty:Warning: Illegal TEXT reference to a private object in external package (EdGraphPin /Game/Blueprints/GameComponents/GameHud.GameHud:EventGraph.K2Node_VariableGet_11068.EdGraphPin_4348) from referencer (EdGraphPin /Game/Blueprints/GameComponents/DebugHud.DebugHud:EventGraph.K2Node_CallFunction_242473.EdGraphPin_4355).  Import failed...
[2014.12.09-14.26.46:824][537]LogProperty:Warning: ObjectProperty /Script/Engine.EdGraphPin:LinkedTo.LinkedTo: unresolved reference to 'EdGraphPin'"K2Node_VariableGet_11068.EdGraphPin_4348"''
[2014.12.09-14.26.46:824][537]LogUObjectHash:Warning: Ambiguous search, could be K2Node_VariableGet /Game/Blueprints/GameComponents/DebugHud.DebugHud:EventGraph.K2Node_VariableGet_1614 or K2Node_VariableGet /Game/Blueprints/GameComponents/GameHud.GameHud:EventGraph.K2Node_VariableGet_1614
[2014.12.09-14.26.46:826][537]LogProperty:Warning: Illegal TEXT reference to a private object in external package (EdGraphPin /Game/Blueprints/GameComponents/GameHud.GameHud:EventGraph.K2Node_VariableGet_1614.EdGraphPin_4452) from referencer (EdGraphPin /Game/Blueprints/GameComponents/DebugHud.DebugHud:EventGraph.K2Node_CallFunction_242473.EdGraphPin_4357).  Import failed...
[2014.12.09-14.26.46:826][537]LogProperty:Warning: ObjectProperty /Script/Engine.EdGraphPin:LinkedTo.LinkedTo: unresolved reference to 'EdGraphPin'"K2Node_VariableGet_1614.EdGraphPin_4452"''
[2014.12.09-14.27.06:060][868]LogUObjectGlobals:Warning: Failed to find object 'Object None.'
[2014.12.09-14.29.18:612][513]Cmd: OBJ SAVEPACKAGE PACKAGE="/Game/Blueprints/GameComponents/DebugHud" FILE="E:/Other Files/UnrealEngine_4.5/Projects/AsteroidMiner4.6/Content/Blueprints/GameComponents/DebugHud.uasset" SILENT=true
[2014.12.09-14.29.26:818][513]LogSavePackage: Save=7297.231934ms
[2014.12.09-14.29.26:818][513]LogSavePackage: Moving 'E:/Other Files/UnrealEngine_4.5/Projects/AsteroidMiner4.6/Saved/DebugHud9C1670194745087314226CAA205E7973.tmp' to 'E:/Other Files/UnrealEngine_4.5/Projects/AsteroidMiner4.6/Content/Blueprints/GameComponents/DebugHud.uasset'
[2014.12.09-14.29.27:824][534]BlueprintLog: New page: Compile DebugHud
[2014.12.09-14.29.28:617][534]BlueprintEditorCompileResults: Info [0863.97] Compile of DebugHud successful! [in 589 ms]
[2014.12.09-14.29.52:760][ 80]Cmd: OBJ SAVEPACKAGE PACKAGE="/Game/Blueprints/GameComponents/DebugHud" FILE="E:/Other Files/UnrealEngine_4.5/Projects/AsteroidMiner4.6/Content/Blueprints/GameComponents/DebugHud.uasset" SILENT=true
[2014.12.09-14.30.00:874][ 80]LogSavePackage: Save=7248.948730ms
[2014.12.09-14.30.00:874][ 80]LogSavePackage: Moving 'E:/Other Files/UnrealEngine_4.5/Projects/AsteroidMiner4.6/Saved/DebugHudE6E255504BD015856EBA4DA8FC53E04F.tmp' to 'E:/Other Files/UnrealEngine_4.5/Projects/AsteroidMiner4.6/Content/Blueprints/GameComponents/DebugHud.uasset'
[2014.12.09-14.30.01:479][ 92]BlueprintLog: New page: Compile DebugHud
[2014.12.09-14.30.02:167][ 92]BlueprintEditorCompileResults: Info [0897.52] Compile of DebugHud successful! [in 503 ms]
[2014.12.09-14.30.06:615][186]BlueprintLog: New page: Pre-PIE auto-recompile
[2014.12.09-14.30.06:622][186]LogPlayLevel: [PIE] Compiling BotShip before PIE...
[2014.12.09-14.30.06:741][186]LogOutputDevice:Warning: 

Script Stack:
AsteroidMiner_C.ExecuteUbergraph_AsteroidMiner
AsteroidMiner_C.BndEvt__BotShip_6_K2Node_ActorBoundEvent_407_ActorDestroyedSignature__DelegateSignature

[2014.12.09-14.30.06:741][186]LogWindows:Error: Windows GetLastError: The operation completed successfully. (0)
[2014.12.09-14.30.06:765][186]LogCrashTracker: 


[2014.12.09-14.30.07:351][186]LogCrashTracker: 


[2014.12.09-14.30.07:351][186]LogWindows: === Critical error: ===
Assertion failed: PC [File:D:\BuildFarm\buildmachine_++depot+UE4-Releases+4.6\Engine\Source\Runtime\Engine\Private\GameplayStatics.cpp] [Line: 131] 



KERNELBASE.dll!UnknownFunction (0x00007ffd334a606c) + 0 bytes [UnknownFile:0]
UE4Editor-Core.dll!UnknownFunction (0x00007ffd18a42f6d) + 0 bytes [UnknownFile:0]
UE4Editor-Core.dll!UnknownFunction (0x00007ffd188d60e8) + 0 bytes [UnknownFile:0]
UE4Editor-Core.dll!UnknownFunction (0x00007ffd188b9182) + 0 bytes [UnknownFile:0]
UE4Editor-Engine.dll!UnknownFunction (0x00007ffd130fdbb7) + 0 bytes [UnknownFile:0]
UE4Editor-Engine.dll!UnknownFunction (0x00007ffd12e36e61) + 0 bytes [UnknownFile:0]
UE4Editor-CoreUObject.dll!UnknownFunction (0x00007ffd1b3b9af4) + 0 bytes [UnknownFile:0]
UE4Editor-CoreUObject.dll!UnknownFunction (0x00007ffd1b47943f) + 0 bytes [UnknownFile:0]
UE4Editor-CoreUObject.dll!UnknownFunction (0x00007ffd1b4973bd) + 0 bytes [UnknownFile:0]
UE4Editor-CoreUObject.dll!UnknownFunction (0x00007ffd1b4ba46a) + 0 bytes [UnknownFile:0]
UE4Editor-CoreUObject.dll!UnknownFunction (0x00007ffd1b498a5e) + 0 bytes [UnknownFile:0]
UE4Editor-CoreUObject.dll!UnknownFunction (0x00007ffd1b47999a) + 0 bytes [UnknownFile:0]
UE4Editor-CoreUObject.dll!UnknownFunction (0x00007ffd1b4bbd74) + 0 bytes [UnknownFile:0]
UE4Editor-CoreUObject.dll!UnknownFunction (0x00007ffd1b498a5e) + 0 bytes [UnknownFile:0]
UE4Editor-CoreUObject.dll!UnknownFunction (0x00007ffd1b3b9af4) + 0 bytes [UnknownFile:0]
UE4Editor-CoreUObject.dll!UnknownFunction (0x00007ffd1b4981c6) + 0 bytes [UnknownFile:0]
UE4Editor-Engine.dll!UnknownFunction (0x00007ffd12ef0851) + 0 bytes [UnknownFile:0]
UE4Editor-Engine.dll!UnknownFunction (0x00007ffd12e56bf8) + 0 bytes [UnknownFile:0]
UE4Editor-Engine.dll!UnknownFunction (0x00007ffd12ea304c) + 0 bytes [UnknownFile:0]
UE4Editor-Engine.dll!UnknownFunction (0x00007ffd13204f97) + 0 bytes [UnknownFile:0]
UE4Editor-Engine.dll!UnknownFunction (0x00007ffd1320ff43) + 0 bytes [UnknownFile:0]
UE4Editor-UnrealEd.dll!UnknownFunction (0x00007ffd11c7a12b) + 0 bytes [UnknownFile:0]
UE4Editor-UnrealEd.dll!UnknownFunction (0x00007ffd11c736f8) + 0 bytes [UnknownFile:0]
UE4Editor-UnrealEd.dll!UnknownFunction (0x00007ffd11c4b703) + 0 bytes [UnknownFile:0]
UE4Editor-UnrealEd.dll!UnknownFunction (0x00007ffd11738a5a) + 0 bytes [UnknownFile:0]
UE4Editor-UnrealEd.dll!UnknownFunction (0x00007ffd11751ee3) + 0 bytes [UnknownFile:0]
UE4Editor-UnrealEd.dll!UnknownFunction (0x00007ffd11497e53) + 0 bytes [UnknownFile:0]
UE4Editor-UnrealEd.dll!UnknownFunction (0x00007ffd11940686) + 0 bytes [UnknownFile:0]
UE4Editor.exe!FEngineLoop::Tick() (0x00007ff674f4cd94) + 0 bytes [d:\buildfarm\buildmachine_++depot+ue4-releases+4.6\engine\source\runtime\launch\private\launchengineloop.cpp:2214]
UE4Editor.exe!GuardedMain() (0x00007ff674f4089f) + 0 bytes [d:\buildfarm\buildmachine_++depot+ue4-releases+4.6\engine\source\runtime\launch\private\launch.cpp:131]
UE4Editor.exe!GuardedMainWrapper() (0x00007ff674f4090a) + 5 bytes [d:\buildfarm\buildmachine_++depot+ue4-releases+4.6\engine\source\runtime\launch\private\windows\launchwindows.cpp:126]
UE4Editor.exe!WinMain() (0x00007ff674f4e3d9) + 17 bytes [d:\buildfarm\buildmachine_++depot+ue4-releases+4.6\engine\source\runtime\launch\private\windows\launchwindows.cpp:202]
UE4Editor.exe!__tmainCRTStartup() (0x00007ff674f4f319) + 21 bytes [f:\dd\vctools\crt\crtw32\dllstuff\crtexe.c:618]
KERNEL32.DLL!UnknownFunction (0x00007ffd356816ad) + 0 bytes [UnknownFile:0]
ntdll.dll!UnknownFunction (0x00007ffd35ed4409) + 0 bytes [UnknownFile:0]
ntdll.dll!UnknownFunction (0x00007ffd35ed4409) + 0 bytes [UnknownFile:0]


[2014.12.09-14.30.07:657][186]LogExit: Executing StaticShutdownAfterError
[2014.12.09-14.30.07:665][186]LogWindows: FPlatformMisc::RequestExit(1)
[2014.12.09-14.30.07:665][186]Log file closed, 12/09/14 14:30:07
