Log file open, 12/10/14 21:11:04
LogInit:Display: Running engine for game: AsteroidMiner
LogInit: Version: 4.6.0-2369412+++depot+UE4-Releases+4.6
LogInit: API Version: 2369412
LogInit: Compiled (64-bit): Nov 24 2014 21:54:04
LogInit: Compiled with Visual C++: 18.00.21005.01
LogInit: Build Configuration: Development
LogInit: Branch Name: ++depot+UE4-Releases+4.6
LogInit: Command line:  
LogInit: Base directory: C:/Program Files/Epic Games/4.6/Engine/Binaries/Win64/
LogInit: Rocket: 1
[2014.12.10-21.11.04:432][  0]LogTaskGraph: Started task graph with 3 named threads and 6 total threads.
[2014.12.10-21.11.04:491][  0]LogOnline:Warning: No default platform service specified for OnlineSubsystem
[2014.12.10-21.11.04:522][  0]LogInit: Presizing for 0 objects not considered by GC, pre-allocating 0 bytes.
[2014.12.10-21.11.04:536][  0]LogInit: Object subsystem initialized
[2014.12.10-21.11.04:539][  0]LogConsoleResponse:Warning: Skipping Unknown console variable: 'UIScaleCurve = (EditorCurveData=(Keys=((Time=480.000000,Value=0.444000),(Time=720.000000,Value=0.666000),(Time=1080.000000,Value=1.000000),(Time=8640.000000,Value=8.000000))),ExternalCurve=None)'
[2014.12.10-21.11.04:539][  0]LogConsoleResponse:Warning:   Found in ini file 'E:/Other Files/UnrealEngine_4.5/Projects/AsteroidMiner4.6/Saved/Config/Windows/Engine.ini', in section '[/Script/Engine.RendererSettings]'
[2014.12.10-21.11.04:539][  0]LogConsoleManager:Warning: Console variable 'r.MSAA.CompositingSampleCount' wasn't set (Priority ProjectSetting < Scalability)
[2014.12.10-21.11.04:539][  0]LogInit: Selected Device Profile: [Windows]
[2014.12.10-21.11.04:539][  0]LogInit: Applying CVar settings loaded from the selected device profile: [Windows]
[2014.12.10-21.11.04:569][  0]LogInit: Computer: LLOYDS_PC
[2014.12.10-21.11.04:569][  0]LogInit: User: 10021000
[2014.12.10-21.11.04:569][  0]LogInit: CPU Page size=4096, Cores=4
[2014.12.10-21.11.04:569][  0]LogInit: High frequency timer resolution =2.337877 MHz
[2014.12.10-21.11.04:569][  0]LogMemory: Memory total: Physical=5.9GB (6GB approx) Virtual=131072.0GB
[2014.12.10-21.11.04:569][  0]LogMemory: Platform Memory Stats for Windows
[2014.12.10-21.11.04:569][  0]LogMemory: Process Physical Memory: 47.30 MB used, 47.30 MB peak
[2014.12.10-21.11.04:569][  0]LogMemory: Process Virtual Memory: 23.10 MB used, 24.39 MB peak
[2014.12.10-21.11.04:569][  0]LogMemory: Physical Memory: 2464.66 MB used, 6077.92 MB total
[2014.12.10-21.11.04:569][  0]LogMemory: Virtual Memory: 272.18 MB used, 134217728.00 MB total
[2014.12.10-21.11.04:608][  0]LogD3D11RHI: Found D3D11 adapter 0: NVIDIA GeForce GTX 680 (Feature Level 11_0)
[2014.12.10-21.11.04:608][  0]LogD3D11RHI: Adapter has 1985MB of dedicated video memory, 0MB of dedicated system memory, and 2048MB of shared system memory, 2 output[s]
[2014.12.10-21.11.04:610][  0]LogD3D11RHI: Found D3D11 adapter 1: Microsoft Basic Render Driver (Feature Level 11_0)
[2014.12.10-21.11.04:610][  0]LogD3D11RHI: Adapter has 0MB of dedicated video memory, 0MB of dedicated system memory, and 256MB of shared system memory, 0 output[s]
[2014.12.10-21.11.04:610][  0]LogD3D11RHI: Chosen D3D11 Adapter Id = 0
[2014.12.10-21.11.04:618][  0]LogRHI: Texture pool is 1361 MB (70% of 1945 MB)
[2014.12.10-21.11.04:635][  0]LogD3D11RHI: Async texture creation enabled
[2014.12.10-21.11.04:716][  0]LogTextLocalizationManager: The requested culture ('en_GB') has no localization data; parent culture's ('en') localization data will be used.
[2014.12.10-21.11.04:948][  0]LogContentStreaming: Texture pool size is 0.000000MB
[2014.12.10-21.11.13:863][  0]LogTargetPlatformManager:Display: Building Assets For Windows
[2014.12.10-21.11.14:555][  0]LogTargetPlatformManager:Display: Building Assets For Windows
[2014.12.10-21.11.14:643][  0]LogDerivedDataCache:Display: Max Cache Size: 512 MB
[2014.12.10-21.11.14:763][  0]LogDerivedDataCache: Loaded boot cache 0.12s 39MB C:/Users/10021_000/AppData/Local/UnrealEngine/4.6/DerivedDataCache/Boot.ddc.
[2014.12.10-21.11.14:763][  0]LogDerivedDataCache:Display: Loaded Boot cache: C:/Users/10021_000/AppData/Local/UnrealEngine/4.6/DerivedDataCache/Boot.ddc
[2014.12.10-21.11.14:765][  0]LogDerivedDataCache: FDerivedDataBackendGraph:  Pak pak cache file E:/Other Files/UnrealEngine_4.5/Projects/AsteroidMiner4.6/DerivedDataCache/DDC.ddp not found, will not use a pak cache.
[2014.12.10-21.11.14:765][  0]LogDerivedDataCache: Unable to find inner node Pak for hierarchical cache Hierarchy.
[2014.12.10-21.11.14:862][  0]LogDerivedDataCache:Display: Pak cache opened for reading ../../../Engine/DerivedDataCache/DDC.ddp.
[2014.12.10-21.11.14:875][  0]LogDerivedDataCache: Using Local data cache path C:/Users/10021_000/AppData/Local/UnrealEngine/Common/DerivedDataCache: Writable
[2014.12.10-21.11.15:095][  0]LogCollisionProfile:Warning: Profile (Trigger) - Custom Channel Name = 'Projectile' hasn't been found
[2014.12.10-21.11.15:095][  0]LogCollisionProfile:Warning: Profile (UI) - Custom Channel Name = 'Weapon' hasn't been found
[2014.12.10-21.11.15:095][  0]LogCollisionProfile:Warning: Profile (Projectile) ObjectTypeName (Projectile) is invalid. 
[2014.12.10-21.11.15:340][  0]LogMeshUtilities: No automatic mesh reduction module available
[2014.12.10-21.11.15:340][  0]LogMeshUtilities: No automatic mesh merging module available
[2014.12.10-21.11.16:021][  0]LogInit: WinSock: version 1.1 (2.2), MaxSocks=32767, MaxUdp=65467
[2014.12.10-21.11.16:117][  0]LogSlate:Warning: Failed to load font data from '../../../Engine/Content/Slate/Fonts/Roboto-Italic.ttf'
[2014.12.10-21.11.17:391][  0]UdpMessaging: Initializing bridge on interface 0.0.0.0:0 to multicast group 230.0.0.1:6666.
[2014.12.10-21.11.17:625][  0]LogDirectoryWatcher:Warning: Failed to begin reading directory changes for E:/Other Files/UnrealEngine_4.5/Projects/AsteroidMiner4.6/Binaries/Win64. Error: 0
[2014.12.10-21.11.17:881][  0]SourceControl: Info Source control is disabled
[2014.12.10-21.11.17:881][  0]SourceControl: Info Source control is disabled
[2014.12.10-21.11.17:893][  0]SourceControl: Info Source control is disabled
[2014.12.10-21.11.18:094][  0]LogObj: 23754 objects as part of root set at end of initial load.
[2014.12.10-21.11.18:094][  0]LogUObjectAllocator: 5168136 out of 0 bytes used by permanent object pool.
[2014.12.10-21.11.18:179][  0]LogEngine: Initializing Engine...
[2014.12.10-21.11.18:439][  0]LogInit: XAudio2 using '37'' TFT-TV-4 (NVIDIA High Definition Audio)' : 2 channels at 48 kHz using 16 bits per sample (channel mask 0x3)
[2014.12.10-21.11.18:448][  0]LogInit: FAudioDevice initialized.
[2014.12.10-21.11.18:481][  0]LogAIModule: Creating AISystem for world NewWorld
[2014.12.10-21.11.18:534][  0]LogDerivedDataCache: Saved boot cache 0.05s 39MB C:/Users/10021_000/AppData/Local/UnrealEngine/4.6/DerivedDataCache/Boot.ddc.
[2014.12.10-21.11.18:557][  0]LogInit: Texture streaming: Enabled
[2014.12.10-21.11.18:602][  0]LogAnalytics: Creating configured Analytics provider AnalyticsET
[2014.12.10-21.11.18:603][  0]LogAnalytics: ET APIKey = Rocket.Release. APIServer = http://et2.epicgames.com/ET2/. AppVersion = 4.6.0-2369412+++depot+UE4-Releases+4.6
[2014.12.10-21.11.18:604][  0]LogAnalytics: SetUserId a29c071cf10a93fac0ff457d50595e17
[2014.12.10-21.11.18:604][  0]LogAnalytics: AnalyticsET::StartSession [Rocket.Release]
[2014.12.10-21.11.18:627][  0]LogInit: Transaction tracking system initialized
[2014.12.10-21.11.18:777][  0]BlueprintLog: New page: Editor Load
[2014.12.10-21.11.18:819][  0]LogAssetRegistry: FAssetRegistry took 0.0110 seconds to start up
[2014.12.10-21.11.18:820][  0]LogDirectoryWatcher:Warning: Failed to begin reading directory changes for ../../../Engine/Plugins/Experimental/CharacterAI/Content/. Error: 0
[2014.12.10-21.11.19:610][  0]LogTargetPlatformManager:Display: Building Assets For Windows
[2014.12.10-21.11.20:159][  0]LogTargetPlatformManager:Display: Building Assets For Windows
[2014.12.10-21.11.20:464][  0]LogConsoleResponse:Display: 
[2014.12.10-21.11.20:537][  0]LogLinker:Warning: Asset '../../../Engine/Content/Functions/Engine_MaterialFunctions03/Procedurals/ComputeFilterWidth.uasset' has been saved with empty engine version. The asset will be loaded but may be incompatible.
[2014.12.10-21.11.20:843][  0]SourceControl: Info Source control is disabled
[2014.12.10-21.11.20:843][  0]Cmd: MAP LOAD FILE="E:/Other Files/UnrealEngine_4.5/Projects/AsteroidMiner4.6/Content/Maps/AsteroidMiner.umap" TEMPLATE=0 SHOWPROGRESS=1
[2014.12.10-21.11.20:847][  0]LightingResults: New page: Lighting Build
[2014.12.10-21.11.20:863][  0]MapCheck: New page: Map Check
[2014.12.10-21.11.20:863][  0]LightingResults: New page: Lighting Build
[2014.12.10-21.11.20:876][  0]LogParticles: Destroying 0 GPU particle simulations for FXSystem 0x0000006E19E21940
[2014.12.10-21.11.21:071][  0]LogLinker:Warning: Asset 'E:/Other Files/UnrealEngine_4.5/Projects/AsteroidMiner4.6/Content/Materials/M_SkyBox.uasset' has been saved with empty engine version. The asset will be loaded but may be incompatible.
[2014.12.10-21.11.21:073][  0]LogLinker:Warning: Asset 'E:/Other Files/UnrealEngine_4.5/Projects/AsteroidMiner4.6/Content/Textures/HighResSkyBox.uasset' has been saved with empty engine version. The asset will be loaded but may be incompatible.
[2014.12.10-21.11.21:803][  0]LogLinker:Warning: Asset 'E:/Other Files/UnrealEngine_4.5/Projects/AsteroidMiner4.6/Content/Meshes/DetailedSun.uasset' has been saved with empty engine version. The asset will be loaded but may be incompatible.
[2014.12.10-21.11.21:806][  0]LogLinker:Warning: Asset 'E:/Other Files/UnrealEngine_4.5/Projects/AsteroidMiner4.6/Content/Materials/M_Sun.uasset' has been saved with empty engine version. The asset will be loaded but may be incompatible.
[2014.12.10-21.11.21:811][  0]LogLinker:Warning: Asset 'E:/Other Files/UnrealEngine_4.5/Projects/AsteroidMiner4.6/Content/Textures/T_Fire.uasset' has been saved with empty engine version. The asset will be loaded but may be incompatible.
[2014.12.10-21.11.21:982][  0]LogBlueprint:Warning: [AdjustVelocityBTT] CreatePinForVariable: 'VelocityChange?' variable not found. Base class was probably changed.
[2014.12.10-21.11.22:005][  0]LogBlueprint:Warning: [compiler] Warning Could not find a variable named "VelocityChange?" in 'BotShip_C'.
Make sure 'BotShip_C' has been compiled for  Set VelocityChange? 
[2014.12.10-21.11.22:008][  0]LogBlueprint:Error: [compiler] Error The property associated with  Velocity Change?  could not be found
[2014.12.10-21.11.22:023][  0]LogBlueprint:Warning: [compiler] Warning [0020.51] Compile of AdjustVelocityBTT failed. 1 Fatal Issue(s) 1 Warning(s) [in 40 ms]
[2014.12.10-21.11.22:198][  0]LoadErrors:Error: Error Failed import for BoolProperty
[2014.12.10-21.11.22:514][  0]LogLinker:Warning: Asset 'E:/Other Files/UnrealEngine_4.5/Projects/AsteroidMiner4.6/Content/Blueprints/Objects/B_Asteroid.uasset' has been saved with empty engine version. The asset will be loaded but may be incompatible.
[2014.12.10-21.11.22:519][  0]LogLinker:Warning: Asset 'E:/Other Files/UnrealEngine_4.5/Projects/AsteroidMiner4.6/Content/Meshes/Rock.uasset' has been saved with empty engine version. The asset will be loaded but may be incompatible.
[2014.12.10-21.11.22:521][  0]LogLinker:Warning: Asset 'E:/Other Files/UnrealEngine_4.5/Projects/AsteroidMiner4.6/Content/Materials/M_Asteroid.uasset' has been saved with empty engine version. The asset will be loaded but may be incompatible.
[2014.12.10-21.11.22:537][  0]LoadErrors:Error: Error Failed import for BoolProperty
[2014.12.10-21.11.22:613][  0]LogBlueprint:Warning: [compiler] Warning  Remove from Viewport  is deprecated; Use RemoveFromParent instead
[2014.12.10-21.11.22:615][  0]LogBlueprint:Warning: [compiler] Warning [0021.10] Compile of GameOverWidget successful, but with 1 Warning(s) [in 7 ms]
[2014.12.10-21.11.22:618][  0]LogBlueprint:Warning: [compiler] Warning  Remove from Viewport  is deprecated; Use RemoveFromParent instead
[2014.12.10-21.11.22:620][  0]LogBlueprint:Warning: [compiler] Warning [0021.11] Compile of GameOverWidget successful, but with 1 Warning(s) [in 3 ms]
[2014.12.10-21.11.22:620][  0]LogBlueprint:Warning: [compiler] Warning [0021.11] Compile of GameOverWidget successful, but with 2 Warning(s) [in 0 ms]
[2014.12.10-21.11.22:660][  0]LogBlueprint:Warning: [compiler] Warning  Remove from Viewport  is deprecated; Use RemoveFromParent instead
[2014.12.10-21.11.22:661][  0]LogBlueprint:Warning: [compiler] Warning [0021.15] Compile of PauseMenuWidget successful, but with 1 Warning(s) [in 6 ms]
[2014.12.10-21.11.22:665][  0]LogBlueprint:Warning: [compiler] Warning  Remove from Viewport  is deprecated; Use RemoveFromParent instead
[2014.12.10-21.11.22:666][  0]LogBlueprint:Warning: [compiler] Warning [0021.15] Compile of PauseMenuWidget successful, but with 1 Warning(s) [in 3 ms]
[2014.12.10-21.11.22:666][  0]LogBlueprint:Warning: [compiler] Warning [0021.15] Compile of PauseMenuWidget successful, but with 2 Warning(s) [in 0 ms]
[2014.12.10-21.11.24:027][  0]LogEditorServer: Finished looking for orphan Actors (0.000 secs)
[2014.12.10-21.11.24:027][  0]LogAIModule: Creating AISystem for world AsteroidMiner
[2014.12.10-21.11.24:028][  0]Cmd: MAP CHECKDEP
[2014.12.10-21.11.24:028][  0]MapCheck: New page: AsteroidMiner - 10 Dec 2014 21:11:24
[2014.12.10-21.11.24:264][  0]MapCheck: Info Map check complete: 0 Error(s), 0 Warning(s), took 236.442ms to complete.
[2014.12.10-21.11.24:265][  0]LogFileHelpers: Loading map 'AsteroidMiner' took 3.422
[2014.12.10-21.11.24:374][  0]LogCollectionManager: Loaded 0 collections in 0.002702 seconds
[2014.12.10-21.11.24:543][  0]LogCrashTracker: Crashtracker disabled due to settings.
[2014.12.10-21.11.24:553][  0]LogUObjectGlobals:Warning: Failed to find object 'Class None.'
[2014.12.10-21.11.24:581][  0]LogLoad: Full Startup: 23.07 seconds (BP compile: 1.00 seconds)
[2014.12.10-21.11.24:928][  0]LogContentBrowser:Verbose: The content browser source was changed by the sources view to '/Game/Blueprints/AI'
[2014.12.10-21.11.25:248][  0]LogRenderer:Warning: Reallocating scene render targets to support 944x872.
[2014.12.10-21.11.26:136][  3]LogPackageName: SearchForPackageOnDisk took   0.000s to resolve /Engine/Tutorial/Basics/ContentBrowserOverview
[2014.12.10-21.11.26:136][  3]LogPackageName: SearchForPackageOnDisk took   0.000s to resolve /Engine/Tutorial/Basics/LevelEditorAttract
[2014.12.10-21.11.26:137][  3]LogPackageName: SearchForPackageOnDisk took   0.000s to resolve /Engine/Tutorial/Basics/LevelEditorOverview
[2014.12.10-21.11.26:137][  3]LogPackageName: SearchForPackageOnDisk took   0.000s to resolve /Engine/Tutorial/Basics/ViewportsTutorial
[2014.12.10-21.11.26:138][  3]LogPackageName: SearchForPackageOnDisk took   0.000s to resolve /Engine/Tutorial/BlueprintTutorials/BlueprintEditorTutorial
[2014.12.10-21.11.26:139][  3]LogPackageName: SearchForPackageOnDisk took   0.000s to resolve /Engine/Tutorial/BlueprintTutorials/BlueprintInterfacesEditorOverview
[2014.12.10-21.11.26:139][  3]LogPackageName: SearchForPackageOnDisk took   0.000s to resolve /Engine/Tutorial/BlueprintTutorials/BlueprintMacroLibrariesEditorOverview
[2014.12.10-21.11.26:140][  3]LogPackageName: SearchForPackageOnDisk took   0.000s to resolve /Engine/Tutorial/BlueprintTutorials/ClassBlueprintsEditorOverview
[2014.12.10-21.11.26:140][  3]LogPackageName: SearchForPackageOnDisk took   0.000s to resolve /Engine/Tutorial/BlueprintTutorials/LevelBlueprintEditorOverview
[2014.12.10-21.11.26:141][  3]LogPackageName: SearchForPackageOnDisk took   0.000s to resolve /Engine/Tutorial/BlueprintTutorials/TutorialAssets/Tutorial_BP_Class
[2014.12.10-21.11.26:141][  3]LogPackageName: SearchForPackageOnDisk took   0.000s to resolve /Engine/Tutorial/BlueprintTutorials/TutorialAssets/Tutorial_BP_Interface
[2014.12.10-21.11.26:142][  3]LogPackageName: SearchForPackageOnDisk took   0.000s to resolve /Engine/Tutorial/BlueprintTutorials/TutorialAssets/Tutorial_BP_MacroLib
[2014.12.10-21.11.26:142][  3]LogPackageName: SearchForPackageOnDisk took   0.000s to resolve /Engine/Tutorial/Foliage/FoliageWalkThrough
[2014.12.10-21.11.26:143][  3]LogPackageName: SearchForPackageOnDisk took   0.000s to resolve /Engine/Tutorial/Foliage/Foliage_Intro_Tutorial
[2014.12.10-21.11.26:144][  3]LogPackageName: SearchForPackageOnDisk took   0.000s to resolve /Engine/Tutorial/Foliage/Foliage_Settings_Tutorial
[2014.12.10-21.11.26:144][  3]LogPackageName: SearchForPackageOnDisk took   0.000s to resolve /Engine/Tutorial/Foliage/Foliage_Using_The_Tool_Tutorial
[2014.12.10-21.11.26:145][  3]LogPackageName: SearchForPackageOnDisk took   0.000s to resolve /Engine/Tutorial/Installation/InstallingVisualStudioTutorial
[2014.12.10-21.11.26:145][  3]LogPackageName: SearchForPackageOnDisk took   0.000s to resolve /Engine/Tutorial/Installation/InstallingXCodeTutorial
[2014.12.10-21.11.26:145][  3]LogPackageName: SearchForPackageOnDisk took   0.000s to resolve /Engine/Tutorial/Landscape/LandscapeWalkThrough
[2014.12.10-21.11.26:464][  4]LogPackageName: SearchForPackageOnDisk took   0.000s to resolve /Engine/Tutorial/Landscape/Landscape_Manage_Mode
[2014.12.10-21.11.26:465][  4]LogPackageName: SearchForPackageOnDisk took   0.000s to resolve /Engine/Tutorial/Landscape/Landscape_Painting_Mode
[2014.12.10-21.11.26:465][  4]LogPackageName: SearchForPackageOnDisk took   0.000s to resolve /Engine/Tutorial/Landscape/Landscape_Sculpt_Mode
[2014.12.10-21.11.26:466][  4]LogPackageName: SearchForPackageOnDisk took   0.000s to resolve /Engine/Tutorial/Mobile/CreatingSigningCertAndProvisionTutorial
[2014.12.10-21.11.26:466][  4]LogPackageName: SearchForPackageOnDisk took   0.000s to resolve /Engine/Tutorial/Mobile/InstallingiTunesTutorial
[2014.12.10-21.11.26:466][  4]LogPackageName: SearchForPackageOnDisk took   0.000s to resolve /Engine/Tutorial/Mobile/SettingUpAndroidTutorial
[2014.12.10-21.11.26:467][  4]LogPackageName: SearchForPackageOnDisk took   0.000s to resolve /Engine/Tutorial/Paper2D/FlipbookEditorTutorial
[2014.12.10-21.11.26:467][  4]LogPackageName: SearchForPackageOnDisk took   0.000s to resolve /Engine/Tutorial/Paper2D/SpriteEditorTutorial
[2014.12.10-21.11.26:468][  4]LogPackageName: SearchForPackageOnDisk took   0.000s to resolve /Engine/Tutorial/SubEditors/DestructibleMeshEditorTutorial
[2014.12.10-21.11.26:469][  4]LogPackageName: SearchForPackageOnDisk took   0.000s to resolve /Engine/Tutorial/SubEditors/MaterialEditorTutorial
[2014.12.10-21.11.26:469][  4]LogPackageName: SearchForPackageOnDisk took   0.000s to resolve /Engine/Tutorial/SubEditors/ParticleSystemEditorTutorial
[2014.12.10-21.11.26:470][  4]LogPackageName: SearchForPackageOnDisk took   0.000s to resolve /Engine/Tutorial/SubEditors/PersonaAnimBlueprintEditorWalkthrough
[2014.12.10-21.11.26:470][  4]LogPackageName: SearchForPackageOnDisk took   0.000s to resolve /Engine/Tutorial/SubEditors/PersonaAnimEditorWalkthrough
[2014.12.10-21.11.26:471][  4]LogPackageName: SearchForPackageOnDisk took   0.000s to resolve /Engine/Tutorial/SubEditors/PersonaWalkthrough
[2014.12.10-21.11.26:471][  4]LogPackageName: SearchForPackageOnDisk took   0.000s to resolve /Engine/Tutorial/SubEditors/SkeletalMeshEditorWalkthrough
[2014.12.10-21.11.26:471][  4]LogPackageName: SearchForPackageOnDisk took   0.000s to resolve /Engine/Tutorial/SubEditors/SkeletonModeWalkthrough
[2014.12.10-21.11.26:472][  4]LogPackageName: SearchForPackageOnDisk took   0.000s to resolve /Engine/Tutorial/SubEditors/StaticMeshEditorTutorial
[2014.12.10-21.11.26:473][  4]LogPackageName: SearchForPackageOnDisk took   0.000s to resolve /Engine/Tutorial/SubEditors/TutorialAssets/TutorialAnimationBlueprint
[2014.12.10-21.11.26:474][  4]LogPackageName: SearchForPackageOnDisk took   0.000s to resolve /Engine/Tutorial/SubEditors/TutorialAssets/Character/TutorialCharacter
[2014.12.10-21.11.26:474][  4]LogPackageName: SearchForPackageOnDisk took   0.000s to resolve /Engine/Tutorial/SubEditors/TutorialAssets/Character/TutorialTPP_AnimBlueprint
[2014.12.10-21.11.26:476][  4]LogPackageName: SearchForPackageOnDisk took   0.001s to resolve /Game/Blueprints/Objects/B_Asteroid
[2014.12.10-21.11.26:477][  4]LogPackageName: SearchForPackageOnDisk took   0.001s to resolve /Game/Blueprints/Objects/B_Sun
[2014.12.10-21.11.26:479][  4]LogPackageName: SearchForPackageOnDisk took   0.002s to resolve /Game/Blueprints/GameComponents/DebugHud
[2014.12.10-21.11.26:800][  5]LogPackageName: SearchForPackageOnDisk took   0.002s to resolve /Game/Blueprints/GameComponents/AsteroidMinerCamera
[2014.12.10-21.11.26:802][  5]LogPackageName: SearchForPackageOnDisk took   0.002s to resolve /Game/Blueprints/GameComponents/Hud_Interface
[2014.12.10-21.11.26:803][  5]LogPackageName: SearchForPackageOnDisk took   0.001s to resolve /Game/Blueprints/GameComponents/AsteroidMinerPlayerControler
[2014.12.10-21.11.26:804][  5]LogPackageName: SearchForPackageOnDisk took   0.001s to resolve /Game/Blueprints/GameComponents/AsteroidMinerGameMode
[2014.12.10-21.11.26:805][  5]LogPackageName: SearchForPackageOnDisk took   0.001s to resolve /Game/Blueprints/AI/BotShip
[2014.12.10-21.11.26:806][  5]LogPackageName: SearchForPackageOnDisk took   0.001s to resolve /Game/Blueprints/AI/ShipAIController
[2014.12.10-21.11.26:809][  5]LogPackageName: SearchForPackageOnDisk took   0.002s to resolve /Game/Blueprints/AI/BehaviourTreeTasks/AdjustVelocityBTT
[2014.12.10-21.11.26:811][  5]LogPackageName: SearchForPackageOnDisk took   0.002s to resolve /Game/Blueprints/AI/BehaviourTreeTasks/CheckStateBTT
[2014.12.10-21.11.26:812][  5]LogPackageName: SearchForPackageOnDisk took   0.001s to resolve /Game/Widgets/MenuWidget
[2014.12.10-21.11.26:813][  5]LogPackageName: SearchForPackageOnDisk took   0.001s to resolve /Game/Widgets/GameOverWidget
[2014.12.10-21.11.27:132][  6]LogPackageName: SearchForPackageOnDisk took   0.001s to resolve /Game/Widgets/PauseMenuWidget
[2014.12.10-21.11.27:136][  6]LogAssetRegistry: Asset discovery search completed in 8.3280 seconds
[2014.12.10-21.11.27:154][  6]LogAnalytics: Event Editor.Usage.AssetClasses has too many attributes (41). May be truncated at the collector.
[2014.12.10-21.12.15:815][765]LogContentBrowser:Verbose: The content browser source was changed by the sources view to '/Game/Blueprints/AI/BehaviourTreeTasks'
[2014.12.10-21.14.50:311][386]BlueprintLog: New page: Pre-PIE auto-recompile
[2014.12.10-21.14.50:311][386]LogPlayLevel: [PIE] Compiling AsteroidMiner before PIE...
[2014.12.10-21.14.51:035][386]LogPlayLevel: PIE:  Blueprint regeneration took 724 ms (1 blueprints)
[2014.12.10-21.14.55:250][445]BlueprintLog: New page: Compile AdjustVelocityBTT
[2014.12.10-21.14.55:504][445]BlueprintEditorCompileResults: Info [0233.99] Compile of AdjustVelocityBTT successful! [in 194 ms]
[2014.12.10-21.14.57:423][497]BlueprintLog: New page: Pre-PIE auto-recompile
[2014.12.10-21.14.57:427][497]LogPlayLevel: [PIE] Compiling Tutorial_BP_MacroLib before PIE...
[2014.12.10-21.14.57:514][497]LogPlayLevel: [PIE] Compiling AsteroidMiner before PIE...
[2014.12.10-21.14.58:178][497]LogPlayLevel: PIE:  Blueprint regeneration took 756 ms (2 blueprints)
[2014.12.10-21.14.58:179][497]PIE: New page: PIE session: AsteroidMiner (10 Dec 2014 21:14:58)
[2014.12.10-21.14.58:219][497]LogPlayLevel: PIE: StaticDuplicateObject took: (0.039269s)
[2014.12.10-21.14.58:220][497]LogPlayLevel: PIE: World Init took: (0.001181s)
[2014.12.10-21.14.58:220][497]LogPlayLevel: PIE: Created PIE world by copying editor world from /Game/Maps/AsteroidMiner.AsteroidMiner to /Game/Maps/UEDPIE_0_AsteroidMiner.AsteroidMiner (0.040736s)
[2014.12.10-21.14.58:285][497]LogWorld: Game class is 'AsteroidMinerGameMode_C'
[2014.12.10-21.14.58:289][497]LogAIModule: Creating AISystem for world AsteroidMiner
[2014.12.10-21.14.58:290][497]LogWorld: Bringing World /Game/Maps/UEDPIE_0_AsteroidMiner.AsteroidMiner up for play (max tick rate 0) at 2014.12.10-21.14.58
[2014.12.10-21.14.58:292][497]LogWorld: Bringing up level for play took: 0.002502
[2014.12.10-21.14.58:295][497]PIE: Info Play in editor start time for /Game/Maps/UEDPIE_0_AsteroidMiner 1.3
[2014.12.10-21.14.58:321][497]LogScript:Warning: Accessed None 'CallFunc_PlaySoundAttached_ReturnValue'
	AsteroidMinerCamera_C /Game/Maps/UEDPIE_0_AsteroidMiner.AsteroidMiner:PersistentLevel.AsteroidMinerCamera_C_0
	Function /Game/Blueprints/GameComponents/AsteroidMinerCamera.AsteroidMinerCamera_C:ExecuteUbergraph_AsteroidMinerCamera:0091
[2014.12.10-21.14.58:322][497]PIE:Error: Error Accessed None 'CallFunc_PlaySoundAttached_ReturnValue' from node Construction Script in blueprint AsteroidMinerCamera
[2014.12.10-21.15.14:184][150]LogScript:Warning: Cannot access 'BotShip_C_1'. It is pending kill. Property: 'BotShip_C_1_ExecuteUbergraph_AsteroidMiner_RefProperty'
	AsteroidMiner_C /Game/Maps/UEDPIE_0_AsteroidMiner.AsteroidMiner:PersistentLevel.AsteroidMiner_C_0
	Function /Game/Maps/AsteroidMiner.AsteroidMiner_C:ExecuteUbergraph_AsteroidMiner:3CEF
[2014.12.10-21.15.14:184][150]PIE:Error: Error Cannot access 'BotShip_C_1'. It is pending kill. Property: 'BotShip_C_1_ExecuteUbergraph_AsteroidMiner_RefProperty' from node Set DeltaTime in blueprint AsteroidMiner
[2014.12.10-21.15.14:184][150]LogScript:Warning: Attempt to assign variable through None
	AsteroidMiner_C /Game/Maps/UEDPIE_0_AsteroidMiner.AsteroidMiner:PersistentLevel.AsteroidMiner_C_0
	Function /Game/Maps/AsteroidMiner.AsteroidMiner_C:ExecuteUbergraph_AsteroidMiner:3D05
[2014.12.10-21.15.14:185][150]PIE:Error: Error Attempt to assign variable through None from node Set DeltaTime in blueprint AsteroidMiner
[2014.12.10-21.15.14:185][150]LogScript:Warning: Cannot access 'BotShip_C_1'. It is pending kill. Property: 'BotShip_C_1_ExecuteUbergraph_AsteroidMiner_RefProperty'
	AsteroidMiner_C /Game/Maps/UEDPIE_0_AsteroidMiner.AsteroidMiner:PersistentLevel.AsteroidMiner_C_0
	Function /Game/Maps/AsteroidMiner.AsteroidMiner_C:ExecuteUbergraph_AsteroidMiner:3C91
[2014.12.10-21.15.14:185][150]PIE:Error: Error Cannot access 'BotShip_C_1'. It is pending kill. Property: 'BotShip_C_1_ExecuteUbergraph_AsteroidMiner_RefProperty' from node Set DeltaTime in blueprint AsteroidMiner
[2014.12.10-21.15.14:185][150]LogScript:Warning: Attempt to assign variable through None
	AsteroidMiner_C /Game/Maps/UEDPIE_0_AsteroidMiner.AsteroidMiner:PersistentLevel.AsteroidMiner_C_0
	Function /Game/Maps/AsteroidMiner.AsteroidMiner_C:ExecuteUbergraph_AsteroidMiner:3CA7
[2014.12.10-21.15.14:185][150]PIE:Error: Error Attempt to assign variable through None from node Set DeltaTime in blueprint AsteroidMiner
[2014.12.10-21.15.14:185][150]LogScript:Warning: Cannot access 'BotShip_C_1'. It is pending kill. Property: 'BotShip_C_1_ExecuteUbergraph_AsteroidMiner_RefProperty'
	AsteroidMiner_C /Game/Maps/UEDPIE_0_AsteroidMiner.AsteroidMiner:PersistentLevel.AsteroidMiner_C_0
	Function /Game/Maps/AsteroidMiner.AsteroidMiner_C:ExecuteUbergraph_AsteroidMiner:3D87
[2014.12.10-21.15.14:185][150]PIE:Error: Error Cannot access 'BotShip_C_1'. It is pending kill. Property: 'BotShip_C_1_ExecuteUbergraph_AsteroidMiner_RefProperty' from node Set DeltaTime in blueprint AsteroidMiner
[2014.12.10-21.15.14:185][150]LogScript:Warning: Attempt to assign variable through None
	AsteroidMiner_C /Game/Maps/UEDPIE_0_AsteroidMiner.AsteroidMiner:PersistentLevel.AsteroidMiner_C_0
	Function /Game/Maps/AsteroidMiner.AsteroidMiner_C:ExecuteUbergraph_AsteroidMiner:3D9D
[2014.12.10-21.15.14:186][150]PIE:Error: Error Attempt to assign variable through None from node Set DeltaTime in blueprint AsteroidMiner
[2014.12.10-21.15.14:186][150]LogScript:Warning: Cannot access 'BotShip_C_1'. It is pending kill. Property: 'BotShip_C_1_ExecuteUbergraph_AsteroidMiner_RefProperty'
	AsteroidMiner_C /Game/Maps/UEDPIE_0_AsteroidMiner.AsteroidMiner:PersistentLevel.AsteroidMiner_C_0
	Function /Game/Maps/AsteroidMiner.AsteroidMiner_C:ExecuteUbergraph_AsteroidMiner:3D56
[2014.12.10-21.15.14:186][150]PIE:Error: Error Cannot access 'BotShip_C_1'. It is pending kill. Property: 'BotShip_C_1_ExecuteUbergraph_AsteroidMiner_RefProperty' from node Set DeltaTime in blueprint AsteroidMiner
[2014.12.10-21.15.14:186][150]LogScript:Warning: Attempt to assign variable through None
	AsteroidMiner_C /Game/Maps/UEDPIE_0_AsteroidMiner.AsteroidMiner:PersistentLevel.AsteroidMiner_C_0
	Function /Game/Maps/AsteroidMiner.AsteroidMiner_C:ExecuteUbergraph_AsteroidMiner:3D6C
[2014.12.10-21.15.14:186][150]PIE:Error: Error Attempt to assign variable through None from node Set DeltaTime in blueprint AsteroidMiner
[2014.12.10-21.15.14:187][150]LogScript:Warning: Cannot access 'BotShip_C_1'. It is pending kill. Property: 'BotShip_C_1_ExecuteUbergraph_AsteroidMiner_RefProperty'
	AsteroidMiner_C /Game/Maps/UEDPIE_0_AsteroidMiner.AsteroidMiner:PersistentLevel.AsteroidMiner_C_0
	Function /Game/Maps/AsteroidMiner.AsteroidMiner_C:ExecuteUbergraph_AsteroidMiner:3E29
[2014.12.10-21.15.14:188][150]PIE:Error: Error Cannot access 'BotShip_C_1'. It is pending kill. Property: 'BotShip_C_1_ExecuteUbergraph_AsteroidMiner_RefProperty' from node Set DeltaTime in blueprint AsteroidMiner
[2014.12.10-21.15.14:188][150]LogScript:Warning: Attempt to assign variable through None
	AsteroidMiner_C /Game/Maps/UEDPIE_0_AsteroidMiner.AsteroidMiner:PersistentLevel.AsteroidMiner_C_0
	Function /Game/Maps/AsteroidMiner.AsteroidMiner_C:ExecuteUbergraph_AsteroidMiner:3E3F
[2014.12.10-21.15.14:188][150]PIE:Error: Error Attempt to assign variable through None from node Set DeltaTime in blueprint AsteroidMiner
[2014.12.10-21.15.14:188][150]LogScript:Warning: Cannot access 'BotShip_C_1'. It is pending kill. Property: 'BotShip_C_1_ExecuteUbergraph_AsteroidMiner_RefProperty'
	AsteroidMiner_C /Game/Maps/UEDPIE_0_AsteroidMiner.AsteroidMiner:PersistentLevel.AsteroidMiner_C_0
	Function /Game/Maps/AsteroidMiner.AsteroidMiner_C:ExecuteUbergraph_AsteroidMiner:3CC7
[2014.12.10-21.15.14:188][150]PIE:Error: Error Cannot access 'BotShip_C_1'. It is pending kill. Property: 'BotShip_C_1_ExecuteUbergraph_AsteroidMiner_RefProperty' from node Set DeltaTime in blueprint AsteroidMiner
[2014.12.10-21.15.14:188][150]LogScript:Warning: Cannot access 'BotShip_C_1'. It is pending kill. Property: 'BotShip_C_1_ExecuteUbergraph_AsteroidMiner_RefProperty'
	AsteroidMiner_C /Game/Maps/UEDPIE_0_AsteroidMiner.AsteroidMiner:PersistentLevel.AsteroidMiner_C_0
	Function /Game/Maps/AsteroidMiner.AsteroidMiner_C:ExecuteUbergraph_AsteroidMiner:379A
[2014.12.10-21.15.14:189][150]PIE:Error: Error Cannot access 'BotShip_C_1'. It is pending kill. Property: 'BotShip_C_1_ExecuteUbergraph_AsteroidMiner_RefProperty' from node Set DeltaTime in blueprint AsteroidMiner
[2014.12.10-21.15.15:492][204]LogParticles: Destroying 0 GPU particle simulations for FXSystem 0x0000006E23072520
[2014.12.10-21.15.24:196][526]Cmd: QUIT_EDITOR
[2014.12.10-21.15.24:876][526]LogExit: Preparing to exit.
[2014.12.10-21.15.25:518][526]LogExit: Editor shut down
[2014.12.10-21.15.25:518][526]LogExit: Transaction tracking system shut down
[2014.12.10-21.15.25:527][526]LogParticles: Destroying 0 GPU particle simulations for FXSystem 0x0000006E11EC18A0
[2014.12.10-21.15.25:530][526]LogParticles: Destroying 0 GPU particle simulations for FXSystem 0x0000006E21AEE8E0
[2014.12.10-21.15.25:530][526]LogParticles: Destroying 0 GPU particle simulations for FXSystem 0x0000006E230E19E0
[2014.12.10-21.15.25:634][526]LogExit: Object subsystem successfully closed.
[2014.12.10-21.15.25:713][526]LogModuleManager: Shutting down and abandoning module AndroidDeviceDetection (172)
[2014.12.10-21.15.25:713][526]LogModuleManager: Shutting down and abandoning module CrashTracker (171)
[2014.12.10-21.15.25:713][526]LogModuleManager: Shutting down and abandoning module SuperSearch (170)
[2014.12.10-21.15.25:713][526]LogModuleManager: Shutting down and abandoning module SceneOutliner (169)
[2014.12.10-21.15.25:713][526]LogModuleManager: Shutting down and abandoning module EditorWidgets (168)
[2014.12.10-21.15.25:713][526]LogModuleManager: Shutting down and abandoning module CollectionManager (167)
[2014.12.10-21.15.25:713][526]LogModuleManager: Shutting down and abandoning module StatsViewer (166)
[2014.12.10-21.15.25:713][526]LogModuleManager: Shutting down and abandoning module FoliageEdit (165)
[2014.12.10-21.15.25:713][526]LogModuleManager: Shutting down and abandoning module LandscapeEditor (164)
[2014.12.10-21.15.25:713][526]LogModuleManager: Shutting down and abandoning module MeshPaint (163)
[2014.12.10-21.15.25:713][526]LogModuleManager: Shutting down and abandoning module ActorPickerMode (162)
[2014.12.10-21.15.25:714][526]LogModuleManager: Shutting down and abandoning module GeometryMode (161)
[2014.12.10-21.15.25:714][526]LogModuleManager: Shutting down and abandoning module TextureAlignMode (160)
[2014.12.10-21.15.25:714][526]LogModuleManager: Shutting down and abandoning module BspMode (159)
[2014.12.10-21.15.25:714][526]LogModuleManager: Shutting down and abandoning module PlacementMode (158)
[2014.12.10-21.15.25:714][526]LogModuleManager: Shutting down and abandoning module AutomationWorker (157)
[2014.12.10-21.15.25:714][526]LogModuleManager: Shutting down and abandoning module CharacterAI (156)
[2014.12.10-21.15.25:714][526]LogModuleManager: Shutting down and abandoning module GameProjectGeneration (155)
[2014.12.10-21.15.25:714][526]LogModuleManager: Shutting down and abandoning module IntroTutorials (154)
[2014.12.10-21.15.25:714][526]LogModuleManager: Shutting down and abandoning module EditorLiveStreaming (153)
[2014.12.10-21.15.25:714][526]LogModuleManager: Shutting down and abandoning module HardwareTargeting (152)
[2014.12.10-21.15.25:714][526]LogModuleManager: Shutting down and abandoning module DeviceProfileEditor (151)
[2014.12.10-21.15.25:714][526]LogModuleManager: Shutting down and abandoning module UndoHistory (150)
[2014.12.10-21.15.25:714][526]LogModuleManager: Shutting down and abandoning module GameplayTagsEditor (149)
[2014.12.10-21.15.25:714][526]LogModuleManager: Shutting down and abandoning module UserFeedback (148)
[2014.12.10-21.15.25:714][526]LogModuleManager: Shutting down and abandoning module XmlParser (147)
[2014.12.10-21.15.25:714][526]LogModuleManager: Shutting down and abandoning module Blutility (146)
[2014.12.10-21.15.25:714][526]LogModuleManager: Shutting down and abandoning module IOSPlatformEditor (145)
[2014.12.10-21.15.25:715][526]LogModuleManager: Shutting down and abandoning module IOSRuntimeSettings (144)
[2014.12.10-21.15.25:715][526]LogModuleManager: Shutting down and abandoning module AndroidPlatformEditor (143)
[2014.12.10-21.15.25:715][526]LogModuleManager: Shutting down and abandoning module AndroidRuntimeSettings (142)
[2014.12.10-21.15.25:715][526]LogModuleManager: Shutting down and abandoning module ProjectTargetPlatformEditor (141)
[2014.12.10-21.15.25:715][526]LogModuleManager: Shutting down and abandoning module ProjectSettingsViewer (140)
[2014.12.10-21.15.25:715][526]LogModuleManager: Shutting down and abandoning module InputBindingEditor (139)
[2014.12.10-21.15.25:715][526]LogModuleManager: Shutting down and abandoning module EditorSettingsViewer (138)
[2014.12.10-21.15.25:715][526]LogModuleManager: Shutting down and abandoning module SettingsEditor (137)
[2014.12.10-21.15.25:715][526]LogModuleManager: Shutting down and abandoning module ProjectLauncher (136)
[2014.12.10-21.15.25:715][526]LogModuleManager: Shutting down and abandoning module SessionFrontend (135)
[2014.12.10-21.15.25:715][526]LogModuleManager: Shutting down and abandoning module ProfilerClient (134)
[2014.12.10-21.15.25:715][526]LogModuleManager: Shutting down and abandoning module TargetDeviceServices (133)
[2014.12.10-21.15.25:715][526]LogModuleManager: Shutting down and abandoning module DeviceManager (132)
[2014.12.10-21.15.25:715][526]LogModuleManager: Shutting down and abandoning module AutomationController (131)
[2014.12.10-21.15.25:715][526]LogModuleManager: Shutting down and abandoning module AutomationWindow (130)
[2014.12.10-21.15.25:715][526]LogModuleManager: Shutting down and abandoning module Layers (129)
[2014.12.10-21.15.25:716][526]LogModuleManager: Shutting down and abandoning module ComponentVisualizers (128)
[2014.12.10-21.15.25:716][526]LogModuleManager: Shutting down and abandoning module DetailCustomizations (127)
[2014.12.10-21.15.25:716][526]LogModuleManager: Shutting down and abandoning module PackagesDialog (126)
[2014.12.10-21.15.25:716][526]LogModuleManager: Shutting down and abandoning module AssetRegistry (125)
[2014.12.10-21.15.25:861][526]LogModuleManager: Shutting down and abandoning module Persona (124)
[2014.12.10-21.15.25:862][526]LogModuleManager: Shutting down and abandoning module Kismet (123)
[2014.12.10-21.15.25:862][526]LogModuleManager: Shutting down and abandoning module GraphEditor (122)
[2014.12.10-21.15.25:862][526]LogModuleManager: Shutting down and abandoning module ClassViewer (121)
[2014.12.10-21.15.25:862][526]LogModuleManager: Shutting down and abandoning module Toolbox (120)
[2014.12.10-21.15.25:862][526]LogModuleManager: Shutting down and abandoning module ModuleUI (119)
[2014.12.10-21.15.25:863][526]LogModuleManager: Shutting down and abandoning module MovieSceneTools (118)
[2014.12.10-21.15.25:863][526]LogModuleManager: Shutting down and abandoning module OutputLog (117)
[2014.12.10-21.15.25:863][526]LogModuleManager: Shutting down and abandoning module GammaUI (116)
[2014.12.10-21.15.25:863][526]LogModuleManager: Shutting down and abandoning module Documentation (115)
[2014.12.10-21.15.25:863][526]LogModuleManager: Shutting down and abandoning module GameLiveStreaming (114)
[2014.12.10-21.15.25:863][526]LogModuleManager: Shutting down and abandoning module StreamingPauseRendering (113)
[2014.12.10-21.15.25:863][526]LogModuleManager: Shutting down and abandoning module HTTP (112)
[2014.12.10-21.15.25:863][526]LogModuleManager: Shutting down and abandoning module AnalyticsET (111)
[2014.12.10-21.15.25:863][526]LogModuleManager: Shutting down and abandoning module Analytics (110)
[2014.12.10-21.15.25:863][526]LogModuleManager: Shutting down and abandoning module AITestSuite (109)
[2014.12.10-21.15.25:863][526]LogModuleManager: Shutting down and abandoning module AIModule (108)
[2014.12.10-21.15.25:863][526]LogModuleManager: Shutting down and abandoning module ProfilerService (107)
[2014.12.10-21.15.25:889][526]LogModuleManager: Shutting down and abandoning module TaskGraph (106)
[2014.12.10-21.15.25:889][526]LogModuleManager: Shutting down and abandoning module GameplayDebugger (105)
[2014.12.10-21.15.25:889][526]LogModuleManager: Shutting down and abandoning module SlateRemote (104)
[2014.12.10-21.15.25:889][526]LogModuleManager: Shutting down and abandoning module ScriptEditorPlugin (103)
[2014.12.10-21.15.25:889][526]LogModuleManager: Shutting down and abandoning module CustomMeshComponent (102)
[2014.12.10-21.15.25:889][526]LogModuleManager: Shutting down and abandoning module CableComponent (101)
[2014.12.10-21.15.25:889][526]LogModuleManager: Shutting down and abandoning module MessagingDebugger (100)
[2014.12.10-21.15.25:889][526]LogModuleManager: Shutting down and abandoning module MediaPlayerEditor (99)
[2014.12.10-21.15.25:889][526]LogModuleManager: Shutting down and abandoning module SpeedTreeImporter (98)
[2014.12.10-21.15.25:889][526]LogModuleManager: Shutting down and abandoning module PluginsEditor (97)
[2014.12.10-21.15.25:889][526]LogModuleManager: Shutting down and abandoning module EpicSurvey (96)
[2014.12.10-21.15.25:889][526]LogModuleManager: Shutting down and abandoning module DesktopPlatform (95)
[2014.12.10-21.15.25:889][526]LogModuleManager: Shutting down and abandoning module VisualStudioSourceCodeAccess (94)
[2014.12.10-21.15.25:889][526]LogModuleManager: Shutting down and abandoning module UObjectPlugin (93)
[2014.12.10-21.15.25:889][526]LogModuleManager: Shutting down and abandoning module SubversionSourceControl (92)
[2014.12.10-21.15.25:889][526]LogModuleManager: Shutting down and abandoning module SourceControl (91)
[2014.12.10-21.15.25:889][526]LogModuleManager: Shutting down and abandoning module PerforceSourceControl (90)
[2014.12.10-21.15.25:889][526]LogModuleManager: Shutting down and abandoning module BlankPlugin (89)
[2014.12.10-21.15.25:889][526]LogModuleManager: Shutting down and abandoning module SlateReflector (88)
[2014.12.10-21.15.25:889][526]LogModuleManager: Shutting down and abandoning module DirectoryWatcher (87)
[2014.12.10-21.15.25:890][526]LogModuleManager: Shutting down and abandoning module HotReload (86)
[2014.12.10-21.15.25:890][526]LogModuleManager: Shutting down and abandoning module MainFrame (85)
[2014.12.10-21.15.25:891][526]LogModuleManager: Shutting down and abandoning module LevelEditor (84)
[2014.12.10-21.15.25:893][526]LogModuleManager: Shutting down and abandoning module ViewportSnapping (83)
[2014.12.10-21.15.25:893][526]LogModuleManager: Shutting down and abandoning module SmartSnapping (82)
[2014.12.10-21.15.25:893][526]LogModuleManager: Shutting down and abandoning module PaperTiledImporter (81)
[2014.12.10-21.15.25:893][526]LogModuleManager: Shutting down and abandoning module PaperJsonImporter (80)
[2014.12.10-21.15.25:893][526]LogModuleManager: Shutting down and abandoning module ContentBrowser (79)
[2014.12.10-21.15.25:893][526]LogModuleManager: Shutting down and abandoning module Paper2DEditor (78)
[2014.12.10-21.15.25:893][526]LogModuleManager: Shutting down and abandoning module ScriptPlugin (77)
[2014.12.10-21.15.25:893][526]LogModuleManager: Shutting down and abandoning module UdpMessaging (76)
[2014.12.10-21.15.25:994][526]LogModuleManager: Shutting down and abandoning module Paper2D (75)
[2014.12.10-21.15.25:994][526]LogModuleManager: Shutting down and abandoning module UE4Game (74)
[2014.12.10-21.15.25:994][526]LogModuleManager: Shutting down and abandoning module WindowsMoviePlayer (73)
[2014.12.10-21.15.25:998][526]LogModuleManager: Shutting down and abandoning module Media (72)
[2014.12.10-21.15.25:998][526]LogModuleManager: Shutting down and abandoning module WmfMedia (71)
[2014.12.10-21.15.25:998][526]LogModuleManager: Shutting down and abandoning module OnlineBlueprintSupport (70)
[2014.12.10-21.15.25:999][526]LogModuleManager: Shutting down and abandoning module PropertyEditor (69)
[2014.12.10-21.15.25:999][526]LogModuleManager: Shutting down and abandoning module BehaviorTreeEditor (68)
[2014.12.10-21.15.25:999][526]LogModuleManager: Shutting down and abandoning module FunctionalTesting (67)
[2014.12.10-21.15.25:999][526]LogModuleManager: Shutting down and abandoning module CollisionAnalyzer (66)
[2014.12.10-21.15.25:999][526]LogModuleManager: Shutting down and abandoning module WorkspaceMenuStructure (65)
[2014.12.10-21.15.25:999][526]LogModuleManager: Shutting down and abandoning module MessageLog (64)
[2014.12.10-21.15.25:999][526]LogModuleManager: Shutting down and abandoning module Sequencer (63)
[2014.12.10-21.15.25:999][526]LogModuleManager: Shutting down and abandoning module AssetTools (62)
[2014.12.10-21.15.25:999][526]LogModuleManager: Shutting down and abandoning module UMGEditor (61)
[2014.12.10-21.15.25:999][526]LogModuleManager: Shutting down and abandoning module UMG (60)
[2014.12.10-21.15.25:999][526]LogModuleManager: Shutting down and abandoning module Slate (59)
[2014.12.10-21.15.25:999][526]LogModuleManager: Shutting down and abandoning module EditorStyle (58)
[2014.12.10-21.15.26:005][526]LogModuleManager: Shutting down and abandoning module SessionServices (57)
[2014.12.10-21.15.26:005][526]LogModuleManager: Shutting down and abandoning module SourceCodeAccess (56)
[2014.12.10-21.15.26:005][526]LogModuleManager: Shutting down and abandoning module HeadMountedDisplay (55)
[2014.12.10-21.15.26:006][526]LogModuleManager: Shutting down and abandoning module XAudio2 (54)
[2014.12.10-21.15.26:006][526]LogModuleManager: Shutting down and abandoning module Networking (52)
[2014.12.10-21.15.26:006][526]LogModuleManager: Shutting down and abandoning module Core (51)
[2014.12.10-21.15.26:006][526]LogModuleManager: Shutting down and abandoning module KismetCompiler (50)
[2014.12.10-21.15.26:006][526]LogModuleManager: Shutting down and abandoning module PhysXFormats (49)
[2014.12.10-21.15.26:006][526]LogModuleManager: Shutting down and abandoning module MeshUtilities (48)
[2014.12.10-21.15.26:006][526]LogModuleManager: Shutting down and abandoning module DerivedDataCache (47)
[2014.12.10-21.15.26:061][526]LogDerivedDataCache: Shutdown
[2014.12.10-21.15.26:061][526]LogModuleManager: Shutting down and abandoning module ShaderFormatOpenGL (46)
[2014.12.10-21.15.26:061][526]LogModuleManager: Shutting down and abandoning module ShaderFormatD3D (45)
[2014.12.10-21.15.26:062][526]LogModuleManager: Shutting down and abandoning module MetalShaderFormat (44)
[2014.12.10-21.15.26:062][526]LogModuleManager: Shutting down and abandoning module TextureFormatUncompressed (43)
[2014.12.10-21.15.26:062][526]LogModuleManager: Shutting down and abandoning module TextureFormatPVR (42)
[2014.12.10-21.15.26:062][526]LogModuleManager: Shutting down and abandoning module TextureFormatDXT (41)
[2014.12.10-21.15.26:062][526]LogModuleManager: Shutting down and abandoning module TextureFormatAndroid (40)
[2014.12.10-21.15.26:062][526]LogModuleManager: Shutting down and abandoning module AudioFormatOpus (39)
[2014.12.10-21.15.26:062][526]LogModuleManager: Shutting down and abandoning module AudioFormatOgg (38)
[2014.12.10-21.15.26:062][526]LogModuleManager: Shutting down and abandoning module AudioFormatADPCM (37)
[2014.12.10-21.15.26:062][526]LogModuleManager: Shutting down and abandoning module LinuxTargetPlatform (36)
[2014.12.10-21.15.26:062][526]LogModuleManager: Shutting down and abandoning module LinuxServerTargetPlatform (35)
[2014.12.10-21.15.26:062][526]LogModuleManager: Shutting down and abandoning module LinuxNoEditorTargetPlatform (34)
[2014.12.10-21.15.26:062][526]LogModuleManager: Shutting down and abandoning module Messaging (33)
[2014.12.10-21.15.26:062][526]LogModuleManager: Shutting down and abandoning module IOSTargetPlatform (32)
[2014.12.10-21.15.26:062][526]LogModuleManager: Shutting down and abandoning module Android_PVRTCTargetPlatform (31)
[2014.12.10-21.15.26:062][526]LogModuleManager: Shutting down and abandoning module Android_ETC2TargetPlatform (30)
[2014.12.10-21.15.26:062][526]LogModuleManager: Shutting down and abandoning module Android_ETC1TargetPlatform (29)
[2014.12.10-21.15.26:062][526]LogModuleManager: Shutting down and abandoning module Android_DXTTargetPlatform (28)
[2014.12.10-21.15.26:062][526]LogModuleManager: Shutting down and abandoning module Android_ATCTargetPlatform (27)
[2014.12.10-21.15.26:062][526]LogModuleManager: Shutting down and abandoning module AndroidTargetPlatform (26)
[2014.12.10-21.15.26:062][526]LogModuleManager: Shutting down and abandoning module WindowsTargetPlatform (25)
[2014.12.10-21.15.26:062][526]LogModuleManager: Shutting down and abandoning module WindowsServerTargetPlatform (24)
[2014.12.10-21.15.26:062][526]LogModuleManager: Shutting down and abandoning module WindowsNoEditorTargetPlatform (23)
[2014.12.10-21.15.26:062][526]LogModuleManager: Shutting down and abandoning module WindowsClientTargetPlatform (22)
[2014.12.10-21.15.26:062][526]LogModuleManager: Shutting down and abandoning module TargetPlatform (21)
[2014.12.10-21.15.26:062][526]LogModuleManager: Shutting down and abandoning module InputCore (20)
[2014.12.10-21.15.26:062][526]LogModuleManager: Shutting down and abandoning module Settings (19)
[2014.12.10-21.15.26:062][526]LogModuleManager: Shutting down and abandoning module ImageWrapper (18)
[2014.12.10-21.15.26:062][526]LogModuleManager: Shutting down and abandoning module OculusRift (15)
[2014.12.10-21.15.26:062][526]LogModuleManager: Shutting down and abandoning module ExampleDeviceProfileSelector (14)
[2014.12.10-21.15.26:062][526]LogModuleManager: Shutting down and abandoning module TextureCompressor (13)
[2014.12.10-21.15.26:062][526]LogModuleManager: Shutting down and abandoning module ShaderCore (12)
[2014.12.10-21.15.26:062][526]LogModuleManager: Shutting down and abandoning module Landscape (11)
[2014.12.10-21.15.26:062][526]LogModuleManager: Shutting down and abandoning module SlateRHIRenderer (10)
[2014.12.10-21.15.26:065][526]LogModuleManager: Shutting down and abandoning module OpenGLDrv (9)
[2014.12.10-21.15.26:065][526]LogModuleManager: Shutting down and abandoning module D3D11RHI (8)
[2014.12.10-21.15.26:065][526]LogModuleManager: Shutting down and abandoning module Renderer (7)
[2014.12.10-21.15.26:065][526]LogModuleManager: Shutting down and abandoning module Engine (6)
[2014.12.10-21.15.26:066][526]LogModuleManager: Shutting down and abandoning module CoreUObject (5)
[2014.12.10-21.15.26:066][526]LogModuleManager: Shutting down and abandoning module NetworkFile (4)
[2014.12.10-21.15.26:066][526]LogModuleManager: Shutting down and abandoning module StreamingFile (3)
[2014.12.10-21.15.26:066][526]LogModuleManager: Shutting down and abandoning module SandboxFile (2)
[2014.12.10-21.15.26:066][526]LogModuleManager: Shutting down and abandoning module PakFile (1)
[2014.12.10-21.15.26:067][526]LogExit: Exiting.
[2014.12.10-21.15.26:082][526]Log file closed, 12/10/14 21:15:26
