Log file open, 12/10/14 16:48:13
LogInit:Display: Running engine for game: AsteroidMiner
LogInit: Version: 4.6.0-2369412+++depot+UE4-Releases+4.6
LogInit: API Version: 2369412
LogInit: Compiled (64-bit): Nov 24 2014 21:54:04
LogInit: Compiled with Visual C++: 18.00.21005.01
LogInit: Build Configuration: Development
LogInit: Branch Name: ++depot+UE4-Releases+4.6
LogInit: Command line:  
LogInit: Base directory: C:/Program Files/Epic Games/4.6/Engine/Binaries/Win64/
LogInit: Rocket: 1
[2014.12.10-16.48.14:079][  0]LogTaskGraph: Started task graph with 3 named threads and 6 total threads.
[2014.12.10-16.48.14:149][  0]LogOnline:Warning: No default platform service specified for OnlineSubsystem
[2014.12.10-16.48.14:191][  0]LogInit: Presizing for 0 objects not considered by GC, pre-allocating 0 bytes.
[2014.12.10-16.48.14:207][  0]LogInit: Object subsystem initialized
[2014.12.10-16.48.14:211][  0]LogConsoleResponse:Warning: Skipping Unknown console variable: 'UIScaleCurve = (EditorCurveData=(Keys=((Time=480.000000,Value=0.444000),(Time=720.000000,Value=0.666000),(Time=1080.000000,Value=1.000000),(Time=8640.000000,Value=8.000000))),ExternalCurve=None)'
[2014.12.10-16.48.14:211][  0]LogConsoleResponse:Warning:   Found in ini file 'E:/Other Files/UnrealEngine_4.5/Projects/AsteroidMiner4.6/Saved/Config/Windows/Engine.ini', in section '[/Script/Engine.RendererSettings]'
[2014.12.10-16.48.14:212][  0]LogConsoleManager:Warning: Console variable 'r.MSAA.CompositingSampleCount' wasn't set (Priority ProjectSetting < Scalability)
[2014.12.10-16.48.14:212][  0]LogInit: Selected Device Profile: [Windows]
[2014.12.10-16.48.14:212][  0]LogInit: Applying CVar settings loaded from the selected device profile: [Windows]
[2014.12.10-16.48.14:272][  0]LogInit: Computer: LLOYDS_PC
[2014.12.10-16.48.14:273][  0]LogInit: User: 10021000
[2014.12.10-16.48.14:273][  0]LogInit: CPU Page size=4096, Cores=4
[2014.12.10-16.48.14:273][  0]LogInit: High frequency timer resolution =2.337877 MHz
[2014.12.10-16.48.14:273][  0]LogMemory: Memory total: Physical=5.9GB (6GB approx) Virtual=131072.0GB
[2014.12.10-16.48.14:273][  0]LogMemory: Platform Memory Stats for Windows
[2014.12.10-16.48.14:273][  0]LogMemory: Process Physical Memory: 47.28 MB used, 47.28 MB peak
[2014.12.10-16.48.14:273][  0]LogMemory: Process Virtual Memory: 23.07 MB used, 24.36 MB peak
[2014.12.10-16.48.14:273][  0]LogMemory: Physical Memory: 2647.96 MB used, 6077.92 MB total
[2014.12.10-16.48.14:273][  0]LogMemory: Virtual Memory: 272.18 MB used, 134217728.00 MB total
[2014.12.10-16.48.14:328][  0]LogD3D11RHI: Found D3D11 adapter 0: NVIDIA GeForce GTX 680 (Feature Level 11_0)
[2014.12.10-16.48.14:328][  0]LogD3D11RHI: Adapter has 1985MB of dedicated video memory, 0MB of dedicated system memory, and 2048MB of shared system memory, 2 output[s]
[2014.12.10-16.48.14:332][  0]LogD3D11RHI: Found D3D11 adapter 1: Microsoft Basic Render Driver (Feature Level 11_0)
[2014.12.10-16.48.14:332][  0]LogD3D11RHI: Adapter has 0MB of dedicated video memory, 0MB of dedicated system memory, and 256MB of shared system memory, 0 output[s]
[2014.12.10-16.48.14:332][  0]LogD3D11RHI: Chosen D3D11 Adapter Id = 0
[2014.12.10-16.48.14:341][  0]LogRHI: Texture pool is 1361 MB (70% of 1945 MB)
[2014.12.10-16.48.14:363][  0]LogD3D11RHI: Async texture creation enabled
[2014.12.10-16.48.14:496][  0]LogTextLocalizationManager: The requested culture ('en_GB') has no localization data; parent culture's ('en') localization data will be used.
[2014.12.10-16.48.14:779][  0]LogContentStreaming: Texture pool size is 0.000000MB
[2014.12.10-16.48.26:301][  0]LogTargetPlatformManager:Display: Building Assets For Windows
[2014.12.10-16.48.27:377][  0]LogTargetPlatformManager:Display: Building Assets For Windows
[2014.12.10-16.48.27:491][  0]LogDerivedDataCache:Display: Max Cache Size: 512 MB
[2014.12.10-16.48.27:647][  0]LogDerivedDataCache: Loaded boot cache 0.16s 39MB C:/Users/10021_000/AppData/Local/UnrealEngine/4.6/DerivedDataCache/Boot.ddc.
[2014.12.10-16.48.27:647][  0]LogDerivedDataCache:Display: Loaded Boot cache: C:/Users/10021_000/AppData/Local/UnrealEngine/4.6/DerivedDataCache/Boot.ddc
[2014.12.10-16.48.27:654][  0]LogDerivedDataCache: FDerivedDataBackendGraph:  Pak pak cache file E:/Other Files/UnrealEngine_4.5/Projects/AsteroidMiner4.6/DerivedDataCache/DDC.ddp not found, will not use a pak cache.
[2014.12.10-16.48.27:654][  0]LogDerivedDataCache: Unable to find inner node Pak for hierarchical cache Hierarchy.
[2014.12.10-16.48.27:770][  0]LogDerivedDataCache:Display: Pak cache opened for reading ../../../Engine/DerivedDataCache/DDC.ddp.
[2014.12.10-16.48.27:784][  0]LogDerivedDataCache: Using Local data cache path C:/Users/10021_000/AppData/Local/UnrealEngine/Common/DerivedDataCache: Writable
[2014.12.10-16.48.28:079][  0]LogCollisionProfile:Warning: Profile (Trigger) - Custom Channel Name = 'Projectile' hasn't been found
[2014.12.10-16.48.28:079][  0]LogCollisionProfile:Warning: Profile (UI) - Custom Channel Name = 'Weapon' hasn't been found
[2014.12.10-16.48.28:079][  0]LogCollisionProfile:Warning: Profile (Projectile) ObjectTypeName (Projectile) is invalid. 
[2014.12.10-16.48.28:379][  0]LogMeshUtilities: No automatic mesh reduction module available
[2014.12.10-16.48.28:379][  0]LogMeshUtilities: No automatic mesh merging module available
[2014.12.10-16.48.29:277][  0]LogInit: WinSock: version 1.1 (2.2), MaxSocks=32767, MaxUdp=65467
[2014.12.10-16.48.29:391][  0]LogSlate:Warning: Failed to load font data from '../../../Engine/Content/Slate/Fonts/Roboto-Italic.ttf'
[2014.12.10-16.48.31:006][  0]UdpMessaging: Initializing bridge on interface 0.0.0.0:0 to multicast group 230.0.0.1:6666.
[2014.12.10-16.48.31:283][  0]LogDirectoryWatcher:Warning: Failed to begin reading directory changes for E:/Other Files/UnrealEngine_4.5/Projects/AsteroidMiner4.6/Binaries/Win64. Error: 0
[2014.12.10-16.48.31:605][  0]SourceControl: Info Source control is disabled
[2014.12.10-16.48.31:605][  0]SourceControl: Info Source control is disabled
[2014.12.10-16.48.31:618][  0]SourceControl: Info Source control is disabled
[2014.12.10-16.48.31:865][  0]LogObj: 23754 objects as part of root set at end of initial load.
[2014.12.10-16.48.31:865][  0]LogUObjectAllocator: 5168136 out of 0 bytes used by permanent object pool.
[2014.12.10-16.48.31:965][  0]LogEngine: Initializing Engine...
[2014.12.10-16.48.32:274][  0]LogInit: XAudio2 using '37'' TFT-TV-4 (NVIDIA High Definition Audio)' : 2 channels at 48 kHz using 16 bits per sample (channel mask 0x3)
[2014.12.10-16.48.32:284][  0]LogInit: FAudioDevice initialized.
[2014.12.10-16.48.32:323][  0]LogAIModule: Creating AISystem for world NewWorld
[2014.12.10-16.48.32:397][  0]LogDerivedDataCache: Saved boot cache 0.07s 39MB C:/Users/10021_000/AppData/Local/UnrealEngine/4.6/DerivedDataCache/Boot.ddc.
[2014.12.10-16.48.32:438][  0]LogInit: Texture streaming: Enabled
[2014.12.10-16.48.32:496][  0]LogAnalytics: Creating configured Analytics provider AnalyticsET
[2014.12.10-16.48.32:496][  0]LogAnalytics: ET APIKey = Rocket.Release. APIServer = http://et2.epicgames.com/ET2/. AppVersion = 4.6.0-2369412+++depot+UE4-Releases+4.6
[2014.12.10-16.48.32:498][  0]LogAnalytics: SetUserId a29c071cf10a93fac0ff457d50595e17
[2014.12.10-16.48.32:498][  0]LogAnalytics: AnalyticsET::StartSession [Rocket.Release]
[2014.12.10-16.48.32:524][  0]LogInit: Transaction tracking system initialized
[2014.12.10-16.48.32:710][  0]BlueprintLog: New page: Editor Load
[2014.12.10-16.48.32:773][  0]LogAssetRegistry: FAssetRegistry took 0.0127 seconds to start up
[2014.12.10-16.48.32:774][  0]LogDirectoryWatcher:Warning: Failed to begin reading directory changes for ../../../Engine/Plugins/Experimental/CharacterAI/Content/. Error: 0
[2014.12.10-16.48.33:768][  0]LogTargetPlatformManager:Display: Building Assets For Windows
[2014.12.10-16.48.34:414][  0]LogTargetPlatformManager:Display: Building Assets For Windows
[2014.12.10-16.48.34:798][  0]LogConsoleResponse:Display: 
[2014.12.10-16.48.34:891][  0]LogLinker:Warning: Asset '../../../Engine/Content/Functions/Engine_MaterialFunctions03/Procedurals/ComputeFilterWidth.uasset' has been saved with empty engine version. The asset will be loaded but may be incompatible.
[2014.12.10-16.48.35:283][  0]SourceControl: Info Source control is disabled
[2014.12.10-16.48.35:284][  0]Cmd: MAP LOAD FILE="E:/Other Files/UnrealEngine_4.5/Projects/AsteroidMiner4.6/Content/Maps/AsteroidMiner.umap" TEMPLATE=0 SHOWPROGRESS=1
[2014.12.10-16.48.35:288][  0]LightingResults: New page: Lighting Build
[2014.12.10-16.48.35:306][  0]MapCheck: New page: Map Check
[2014.12.10-16.48.35:306][  0]LightingResults: New page: Lighting Build
[2014.12.10-16.48.35:564][  0]LogParticles: Destroying 0 GPU particle simulations for FXSystem 0x0000001D4C661940
[2014.12.10-16.48.35:564][  0]LogLinker:Warning: Asset 'E:/Other Files/UnrealEngine_4.5/Projects/AsteroidMiner4.6/Content/Materials/M_SkyBox.uasset' has been saved with empty engine version. The asset will be loaded but may be incompatible.
[2014.12.10-16.48.35:566][  0]LogLinker:Warning: Asset 'E:/Other Files/UnrealEngine_4.5/Projects/AsteroidMiner4.6/Content/Textures/HighResSkyBox.uasset' has been saved with empty engine version. The asset will be loaded but may be incompatible.
[2014.12.10-16.48.36:513][  0]LogLinker:Warning: Asset 'E:/Other Files/UnrealEngine_4.5/Projects/AsteroidMiner4.6/Content/Meshes/DetailedSun.uasset' has been saved with empty engine version. The asset will be loaded but may be incompatible.
[2014.12.10-16.48.36:515][  0]LogLinker:Warning: Asset 'E:/Other Files/UnrealEngine_4.5/Projects/AsteroidMiner4.6/Content/Materials/M_Sun.uasset' has been saved with empty engine version. The asset will be loaded but may be incompatible.
[2014.12.10-16.48.36:521][  0]LogLinker:Warning: Asset 'E:/Other Files/UnrealEngine_4.5/Projects/AsteroidMiner4.6/Content/Textures/T_Fire.uasset' has been saved with empty engine version. The asset will be loaded but may be incompatible.
[2014.12.10-16.48.36:731][  0]LogBlueprint:Warning: [AdjustVelocityBTT] CreatePinForVariable: 'VelocityChange?' variable not found. Base class was probably changed.
[2014.12.10-16.48.36:767][  0]LogBlueprint:Warning: [compiler] Warning Could not find a variable named "VelocityChange?" in 'BotShip_C'.
Make sure 'BotShip_C' has been compiled for  Set VelocityChange? 
[2014.12.10-16.48.36:771][  0]LogBlueprint:Error: [compiler] Error The property associated with  Velocity Change?  could not be found
[2014.12.10-16.48.36:789][  0]LogBlueprint:Warning: [compiler] Warning [0026.09] Compile of AdjustVelocityBTT failed. 1 Fatal Issue(s) 1 Warning(s) [in 57 ms]
[2014.12.10-16.48.37:020][  0]LoadErrors:Error: Error Failed import for BoolProperty
[2014.12.10-16.48.37:439][  0]LogLinker:Warning: Asset 'E:/Other Files/UnrealEngine_4.5/Projects/AsteroidMiner4.6/Content/Blueprints/Objects/B_Asteroid.uasset' has been saved with empty engine version. The asset will be loaded but may be incompatible.
[2014.12.10-16.48.37:444][  0]LogLinker:Warning: Asset 'E:/Other Files/UnrealEngine_4.5/Projects/AsteroidMiner4.6/Content/Meshes/Rock.uasset' has been saved with empty engine version. The asset will be loaded but may be incompatible.
[2014.12.10-16.48.37:446][  0]LogLinker:Warning: Asset 'E:/Other Files/UnrealEngine_4.5/Projects/AsteroidMiner4.6/Content/Materials/M_Asteroid.uasset' has been saved with empty engine version. The asset will be loaded but may be incompatible.
[2014.12.10-16.48.37:465][  0]LoadErrors:Error: Error Failed import for BoolProperty
[2014.12.10-16.48.37:564][  0]LogBlueprint:Warning: [compiler] Warning  Remove from Viewport  is deprecated; Use RemoveFromParent instead
[2014.12.10-16.48.37:566][  0]LogBlueprint:Warning: [compiler] Warning [0026.86] Compile of GameOverWidget successful, but with 1 Warning(s) [in 7 ms]
[2014.12.10-16.48.37:569][  0]LogBlueprint:Warning: [compiler] Warning  Remove from Viewport  is deprecated; Use RemoveFromParent instead
[2014.12.10-16.48.37:573][  0]LogBlueprint:Warning: [compiler] Warning [0026.87] Compile of GameOverWidget successful, but with 1 Warning(s) [in 3 ms]
[2014.12.10-16.48.37:574][  0]LogBlueprint:Warning: [compiler] Warning [0026.87] Compile of GameOverWidget successful, but with 2 Warning(s) [in 0 ms]
[2014.12.10-16.48.37:627][  0]LogBlueprint:Warning: [compiler] Warning  Remove from Viewport  is deprecated; Use RemoveFromParent instead
[2014.12.10-16.48.37:629][  0]LogBlueprint:Warning: [compiler] Warning [0026.93] Compile of PauseMenuWidget successful, but with 1 Warning(s) [in 9 ms]
[2014.12.10-16.48.37:633][  0]LogBlueprint:Warning: [compiler] Warning  Remove from Viewport  is deprecated; Use RemoveFromParent instead
[2014.12.10-16.48.37:634][  0]LogBlueprint:Warning: [compiler] Warning [0026.93] Compile of PauseMenuWidget successful, but with 1 Warning(s) [in 3 ms]
[2014.12.10-16.48.37:634][  0]LogBlueprint:Warning: [compiler] Warning [0026.93] Compile of PauseMenuWidget successful, but with 2 Warning(s) [in 0 ms]
[2014.12.10-16.48.39:338][  0]LogEditorServer: Finished looking for orphan Actors (0.000 secs)
[2014.12.10-16.48.39:338][  0]LogAIModule: Creating AISystem for world AsteroidMiner
[2014.12.10-16.48.39:339][  0]Cmd: MAP CHECKDEP
[2014.12.10-16.48.39:340][  0]MapCheck: New page: AsteroidMiner - 10 Dec 2014 16:48:39
[2014.12.10-16.48.39:605][  0]MapCheck: Info Map check complete: 0 Error(s), 0 Warning(s), took 265.71ms to complete.
[2014.12.10-16.48.39:606][  0]LogFileHelpers: Loading map 'AsteroidMiner' took 4.321
[2014.12.10-16.48.39:731][  0]LogCollectionManager: Loaded 0 collections in 0.002704 seconds
[2014.12.10-16.48.39:945][  0]LogCrashTracker: Crashtracker disabled due to settings.
[2014.12.10-16.48.39:956][  0]LogUObjectGlobals:Warning: Failed to find object 'Class None.'
[2014.12.10-16.48.39:990][  0]LogLoad: Full Startup: 29.29 seconds (BP compile: 1.29 seconds)
[2014.12.10-16.48.40:346][  0]LogContentBrowser:Verbose: The content browser source was changed by the sources view to '/Game/Blueprints/AI/BehaviourTreeTasks'
[2014.12.10-16.48.40:716][  0]LogRenderer:Warning: Reallocating scene render targets to support 944x872.
[2014.12.10-16.48.42:031][  4]LogAssetRegistry: Asset discovery search completed in 9.2706 seconds
[2014.12.10-16.48.42:082][  4]LogAnalytics: Event Editor.Usage.AssetClasses has too many attributes (41). May be truncated at the collector.
[2014.12.10-16.50.15:667][385]BlueprintLog: New page: Compile AdjustVelocityBTT
[2014.12.10-16.50.16:021][385]BlueprintEditorCompileResults: Info [0125.32] Compile of AdjustVelocityBTT successful! [in 289 ms]
[2014.12.10-16.50.27:877][532]BlueprintLog: New page: Pre-PIE auto-recompile
[2014.12.10-16.50.27:881][532]LogPlayLevel: [PIE] Compiling Tutorial_BP_MacroLib before PIE...
[2014.12.10-16.50.28:000][532]LogPlayLevel: [PIE] Compiling AsteroidMiner before PIE...
[2014.12.10-16.50.28:769][532]LogPlayLevel: PIE:  Blueprint regeneration took 892 ms (2 blueprints)
[2014.12.10-16.50.28:769][532]PIE: New page: PIE session: AsteroidMiner (10 Dec 2014 16:50:28)
[2014.12.10-16.50.28:814][532]LogPlayLevel: PIE: StaticDuplicateObject took: (0.044087s)
[2014.12.10-16.50.28:815][532]LogPlayLevel: PIE: World Init took: (0.001260s)
[2014.12.10-16.50.28:815][532]LogPlayLevel: PIE: Created PIE world by copying editor world from /Game/Maps/AsteroidMiner.AsteroidMiner to /Game/Maps/UEDPIE_0_AsteroidMiner.AsteroidMiner (0.045641s)
[2014.12.10-16.50.28:877][532]LogWorld: Game class is 'AsteroidMinerGameMode_C'
[2014.12.10-16.50.28:881][532]LogAIModule: Creating AISystem for world AsteroidMiner
[2014.12.10-16.50.28:882][532]LogWorld: Bringing World /Game/Maps/UEDPIE_0_AsteroidMiner.AsteroidMiner up for play (max tick rate 0) at 2014.12.10-16.50.28
[2014.12.10-16.50.28:884][532]LogWorld: Bringing up level for play took: 0.002728
[2014.12.10-16.50.28:887][532]PIE: Info Play in editor start time for /Game/Maps/UEDPIE_0_AsteroidMiner 1.892
[2014.12.10-16.50.28:913][532]LogScript:Warning: Accessed None 'CallFunc_PlaySoundAttached_ReturnValue'
	AsteroidMinerCamera_C /Game/Maps/UEDPIE_0_AsteroidMiner.AsteroidMiner:PersistentLevel.AsteroidMinerCamera_C_0
	Function /Game/Blueprints/GameComponents/AsteroidMinerCamera.AsteroidMinerCamera_C:ExecuteUbergraph_AsteroidMinerCamera:0091
[2014.12.10-16.50.28:914][532]PIE:Error: Error Accessed None 'CallFunc_PlaySoundAttached_ReturnValue' from node Construction Script in blueprint AsteroidMinerCamera
[2014.12.10-16.50.48:995][ 52]LogParticles: Destroying 0 GPU particle simulations for FXSystem 0x0000001D5DFF2AC0
[2014.12.10-16.51.01:473][732]LogContentBrowser:Verbose: The content browser source was changed by the sources view to '/Game/Blueprints/GameComponents'
[2014.12.10-16.55.13:767][840]BlueprintLog: New page: Compile DebugHud
[2014.12.10-16.55.14:636][840]BlueprintEditorCompileResults: Info [0423.93] Compile of DebugHud successful! [in 615 ms]
[2014.12.10-16.55.16:514][851]Cmd: OBJ SAVEPACKAGE PACKAGE="/Game/Blueprints/GameComponents/DebugHud" FILE="E:/Other Files/UnrealEngine_4.5/Projects/AsteroidMiner4.6/Content/Blueprints/GameComponents/DebugHud.uasset" SILENT=true
[2014.12.10-16.55.26:655][851]LogSavePackage: Save=8969.987305ms
[2014.12.10-16.55.26:655][851]LogSavePackage: Moving 'E:/Other Files/UnrealEngine_4.5/Projects/AsteroidMiner4.6/Saved/DebugHud61218DCC4385663B09A3F08A059DF156.tmp' to 'E:/Other Files/UnrealEngine_4.5/Projects/AsteroidMiner4.6/Content/Blueprints/GameComponents/DebugHud.uasset'
[2014.12.10-16.56.41:293][176]Cmd: OBJ SAVEPACKAGE PACKAGE="/Game/Blueprints/GameComponents/DebugHud" FILE="E:/Other Files/UnrealEngine_4.5/Projects/AsteroidMiner4.6/Content/Blueprints/GameComponents/DebugHud.uasset" SILENT=true
[2014.12.10-16.56.52:010][176]LogSavePackage: Save=9526.263672ms
[2014.12.10-16.56.52:010][176]LogSavePackage: Moving 'E:/Other Files/UnrealEngine_4.5/Projects/AsteroidMiner4.6/Saved/DebugHud76CB32634EDBFEF0EEA6369E763B18C6.tmp' to 'E:/Other Files/UnrealEngine_4.5/Projects/AsteroidMiner4.6/Content/Blueprints/GameComponents/DebugHud.uasset'
[2014.12.10-16.57.09:464][352]BlueprintLog: New page: Pre-PIE auto-recompile
[2014.12.10-16.57.09:473][352]LogPlayLevel: [PIE] Compiling BotShip before PIE...
[2014.12.10-16.57.09:534][352]LogOutputDevice:Warning: 

Script Stack:
AsteroidMiner_C.ExecuteUbergraph_AsteroidMiner
AsteroidMiner_C.BndEvt__BotShip_6_K2Node_ActorBoundEvent_407_ActorDestroyedSignature__DelegateSignature

[2014.12.10-16.57.09:534][352]LogWindows:Error: Windows GetLastError: The operation completed successfully. (0)
[2014.12.10-16.57.09:534][352]LogCrashTracker: 


[2014.12.10-16.57.10:091][352]LogCrashTracker: 


[2014.12.10-16.57.10:091][352]LogWindows: === Critical error: ===
Assertion failed: PC [File:D:\BuildFarm\buildmachine_++depot+UE4-Releases+4.6\Engine\Source\Runtime\Engine\Private\GameplayStatics.cpp] [Line: 131] 



KERNELBASE.dll!UnknownFunction (0x00007ffe3891606c) + 0 bytes [UnknownFile:0]
UE4Editor-Core.dll!UnknownFunction (0x00007ffe191a2f6d) + 0 bytes [UnknownFile:0]
UE4Editor-Core.dll!UnknownFunction (0x00007ffe190360e8) + 0 bytes [UnknownFile:0]
UE4Editor-Core.dll!UnknownFunction (0x00007ffe19019182) + 0 bytes [UnknownFile:0]
UE4Editor-Engine.dll!UnknownFunction (0x00007ffe16acdbb7) + 0 bytes [UnknownFile:0]
UE4Editor-Engine.dll!UnknownFunction (0x00007ffe16806e61) + 0 bytes [UnknownFile:0]
UE4Editor-CoreUObject.dll!UnknownFunction (0x00007ffe2ddb9af4) + 0 bytes [UnknownFile:0]
UE4Editor-CoreUObject.dll!UnknownFunction (0x00007ffe2de7943f) + 0 bytes [UnknownFile:0]
UE4Editor-CoreUObject.dll!UnknownFunction (0x00007ffe2de973bd) + 0 bytes [UnknownFile:0]
UE4Editor-CoreUObject.dll!UnknownFunction (0x00007ffe2deba46a) + 0 bytes [UnknownFile:0]
UE4Editor-CoreUObject.dll!UnknownFunction (0x00007ffe2de98a5e) + 0 bytes [UnknownFile:0]
UE4Editor-CoreUObject.dll!UnknownFunction (0x00007ffe2de7999a) + 0 bytes [UnknownFile:0]
UE4Editor-CoreUObject.dll!UnknownFunction (0x00007ffe2debbd74) + 0 bytes [UnknownFile:0]
UE4Editor-CoreUObject.dll!UnknownFunction (0x00007ffe2de98a5e) + 0 bytes [UnknownFile:0]
UE4Editor-CoreUObject.dll!UnknownFunction (0x00007ffe2ddb9af4) + 0 bytes [UnknownFile:0]
UE4Editor-CoreUObject.dll!UnknownFunction (0x00007ffe2de981c6) + 0 bytes [UnknownFile:0]
UE4Editor-Engine.dll!UnknownFunction (0x00007ffe168c0851) + 0 bytes [UnknownFile:0]
UE4Editor-Engine.dll!UnknownFunction (0x00007ffe16826bf8) + 0 bytes [UnknownFile:0]
UE4Editor-Engine.dll!UnknownFunction (0x00007ffe1687304c) + 0 bytes [UnknownFile:0]
UE4Editor-Engine.dll!UnknownFunction (0x00007ffe16bd4f97) + 0 bytes [UnknownFile:0]
UE4Editor-Engine.dll!UnknownFunction (0x00007ffe16bdff43) + 0 bytes [UnknownFile:0]
UE4Editor-UnrealEd.dll!UnknownFunction (0x00007ffe1583a12b) + 0 bytes [UnknownFile:0]
UE4Editor-UnrealEd.dll!UnknownFunction (0x00007ffe158336f8) + 0 bytes [UnknownFile:0]
UE4Editor-UnrealEd.dll!UnknownFunction (0x00007ffe1580b703) + 0 bytes [UnknownFile:0]
UE4Editor-UnrealEd.dll!UnknownFunction (0x00007ffe152f8a5a) + 0 bytes [UnknownFile:0]
UE4Editor-UnrealEd.dll!UnknownFunction (0x00007ffe15311ee3) + 0 bytes [UnknownFile:0]
UE4Editor-UnrealEd.dll!UnknownFunction (0x00007ffe15057e53) + 0 bytes [UnknownFile:0]
UE4Editor-UnrealEd.dll!UnknownFunction (0x00007ffe15500686) + 0 bytes [UnknownFile:0]
UE4Editor.exe!FEngineLoop::Tick() (0x00007ff72a7bcd94) + 0 bytes [d:\buildfarm\buildmachine_++depot+ue4-releases+4.6\engine\source\runtime\launch\private\launchengineloop.cpp:2214]
UE4Editor.exe!GuardedMain() (0x00007ff72a7b089f) + 0 bytes [d:\buildfarm\buildmachine_++depot+ue4-releases+4.6\engine\source\runtime\launch\private\launch.cpp:131]
UE4Editor.exe!GuardedMainWrapper() (0x00007ff72a7b090a) + 5 bytes [d:\buildfarm\buildmachine_++depot+ue4-releases+4.6\engine\source\runtime\launch\private\windows\launchwindows.cpp:126]
UE4Editor.exe!WinMain() (0x00007ff72a7be3d9) + 17 bytes [d:\buildfarm\buildmachine_++depot+ue4-releases+4.6\engine\source\runtime\launch\private\windows\launchwindows.cpp:202]
UE4Editor.exe!__tmainCRTStartup() (0x00007ff72a7bf319) + 21 bytes [f:\dd\vctools\crt\crtw32\dllstuff\crtexe.c:618]
KERNEL32.DLL!UnknownFunction (0x00007ffe3b0516ad) + 0 bytes [UnknownFile:0]
ntdll.dll!UnknownFunction (0x00007ffe3b1f4409) + 0 bytes [UnknownFile:0]
ntdll.dll!UnknownFunction (0x00007ffe3b1f4409) + 0 bytes [UnknownFile:0]


[2014.12.10-16.57.10:410][352]LogExit: Executing StaticShutdownAfterError
[2014.12.10-16.57.10:419][352]LogWindows: FPlatformMisc::RequestExit(1)
[2014.12.10-16.57.10:419][352]Log file closed, 12/10/14 16:57:10
