Log file open, 12/10/14 16:14:31
LogInit:Display: Running engine for game: AsteroidMiner
LogInit: Version: 4.6.0-2369412+++depot+UE4-Releases+4.6
LogInit: API Version: 2369412
LogInit: Compiled (64-bit): Nov 24 2014 21:54:04
LogInit: Compiled with Visual C++: 18.00.21005.01
LogInit: Build Configuration: Development
LogInit: Branch Name: ++depot+UE4-Releases+4.6
LogInit: Command line:  
LogInit: Base directory: C:/Program Files/Epic Games/4.6/Engine/Binaries/Win64/
LogInit: Rocket: 1
[2014.12.10-16.14.31:154][  0]LogTaskGraph: Started task graph with 3 named threads and 6 total threads.
[2014.12.10-16.14.31:213][  0]LogOnline:Warning: No default platform service specified for OnlineSubsystem
[2014.12.10-16.14.31:243][  0]LogInit: Presizing for 0 objects not considered by GC, pre-allocating 0 bytes.
[2014.12.10-16.14.31:257][  0]LogInit: Object subsystem initialized
[2014.12.10-16.14.31:260][  0]LogConsoleResponse:Warning: Skipping Unknown console variable: 'UIScaleCurve = (EditorCurveData=(Keys=((Time=480.000000,Value=0.444000),(Time=720.000000,Value=0.666000),(Time=1080.000000,Value=1.000000),(Time=8640.000000,Value=8.000000))),ExternalCurve=None)'
[2014.12.10-16.14.31:260][  0]LogConsoleResponse:Warning:   Found in ini file 'E:/Other Files/UnrealEngine_4.5/Projects/AsteroidMiner4.6/Saved/Config/Windows/Engine.ini', in section '[/Script/Engine.RendererSettings]'
[2014.12.10-16.14.31:260][  0]LogConsoleManager:Warning: Console variable 'r.MSAA.CompositingSampleCount' wasn't set (Priority ProjectSetting < Scalability)
[2014.12.10-16.14.31:261][  0]LogInit: Selected Device Profile: [Windows]
[2014.12.10-16.14.31:261][  0]LogInit: Applying CVar settings loaded from the selected device profile: [Windows]
[2014.12.10-16.14.31:290][  0]LogInit: Computer: LLOYDS_PC
[2014.12.10-16.14.31:290][  0]LogInit: User: 10021000
[2014.12.10-16.14.31:290][  0]LogInit: CPU Page size=4096, Cores=4
[2014.12.10-16.14.31:290][  0]LogInit: High frequency timer resolution =2.337877 MHz
[2014.12.10-16.14.31:290][  0]LogMemory: Memory total: Physical=5.9GB (6GB approx) Virtual=131072.0GB
[2014.12.10-16.14.31:290][  0]LogMemory: Platform Memory Stats for Windows
[2014.12.10-16.14.31:290][  0]LogMemory: Process Physical Memory: 47.26 MB used, 47.26 MB peak
[2014.12.10-16.14.31:290][  0]LogMemory: Process Virtual Memory: 23.08 MB used, 24.38 MB peak
[2014.12.10-16.14.31:290][  0]LogMemory: Physical Memory: 2167.82 MB used, 6077.92 MB total
[2014.12.10-16.14.31:290][  0]LogMemory: Virtual Memory: 272.18 MB used, 134217728.00 MB total
[2014.12.10-16.14.31:331][  0]LogD3D11RHI: Found D3D11 adapter 0: NVIDIA GeForce GTX 680 (Feature Level 11_0)
[2014.12.10-16.14.31:331][  0]LogD3D11RHI: Adapter has 1985MB of dedicated video memory, 0MB of dedicated system memory, and 2048MB of shared system memory, 2 output[s]
[2014.12.10-16.14.31:334][  0]LogD3D11RHI: Found D3D11 adapter 1: Microsoft Basic Render Driver (Feature Level 11_0)
[2014.12.10-16.14.31:334][  0]LogD3D11RHI: Adapter has 0MB of dedicated video memory, 0MB of dedicated system memory, and 256MB of shared system memory, 0 output[s]
[2014.12.10-16.14.31:334][  0]LogD3D11RHI: Chosen D3D11 Adapter Id = 0
[2014.12.10-16.14.31:340][  0]LogRHI: Texture pool is 1361 MB (70% of 1945 MB)
[2014.12.10-16.14.31:358][  0]LogD3D11RHI: Async texture creation enabled
[2014.12.10-16.14.31:436][  0]LogTextLocalizationManager: The requested culture ('en_GB') has no localization data; parent culture's ('en') localization data will be used.
[2014.12.10-16.14.31:659][  0]LogContentStreaming: Texture pool size is 0.000000MB
[2014.12.10-16.14.40:505][  0]LogTargetPlatformManager:Display: Building Assets For Windows
[2014.12.10-16.14.41:176][  0]LogTargetPlatformManager:Display: Building Assets For Windows
[2014.12.10-16.14.41:261][  0]LogDerivedDataCache:Display: Max Cache Size: 512 MB
[2014.12.10-16.14.41:374][  0]LogDerivedDataCache: Loaded boot cache 0.11s 39MB C:/Users/10021_000/AppData/Local/UnrealEngine/4.6/DerivedDataCache/Boot.ddc.
[2014.12.10-16.14.41:374][  0]LogDerivedDataCache:Display: Loaded Boot cache: C:/Users/10021_000/AppData/Local/UnrealEngine/4.6/DerivedDataCache/Boot.ddc
[2014.12.10-16.14.41:376][  0]LogDerivedDataCache: FDerivedDataBackendGraph:  Pak pak cache file E:/Other Files/UnrealEngine_4.5/Projects/AsteroidMiner4.6/DerivedDataCache/DDC.ddp not found, will not use a pak cache.
[2014.12.10-16.14.41:376][  0]LogDerivedDataCache: Unable to find inner node Pak for hierarchical cache Hierarchy.
[2014.12.10-16.14.41:472][  0]LogDerivedDataCache:Display: Pak cache opened for reading ../../../Engine/DerivedDataCache/DDC.ddp.
[2014.12.10-16.14.41:486][  0]LogDerivedDataCache: Using Local data cache path C:/Users/10021_000/AppData/Local/UnrealEngine/Common/DerivedDataCache: Writable
[2014.12.10-16.14.41:703][  0]LogCollisionProfile:Warning: Profile (Trigger) - Custom Channel Name = 'Projectile' hasn't been found
[2014.12.10-16.14.41:703][  0]LogCollisionProfile:Warning: Profile (UI) - Custom Channel Name = 'Weapon' hasn't been found
[2014.12.10-16.14.41:703][  0]LogCollisionProfile:Warning: Profile (Projectile) ObjectTypeName (Projectile) is invalid. 
[2014.12.10-16.14.41:941][  0]LogMeshUtilities: No automatic mesh reduction module available
[2014.12.10-16.14.41:941][  0]LogMeshUtilities: No automatic mesh merging module available
[2014.12.10-16.14.42:607][  0]LogInit: WinSock: version 1.1 (2.2), MaxSocks=32767, MaxUdp=65467
[2014.12.10-16.14.42:699][  0]LogSlate:Warning: Failed to load font data from '../../../Engine/Content/Slate/Fonts/Roboto-Italic.ttf'
[2014.12.10-16.14.44:101][  0]UdpMessaging: Initializing bridge on interface 0.0.0.0:0 to multicast group 230.0.0.1:6666.
[2014.12.10-16.14.44:396][  0]LogDirectoryWatcher:Warning: Failed to begin reading directory changes for E:/Other Files/UnrealEngine_4.5/Projects/AsteroidMiner4.6/Binaries/Win64. Error: 0
[2014.12.10-16.14.44:681][  0]SourceControl: Info Source control is disabled
[2014.12.10-16.14.44:681][  0]SourceControl: Info Source control is disabled
[2014.12.10-16.14.44:694][  0]SourceControl: Info Source control is disabled
[2014.12.10-16.14.44:911][  0]LogObj: 23754 objects as part of root set at end of initial load.
[2014.12.10-16.14.44:911][  0]LogUObjectAllocator: 5168128 out of 0 bytes used by permanent object pool.
[2014.12.10-16.14.45:005][  0]LogEngine: Initializing Engine...
[2014.12.10-16.14.45:320][  0]LogInit: XAudio2 using '37'' TFT-TV-4 (NVIDIA High Definition Audio)' : 2 channels at 48 kHz using 16 bits per sample (channel mask 0x3)
[2014.12.10-16.14.45:341][  0]LogInit: FAudioDevice initialized.
[2014.12.10-16.14.45:381][  0]LogAIModule: Creating AISystem for world NewWorld
[2014.12.10-16.14.45:453][  0]LogDerivedDataCache: Saved boot cache 0.07s 39MB C:/Users/10021_000/AppData/Local/UnrealEngine/4.6/DerivedDataCache/Boot.ddc.
[2014.12.10-16.14.45:503][  0]LogInit: Texture streaming: Enabled
[2014.12.10-16.14.45:556][  0]LogAnalytics: Creating configured Analytics provider AnalyticsET
[2014.12.10-16.14.45:556][  0]LogAnalytics: ET APIKey = Rocket.Release. APIServer = http://et2.epicgames.com/ET2/. AppVersion = 4.6.0-2369412+++depot+UE4-Releases+4.6
[2014.12.10-16.14.45:560][  0]LogAnalytics: SetUserId a29c071cf10a93fac0ff457d50595e17
[2014.12.10-16.14.45:560][  0]LogAnalytics: AnalyticsET::StartSession [Rocket.Release]
[2014.12.10-16.14.45:590][  0]LogInit: Transaction tracking system initialized
[2014.12.10-16.14.45:784][  0]BlueprintLog: New page: Editor Load
[2014.12.10-16.14.45:833][  0]LogAssetRegistry: FAssetRegistry took 0.0113 seconds to start up
[2014.12.10-16.14.45:835][  0]LogDirectoryWatcher:Warning: Failed to begin reading directory changes for ../../../Engine/Plugins/Experimental/CharacterAI/Content/. Error: 0
[2014.12.10-16.14.47:178][  0]LogTargetPlatformManager:Display: Building Assets For Windows
[2014.12.10-16.14.48:044][  0]LogTargetPlatformManager:Display: Building Assets For Windows
[2014.12.10-16.14.48:374][  0]LogConsoleResponse:Display: 
[2014.12.10-16.14.48:464][  0]LogLinker:Warning: Asset '../../../Engine/Content/Functions/Engine_MaterialFunctions03/Procedurals/ComputeFilterWidth.uasset' has been saved with empty engine version. The asset will be loaded but may be incompatible.
[2014.12.10-16.14.48:780][  0]SourceControl: Info Source control is disabled
[2014.12.10-16.14.48:780][  0]Cmd: MAP LOAD FILE="E:/Other Files/UnrealEngine_4.5/Projects/AsteroidMiner4.6/Content/Maps/AsteroidMiner.umap" TEMPLATE=0 SHOWPROGRESS=1
[2014.12.10-16.14.48:784][  0]LightingResults: New page: Lighting Build
[2014.12.10-16.14.48:800][  0]MapCheck: New page: Map Check
[2014.12.10-16.14.48:800][  0]LightingResults: New page: Lighting Build
[2014.12.10-16.14.48:813][  0]LogParticles: Destroying 0 GPU particle simulations for FXSystem 0x0000008A91A25940
[2014.12.10-16.14.49:008][  0]LogLinker:Warning: Asset 'E:/Other Files/UnrealEngine_4.5/Projects/AsteroidMiner4.6/Content/Materials/M_SkyBox.uasset' has been saved with empty engine version. The asset will be loaded but may be incompatible.
[2014.12.10-16.14.49:011][  0]LogLinker:Warning: Asset 'E:/Other Files/UnrealEngine_4.5/Projects/AsteroidMiner4.6/Content/Textures/HighResSkyBox.uasset' has been saved with empty engine version. The asset will be loaded but may be incompatible.
[2014.12.10-16.14.49:764][  0]LogLinker:Warning: Asset 'E:/Other Files/UnrealEngine_4.5/Projects/AsteroidMiner4.6/Content/Meshes/DetailedSun.uasset' has been saved with empty engine version. The asset will be loaded but may be incompatible.
[2014.12.10-16.14.49:766][  0]LogLinker:Warning: Asset 'E:/Other Files/UnrealEngine_4.5/Projects/AsteroidMiner4.6/Content/Materials/M_Sun.uasset' has been saved with empty engine version. The asset will be loaded but may be incompatible.
[2014.12.10-16.14.49:771][  0]LogLinker:Warning: Asset 'E:/Other Files/UnrealEngine_4.5/Projects/AsteroidMiner4.6/Content/Textures/T_Fire.uasset' has been saved with empty engine version. The asset will be loaded but may be incompatible.
[2014.12.10-16.14.50:020][  0]LogBlueprint:Warning: [AdjustVelocityBTT] CreatePinForVariable: 'VelocityChange?' variable not found. Base class was probably changed.
[2014.12.10-16.14.50:052][  0]LogBlueprint:Warning: [compiler] Warning Could not find a variable named "VelocityChange?" in 'BotShip_C'.
Make sure 'BotShip_C' has been compiled for  Set VelocityChange? 
[2014.12.10-16.14.50:055][  0]LogBlueprint:Error: [compiler] Error The property associated with  Velocity Change?  could not be found
[2014.12.10-16.14.50:072][  0]LogBlueprint:Warning: [compiler] Warning [0021.88] Compile of AdjustVelocityBTT failed. 1 Fatal Issue(s) 1 Warning(s) [in 52 ms]
[2014.12.10-16.14.50:276][  0]LoadErrors:Error: Error Failed import for BoolProperty
[2014.12.10-16.14.50:707][  0]LogLinker:Warning: Asset 'E:/Other Files/UnrealEngine_4.5/Projects/AsteroidMiner4.6/Content/Blueprints/Objects/B_Asteroid.uasset' has been saved with empty engine version. The asset will be loaded but may be incompatible.
[2014.12.10-16.14.50:712][  0]LogLinker:Warning: Asset 'E:/Other Files/UnrealEngine_4.5/Projects/AsteroidMiner4.6/Content/Meshes/Rock.uasset' has been saved with empty engine version. The asset will be loaded but may be incompatible.
[2014.12.10-16.14.50:714][  0]LogLinker:Warning: Asset 'E:/Other Files/UnrealEngine_4.5/Projects/AsteroidMiner4.6/Content/Materials/M_Asteroid.uasset' has been saved with empty engine version. The asset will be loaded but may be incompatible.
[2014.12.10-16.14.50:747][  0]LoadErrors:Error: Error Failed import for BoolProperty
[2014.12.10-16.14.50:775][  0]LogLinker:Warning: Asset 'E:/Other Files/UnrealEngine_4.5/Projects/AsteroidMiner4.6/Content/Materials/Outliner/PP_Outliner_Inst.uasset' has been saved with empty engine version. The asset will be loaded but may be incompatible.
[2014.12.10-16.14.50:777][  0]LogLinker:Warning: Asset 'E:/Other Files/UnrealEngine_4.5/Projects/AsteroidMiner4.6/Content/Materials/Outliner/PP_Outliner_M.uasset' has been saved with empty engine version. The asset will be loaded but may be incompatible.
[2014.12.10-16.14.50:784][  0]LogLinker:Warning: Asset 'E:/Other Files/UnrealEngine_4.5/Projects/AsteroidMiner4.6/Content/Materials/Outliner/MF_ConvolveTexture.uasset' has been saved with empty engine version. The asset will be loaded but may be incompatible.
[2014.12.10-16.14.50:795][  0]LogLinker:Warning: Asset 'E:/Other Files/UnrealEngine_4.5/Projects/AsteroidMiner4.6/Content/Materials/Outliner/MF_ExtractDepth.uasset' has been saved with empty engine version. The asset will be loaded but may be incompatible.
[2014.12.10-16.14.50:800][  0]LogLinker:Warning: Asset 'E:/Other Files/UnrealEngine_4.5/Projects/AsteroidMiner4.6/Content/Materials/Outliner/MF_SampleSceneTextureNeighbourUVs.uasset' has been saved with empty engine version. The asset will be loaded but may be incompatible.
[2014.12.10-16.14.50:891][  0]LogBlueprint:Warning: [compiler] Warning  Remove from Viewport  is deprecated; Use RemoveFromParent instead
[2014.12.10-16.14.50:893][  0]LogBlueprint:Warning: [compiler] Warning [0022.70] Compile of GameOverWidget successful, but with 1 Warning(s) [in 8 ms]
[2014.12.10-16.14.50:897][  0]LogBlueprint:Warning: [compiler] Warning  Remove from Viewport  is deprecated; Use RemoveFromParent instead
[2014.12.10-16.14.50:899][  0]LogBlueprint:Warning: [compiler] Warning [0022.70] Compile of GameOverWidget successful, but with 1 Warning(s) [in 4 ms]
[2014.12.10-16.14.50:899][  0]LogBlueprint:Warning: [compiler] Warning [0022.70] Compile of GameOverWidget successful, but with 2 Warning(s) [in 0 ms]
[2014.12.10-16.14.50:946][  0]LogBlueprint:Warning: [compiler] Warning  Remove from Viewport  is deprecated; Use RemoveFromParent instead
[2014.12.10-16.14.50:948][  0]LogBlueprint:Warning: [compiler] Warning [0022.75] Compile of PauseMenuWidget successful, but with 1 Warning(s) [in 8 ms]
[2014.12.10-16.14.50:952][  0]LogBlueprint:Warning: [compiler] Warning  Remove from Viewport  is deprecated; Use RemoveFromParent instead
[2014.12.10-16.14.50:955][  0]LogBlueprint:Warning: [compiler] Warning [0022.76] Compile of PauseMenuWidget successful, but with 1 Warning(s) [in 4 ms]
[2014.12.10-16.14.50:955][  0]LogBlueprint:Warning: [compiler] Warning [0022.76] Compile of PauseMenuWidget successful, but with 2 Warning(s) [in 0 ms]
[2014.12.10-16.14.53:179][  0]LogEditorServer: Finished looking for orphan Actors (0.000 secs)
[2014.12.10-16.14.53:180][  0]LogAIModule: Creating AISystem for world AsteroidMiner
[2014.12.10-16.14.53:180][  0]Cmd: MAP CHECKDEP
[2014.12.10-16.14.53:181][  0]MapCheck: New page: AsteroidMiner - 10 Dec 2014 16:14:53
[2014.12.10-16.14.53:438][  0]MapCheck: Info Map check complete: 0 Error(s), 0 Warning(s), took 256.345ms to complete.
[2014.12.10-16.14.53:438][  0]LogFileHelpers: Loading map 'AsteroidMiner' took 4.658
[2014.12.10-16.14.53:554][  0]LogCollectionManager: Loaded 0 collections in 0.002704 seconds
[2014.12.10-16.14.53:744][  0]LogCrashTracker: Crashtracker disabled due to settings.
[2014.12.10-16.14.53:760][  0]LogUObjectGlobals:Warning: Failed to find object 'Class None.'
[2014.12.10-16.14.53:797][  0]LogLoad: Full Startup: 25.60 seconds (BP compile: 1.36 seconds)
[2014.12.10-16.14.54:148][  0]LogContentBrowser:Verbose: The content browser source was changed by the sources view to '/Game/Blueprints/AI/BehaviourTreeTasks'
[2014.12.10-16.14.54:509][  0]LogRenderer:Warning: Reallocating scene render targets to support 944x872.
[2014.12.10-16.14.57:110][  8]LogAssetRegistry: Asset discovery search completed in 11.2886 seconds
[2014.12.10-16.14.57:131][  8]LogAnalytics: Event Editor.Usage.AssetClasses has too many attributes (41). May be truncated at the collector.
[2014.12.10-16.15.21:102][133]LogContentBrowser:Verbose: The content browser source was changed by the sources view to 'None'
[2014.12.10-16.15.21:103][133]LogContentBrowser:Verbose: The content browser source was changed by the sources view to '/Game/Blueprints/AI'
[2014.12.10-16.15.25:061][299]LogLinker:Warning: Asset 'E:/Other Files/UnrealEngine_4.5/Projects/AsteroidMiner4.6/Content/Blueprints/MoonMinerGameMode.uasset' has been saved with empty engine version. The asset will be loaded but may be incompatible.
[2014.12.10-16.15.25:064][299]LogLinker:Warning: Asset 'E:/Other Files/UnrealEngine_4.5/Projects/AsteroidMiner4.6/Content/Blueprints/AsteroidMinerGameMode.uasset' has been saved with empty engine version. The asset will be loaded but may be incompatible.
[2014.12.10-16.15.26:575][367]LogContentBrowser:Verbose: The content browser source was changed by the sources view to '/Game/Blueprints/AI/BehaviourTreeTasks'
[2014.12.10-16.15.31:492][471]BlueprintLog: New page: Compile AdjustVelocityBTT
[2014.12.10-16.15.31:851][471]BlueprintEditorCompileResults: Info [0063.65] Compile of AdjustVelocityBTT successful! [in 294 ms]
[2014.12.10-16.15.35:920][597]BlueprintLog: New page: Pre-PIE auto-recompile
[2014.12.10-16.15.35:925][597]LogPlayLevel: [PIE] Compiling Tutorial_BP_MacroLib before PIE...
[2014.12.10-16.15.36:023][597]LogPlayLevel: [PIE] Compiling AsteroidMiner before PIE...
[2014.12.10-16.15.36:860][597]LogPlayLevel: PIE:  Blueprint regeneration took 940 ms (2 blueprints)
[2014.12.10-16.15.36:860][597]PIE: New page: PIE session: AsteroidMiner (10 Dec 2014 16:15:36)
[2014.12.10-16.15.36:908][597]LogPlayLevel: PIE: StaticDuplicateObject took: (0.046940s)
[2014.12.10-16.15.36:909][597]LogPlayLevel: PIE: World Init took: (0.001234s)
[2014.12.10-16.15.36:909][597]LogPlayLevel: PIE: Created PIE world by copying editor world from /Game/Maps/AsteroidMiner.AsteroidMiner to /Game/Maps/UEDPIE_0_AsteroidMiner.AsteroidMiner (0.048476s)
[2014.12.10-16.15.36:970][597]LogWorld: Game class is 'AsteroidMinerGameMode_C'
[2014.12.10-16.15.36:974][597]LogAIModule: Creating AISystem for world AsteroidMiner
[2014.12.10-16.15.36:975][597]LogWorld: Bringing World /Game/Maps/UEDPIE_0_AsteroidMiner.AsteroidMiner up for play (max tick rate 0) at 2014.12.10-16.15.36
[2014.12.10-16.15.36:977][597]LogWorld: Bringing up level for play took: 0.002855
[2014.12.10-16.15.36:980][597]PIE: Info Play in editor start time for /Game/Maps/UEDPIE_0_AsteroidMiner 1.986
[2014.12.10-16.15.37:006][597]LogScript:Warning: Accessed None 'CallFunc_PlaySoundAttached_ReturnValue'
	AsteroidMinerCamera_C /Game/Maps/UEDPIE_0_AsteroidMiner.AsteroidMiner:PersistentLevel.AsteroidMinerCamera_C_0
	Function /Game/Blueprints/GameComponents/AsteroidMinerCamera.AsteroidMinerCamera_C:ExecuteUbergraph_AsteroidMinerCamera:0091
[2014.12.10-16.15.37:006][597]PIE:Error: Error Accessed None 'CallFunc_PlaySoundAttached_ReturnValue' from node Construction Script in blueprint AsteroidMinerCamera
[2014.12.10-16.15.51:871][262]LogScript:Warning: Attempt to take Sqrt() of negative number - returning 0.
[2014.12.10-16.15.51:871][262]LogScript:Warning: Attempt to take Sqrt() of negative number - returning 0.
[2014.12.10-16.15.51:913][264]LogScript:Warning: Attempt to take Sqrt() of negative number - returning 0.
[2014.12.10-16.15.51:913][264]LogScript:Warning: Attempt to take Sqrt() of negative number - returning 0.
[2014.12.10-16.15.51:954][266]LogScript:Warning: Attempt to take Sqrt() of negative number - returning 0.
[2014.12.10-16.15.51:954][266]LogScript:Warning: Attempt to take Sqrt() of negative number - returning 0.
[2014.12.10-16.15.51:998][268]LogScript:Warning: Attempt to take Sqrt() of negative number - returning 0.
[2014.12.10-16.15.51:998][268]LogScript:Warning: Attempt to take Sqrt() of negative number - returning 0.
[2014.12.10-16.15.52:039][270]LogScript:Warning: Attempt to take Sqrt() of negative number - returning 0.
[2014.12.10-16.15.52:039][270]LogScript:Warning: Attempt to take Sqrt() of negative number - returning 0.
[2014.12.10-16.15.52:081][272]LogScript:Warning: Attempt to take Sqrt() of negative number - returning 0.
[2014.12.10-16.15.52:081][272]LogScript:Warning: Attempt to take Sqrt() of negative number - returning 0.
[2014.12.10-16.15.52:125][274]LogScript:Warning: Attempt to take Sqrt() of negative number - returning 0.
[2014.12.10-16.15.52:125][274]LogScript:Warning: Attempt to take Sqrt() of negative number - returning 0.
[2014.12.10-16.15.52:166][276]LogScript:Warning: Attempt to take Sqrt() of negative number - returning 0.
[2014.12.10-16.15.52:166][276]LogScript:Warning: Attempt to take Sqrt() of negative number - returning 0.
[2014.12.10-16.15.52:209][278]LogScript:Warning: Attempt to take Sqrt() of negative number - returning 0.
[2014.12.10-16.15.52:209][278]LogScript:Warning: Attempt to take Sqrt() of negative number - returning 0.
[2014.12.10-16.15.52:252][280]LogScript:Warning: Attempt to take Sqrt() of negative number - returning 0.
[2014.12.10-16.15.52:252][280]LogScript:Warning: Attempt to take Sqrt() of negative number - returning 0.
[2014.12.10-16.15.52:297][282]LogScript:Warning: Attempt to take Sqrt() of negative number - returning 0.
[2014.12.10-16.15.52:297][282]LogScript:Warning: Attempt to take Sqrt() of negative number - returning 0.
[2014.12.10-16.15.52:337][284]LogScript:Warning: Attempt to take Sqrt() of negative number - returning 0.
[2014.12.10-16.15.52:337][284]LogScript:Warning: Attempt to take Sqrt() of negative number - returning 0.
[2014.12.10-16.15.52:381][286]LogScript:Warning: Attempt to take Sqrt() of negative number - returning 0.
[2014.12.10-16.15.52:381][286]LogScript:Warning: Attempt to take Sqrt() of negative number - returning 0.
[2014.12.10-16.15.52:422][288]LogScript:Warning: Attempt to take Sqrt() of negative number - returning 0.
[2014.12.10-16.15.52:422][288]LogScript:Warning: Attempt to take Sqrt() of negative number - returning 0.
[2014.12.10-16.15.52:466][290]LogScript:Warning: Attempt to take Sqrt() of negative number - returning 0.
[2014.12.10-16.15.52:466][290]LogScript:Warning: Attempt to take Sqrt() of negative number - returning 0.
[2014.12.10-16.15.52:507][292]LogScript:Warning: Attempt to take Sqrt() of negative number - returning 0.
[2014.12.10-16.15.52:507][292]LogScript:Warning: Attempt to take Sqrt() of negative number - returning 0.
[2014.12.10-16.15.52:554][294]LogScript:Warning: Attempt to take Sqrt() of negative number - returning 0.
[2014.12.10-16.15.52:554][294]LogScript:Warning: Attempt to take Sqrt() of negative number - returning 0.
[2014.12.10-16.15.52:597][296]LogScript:Warning: Attempt to take Sqrt() of negative number - returning 0.
[2014.12.10-16.15.52:597][296]LogScript:Warning: Attempt to take Sqrt() of negative number - returning 0.
[2014.12.10-16.15.52:640][298]LogScript:Warning: Attempt to take Sqrt() of negative number - returning 0.
[2014.12.10-16.15.52:641][298]LogScript:Warning: Attempt to take Sqrt() of negative number - returning 0.
[2014.12.10-16.15.52:692][300]LogScript:Warning: Attempt to take Sqrt() of negative number - returning 0.
[2014.12.10-16.15.52:692][300]LogScript:Warning: Attempt to take Sqrt() of negative number - returning 0.
[2014.12.10-16.15.52:738][302]LogScript:Warning: Attempt to take Sqrt() of negative number - returning 0.
[2014.12.10-16.15.52:738][302]LogScript:Warning: Attempt to take Sqrt() of negative number - returning 0.
[2014.12.10-16.15.52:780][304]LogScript:Warning: Attempt to take Sqrt() of negative number - returning 0.
[2014.12.10-16.15.52:780][304]LogScript:Warning: Attempt to take Sqrt() of negative number - returning 0.
[2014.12.10-16.15.52:822][306]LogScript:Warning: Attempt to take Sqrt() of negative number - returning 0.
[2014.12.10-16.15.52:822][306]LogScript:Warning: Attempt to take Sqrt() of negative number - returning 0.
[2014.12.10-16.15.52:866][308]LogScript:Warning: Attempt to take Sqrt() of negative number - returning 0.
[2014.12.10-16.15.52:866][308]LogScript:Warning: Attempt to take Sqrt() of negative number - returning 0.
[2014.12.10-16.15.52:910][310]LogScript:Warning: Attempt to take Sqrt() of negative number - returning 0.
[2014.12.10-16.15.52:910][310]LogScript:Warning: Attempt to take Sqrt() of negative number - returning 0.
[2014.12.10-16.15.52:957][312]LogScript:Warning: Attempt to take Sqrt() of negative number - returning 0.
[2014.12.10-16.15.52:957][312]LogScript:Warning: Attempt to take Sqrt() of negative number - returning 0.
[2014.12.10-16.15.53:005][314]LogScript:Warning: Attempt to take Sqrt() of negative number - returning 0.
[2014.12.10-16.15.53:005][314]LogScript:Warning: Attempt to take Sqrt() of negative number - returning 0.
[2014.12.10-16.15.53:051][316]LogScript:Warning: Attempt to take Sqrt() of negative number - returning 0.
[2014.12.10-16.15.53:051][316]LogScript:Warning: Attempt to take Sqrt() of negative number - returning 0.
[2014.12.10-16.15.53:098][318]LogScript:Warning: Attempt to take Sqrt() of negative number - returning 0.
[2014.12.10-16.15.53:098][318]LogScript:Warning: Attempt to take Sqrt() of negative number - returning 0.
[2014.12.10-16.15.53:139][320]LogScript:Warning: Attempt to take Sqrt() of negative number - returning 0.
[2014.12.10-16.15.53:139][320]LogScript:Warning: Attempt to take Sqrt() of negative number - returning 0.
[2014.12.10-16.15.53:187][322]LogScript:Warning: Attempt to take Sqrt() of negative number - returning 0.
[2014.12.10-16.15.53:187][322]LogScript:Warning: Attempt to take Sqrt() of negative number - returning 0.
[2014.12.10-16.15.53:236][324]LogScript:Warning: Attempt to take Sqrt() of negative number - returning 0.
[2014.12.10-16.15.53:236][324]LogScript:Warning: Attempt to take Sqrt() of negative number - returning 0.
[2014.12.10-16.15.53:279][326]LogScript:Warning: Attempt to take Sqrt() of negative number - returning 0.
[2014.12.10-16.15.53:279][326]LogScript:Warning: Attempt to take Sqrt() of negative number - returning 0.
[2014.12.10-16.15.53:322][328]LogScript:Warning: Attempt to take Sqrt() of negative number - returning 0.
[2014.12.10-16.15.53:322][328]LogScript:Warning: Attempt to take Sqrt() of negative number - returning 0.
[2014.12.10-16.15.53:363][330]LogScript:Warning: Attempt to take Sqrt() of negative number - returning 0.
[2014.12.10-16.15.53:363][330]LogScript:Warning: Attempt to take Sqrt() of negative number - returning 0.
[2014.12.10-16.15.53:405][332]LogScript:Warning: Attempt to take Sqrt() of negative number - returning 0.
[2014.12.10-16.15.53:405][332]LogScript:Warning: Attempt to take Sqrt() of negative number - returning 0.
[2014.12.10-16.15.53:446][334]LogScript:Warning: Attempt to take Sqrt() of negative number - returning 0.
[2014.12.10-16.15.53:446][334]LogScript:Warning: Attempt to take Sqrt() of negative number - returning 0.
[2014.12.10-16.15.53:486][336]LogScript:Warning: Attempt to take Sqrt() of negative number - returning 0.
[2014.12.10-16.15.53:486][336]LogScript:Warning: Attempt to take Sqrt() of negative number - returning 0.
[2014.12.10-16.15.53:529][338]LogScript:Warning: Attempt to take Sqrt() of negative number - returning 0.
[2014.12.10-16.15.53:529][338]LogScript:Warning: Attempt to take Sqrt() of negative number - returning 0.
[2014.12.10-16.15.53:570][340]LogScript:Warning: Attempt to take Sqrt() of negative number - returning 0.
[2014.12.10-16.15.53:570][340]LogScript:Warning: Attempt to take Sqrt() of negative number - returning 0.
[2014.12.10-16.15.53:612][342]LogScript:Warning: Attempt to take Sqrt() of negative number - returning 0.
[2014.12.10-16.15.53:612][342]LogScript:Warning: Attempt to take Sqrt() of negative number - returning 0.
[2014.12.10-16.15.53:655][344]LogScript:Warning: Attempt to take Sqrt() of negative number - returning 0.
[2014.12.10-16.15.53:655][344]LogScript:Warning: Attempt to take Sqrt() of negative number - returning 0.
[2014.12.10-16.15.53:695][346]LogScript:Warning: Attempt to take Sqrt() of negative number - returning 0.
[2014.12.10-16.15.53:695][346]LogScript:Warning: Attempt to take Sqrt() of negative number - returning 0.
[2014.12.10-16.15.53:739][348]LogScript:Warning: Attempt to take Sqrt() of negative number - returning 0.
[2014.12.10-16.15.53:739][348]LogScript:Warning: Attempt to take Sqrt() of negative number - returning 0.
[2014.12.10-16.15.53:783][350]LogScript:Warning: Attempt to take Sqrt() of negative number - returning 0.
[2014.12.10-16.15.53:783][350]LogScript:Warning: Attempt to take Sqrt() of negative number - returning 0.
[2014.12.10-16.15.53:829][352]LogScript:Warning: Attempt to take Sqrt() of negative number - returning 0.
[2014.12.10-16.15.53:830][352]LogScript:Warning: Attempt to take Sqrt() of negative number - returning 0.
[2014.12.10-16.15.53:877][354]LogScript:Warning: Attempt to take Sqrt() of negative number - returning 0.
[2014.12.10-16.15.53:877][354]LogScript:Warning: Attempt to take Sqrt() of negative number - returning 0.
[2014.12.10-16.15.53:923][356]LogScript:Warning: Attempt to take Sqrt() of negative number - returning 0.
[2014.12.10-16.15.53:923][356]LogScript:Warning: Attempt to take Sqrt() of negative number - returning 0.
[2014.12.10-16.15.53:969][358]LogScript:Warning: Attempt to take Sqrt() of negative number - returning 0.
[2014.12.10-16.15.53:969][358]LogScript:Warning: Attempt to take Sqrt() of negative number - returning 0.
[2014.12.10-16.15.54:012][360]LogScript:Warning: Attempt to take Sqrt() of negative number - returning 0.
[2014.12.10-16.15.54:012][360]LogScript:Warning: Attempt to take Sqrt() of negative number - returning 0.
[2014.12.10-16.15.54:055][362]LogScript:Warning: Attempt to take Sqrt() of negative number - returning 0.
[2014.12.10-16.15.54:055][362]LogScript:Warning: Attempt to take Sqrt() of negative number - returning 0.
[2014.12.10-16.15.54:097][364]LogScript:Warning: Attempt to take Sqrt() of negative number - returning 0.
[2014.12.10-16.15.54:097][364]LogScript:Warning: Attempt to take Sqrt() of negative number - returning 0.
[2014.12.10-16.15.54:141][366]LogScript:Warning: Attempt to take Sqrt() of negative number - returning 0.
[2014.12.10-16.15.54:141][366]LogScript:Warning: Attempt to take Sqrt() of negative number - returning 0.
[2014.12.10-16.15.54:185][368]LogScript:Warning: Attempt to take Sqrt() of negative number - returning 0.
[2014.12.10-16.15.54:185][368]LogScript:Warning: Attempt to take Sqrt() of negative number - returning 0.
[2014.12.10-16.15.54:225][370]LogScript:Warning: Attempt to take Sqrt() of negative number - returning 0.
[2014.12.10-16.15.54:225][370]LogScript:Warning: Attempt to take Sqrt() of negative number - returning 0.
[2014.12.10-16.15.54:267][372]LogScript:Warning: Attempt to take Sqrt() of negative number - returning 0.
[2014.12.10-16.15.54:267][372]LogScript:Warning: Attempt to take Sqrt() of negative number - returning 0.
[2014.12.10-16.15.54:307][374]LogScript:Warning: Attempt to take Sqrt() of negative number - returning 0.
[2014.12.10-16.15.54:307][374]LogScript:Warning: Attempt to take Sqrt() of negative number - returning 0.
[2014.12.10-16.15.54:348][376]LogScript:Warning: Attempt to take Sqrt() of negative number - returning 0.
[2014.12.10-16.15.54:348][376]LogScript:Warning: Attempt to take Sqrt() of negative number - returning 0.
[2014.12.10-16.15.54:390][378]LogScript:Warning: Attempt to take Sqrt() of negative number - returning 0.
[2014.12.10-16.15.54:390][378]LogScript:Warning: Attempt to take Sqrt() of negative number - returning 0.
[2014.12.10-16.15.54:430][380]LogScript:Warning: Attempt to take Sqrt() of negative number - returning 0.
[2014.12.10-16.15.54:430][380]LogScript:Warning: Attempt to take Sqrt() of negative number - returning 0.
[2014.12.10-16.15.54:478][382]LogScript:Warning: Attempt to take Sqrt() of negative number - returning 0.
[2014.12.10-16.15.54:478][382]LogScript:Warning: Attempt to take Sqrt() of negative number - returning 0.
[2014.12.10-16.15.54:522][384]LogScript:Warning: Attempt to take Sqrt() of negative number - returning 0.
[2014.12.10-16.15.54:522][384]LogScript:Warning: Attempt to take Sqrt() of negative number - returning 0.
[2014.12.10-16.15.54:567][386]LogScript:Warning: Attempt to take Sqrt() of negative number - returning 0.
[2014.12.10-16.15.54:567][386]LogScript:Warning: Attempt to take Sqrt() of negative number - returning 0.
[2014.12.10-16.15.54:607][388]LogScript:Warning: Attempt to take Sqrt() of negative number - returning 0.
[2014.12.10-16.15.54:607][388]LogScript:Warning: Attempt to take Sqrt() of negative number - returning 0.
[2014.12.10-16.15.54:649][390]LogScript:Warning: Attempt to take Sqrt() of negative number - returning 0.
[2014.12.10-16.15.54:649][390]LogScript:Warning: Attempt to take Sqrt() of negative number - returning 0.
[2014.12.10-16.15.54:693][392]LogScript:Warning: Attempt to take Sqrt() of negative number - returning 0.
[2014.12.10-16.15.54:693][392]LogScript:Warning: Attempt to take Sqrt() of negative number - returning 0.
[2014.12.10-16.15.54:732][394]LogScript:Warning: Attempt to take Sqrt() of negative number - returning 0.
[2014.12.10-16.15.54:732][394]LogScript:Warning: Attempt to take Sqrt() of negative number - returning 0.
[2014.12.10-16.15.54:776][396]LogScript:Warning: Attempt to take Sqrt() of negative number - returning 0.
[2014.12.10-16.15.54:776][396]LogScript:Warning: Attempt to take Sqrt() of negative number - returning 0.
[2014.12.10-16.15.54:820][398]LogScript:Warning: Attempt to take Sqrt() of negative number - returning 0.
[2014.12.10-16.15.54:820][398]LogScript:Warning: Attempt to take Sqrt() of negative number - returning 0.
[2014.12.10-16.15.54:867][400]LogScript:Warning: Attempt to take Sqrt() of negative number - returning 0.
[2014.12.10-16.15.54:867][400]LogScript:Warning: Attempt to take Sqrt() of negative number - returning 0.
[2014.12.10-16.15.54:912][402]LogScript:Warning: Attempt to take Sqrt() of negative number - returning 0.
[2014.12.10-16.15.54:912][402]LogScript:Warning: Attempt to take Sqrt() of negative number - returning 0.
[2014.12.10-16.15.54:958][404]LogScript:Warning: Attempt to take Sqrt() of negative number - returning 0.
[2014.12.10-16.15.54:958][404]LogScript:Warning: Attempt to take Sqrt() of negative number - returning 0.
[2014.12.10-16.15.55:004][406]LogScript:Warning: Attempt to take Sqrt() of negative number - returning 0.
[2014.12.10-16.15.55:004][406]LogScript:Warning: Attempt to take Sqrt() of negative number - returning 0.
[2014.12.10-16.15.55:049][408]LogScript:Warning: Attempt to take Sqrt() of negative number - returning 0.
[2014.12.10-16.15.55:049][408]LogScript:Warning: Attempt to take Sqrt() of negative number - returning 0.
[2014.12.10-16.15.55:096][410]LogScript:Warning: Attempt to take Sqrt() of negative number - returning 0.
[2014.12.10-16.15.55:097][410]LogScript:Warning: Attempt to take Sqrt() of negative number - returning 0.
[2014.12.10-16.15.55:143][412]LogScript:Warning: Attempt to take Sqrt() of negative number - returning 0.
[2014.12.10-16.15.55:143][412]LogScript:Warning: Attempt to take Sqrt() of negative number - returning 0.
[2014.12.10-16.15.55:189][414]LogScript:Warning: Attempt to take Sqrt() of negative number - returning 0.
[2014.12.10-16.15.55:189][414]LogScript:Warning: Attempt to take Sqrt() of negative number - returning 0.
[2014.12.10-16.15.55:232][416]LogScript:Warning: Attempt to take Sqrt() of negative number - returning 0.
[2014.12.10-16.15.55:233][416]LogScript:Warning: Attempt to take Sqrt() of negative number - returning 0.
[2014.12.10-16.15.55:276][418]LogScript:Warning: Attempt to take Sqrt() of negative number - returning 0.
[2014.12.10-16.15.55:276][418]LogScript:Warning: Attempt to take Sqrt() of negative number - returning 0.
[2014.12.10-16.15.55:316][420]LogScript:Warning: Attempt to take Sqrt() of negative number - returning 0.
[2014.12.10-16.15.55:316][420]LogScript:Warning: Attempt to take Sqrt() of negative number - returning 0.
[2014.12.10-16.15.55:358][422]LogScript:Warning: Attempt to take Sqrt() of negative number - returning 0.
[2014.12.10-16.15.55:358][422]LogScript:Warning: Attempt to take Sqrt() of negative number - returning 0.
[2014.12.10-16.15.55:405][424]LogScript:Warning: Attempt to take Sqrt() of negative number - returning 0.
[2014.12.10-16.15.55:405][424]LogScript:Warning: Attempt to take Sqrt() of negative number - returning 0.
[2014.12.10-16.15.55:454][426]LogScript:Warning: Attempt to take Sqrt() of negative number - returning 0.
[2014.12.10-16.15.55:454][426]LogScript:Warning: Attempt to take Sqrt() of negative number - returning 0.
[2014.12.10-16.15.55:501][428]LogScript:Warning: Attempt to take Sqrt() of negative number - returning 0.
[2014.12.10-16.15.55:501][428]LogScript:Warning: Attempt to take Sqrt() of negative number - returning 0.
[2014.12.10-16.15.55:548][430]LogScript:Warning: Attempt to take Sqrt() of negative number - returning 0.
[2014.12.10-16.15.55:549][430]LogScript:Warning: Attempt to take Sqrt() of negative number - returning 0.
[2014.12.10-16.15.55:594][432]LogScript:Warning: Attempt to take Sqrt() of negative number - returning 0.
[2014.12.10-16.15.55:594][432]LogScript:Warning: Attempt to take Sqrt() of negative number - returning 0.
[2014.12.10-16.15.55:637][434]LogScript:Warning: Attempt to take Sqrt() of negative number - returning 0.
[2014.12.10-16.15.55:637][434]LogScript:Warning: Attempt to take Sqrt() of negative number - returning 0.
[2014.12.10-16.15.55:691][436]LogScript:Warning: Attempt to take Sqrt() of negative number - returning 0.
[2014.12.10-16.15.55:692][436]LogScript:Warning: Attempt to take Sqrt() of negative number - returning 0.
[2014.12.10-16.15.55:737][438]LogScript:Warning: Attempt to take Sqrt() of negative number - returning 0.
[2014.12.10-16.15.55:737][438]LogScript:Warning: Attempt to take Sqrt() of negative number - returning 0.
[2014.12.10-16.15.55:781][440]LogScript:Warning: Attempt to take Sqrt() of negative number - returning 0.
[2014.12.10-16.15.55:781][440]LogScript:Warning: Attempt to take Sqrt() of negative number - returning 0.
[2014.12.10-16.15.55:828][442]LogScript:Warning: Attempt to take Sqrt() of negative number - returning 0.
[2014.12.10-16.15.55:828][442]LogScript:Warning: Attempt to take Sqrt() of negative number - returning 0.
[2014.12.10-16.15.55:870][444]LogScript:Warning: Attempt to take Sqrt() of negative number - returning 0.
[2014.12.10-16.15.55:870][444]LogScript:Warning: Attempt to take Sqrt() of negative number - returning 0.
[2014.12.10-16.15.55:909][446]LogScript:Warning: Attempt to take Sqrt() of negative number - returning 0.
[2014.12.10-16.15.55:909][446]LogScript:Warning: Attempt to take Sqrt() of negative number - returning 0.
[2014.12.10-16.15.55:950][448]LogScript:Warning: Attempt to take Sqrt() of negative number - returning 0.
[2014.12.10-16.15.55:950][448]LogScript:Warning: Attempt to take Sqrt() of negative number - returning 0.
[2014.12.10-16.15.55:993][450]LogScript:Warning: Attempt to take Sqrt() of negative number - returning 0.
[2014.12.10-16.15.55:993][450]LogScript:Warning: Attempt to take Sqrt() of negative number - returning 0.
[2014.12.10-16.15.56:033][452]LogScript:Warning: Attempt to take Sqrt() of negative number - returning 0.
[2014.12.10-16.15.56:034][452]LogScript:Warning: Attempt to take Sqrt() of negative number - returning 0.
[2014.12.10-16.15.56:074][454]LogScript:Warning: Attempt to take Sqrt() of negative number - returning 0.
[2014.12.10-16.15.56:074][454]LogScript:Warning: Attempt to take Sqrt() of negative number - returning 0.
[2014.12.10-16.15.56:116][456]LogScript:Warning: Attempt to take Sqrt() of negative number - returning 0.
[2014.12.10-16.15.56:116][456]LogScript:Warning: Attempt to take Sqrt() of negative number - returning 0.
[2014.12.10-16.15.56:156][458]LogScript:Warning: Attempt to take Sqrt() of negative number - returning 0.
[2014.12.10-16.15.56:156][458]LogScript:Warning: Attempt to take Sqrt() of negative number - returning 0.
[2014.12.10-16.15.56:205][460]LogScript:Warning: Attempt to take Sqrt() of negative number - returning 0.
[2014.12.10-16.15.56:205][460]LogScript:Warning: Attempt to take Sqrt() of negative number - returning 0.
[2014.12.10-16.15.56:252][462]LogScript:Warning: Attempt to take Sqrt() of negative number - returning 0.
[2014.12.10-16.15.56:252][462]LogScript:Warning: Attempt to take Sqrt() of negative number - returning 0.
[2014.12.10-16.15.56:295][464]LogScript:Warning: Attempt to take Sqrt() of negative number - returning 0.
[2014.12.10-16.15.56:295][464]LogScript:Warning: Attempt to take Sqrt() of negative number - returning 0.
[2014.12.10-16.15.56:340][466]LogScript:Warning: Attempt to take Sqrt() of negative number - returning 0.
[2014.12.10-16.15.56:340][466]LogScript:Warning: Attempt to take Sqrt() of negative number - returning 0.
[2014.12.10-16.15.56:386][468]LogScript:Warning: Attempt to take Sqrt() of negative number - returning 0.
[2014.12.10-16.15.56:388][468]LogScript:Warning: Attempt to take Sqrt() of negative number - returning 0.
[2014.12.10-16.15.56:433][470]LogScript:Warning: Attempt to take Sqrt() of negative number - returning 0.
[2014.12.10-16.15.56:433][470]LogScript:Warning: Attempt to take Sqrt() of negative number - returning 0.
[2014.12.10-16.15.56:479][472]LogScript:Warning: Attempt to take Sqrt() of negative number - returning 0.
[2014.12.10-16.15.56:479][472]LogScript:Warning: Attempt to take Sqrt() of negative number - returning 0.
[2014.12.10-16.15.56:524][474]LogScript:Warning: Attempt to take Sqrt() of negative number - returning 0.
[2014.12.10-16.15.56:524][474]LogScript:Warning: Attempt to take Sqrt() of negative number - returning 0.
[2014.12.10-16.15.56:565][476]LogScript:Warning: Attempt to take Sqrt() of negative number - returning 0.
[2014.12.10-16.15.56:565][476]LogScript:Warning: Attempt to take Sqrt() of negative number - returning 0.
[2014.12.10-16.15.56:606][478]LogScript:Warning: Attempt to take Sqrt() of negative number - returning 0.
[2014.12.10-16.15.56:606][478]LogScript:Warning: Attempt to take Sqrt() of negative number - returning 0.
[2014.12.10-16.15.56:649][480]LogScript:Warning: Attempt to take Sqrt() of negative number - returning 0.
[2014.12.10-16.15.56:649][480]LogScript:Warning: Attempt to take Sqrt() of negative number - returning 0.
[2014.12.10-16.15.56:696][482]LogScript:Warning: Attempt to take Sqrt() of negative number - returning 0.
[2014.12.10-16.15.56:696][482]LogScript:Warning: Attempt to take Sqrt() of negative number - returning 0.
[2014.12.10-16.15.56:738][484]LogScript:Warning: Attempt to take Sqrt() of negative number - returning 0.
[2014.12.10-16.15.56:738][484]LogScript:Warning: Attempt to take Sqrt() of negative number - returning 0.
[2014.12.10-16.15.56:780][486]LogScript:Warning: Attempt to take Sqrt() of negative number - returning 0.
[2014.12.10-16.15.56:780][486]LogScript:Warning: Attempt to take Sqrt() of negative number - returning 0.
[2014.12.10-16.15.56:824][488]LogScript:Warning: Attempt to take Sqrt() of negative number - returning 0.
[2014.12.10-16.15.56:824][488]LogScript:Warning: Attempt to take Sqrt() of negative number - returning 0.
[2014.12.10-16.15.56:866][490]LogScript:Warning: Attempt to take Sqrt() of negative number - returning 0.
[2014.12.10-16.15.56:866][490]LogScript:Warning: Attempt to take Sqrt() of negative number - returning 0.
[2014.12.10-16.15.56:912][492]LogScript:Warning: Attempt to take Sqrt() of negative number - returning 0.
[2014.12.10-16.15.56:912][492]LogScript:Warning: Attempt to take Sqrt() of negative number - returning 0.
[2014.12.10-16.15.56:958][494]LogScript:Warning: Attempt to take Sqrt() of negative number - returning 0.
[2014.12.10-16.15.56:959][494]LogScript:Warning: Attempt to take Sqrt() of negative number - returning 0.
[2014.12.10-16.15.56:999][496]LogScript:Warning: Attempt to take Sqrt() of negative number - returning 0.
[2014.12.10-16.15.56:999][496]LogScript:Warning: Attempt to take Sqrt() of negative number - returning 0.
[2014.12.10-16.15.57:041][498]LogScript:Warning: Attempt to take Sqrt() of negative number - returning 0.
[2014.12.10-16.15.57:041][498]LogScript:Warning: Attempt to take Sqrt() of negative number - returning 0.
[2014.12.10-16.15.57:084][500]LogScript:Warning: Attempt to take Sqrt() of negative number - returning 0.
[2014.12.10-16.15.57:084][500]LogScript:Warning: Attempt to take Sqrt() of negative number - returning 0.
[2014.12.10-16.15.57:132][502]LogScript:Warning: Attempt to take Sqrt() of negative number - returning 0.
[2014.12.10-16.15.57:132][502]LogScript:Warning: Attempt to take Sqrt() of negative number - returning 0.
[2014.12.10-16.15.57:176][504]LogScript:Warning: Attempt to take Sqrt() of negative number - returning 0.
[2014.12.10-16.15.57:176][504]LogScript:Warning: Attempt to take Sqrt() of negative number - returning 0.
[2014.12.10-16.15.57:216][506]LogScript:Warning: Attempt to take Sqrt() of negative number - returning 0.
[2014.12.10-16.15.57:218][506]LogScript:Warning: Attempt to take Sqrt() of negative number - returning 0.
[2014.12.10-16.15.57:257][508]LogScript:Warning: Attempt to take Sqrt() of negative number - returning 0.
[2014.12.10-16.15.57:257][508]LogScript:Warning: Attempt to take Sqrt() of negative number - returning 0.
[2014.12.10-16.15.57:302][510]LogScript:Warning: Attempt to take Sqrt() of negative number - returning 0.
[2014.12.10-16.15.57:302][510]LogScript:Warning: Attempt to take Sqrt() of negative number - returning 0.
[2014.12.10-16.15.57:341][512]LogScript:Warning: Attempt to take Sqrt() of negative number - returning 0.
[2014.12.10-16.15.57:341][512]LogScript:Warning: Attempt to take Sqrt() of negative number - returning 0.
[2014.12.10-16.15.57:387][514]LogScript:Warning: Attempt to take Sqrt() of negative number - returning 0.
[2014.12.10-16.15.57:387][514]LogScript:Warning: Attempt to take Sqrt() of negative number - returning 0.
[2014.12.10-16.15.57:427][516]LogScript:Warning: Attempt to take Sqrt() of negative number - returning 0.
[2014.12.10-16.15.57:428][516]LogScript:Warning: Attempt to take Sqrt() of negative number - returning 0.
[2014.12.10-16.15.57:470][518]LogScript:Warning: Attempt to take Sqrt() of negative number - returning 0.
[2014.12.10-16.15.57:470][518]LogScript:Warning: Attempt to take Sqrt() of negative number - returning 0.
[2014.12.10-16.15.57:513][520]LogScript:Warning: Attempt to take Sqrt() of negative number - returning 0.
[2014.12.10-16.15.57:513][520]LogScript:Warning: Attempt to take Sqrt() of negative number - returning 0.
[2014.12.10-16.15.57:554][522]LogScript:Warning: Attempt to take Sqrt() of negative number - returning 0.
[2014.12.10-16.15.57:554][522]LogScript:Warning: Attempt to take Sqrt() of negative number - returning 0.
[2014.12.10-16.15.57:595][524]LogScript:Warning: Attempt to take Sqrt() of negative number - returning 0.
[2014.12.10-16.15.57:595][524]LogScript:Warning: Attempt to take Sqrt() of negative number - returning 0.
[2014.12.10-16.15.57:640][526]LogScript:Warning: Attempt to take Sqrt() of negative number - returning 0.
[2014.12.10-16.15.57:640][526]LogScript:Warning: Attempt to take Sqrt() of negative number - returning 0.
[2014.12.10-16.15.57:683][528]LogScript:Warning: Attempt to take Sqrt() of negative number - returning 0.
[2014.12.10-16.15.57:683][528]LogScript:Warning: Attempt to take Sqrt() of negative number - returning 0.
[2014.12.10-16.15.57:724][530]LogScript:Warning: Attempt to take Sqrt() of negative number - returning 0.
[2014.12.10-16.15.57:724][530]LogScript:Warning: Attempt to take Sqrt() of negative number - returning 0.
[2014.12.10-16.15.57:761][532]LogScript:Warning: Attempt to take Sqrt() of negative number - returning 0.
[2014.12.10-16.15.57:761][532]LogScript:Warning: Attempt to take Sqrt() of negative number - returning 0.
[2014.12.10-16.15.57:804][534]LogScript:Warning: Attempt to take Sqrt() of negative number - returning 0.
[2014.12.10-16.15.57:804][534]LogScript:Warning: Attempt to take Sqrt() of negative number - returning 0.
[2014.12.10-16.15.57:844][536]LogScript:Warning: Attempt to take Sqrt() of negative number - returning 0.
[2014.12.10-16.15.57:844][536]LogScript:Warning: Attempt to take Sqrt() of negative number - returning 0.
[2014.12.10-16.15.57:886][538]LogScript:Warning: Attempt to take Sqrt() of negative number - returning 0.
[2014.12.10-16.15.57:886][538]LogScript:Warning: Attempt to take Sqrt() of negative number - returning 0.
[2014.12.10-16.15.57:928][540]LogScript:Warning: Attempt to take Sqrt() of negative number - returning 0.
[2014.12.10-16.15.57:928][540]LogScript:Warning: Attempt to take Sqrt() of negative number - returning 0.
[2014.12.10-16.15.57:968][542]LogScript:Warning: Attempt to take Sqrt() of negative number - returning 0.
[2014.12.10-16.15.57:968][542]LogScript:Warning: Attempt to take Sqrt() of negative number - returning 0.
[2014.12.10-16.15.58:020][544]LogScript:Warning: Attempt to take Sqrt() of negative number - returning 0.
[2014.12.10-16.15.58:021][544]LogScript:Warning: Attempt to take Sqrt() of negative number - returning 0.
[2014.12.10-16.15.58:061][546]LogScript:Warning: Attempt to take Sqrt() of negative number - returning 0.
[2014.12.10-16.15.58:061][546]LogScript:Warning: Attempt to take Sqrt() of negative number - returning 0.
[2014.12.10-16.15.58:101][548]LogScript:Warning: Attempt to take Sqrt() of negative number - returning 0.
[2014.12.10-16.15.58:101][548]LogScript:Warning: Attempt to take Sqrt() of negative number - returning 0.
[2014.12.10-16.15.58:144][550]LogScript:Warning: Attempt to take Sqrt() of negative number - returning 0.
[2014.12.10-16.15.58:144][550]LogScript:Warning: Attempt to take Sqrt() of negative number - returning 0.
[2014.12.10-16.15.58:186][552]LogScript:Warning: Attempt to take Sqrt() of negative number - returning 0.
[2014.12.10-16.15.58:186][552]LogScript:Warning: Attempt to take Sqrt() of negative number - returning 0.
[2014.12.10-16.15.58:229][554]LogScript:Warning: Attempt to take Sqrt() of negative number - returning 0.
[2014.12.10-16.15.58:229][554]LogScript:Warning: Attempt to take Sqrt() of negative number - returning 0.
[2014.12.10-16.15.58:269][556]LogScript:Warning: Attempt to take Sqrt() of negative number - returning 0.
[2014.12.10-16.15.58:269][556]LogScript:Warning: Attempt to take Sqrt() of negative number - returning 0.
[2014.12.10-16.15.58:309][558]LogScript:Warning: Attempt to take Sqrt() of negative number - returning 0.
[2014.12.10-16.15.58:309][558]LogScript:Warning: Attempt to take Sqrt() of negative number - returning 0.
[2014.12.10-16.15.58:350][560]LogScript:Warning: Attempt to take Sqrt() of negative number - returning 0.
[2014.12.10-16.15.58:350][560]LogScript:Warning: Attempt to take Sqrt() of negative number - returning 0.
[2014.12.10-16.15.58:393][562]LogScript:Warning: Attempt to take Sqrt() of negative number - returning 0.
[2014.12.10-16.15.58:393][562]LogScript:Warning: Attempt to take Sqrt() of negative number - returning 0.
[2014.12.10-16.15.58:436][564]LogScript:Warning: Attempt to take Sqrt() of negative number - returning 0.
[2014.12.10-16.15.58:436][564]LogScript:Warning: Attempt to take Sqrt() of negative number - returning 0.
[2014.12.10-16.15.58:476][566]LogScript:Warning: Attempt to take Sqrt() of negative number - returning 0.
[2014.12.10-16.15.58:476][566]LogScript:Warning: Attempt to take Sqrt() of negative number - returning 0.
[2014.12.10-16.15.58:518][568]LogScript:Warning: Attempt to take Sqrt() of negative number - returning 0.
[2014.12.10-16.15.58:518][568]LogScript:Warning: Attempt to take Sqrt() of negative number - returning 0.
[2014.12.10-16.15.58:559][570]LogScript:Warning: Attempt to take Sqrt() of negative number - returning 0.
[2014.12.10-16.15.58:559][570]LogScript:Warning: Attempt to take Sqrt() of negative number - returning 0.
[2014.12.10-16.15.58:599][572]LogScript:Warning: Attempt to take Sqrt() of negative number - returning 0.
[2014.12.10-16.15.58:599][572]LogScript:Warning: Attempt to take Sqrt() of negative number - returning 0.
[2014.12.10-16.15.58:643][574]LogScript:Warning: Attempt to take Sqrt() of negative number - returning 0.
[2014.12.10-16.15.58:643][574]LogScript:Warning: Attempt to take Sqrt() of negative number - returning 0.
[2014.12.10-16.15.58:683][576]LogScript:Warning: Attempt to take Sqrt() of negative number - returning 0.
[2014.12.10-16.15.58:683][576]LogScript:Warning: Attempt to take Sqrt() of negative number - returning 0.
[2014.12.10-16.15.58:724][578]LogScript:Warning: Attempt to take Sqrt() of negative number - returning 0.
[2014.12.10-16.15.58:724][578]LogScript:Warning: Attempt to take Sqrt() of negative number - returning 0.
[2014.12.10-16.15.58:764][580]LogScript:Warning: Attempt to take Sqrt() of negative number - returning 0.
[2014.12.10-16.15.58:764][580]LogScript:Warning: Attempt to take Sqrt() of negative number - returning 0.
[2014.12.10-16.15.58:805][582]LogScript:Warning: Attempt to take Sqrt() of negative number - returning 0.
[2014.12.10-16.15.58:806][582]LogScript:Warning: Attempt to take Sqrt() of negative number - returning 0.
[2014.12.10-16.15.58:845][584]LogScript:Warning: Attempt to take Sqrt() of negative number - returning 0.
[2014.12.10-16.15.58:845][584]LogScript:Warning: Attempt to take Sqrt() of negative number - returning 0.
[2014.12.10-16.15.58:888][586]LogScript:Warning: Attempt to take Sqrt() of negative number - returning 0.
[2014.12.10-16.15.58:888][586]LogScript:Warning: Attempt to take Sqrt() of negative number - returning 0.
[2014.12.10-16.15.58:930][588]LogScript:Warning: Attempt to take Sqrt() of negative number - returning 0.
[2014.12.10-16.15.58:930][588]LogScript:Warning: Attempt to take Sqrt() of negative number - returning 0.
[2014.12.10-16.15.58:977][590]LogScript:Warning: Attempt to take Sqrt() of negative number - returning 0.
[2014.12.10-16.15.58:977][590]LogScript:Warning: Attempt to take Sqrt() of negative number - returning 0.
[2014.12.10-16.15.59:020][592]LogScript:Warning: Attempt to take Sqrt() of negative number - returning 0.
[2014.12.10-16.15.59:020][592]LogScript:Warning: Attempt to take Sqrt() of negative number - returning 0.
[2014.12.10-16.15.59:060][594]LogScript:Warning: Attempt to take Sqrt() of negative number - returning 0.
[2014.12.10-16.15.59:060][594]LogScript:Warning: Attempt to take Sqrt() of negative number - returning 0.
[2014.12.10-16.15.59:103][596]LogScript:Warning: Attempt to take Sqrt() of negative number - returning 0.
[2014.12.10-16.15.59:103][596]LogScript:Warning: Attempt to take Sqrt() of negative number - returning 0.
[2014.12.10-16.15.59:145][598]LogScript:Warning: Attempt to take Sqrt() of negative number - returning 0.
[2014.12.10-16.15.59:145][598]LogScript:Warning: Attempt to take Sqrt() of negative number - returning 0.
[2014.12.10-16.15.59:185][600]LogScript:Warning: Attempt to take Sqrt() of negative number - returning 0.
[2014.12.10-16.15.59:185][600]LogScript:Warning: Attempt to take Sqrt() of negative number - returning 0.
[2014.12.10-16.15.59:224][602]LogScript:Warning: Attempt to take Sqrt() of negative number - returning 0.
[2014.12.10-16.15.59:224][602]LogScript:Warning: Attempt to take Sqrt() of negative number - returning 0.
[2014.12.10-16.15.59:267][604]LogScript:Warning: Attempt to take Sqrt() of negative number - returning 0.
[2014.12.10-16.15.59:267][604]LogScript:Warning: Attempt to take Sqrt() of negative number - returning 0.
[2014.12.10-16.15.59:309][606]LogScript:Warning: Attempt to take Sqrt() of negative number - returning 0.
[2014.12.10-16.15.59:309][606]LogScript:Warning: Attempt to take Sqrt() of negative number - returning 0.
[2014.12.10-16.15.59:354][608]LogScript:Warning: Attempt to take Sqrt() of negative number - returning 0.
[2014.12.10-16.15.59:354][608]LogScript:Warning: Attempt to take Sqrt() of negative number - returning 0.
[2014.12.10-16.15.59:401][610]LogScript:Warning: Attempt to take Sqrt() of negative number - returning 0.
[2014.12.10-16.15.59:401][610]LogScript:Warning: Attempt to take Sqrt() of negative number - returning 0.
[2014.12.10-16.15.59:446][612]LogScript:Warning: Attempt to take Sqrt() of negative number - returning 0.
[2014.12.10-16.15.59:446][612]LogScript:Warning: Attempt to take Sqrt() of negative number - returning 0.
[2014.12.10-16.15.59:494][614]LogScript:Warning: Attempt to take Sqrt() of negative number - returning 0.
[2014.12.10-16.15.59:494][614]LogScript:Warning: Attempt to take Sqrt() of negative number - returning 0.
[2014.12.10-16.15.59:539][616]LogScript:Warning: Attempt to take Sqrt() of negative number - returning 0.
[2014.12.10-16.15.59:539][616]LogScript:Warning: Attempt to take Sqrt() of negative number - returning 0.
[2014.12.10-16.15.59:580][618]LogScript:Warning: Attempt to take Sqrt() of negative number - returning 0.
[2014.12.10-16.15.59:580][618]LogScript:Warning: Attempt to take Sqrt() of negative number - returning 0.
[2014.12.10-16.15.59:622][620]LogScript:Warning: Attempt to take Sqrt() of negative number - returning 0.
[2014.12.10-16.15.59:622][620]LogScript:Warning: Attempt to take Sqrt() of negative number - returning 0.
[2014.12.10-16.15.59:661][622]LogScript:Warning: Attempt to take Sqrt() of negative number - returning 0.
[2014.12.10-16.15.59:661][622]LogScript:Warning: Attempt to take Sqrt() of negative number - returning 0.
[2014.12.10-16.15.59:703][624]LogScript:Warning: Attempt to take Sqrt() of negative number - returning 0.
[2014.12.10-16.15.59:703][624]LogScript:Warning: Attempt to take Sqrt() of negative number - returning 0.
[2014.12.10-16.15.59:744][626]LogScript:Warning: Attempt to take Sqrt() of negative number - returning 0.
[2014.12.10-16.15.59:744][626]LogScript:Warning: Attempt to take Sqrt() of negative number - returning 0.
[2014.12.10-16.15.59:784][628]LogScript:Warning: Attempt to take Sqrt() of negative number - returning 0.
[2014.12.10-16.15.59:784][628]LogScript:Warning: Attempt to take Sqrt() of negative number - returning 0.
[2014.12.10-16.15.59:824][630]LogScript:Warning: Attempt to take Sqrt() of negative number - returning 0.
[2014.12.10-16.15.59:824][630]LogScript:Warning: Attempt to take Sqrt() of negative number - returning 0.
[2014.12.10-16.15.59:864][632]LogScript:Warning: Attempt to take Sqrt() of negative number - returning 0.
[2014.12.10-16.15.59:864][632]LogScript:Warning: Attempt to take Sqrt() of negative number - returning 0.
[2014.12.10-16.15.59:909][634]LogScript:Warning: Attempt to take Sqrt() of negative number - returning 0.
[2014.12.10-16.15.59:909][634]LogScript:Warning: Attempt to take Sqrt() of negative number - returning 0.
[2014.12.10-16.15.59:947][636]LogScript:Warning: Attempt to take Sqrt() of negative number - returning 0.
[2014.12.10-16.15.59:947][636]LogScript:Warning: Attempt to take Sqrt() of negative number - returning 0.
[2014.12.10-16.15.59:991][638]LogScript:Warning: Attempt to take Sqrt() of negative number - returning 0.
[2014.12.10-16.15.59:991][638]LogScript:Warning: Attempt to take Sqrt() of negative number - returning 0.
[2014.12.10-16.16.00:033][640]LogScript:Warning: Attempt to take Sqrt() of negative number - returning 0.
[2014.12.10-16.16.00:033][640]LogScript:Warning: Attempt to take Sqrt() of negative number - returning 0.
[2014.12.10-16.16.00:079][642]LogScript:Warning: Attempt to take Sqrt() of negative number - returning 0.
[2014.12.10-16.16.00:079][642]LogScript:Warning: Attempt to take Sqrt() of negative number - returning 0.
[2014.12.10-16.16.00:129][644]LogScript:Warning: Attempt to take Sqrt() of negative number - returning 0.
[2014.12.10-16.16.00:130][644]LogScript:Warning: Attempt to take Sqrt() of negative number - returning 0.
[2014.12.10-16.16.00:172][646]LogScript:Warning: Attempt to take Sqrt() of negative number - returning 0.
[2014.12.10-16.16.00:172][646]LogScript:Warning: Attempt to take Sqrt() of negative number - returning 0.
[2014.12.10-16.16.00:218][648]LogScript:Warning: Attempt to take Sqrt() of negative number - returning 0.
[2014.12.10-16.16.00:218][648]LogScript:Warning: Attempt to take Sqrt() of negative number - returning 0.
[2014.12.10-16.16.00:264][650]LogScript:Warning: Attempt to take Sqrt() of negative number - returning 0.
[2014.12.10-16.16.00:264][650]LogScript:Warning: Attempt to take Sqrt() of negative number - returning 0.
[2014.12.10-16.16.00:310][652]LogScript:Warning: Attempt to take Sqrt() of negative number - returning 0.
[2014.12.10-16.16.00:310][652]LogScript:Warning: Attempt to take Sqrt() of negative number - returning 0.
[2014.12.10-16.16.00:360][654]LogScript:Warning: Attempt to take Sqrt() of negative number - returning 0.
[2014.12.10-16.16.00:360][654]LogScript:Warning: Attempt to take Sqrt() of negative number - returning 0.
[2014.12.10-16.16.00:408][656]LogScript:Warning: Attempt to take Sqrt() of negative number - returning 0.
[2014.12.10-16.16.00:408][656]LogScript:Warning: Attempt to take Sqrt() of negative number - returning 0.
[2014.12.10-16.16.00:458][658]LogScript:Warning: Attempt to take Sqrt() of negative number - returning 0.
[2014.12.10-16.16.00:458][658]LogScript:Warning: Attempt to take Sqrt() of negative number - returning 0.
[2014.12.10-16.16.00:509][660]LogScript:Warning: Attempt to take Sqrt() of negative number - returning 0.
[2014.12.10-16.16.00:509][660]LogScript:Warning: Attempt to take Sqrt() of negative number - returning 0.
[2014.12.10-16.16.00:557][662]LogScript:Warning: Attempt to take Sqrt() of negative number - returning 0.
[2014.12.10-16.16.00:557][662]LogScript:Warning: Attempt to take Sqrt() of negative number - returning 0.
[2014.12.10-16.16.00:602][664]LogScript:Warning: Attempt to take Sqrt() of negative number - returning 0.
[2014.12.10-16.16.00:603][664]LogScript:Warning: Attempt to take Sqrt() of negative number - returning 0.
[2014.12.10-16.16.00:645][666]LogScript:Warning: Attempt to take Sqrt() of negative number - returning 0.
[2014.12.10-16.16.00:645][666]LogScript:Warning: Attempt to take Sqrt() of negative number - returning 0.
[2014.12.10-16.16.00:685][668]LogScript:Warning: Attempt to take Sqrt() of negative number - returning 0.
[2014.12.10-16.16.00:686][668]LogScript:Warning: Attempt to take Sqrt() of negative number - returning 0.
[2014.12.10-16.16.00:726][670]LogScript:Warning: Attempt to take Sqrt() of negative number - returning 0.
[2014.12.10-16.16.00:726][670]LogScript:Warning: Attempt to take Sqrt() of negative number - returning 0.
[2014.12.10-16.16.00:768][672]LogScript:Warning: Attempt to take Sqrt() of negative number - returning 0.
[2014.12.10-16.16.00:768][672]LogScript:Warning: Attempt to take Sqrt() of negative number - returning 0.
[2014.12.10-16.16.00:815][674]LogScript:Warning: Attempt to take Sqrt() of negative number - returning 0.
[2014.12.10-16.16.00:815][674]LogScript:Warning: Attempt to take Sqrt() of negative number - returning 0.
[2014.12.10-16.16.00:863][676]LogScript:Warning: Attempt to take Sqrt() of negative number - returning 0.
[2014.12.10-16.16.00:863][676]LogScript:Warning: Attempt to take Sqrt() of negative number - returning 0.
[2014.12.10-16.16.00:907][678]LogScript:Warning: Attempt to take Sqrt() of negative number - returning 0.
[2014.12.10-16.16.00:907][678]LogScript:Warning: Attempt to take Sqrt() of negative number - returning 0.
[2014.12.10-16.16.00:948][680]LogScript:Warning: Attempt to take Sqrt() of negative number - returning 0.
[2014.12.10-16.16.00:948][680]LogScript:Warning: Attempt to take Sqrt() of negative number - returning 0.
[2014.12.10-16.16.00:993][682]LogScript:Warning: Attempt to take Sqrt() of negative number - returning 0.
[2014.12.10-16.16.00:993][682]LogScript:Warning: Attempt to take Sqrt() of negative number - returning 0.
[2014.12.10-16.16.01:036][684]LogScript:Warning: Attempt to take Sqrt() of negative number - returning 0.
[2014.12.10-16.16.01:036][684]LogScript:Warning: Attempt to take Sqrt() of negative number - returning 0.
[2014.12.10-16.16.01:130][689]LogScript:Warning: Attempt to take Sqrt() of negative number - returning 0.
[2014.12.10-16.16.01:130][689]LogScript:Warning: Attempt to take Sqrt() of negative number - returning 0.
[2014.12.10-16.16.01:271][689]LogParticles: Destroying 0 GPU particle simulations for FXSystem 0x0000008A8967D620
[2014.12.10-16.17.25:713][140]BlueprintLog: New page: Compile AsteroidMiner
[2014.12.10-16.17.26:605][140]BlueprintEditorCompileResults: Info [0178.41] Compile of AsteroidMiner successful! [in 499 ms]
[2014.12.10-16.17.31:289][234]BlueprintLog: New page: Pre-PIE auto-recompile
[2014.12.10-16.17.31:434][234]LogPlayLevel: [PIE] Compiling AsteroidMiner before PIE...
[2014.12.10-16.17.32:235][234]LogPlayLevel: PIE:  Blueprint regeneration took 944 ms (1 blueprints)
[2014.12.10-16.17.32:235][234]PIE: New page: PIE session: AsteroidMiner (10 Dec 2014 16:17:32)
[2014.12.10-16.17.32:284][234]LogPlayLevel: PIE: StaticDuplicateObject took: (0.048375s)
[2014.12.10-16.17.32:287][234]LogPlayLevel: PIE: World Init took: (0.002495s)
[2014.12.10-16.17.32:287][234]LogPlayLevel: PIE: Created PIE world by copying editor world from /Game/Maps/AsteroidMiner.AsteroidMiner to /Game/Maps/UEDPIE_0_AsteroidMiner.AsteroidMiner (0.051232s)
[2014.12.10-16.17.32:321][234]LogWorld: Game class is 'AsteroidMinerGameMode_C'
[2014.12.10-16.17.32:325][234]LogAIModule: Creating AISystem for world AsteroidMiner
[2014.12.10-16.17.32:326][234]LogWorld: Bringing World /Game/Maps/UEDPIE_0_AsteroidMiner.AsteroidMiner up for play (max tick rate 0) at 2014.12.10-16.17.32
[2014.12.10-16.17.32:328][234]LogWorld: Bringing up level for play took: 0.002398
[2014.12.10-16.17.32:330][234]PIE: Info Play in editor start time for /Game/Maps/UEDPIE_0_AsteroidMiner 1.335
[2014.12.10-16.17.32:355][234]LogScript:Warning: Accessed None 'CallFunc_PlaySoundAttached_ReturnValue'
	AsteroidMinerCamera_C /Game/Maps/UEDPIE_0_AsteroidMiner.AsteroidMiner:PersistentLevel.AsteroidMinerCamera_C_1
	Function /Game/Blueprints/GameComponents/AsteroidMinerCamera.AsteroidMinerCamera_C:ExecuteUbergraph_AsteroidMinerCamera:0091
[2014.12.10-16.17.32:355][234]PIE:Error: Error Accessed None 'CallFunc_PlaySoundAttached_ReturnValue' from node Construction Script in blueprint AsteroidMinerCamera
[2014.12.10-16.17.46:263][899]LogScript:Warning: Attempt to take Sqrt() of negative number - returning 0.
[2014.12.10-16.17.46:263][899]LogScript:Warning: Attempt to take Sqrt() of negative number - returning 0.
[2014.12.10-16.17.46:302][901]LogScript:Warning: Attempt to take Sqrt() of negative number - returning 0.
[2014.12.10-16.17.46:302][901]LogScript:Warning: Attempt to take Sqrt() of negative number - returning 0.
[2014.12.10-16.17.46:343][903]LogScript:Warning: Attempt to take Sqrt() of negative number - returning 0.
[2014.12.10-16.17.46:343][903]LogScript:Warning: Attempt to take Sqrt() of negative number - returning 0.
[2014.12.10-16.17.46:383][905]LogScript:Warning: Attempt to take Sqrt() of negative number - returning 0.
[2014.12.10-16.17.46:383][905]LogScript:Warning: Attempt to take Sqrt() of negative number - returning 0.
[2014.12.10-16.17.46:422][907]LogScript:Warning: Attempt to take Sqrt() of negative number - returning 0.
[2014.12.10-16.17.46:422][907]LogScript:Warning: Attempt to take Sqrt() of negative number - returning 0.
[2014.12.10-16.17.46:469][909]LogScript:Warning: Attempt to take Sqrt() of negative number - returning 0.
[2014.12.10-16.17.46:469][909]LogScript:Warning: Attempt to take Sqrt() of negative number - returning 0.
[2014.12.10-16.17.46:511][911]LogScript:Warning: Attempt to take Sqrt() of negative number - returning 0.
[2014.12.10-16.17.46:511][911]LogScript:Warning: Attempt to take Sqrt() of negative number - returning 0.
[2014.12.10-16.17.46:553][913]LogScript:Warning: Attempt to take Sqrt() of negative number - returning 0.
[2014.12.10-16.17.46:553][913]LogScript:Warning: Attempt to take Sqrt() of negative number - returning 0.
[2014.12.10-16.17.46:598][915]LogScript:Warning: Attempt to take Sqrt() of negative number - returning 0.
[2014.12.10-16.17.46:598][915]LogScript:Warning: Attempt to take Sqrt() of negative number - returning 0.
[2014.12.10-16.17.46:639][917]LogScript:Warning: Attempt to take Sqrt() of negative number - returning 0.
[2014.12.10-16.17.46:639][917]LogScript:Warning: Attempt to take Sqrt() of negative number - returning 0.
[2014.12.10-16.17.46:683][919]LogScript:Warning: Attempt to take Sqrt() of negative number - returning 0.
[2014.12.10-16.17.46:683][919]LogScript:Warning: Attempt to take Sqrt() of negative number - returning 0.
[2014.12.10-16.17.46:728][921]LogScript:Warning: Attempt to take Sqrt() of negative number - returning 0.
[2014.12.10-16.17.46:728][921]LogScript:Warning: Attempt to take Sqrt() of negative number - returning 0.
[2014.12.10-16.17.46:772][923]LogScript:Warning: Attempt to take Sqrt() of negative number - returning 0.
[2014.12.10-16.17.46:772][923]LogScript:Warning: Attempt to take Sqrt() of negative number - returning 0.
[2014.12.10-16.17.46:816][925]LogScript:Warning: Attempt to take Sqrt() of negative number - returning 0.
[2014.12.10-16.17.46:816][925]LogScript:Warning: Attempt to take Sqrt() of negative number - returning 0.
[2014.12.10-16.17.46:860][927]LogScript:Warning: Attempt to take Sqrt() of negative number - returning 0.
[2014.12.10-16.17.46:861][927]LogScript:Warning: Attempt to take Sqrt() of negative number - returning 0.
[2014.12.10-16.17.46:904][929]LogScript:Warning: Attempt to take Sqrt() of negative number - returning 0.
[2014.12.10-16.17.46:904][929]LogScript:Warning: Attempt to take Sqrt() of negative number - returning 0.
[2014.12.10-16.17.46:946][931]LogScript:Warning: Attempt to take Sqrt() of negative number - returning 0.
[2014.12.10-16.17.46:946][931]LogScript:Warning: Attempt to take Sqrt() of negative number - returning 0.
[2014.12.10-16.17.46:987][933]LogScript:Warning: Attempt to take Sqrt() of negative number - returning 0.
[2014.12.10-16.17.46:987][933]LogScript:Warning: Attempt to take Sqrt() of negative number - returning 0.
[2014.12.10-16.17.47:028][935]LogScript:Warning: Attempt to take Sqrt() of negative number - returning 0.
[2014.12.10-16.17.47:028][935]LogScript:Warning: Attempt to take Sqrt() of negative number - returning 0.
[2014.12.10-16.17.47:068][937]LogScript:Warning: Attempt to take Sqrt() of negative number - returning 0.
[2014.12.10-16.17.47:068][937]LogScript:Warning: Attempt to take Sqrt() of negative number - returning 0.
[2014.12.10-16.17.47:107][939]LogScript:Warning: Attempt to take Sqrt() of negative number - returning 0.
[2014.12.10-16.17.47:107][939]LogScript:Warning: Attempt to take Sqrt() of negative number - returning 0.
[2014.12.10-16.17.47:148][941]LogScript:Warning: Attempt to take Sqrt() of negative number - returning 0.
[2014.12.10-16.17.47:148][941]LogScript:Warning: Attempt to take Sqrt() of negative number - returning 0.
[2014.12.10-16.17.47:188][943]LogScript:Warning: Attempt to take Sqrt() of negative number - returning 0.
[2014.12.10-16.17.47:188][943]LogScript:Warning: Attempt to take Sqrt() of negative number - returning 0.
[2014.12.10-16.17.47:229][945]LogScript:Warning: Attempt to take Sqrt() of negative number - returning 0.
[2014.12.10-16.17.47:229][945]LogScript:Warning: Attempt to take Sqrt() of negative number - returning 0.
[2014.12.10-16.17.47:269][947]LogScript:Warning: Attempt to take Sqrt() of negative number - returning 0.
[2014.12.10-16.17.47:269][947]LogScript:Warning: Attempt to take Sqrt() of negative number - returning 0.
[2014.12.10-16.17.47:308][949]LogScript:Warning: Attempt to take Sqrt() of negative number - returning 0.
[2014.12.10-16.17.47:308][949]LogScript:Warning: Attempt to take Sqrt() of negative number - returning 0.
[2014.12.10-16.17.47:348][951]LogScript:Warning: Attempt to take Sqrt() of negative number - returning 0.
[2014.12.10-16.17.47:348][951]LogScript:Warning: Attempt to take Sqrt() of negative number - returning 0.
[2014.12.10-16.17.47:387][953]LogScript:Warning: Attempt to take Sqrt() of negative number - returning 0.
[2014.12.10-16.17.47:387][953]LogScript:Warning: Attempt to take Sqrt() of negative number - returning 0.
[2014.12.10-16.17.47:429][955]LogScript:Warning: Attempt to take Sqrt() of negative number - returning 0.
[2014.12.10-16.17.47:429][955]LogScript:Warning: Attempt to take Sqrt() of negative number - returning 0.
[2014.12.10-16.17.47:473][957]LogScript:Warning: Attempt to take Sqrt() of negative number - returning 0.
[2014.12.10-16.17.47:473][957]LogScript:Warning: Attempt to take Sqrt() of negative number - returning 0.
[2014.12.10-16.17.47:516][959]LogScript:Warning: Attempt to take Sqrt() of negative number - returning 0.
[2014.12.10-16.17.47:517][959]LogScript:Warning: Attempt to take Sqrt() of negative number - returning 0.
[2014.12.10-16.17.47:558][961]LogScript:Warning: Attempt to take Sqrt() of negative number - returning 0.
[2014.12.10-16.17.47:558][961]LogScript:Warning: Attempt to take Sqrt() of negative number - returning 0.
[2014.12.10-16.17.47:603][963]LogScript:Warning: Attempt to take Sqrt() of negative number - returning 0.
[2014.12.10-16.17.47:603][963]LogScript:Warning: Attempt to take Sqrt() of negative number - returning 0.
[2014.12.10-16.17.47:647][965]LogScript:Warning: Attempt to take Sqrt() of negative number - returning 0.
[2014.12.10-16.17.47:647][965]LogScript:Warning: Attempt to take Sqrt() of negative number - returning 0.
[2014.12.10-16.17.47:691][967]LogScript:Warning: Attempt to take Sqrt() of negative number - returning 0.
[2014.12.10-16.17.47:691][967]LogScript:Warning: Attempt to take Sqrt() of negative number - returning 0.
[2014.12.10-16.17.47:736][969]LogScript:Warning: Attempt to take Sqrt() of negative number - returning 0.
[2014.12.10-16.17.47:736][969]LogScript:Warning: Attempt to take Sqrt() of negative number - returning 0.
[2014.12.10-16.17.47:779][971]LogScript:Warning: Attempt to take Sqrt() of negative number - returning 0.
[2014.12.10-16.17.47:779][971]LogScript:Warning: Attempt to take Sqrt() of negative number - returning 0.
[2014.12.10-16.17.47:825][973]LogScript:Warning: Attempt to take Sqrt() of negative number - returning 0.
[2014.12.10-16.17.47:825][973]LogScript:Warning: Attempt to take Sqrt() of negative number - returning 0.
[2014.12.10-16.17.47:872][975]LogScript:Warning: Attempt to take Sqrt() of negative number - returning 0.
[2014.12.10-16.17.47:872][975]LogScript:Warning: Attempt to take Sqrt() of negative number - returning 0.
[2014.12.10-16.17.47:913][977]LogScript:Warning: Attempt to take Sqrt() of negative number - returning 0.
[2014.12.10-16.17.47:914][977]LogScript:Warning: Attempt to take Sqrt() of negative number - returning 0.
[2014.12.10-16.17.47:953][979]LogScript:Warning: Attempt to take Sqrt() of negative number - returning 0.
[2014.12.10-16.17.47:953][979]LogScript:Warning: Attempt to take Sqrt() of negative number - returning 0.
[2014.12.10-16.17.47:997][981]LogScript:Warning: Attempt to take Sqrt() of negative number - returning 0.
[2014.12.10-16.17.47:997][981]LogScript:Warning: Attempt to take Sqrt() of negative number - returning 0.
[2014.12.10-16.17.48:037][983]LogScript:Warning: Attempt to take Sqrt() of negative number - returning 0.
[2014.12.10-16.17.48:037][983]LogScript:Warning: Attempt to take Sqrt() of negative number - returning 0.
[2014.12.10-16.17.48:079][985]LogScript:Warning: Attempt to take Sqrt() of negative number - returning 0.
[2014.12.10-16.17.48:079][985]LogScript:Warning: Attempt to take Sqrt() of negative number - returning 0.
[2014.12.10-16.17.48:119][987]LogScript:Warning: Attempt to take Sqrt() of negative number - returning 0.
[2014.12.10-16.17.48:119][987]LogScript:Warning: Attempt to take Sqrt() of negative number - returning 0.
[2014.12.10-16.17.48:160][989]LogScript:Warning: Attempt to take Sqrt() of negative number - returning 0.
[2014.12.10-16.17.48:160][989]LogScript:Warning: Attempt to take Sqrt() of negative number - returning 0.
[2014.12.10-16.17.48:206][991]LogScript:Warning: Attempt to take Sqrt() of negative number - returning 0.
[2014.12.10-16.17.48:206][991]LogScript:Warning: Attempt to take Sqrt() of negative number - returning 0.
[2014.12.10-16.17.48:249][993]LogScript:Warning: Attempt to take Sqrt() of negative number - returning 0.
[2014.12.10-16.17.48:249][993]LogScript:Warning: Attempt to take Sqrt() of negative number - returning 0.
[2014.12.10-16.17.48:291][995]LogScript:Warning: Attempt to take Sqrt() of negative number - returning 0.
[2014.12.10-16.17.48:291][995]LogScript:Warning: Attempt to take Sqrt() of negative number - returning 0.
[2014.12.10-16.17.48:332][997]LogScript:Warning: Attempt to take Sqrt() of negative number - returning 0.
[2014.12.10-16.17.48:332][997]LogScript:Warning: Attempt to take Sqrt() of negative number - returning 0.
[2014.12.10-16.17.48:372][999]LogScript:Warning: Attempt to take Sqrt() of negative number - returning 0.
[2014.12.10-16.17.48:372][999]LogScript:Warning: Attempt to take Sqrt() of negative number - returning 0.
[2014.12.10-16.17.48:611][  4]LogParticles: Destroying 0 GPU particle simulations for FXSystem 0x0000008A9F47FB00
[2014.12.10-16.18.47:531][113]BlueprintLog: New page: Pre-PIE auto-recompile
[2014.12.10-16.18.47:692][113]LogPlayLevel: [PIE] Compiling AsteroidMiner before PIE...
[2014.12.10-16.18.48:505][113]LogPlayLevel: PIE:  Blueprint regeneration took 973 ms (1 blueprints)
[2014.12.10-16.18.48:506][113]PIE: New page: PIE session: AsteroidMiner (10 Dec 2014 16:18:48)
[2014.12.10-16.18.48:555][113]LogPlayLevel: PIE: StaticDuplicateObject took: (0.048240s)
[2014.12.10-16.18.48:556][113]LogPlayLevel: PIE: World Init took: (0.001175s)
[2014.12.10-16.18.48:556][113]LogPlayLevel: PIE: Created PIE world by copying editor world from /Game/Maps/AsteroidMiner.AsteroidMiner to /Game/Maps/UEDPIE_0_AsteroidMiner.AsteroidMiner (0.049689s)
[2014.12.10-16.18.48:595][113]LogWorld: Game class is 'AsteroidMinerGameMode_C'
[2014.12.10-16.18.48:598][113]LogAIModule: Creating AISystem for world AsteroidMiner
[2014.12.10-16.18.48:600][113]LogWorld: Bringing World /Game/Maps/UEDPIE_0_AsteroidMiner.AsteroidMiner up for play (max tick rate 0) at 2014.12.10-16.18.48
[2014.12.10-16.18.48:601][113]LogWorld: Bringing up level for play took: 0.002415
[2014.12.10-16.18.48:604][113]PIE: Info Play in editor start time for /Game/Maps/UEDPIE_0_AsteroidMiner 1.61
[2014.12.10-16.18.48:629][113]LogScript:Warning: Accessed None 'CallFunc_PlaySoundAttached_ReturnValue'
	AsteroidMinerCamera_C /Game/Maps/UEDPIE_0_AsteroidMiner.AsteroidMiner:PersistentLevel.AsteroidMinerCamera_C_2
	Function /Game/Blueprints/GameComponents/AsteroidMinerCamera.AsteroidMinerCamera_C:ExecuteUbergraph_AsteroidMinerCamera:0091
[2014.12.10-16.18.48:629][113]PIE:Error: Error Accessed None 'CallFunc_PlaySoundAttached_ReturnValue' from node Construction Script in blueprint AsteroidMinerCamera
[2014.12.10-16.19.02:900][778]LogScript:Warning: Attempt to take Sqrt() of negative number - returning 0.
[2014.12.10-16.19.02:900][778]LogScript:Warning: Attempt to take Sqrt() of negative number - returning 0.
[2014.12.10-16.19.02:942][780]LogScript:Warning: Attempt to take Sqrt() of negative number - returning 0.
[2014.12.10-16.19.02:942][780]LogScript:Warning: Attempt to take Sqrt() of negative number - returning 0.
[2014.12.10-16.19.02:983][782]LogScript:Warning: Attempt to take Sqrt() of negative number - returning 0.
[2014.12.10-16.19.02:983][782]LogScript:Warning: Attempt to take Sqrt() of negative number - returning 0.
[2014.12.10-16.19.03:022][784]LogScript:Warning: Attempt to take Sqrt() of negative number - returning 0.
[2014.12.10-16.19.03:022][784]LogScript:Warning: Attempt to take Sqrt() of negative number - returning 0.
[2014.12.10-16.19.03:064][786]LogScript:Warning: Attempt to take Sqrt() of negative number - returning 0.
[2014.12.10-16.19.03:064][786]LogScript:Warning: Attempt to take Sqrt() of negative number - returning 0.
[2014.12.10-16.19.03:107][788]LogScript:Warning: Attempt to take Sqrt() of negative number - returning 0.
[2014.12.10-16.19.03:107][788]LogScript:Warning: Attempt to take Sqrt() of negative number - returning 0.
[2014.12.10-16.19.03:149][790]LogScript:Warning: Attempt to take Sqrt() of negative number - returning 0.
[2014.12.10-16.19.03:149][790]LogScript:Warning: Attempt to take Sqrt() of negative number - returning 0.
[2014.12.10-16.19.03:189][792]LogScript:Warning: Attempt to take Sqrt() of negative number - returning 0.
[2014.12.10-16.19.03:189][792]LogScript:Warning: Attempt to take Sqrt() of negative number - returning 0.
[2014.12.10-16.19.03:232][794]LogScript:Warning: Attempt to take Sqrt() of negative number - returning 0.
[2014.12.10-16.19.03:232][794]LogScript:Warning: Attempt to take Sqrt() of negative number - returning 0.
[2014.12.10-16.19.03:275][796]LogScript:Warning: Attempt to take Sqrt() of negative number - returning 0.
[2014.12.10-16.19.03:275][796]LogScript:Warning: Attempt to take Sqrt() of negative number - returning 0.
[2014.12.10-16.19.03:317][798]LogScript:Warning: Attempt to take Sqrt() of negative number - returning 0.
[2014.12.10-16.19.03:317][798]LogScript:Warning: Attempt to take Sqrt() of negative number - returning 0.
[2014.12.10-16.19.03:357][800]LogScript:Warning: Attempt to take Sqrt() of negative number - returning 0.
[2014.12.10-16.19.03:357][800]LogScript:Warning: Attempt to take Sqrt() of negative number - returning 0.
[2014.12.10-16.19.03:396][802]LogScript:Warning: Attempt to take Sqrt() of negative number - returning 0.
[2014.12.10-16.19.03:397][802]LogScript:Warning: Attempt to take Sqrt() of negative number - returning 0.
[2014.12.10-16.19.03:439][804]LogScript:Warning: Attempt to take Sqrt() of negative number - returning 0.
[2014.12.10-16.19.03:439][804]LogScript:Warning: Attempt to take Sqrt() of negative number - returning 0.
[2014.12.10-16.19.03:481][806]LogScript:Warning: Attempt to take Sqrt() of negative number - returning 0.
[2014.12.10-16.19.03:481][806]LogScript:Warning: Attempt to take Sqrt() of negative number - returning 0.
[2014.12.10-16.19.03:524][808]LogScript:Warning: Attempt to take Sqrt() of negative number - returning 0.
[2014.12.10-16.19.03:524][808]LogScript:Warning: Attempt to take Sqrt() of negative number - returning 0.
[2014.12.10-16.19.03:568][810]LogScript:Warning: Attempt to take Sqrt() of negative number - returning 0.
[2014.12.10-16.19.03:568][810]LogScript:Warning: Attempt to take Sqrt() of negative number - returning 0.
[2014.12.10-16.19.03:612][812]LogScript:Warning: Attempt to take Sqrt() of negative number - returning 0.
[2014.12.10-16.19.03:612][812]LogScript:Warning: Attempt to take Sqrt() of negative number - returning 0.
[2014.12.10-16.19.03:656][814]LogScript:Warning: Attempt to take Sqrt() of negative number - returning 0.
[2014.12.10-16.19.03:656][814]LogScript:Warning: Attempt to take Sqrt() of negative number - returning 0.
[2014.12.10-16.19.03:697][816]LogScript:Warning: Attempt to take Sqrt() of negative number - returning 0.
[2014.12.10-16.19.03:697][816]LogScript:Warning: Attempt to take Sqrt() of negative number - returning 0.
[2014.12.10-16.19.03:739][818]LogScript:Warning: Attempt to take Sqrt() of negative number - returning 0.
[2014.12.10-16.19.03:739][818]LogScript:Warning: Attempt to take Sqrt() of negative number - returning 0.
[2014.12.10-16.19.03:784][820]LogScript:Warning: Attempt to take Sqrt() of negative number - returning 0.
[2014.12.10-16.19.03:784][820]LogScript:Warning: Attempt to take Sqrt() of negative number - returning 0.
[2014.12.10-16.19.03:860][822]LogScript:Warning: Attempt to take Sqrt() of negative number - returning 0.
[2014.12.10-16.19.03:860][822]LogScript:Warning: Attempt to take Sqrt() of negative number - returning 0.
[2014.12.10-16.19.03:962][824]LogScript:Warning: Attempt to take Sqrt() of negative number - returning 0.
[2014.12.10-16.19.03:962][824]LogScript:Warning: Attempt to take Sqrt() of negative number - returning 0.
[2014.12.10-16.19.04:006][826]LogScript:Warning: Attempt to take Sqrt() of negative number - returning 0.
[2014.12.10-16.19.04:006][826]LogScript:Warning: Attempt to take Sqrt() of negative number - returning 0.
[2014.12.10-16.19.04:051][828]LogScript:Warning: Attempt to take Sqrt() of negative number - returning 0.
[2014.12.10-16.19.04:051][828]LogScript:Warning: Attempt to take Sqrt() of negative number - returning 0.
[2014.12.10-16.19.04:096][830]LogScript:Warning: Attempt to take Sqrt() of negative number - returning 0.
[2014.12.10-16.19.04:096][830]LogScript:Warning: Attempt to take Sqrt() of negative number - returning 0.
[2014.12.10-16.19.04:137][832]LogScript:Warning: Attempt to take Sqrt() of negative number - returning 0.
[2014.12.10-16.19.04:137][832]LogScript:Warning: Attempt to take Sqrt() of negative number - returning 0.
[2014.12.10-16.19.04:185][834]LogScript:Warning: Attempt to take Sqrt() of negative number - returning 0.
[2014.12.10-16.19.04:185][834]LogScript:Warning: Attempt to take Sqrt() of negative number - returning 0.
[2014.12.10-16.19.04:230][836]LogScript:Warning: Attempt to take Sqrt() of negative number - returning 0.
[2014.12.10-16.19.04:230][836]LogScript:Warning: Attempt to take Sqrt() of negative number - returning 0.
[2014.12.10-16.19.04:275][838]LogScript:Warning: Attempt to take Sqrt() of negative number - returning 0.
[2014.12.10-16.19.04:275][838]LogScript:Warning: Attempt to take Sqrt() of negative number - returning 0.
[2014.12.10-16.19.04:315][840]LogScript:Warning: Attempt to take Sqrt() of negative number - returning 0.
[2014.12.10-16.19.04:316][840]LogScript:Warning: Attempt to take Sqrt() of negative number - returning 0.
[2014.12.10-16.19.05:346][842]LogScript:Warning: Attempt to take Sqrt() of negative number - returning 0.
[2014.12.10-16.19.05:346][842]LogScript:Warning: Attempt to take Sqrt() of negative number - returning 0.
[2014.12.10-16.19.05:538][844]LogScript:Warning: Attempt to take Sqrt() of negative number - returning 0.
[2014.12.10-16.19.05:539][844]LogScript:Warning: Attempt to take Sqrt() of negative number - returning 0.
[2014.12.10-16.19.05:753][846]LogScript:Warning: Attempt to take Sqrt() of negative number - returning 0.
[2014.12.10-16.19.05:753][846]LogScript:Warning: Attempt to take Sqrt() of negative number - returning 0.
[2014.12.10-16.19.05:941][848]LogScript:Warning: Attempt to take Sqrt() of negative number - returning 0.
[2014.12.10-16.19.05:941][848]LogScript:Warning: Attempt to take Sqrt() of negative number - returning 0.
[2014.12.10-16.19.06:118][850]LogScript:Warning: Attempt to take Sqrt() of negative number - returning 0.
[2014.12.10-16.19.06:118][850]LogScript:Warning: Attempt to take Sqrt() of negative number - returning 0.
[2014.12.10-16.19.06:291][852]LogScript:Warning: Attempt to take Sqrt() of negative number - returning 0.
[2014.12.10-16.19.06:291][852]LogScript:Warning: Attempt to take Sqrt() of negative number - returning 0.
[2014.12.10-16.19.06:746][854]LogParticles: Destroying 0 GPU particle simulations for FXSystem 0x0000008A93646AC0
[2014.12.10-16.19.56:135][ 92]LogContentBrowser:Verbose: The content browser source was changed by the sources view to '/Game/Blueprints/AI'
[2014.12.10-16.19.57:235][139]LogContentBrowser:Verbose: The content browser source was changed by the sources view to '/Game/Blueprints'
[2014.12.10-16.19.58:497][202]LogContentBrowser:Verbose: The content browser source was changed by the sources view to '/Game/Blueprints/GameComponents'
[2014.12.10-16.20.16:114][517]Cmd: OBJ SAVEPACKAGE PACKAGE="/Game/Blueprints/GameComponents/DebugHud" FILE="E:/Other Files/UnrealEngine_4.5/Projects/AsteroidMiner4.6/Content/Blueprints/GameComponents/DebugHud.uasset" SILENT=true
[2014.12.10-16.20.25:521][517]LogSavePackage: Save=8374.873047ms
[2014.12.10-16.20.25:521][517]LogSavePackage: Moving 'E:/Other Files/UnrealEngine_4.5/Projects/AsteroidMiner4.6/Saved/DebugHudEFA2DCAD4EA6CD1E8C76E9B2BEC3A06A.tmp' to 'E:/Other Files/UnrealEngine_4.5/Projects/AsteroidMiner4.6/Content/Blueprints/GameComponents/DebugHud.uasset'
[2014.12.10-16.21.01:985][255]LogUObjectGlobals:Warning: Failed to find object 'Object None.'
[2014.12.10-16.21.29:603][729]BlueprintLog: New page: Compile AsteroidMiner
[2014.12.10-16.21.30:460][729]BlueprintEditorCompileResults: Info [0422.26] Compile of AsteroidMiner successful! [in 502 ms]
[2014.12.10-16.21.37:476][951]Cmd: OBJ SAVEPACKAGE PACKAGE="/Game/Maps/AsteroidMiner" FILE="E:/Other Files/UnrealEngine_4.5/Projects/AsteroidMiner4.6/Content/Maps/AsteroidMiner.umap" SILENT=true AUTOSAVING=false KEEPDIRTY=false
[2014.12.10-16.21.53:338][951]LogSavePackage: Save=14739.077148ms
[2014.12.10-16.21.53:338][951]LogSavePackage: Moving 'E:/Other Files/UnrealEngine_4.5/Projects/AsteroidMiner4.6/Saved/AsteroidMiner1AF81C1341BFB4DA59747A95E0D913EE.tmp' to 'E:/Other Files/UnrealEngine_4.5/Projects/AsteroidMiner4.6/Content/Maps/AsteroidMiner.umap'
[2014.12.10-16.21.53:439][951]LogFileHelpers: Saving map 'AsteroidMiner' took 16.241
[2014.12.10-16.21.56:203][ 84]BlueprintLog: New page: Pre-PIE auto-recompile
[2014.12.10-16.21.56:304][ 84]LogPlayLevel: [PIE] Compiling DebugHud before PIE...
[2014.12.10-16.21.56:951][ 84]LogPlayLevel: [PIE] Compiling AsteroidMiner before PIE...
[2014.12.10-16.21.57:652][ 84]LogPlayLevel: [PIE] Compiling BotShip before PIE...
[2014.12.10-16.21.57:715][ 84]LogOutputDevice:Warning: 

Script Stack:
AsteroidMiner_C.ExecuteUbergraph_AsteroidMiner
AsteroidMiner_C.BndEvt__BotShip_6_K2Node_ActorBoundEvent_407_ActorDestroyedSignature__DelegateSignature

[2014.12.10-16.21.57:715][ 84]LogWindows:Error: Windows GetLastError: The operation completed successfully. (0)
[2014.12.10-16.21.57:716][ 84]LogCrashTracker: 


[2014.12.10-16.21.58:265][ 84]LogCrashTracker: 


[2014.12.10-16.21.58:265][ 84]LogWindows: === Critical error: ===
Assertion failed: PC [File:D:\BuildFarm\buildmachine_++depot+UE4-Releases+4.6\Engine\Source\Runtime\Engine\Private\GameplayStatics.cpp] [Line: 131] 



KERNELBASE.dll!UnknownFunction (0x00007ffe3891606c) + 0 bytes [UnknownFile:0]
UE4Editor-Core.dll!UnknownFunction (0x00007ffe191a2f6d) + 0 bytes [UnknownFile:0]
UE4Editor-Core.dll!UnknownFunction (0x00007ffe190360e8) + 0 bytes [UnknownFile:0]
UE4Editor-Core.dll!UnknownFunction (0x00007ffe19019182) + 0 bytes [UnknownFile:0]
UE4Editor-Engine.dll!UnknownFunction (0x00007ffe16acdbb7) + 0 bytes [UnknownFile:0]
UE4Editor-Engine.dll!UnknownFunction (0x00007ffe16806e61) + 0 bytes [UnknownFile:0]
UE4Editor-CoreUObject.dll!UnknownFunction (0x00007ffe2ddb9af4) + 0 bytes [UnknownFile:0]
UE4Editor-CoreUObject.dll!UnknownFunction (0x00007ffe2de7943f) + 0 bytes [UnknownFile:0]
UE4Editor-CoreUObject.dll!UnknownFunction (0x00007ffe2de973bd) + 0 bytes [UnknownFile:0]
UE4Editor-CoreUObject.dll!UnknownFunction (0x00007ffe2deba46a) + 0 bytes [UnknownFile:0]
UE4Editor-CoreUObject.dll!UnknownFunction (0x00007ffe2de98a5e) + 0 bytes [UnknownFile:0]
UE4Editor-CoreUObject.dll!UnknownFunction (0x00007ffe2de7999a) + 0 bytes [UnknownFile:0]
UE4Editor-CoreUObject.dll!UnknownFunction (0x00007ffe2debbd74) + 0 bytes [UnknownFile:0]
UE4Editor-CoreUObject.dll!UnknownFunction (0x00007ffe2de98a5e) + 0 bytes [UnknownFile:0]
UE4Editor-CoreUObject.dll!UnknownFunction (0x00007ffe2ddb9af4) + 0 bytes [UnknownFile:0]
UE4Editor-CoreUObject.dll!UnknownFunction (0x00007ffe2de981c6) + 0 bytes [UnknownFile:0]
UE4Editor-Engine.dll!UnknownFunction (0x00007ffe168c0851) + 0 bytes [UnknownFile:0]
UE4Editor-Engine.dll!UnknownFunction (0x00007ffe16826bf8) + 0 bytes [UnknownFile:0]
UE4Editor-Engine.dll!UnknownFunction (0x00007ffe1687304c) + 0 bytes [UnknownFile:0]
UE4Editor-Engine.dll!UnknownFunction (0x00007ffe16bd4f97) + 0 bytes [UnknownFile:0]
UE4Editor-Engine.dll!UnknownFunction (0x00007ffe16bdff43) + 0 bytes [UnknownFile:0]
UE4Editor-UnrealEd.dll!UnknownFunction (0x00007ffe1583a12b) + 0 bytes [UnknownFile:0]
UE4Editor-UnrealEd.dll!UnknownFunction (0x00007ffe158336f8) + 0 bytes [UnknownFile:0]
UE4Editor-UnrealEd.dll!UnknownFunction (0x00007ffe1580b703) + 0 bytes [UnknownFile:0]
UE4Editor-UnrealEd.dll!UnknownFunction (0x00007ffe152f8a5a) + 0 bytes [UnknownFile:0]
UE4Editor-UnrealEd.dll!UnknownFunction (0x00007ffe15311ee3) + 0 bytes [UnknownFile:0]
UE4Editor-UnrealEd.dll!UnknownFunction (0x00007ffe15057e53) + 0 bytes [UnknownFile:0]
UE4Editor-UnrealEd.dll!UnknownFunction (0x00007ffe15500686) + 0 bytes [UnknownFile:0]
UE4Editor.exe!FEngineLoop::Tick() (0x00007ff72a7bcd94) + 0 bytes [d:\buildfarm\buildmachine_++depot+ue4-releases+4.6\engine\source\runtime\launch\private\launchengineloop.cpp:2214]
UE4Editor.exe!GuardedMain() (0x00007ff72a7b089f) + 0 bytes [d:\buildfarm\buildmachine_++depot+ue4-releases+4.6\engine\source\runtime\launch\private\launch.cpp:131]
UE4Editor.exe!GuardedMainWrapper() (0x00007ff72a7b090a) + 5 bytes [d:\buildfarm\buildmachine_++depot+ue4-releases+4.6\engine\source\runtime\launch\private\windows\launchwindows.cpp:126]
UE4Editor.exe!WinMain() (0x00007ff72a7be3d9) + 17 bytes [d:\buildfarm\buildmachine_++depot+ue4-releases+4.6\engine\source\runtime\launch\private\windows\launchwindows.cpp:202]
UE4Editor.exe!__tmainCRTStartup() (0x00007ff72a7bf319) + 21 bytes [f:\dd\vctools\crt\crtw32\dllstuff\crtexe.c:618]
KERNEL32.DLL!UnknownFunction (0x00007ffe3b0516ad) + 0 bytes [UnknownFile:0]
ntdll.dll!UnknownFunction (0x00007ffe3b1f4409) + 0 bytes [UnknownFile:0]
ntdll.dll!UnknownFunction (0x00007ffe3b1f4409) + 0 bytes [UnknownFile:0]


[2014.12.10-16.21.58:575][ 84]LogExit: Executing StaticShutdownAfterError
[2014.12.10-16.21.58:584][ 84]LogWindows: FPlatformMisc::RequestExit(1)
[2014.12.10-16.21.58:584][ 84]Log file closed, 12/10/14 16:21:58
