Log file open, 12/11/14 04:06:20
LogInit:Display: Running engine for game: AsteroidMiner
LogInit: Version: 4.6.0-2369412+++depot+UE4-Releases+4.6
LogInit: API Version: 2369412
LogInit: Compiled (64-bit): Nov 24 2014 21:54:04
LogInit: Compiled with Visual C++: 18.00.21005.01
LogInit: Build Configuration: Development
LogInit: Branch Name: ++depot+UE4-Releases+4.6
LogInit: Command line:  
LogInit: Base directory: C:/Program Files/Epic Games/4.6/Engine/Binaries/Win64/
LogInit: Rocket: 1
[2014.12.11-04.06.20:377][  0]LogTaskGraph: Started task graph with 3 named threads and 6 total threads.
[2014.12.11-04.06.20:435][  0]LogOnline:Warning: No default platform service specified for OnlineSubsystem
[2014.12.11-04.06.20:469][  0]LogInit: Presizing for 0 objects not considered by GC, pre-allocating 0 bytes.
[2014.12.11-04.06.20:482][  0]LogInit: Object subsystem initialized
[2014.12.11-04.06.20:485][  0]LogConsoleResponse:Warning: Skipping Unknown console variable: 'UIScaleCurve = (EditorCurveData=(Keys=((Time=480.000000,Value=0.444000),(Time=720.000000,Value=0.666000),(Time=1080.000000,Value=1.000000),(Time=8640.000000,Value=8.000000))),ExternalCurve=None)'
[2014.12.11-04.06.20:485][  0]LogConsoleResponse:Warning:   Found in ini file 'E:/Other Files/UnrealEngine_4.5/Projects/AsteroidMiner4.6/Saved/Config/Windows/Engine.ini', in section '[/Script/Engine.RendererSettings]'
[2014.12.11-04.06.20:486][  0]LogConsoleManager:Warning: Console variable 'r.MSAA.CompositingSampleCount' wasn't set (Priority ProjectSetting < Scalability)
[2014.12.11-04.06.20:486][  0]LogInit: Selected Device Profile: [Windows]
[2014.12.11-04.06.20:486][  0]LogInit: Applying CVar settings loaded from the selected device profile: [Windows]
[2014.12.11-04.06.20:515][  0]LogInit: Computer: LLOYDS_PC
[2014.12.11-04.06.20:515][  0]LogInit: User: 10021000
[2014.12.11-04.06.20:515][  0]LogInit: CPU Page size=4096, Cores=4
[2014.12.11-04.06.20:515][  0]LogInit: High frequency timer resolution =2.337877 MHz
[2014.12.11-04.06.20:515][  0]LogMemory: Memory total: Physical=5.9GB (6GB approx) Virtual=131072.0GB
[2014.12.11-04.06.20:516][  0]LogMemory: Platform Memory Stats for Windows
[2014.12.11-04.06.20:516][  0]LogMemory: Process Physical Memory: 47.30 MB used, 47.30 MB peak
[2014.12.11-04.06.20:516][  0]LogMemory: Process Virtual Memory: 23.11 MB used, 24.40 MB peak
[2014.12.11-04.06.20:516][  0]LogMemory: Physical Memory: 1830.42 MB used, 6077.92 MB total
[2014.12.11-04.06.20:516][  0]LogMemory: Virtual Memory: 272.18 MB used, 134217728.00 MB total
[2014.12.11-04.06.20:553][  0]LogD3D11RHI: Found D3D11 adapter 0: NVIDIA GeForce GTX 680 (Feature Level 11_0)
[2014.12.11-04.06.20:553][  0]LogD3D11RHI: Adapter has 1985MB of dedicated video memory, 0MB of dedicated system memory, and 2048MB of shared system memory, 1 output[s]
[2014.12.11-04.06.20:556][  0]LogD3D11RHI: Found D3D11 adapter 1: Microsoft Basic Render Driver (Feature Level 11_0)
[2014.12.11-04.06.20:556][  0]LogD3D11RHI: Adapter has 0MB of dedicated video memory, 0MB of dedicated system memory, and 256MB of shared system memory, 0 output[s]
[2014.12.11-04.06.20:556][  0]LogD3D11RHI: Chosen D3D11 Adapter Id = 0
[2014.12.11-04.06.20:563][  0]LogRHI: Texture pool is 1361 MB (70% of 1945 MB)
[2014.12.11-04.06.20:580][  0]LogD3D11RHI: Async texture creation enabled
[2014.12.11-04.06.20:660][  0]LogTextLocalizationManager: The requested culture ('en_GB') has no localization data; parent culture's ('en') localization data will be used.
[2014.12.11-04.06.20:885][  0]LogContentStreaming: Texture pool size is 0.000000MB
[2014.12.11-04.06.30:064][  0]LogTargetPlatformManager:Display: Building Assets For Windows
[2014.12.11-04.06.30:860][  0]LogTargetPlatformManager:Display: Building Assets For Windows
[2014.12.11-04.06.30:950][  0]LogDerivedDataCache:Display: Max Cache Size: 512 MB
[2014.12.11-04.06.31:103][  0]LogDerivedDataCache: Loaded boot cache 0.15s 39MB C:/Users/10021_000/AppData/Local/UnrealEngine/4.6/DerivedDataCache/Boot.ddc.
[2014.12.11-04.06.31:103][  0]LogDerivedDataCache:Display: Loaded Boot cache: C:/Users/10021_000/AppData/Local/UnrealEngine/4.6/DerivedDataCache/Boot.ddc
[2014.12.11-04.06.31:105][  0]LogDerivedDataCache: FDerivedDataBackendGraph:  Pak pak cache file E:/Other Files/UnrealEngine_4.5/Projects/AsteroidMiner4.6/DerivedDataCache/DDC.ddp not found, will not use a pak cache.
[2014.12.11-04.06.31:105][  0]LogDerivedDataCache: Unable to find inner node Pak for hierarchical cache Hierarchy.
[2014.12.11-04.06.31:207][  0]LogDerivedDataCache:Display: Pak cache opened for reading ../../../Engine/DerivedDataCache/DDC.ddp.
[2014.12.11-04.06.31:221][  0]LogDerivedDataCache: Using Local data cache path C:/Users/10021_000/AppData/Local/UnrealEngine/Common/DerivedDataCache: Writable
[2014.12.11-04.06.31:489][  0]LogCollisionProfile:Warning: Profile (Trigger) - Custom Channel Name = 'Projectile' hasn't been found
[2014.12.11-04.06.31:489][  0]LogCollisionProfile:Warning: Profile (UI) - Custom Channel Name = 'Weapon' hasn't been found
[2014.12.11-04.06.31:489][  0]LogCollisionProfile:Warning: Profile (Projectile) ObjectTypeName (Projectile) is invalid. 
[2014.12.11-04.06.31:762][  0]LogMeshUtilities: No automatic mesh reduction module available
[2014.12.11-04.06.31:762][  0]LogMeshUtilities: No automatic mesh merging module available
[2014.12.11-04.06.32:515][  0]LogInit: WinSock: version 1.1 (2.2), MaxSocks=32767, MaxUdp=65467
[2014.12.11-04.06.32:615][  0]LogSlate:Warning: Failed to load font data from '../../../Engine/Content/Slate/Fonts/Roboto-Italic.ttf'
[2014.12.11-04.06.33:956][  0]UdpMessaging: Initializing bridge on interface 0.0.0.0:0 to multicast group 230.0.0.1:6666.
[2014.12.11-04.06.34:189][  0]LogDirectoryWatcher:Warning: Failed to begin reading directory changes for E:/Other Files/UnrealEngine_4.5/Projects/AsteroidMiner4.6/Binaries/Win64. Error: 0
[2014.12.11-04.06.34:445][  0]SourceControl: Info Source control is disabled
[2014.12.11-04.06.34:446][  0]SourceControl: Info Source control is disabled
[2014.12.11-04.06.34:457][  0]SourceControl: Info Source control is disabled
[2014.12.11-04.06.34:660][  0]LogObj: 23754 objects as part of root set at end of initial load.
[2014.12.11-04.06.34:660][  0]LogUObjectAllocator: 5168136 out of 0 bytes used by permanent object pool.
[2014.12.11-04.06.34:747][  0]LogEngine: Initializing Engine...
[2014.12.11-04.06.34:998][  0]LogInit: XAudio2 using 'Speakers (High Definition Audio Device)' : 2 channels at 48 kHz using 32 bits per sample (channel mask 0x3)
[2014.12.11-04.06.35:023][  0]LogInit: FAudioDevice initialized.
[2014.12.11-04.06.35:056][  0]LogAIModule: Creating AISystem for world NewWorld
[2014.12.11-04.06.35:111][  0]LogDerivedDataCache: Saved boot cache 0.05s 39MB C:/Users/10021_000/AppData/Local/UnrealEngine/4.6/DerivedDataCache/Boot.ddc.
[2014.12.11-04.06.35:136][  0]LogInit: Texture streaming: Enabled
[2014.12.11-04.06.35:181][  0]LogAnalytics: Creating configured Analytics provider AnalyticsET
[2014.12.11-04.06.35:181][  0]LogAnalytics: ET APIKey = Rocket.Release. APIServer = http://et2.epicgames.com/ET2/. AppVersion = 4.6.0-2369412+++depot+UE4-Releases+4.6
[2014.12.11-04.06.35:182][  0]LogAnalytics: SetUserId a29c071cf10a93fac0ff457d50595e17
[2014.12.11-04.06.35:182][  0]LogAnalytics: AnalyticsET::StartSession [Rocket.Release]
[2014.12.11-04.06.35:205][  0]LogInit: Transaction tracking system initialized
[2014.12.11-04.06.35:354][  0]BlueprintLog: New page: Editor Load
[2014.12.11-04.06.35:395][  0]LogAssetRegistry: FAssetRegistry took 0.0104 seconds to start up
[2014.12.11-04.06.35:396][  0]LogDirectoryWatcher:Warning: Failed to begin reading directory changes for ../../../Engine/Plugins/Experimental/CharacterAI/Content/. Error: 0
[2014.12.11-04.06.36:193][  0]LogTargetPlatformManager:Display: Building Assets For Windows
[2014.12.11-04.06.36:753][  0]LogTargetPlatformManager:Display: Building Assets For Windows
[2014.12.11-04.06.37:054][  0]LogConsoleResponse:Display: 
[2014.12.11-04.06.37:129][  0]LogLinker:Warning: Asset '../../../Engine/Content/Functions/Engine_MaterialFunctions03/Procedurals/ComputeFilterWidth.uasset' has been saved with empty engine version. The asset will be loaded but may be incompatible.
[2014.12.11-04.06.37:433][  0]SourceControl: Info Source control is disabled
[2014.12.11-04.06.37:433][  0]Cmd: MAP LOAD FILE="E:/Other Files/UnrealEngine_4.5/Projects/AsteroidMiner4.6/Content/Maps/AsteroidMiner.umap" TEMPLATE=0 SHOWPROGRESS=1
[2014.12.11-04.06.37:438][  0]LightingResults: New page: Lighting Build
[2014.12.11-04.06.37:453][  0]MapCheck: New page: Map Check
[2014.12.11-04.06.37:453][  0]LightingResults: New page: Lighting Build
[2014.12.11-04.06.37:466][  0]LogParticles: Destroying 0 GPU particle simulations for FXSystem 0x0000002B5DFA9940
[2014.12.11-04.06.37:660][  0]LogLinker:Warning: Asset 'E:/Other Files/UnrealEngine_4.5/Projects/AsteroidMiner4.6/Content/Materials/M_SkyBox.uasset' has been saved with empty engine version. The asset will be loaded but may be incompatible.
[2014.12.11-04.06.37:662][  0]LogLinker:Warning: Asset 'E:/Other Files/UnrealEngine_4.5/Projects/AsteroidMiner4.6/Content/Textures/HighResSkyBox.uasset' has been saved with empty engine version. The asset will be loaded but may be incompatible.
[2014.12.11-04.06.38:424][  0]LogLinker:Warning: Asset 'E:/Other Files/UnrealEngine_4.5/Projects/AsteroidMiner4.6/Content/Meshes/DetailedSun.uasset' has been saved with empty engine version. The asset will be loaded but may be incompatible.
[2014.12.11-04.06.38:427][  0]LogLinker:Warning: Asset 'E:/Other Files/UnrealEngine_4.5/Projects/AsteroidMiner4.6/Content/Materials/M_Sun.uasset' has been saved with empty engine version. The asset will be loaded but may be incompatible.
[2014.12.11-04.06.38:432][  0]LogLinker:Warning: Asset 'E:/Other Files/UnrealEngine_4.5/Projects/AsteroidMiner4.6/Content/Textures/T_Fire.uasset' has been saved with empty engine version. The asset will be loaded but may be incompatible.
[2014.12.11-04.06.39:170][  0]LogLinker:Warning: Asset 'E:/Other Files/UnrealEngine_4.5/Projects/AsteroidMiner4.6/Content/Blueprints/Objects/B_Asteroid.uasset' has been saved with empty engine version. The asset will be loaded but may be incompatible.
[2014.12.11-04.06.39:175][  0]LogLinker:Warning: Asset 'E:/Other Files/UnrealEngine_4.5/Projects/AsteroidMiner4.6/Content/Meshes/Rock.uasset' has been saved with empty engine version. The asset will be loaded but may be incompatible.
[2014.12.11-04.06.39:177][  0]LogLinker:Warning: Asset 'E:/Other Files/UnrealEngine_4.5/Projects/AsteroidMiner4.6/Content/Materials/M_Asteroid.uasset' has been saved with empty engine version. The asset will be loaded but may be incompatible.
[2014.12.11-04.06.40:691][  0]LogEditorServer: Finished looking for orphan Actors (0.000 secs)
[2014.12.11-04.06.40:691][  0]LogAIModule: Creating AISystem for world AsteroidMiner
[2014.12.11-04.06.40:692][  0]Cmd: MAP CHECKDEP
[2014.12.11-04.06.40:692][  0]MapCheck: New page: AsteroidMiner - 11 Dec 2014 04:06:40
[2014.12.11-04.06.40:931][  0]MapCheck: Info Map check complete: 0 Error(s), 0 Warning(s), took 239.264ms to complete.
[2014.12.11-04.06.40:931][  0]LogFileHelpers: Loading map 'AsteroidMiner' took 3.498
[2014.12.11-04.06.41:032][  0]LogCollectionManager: Loaded 0 collections in 0.002755 seconds
[2014.12.11-04.06.41:192][  0]LogCrashTracker: Crashtracker disabled due to settings.
[2014.12.11-04.06.41:201][  0]LogUObjectGlobals:Warning: Failed to find object 'Class None.'
[2014.12.11-04.06.41:229][  0]LogLoad: Full Startup: 23.74 seconds (BP compile: 1.02 seconds)
[2014.12.11-04.06.41:576][  0]LogContentBrowser:Verbose: The content browser source was changed by the sources view to '/Game/Blueprints/AI/BehaviourTreeTasks'
[2014.12.11-04.06.41:853][  0]LogRenderer:Warning: Reallocating scene render targets to support 768x872.
[2014.12.11-04.06.42:751][  3]LogAssetRegistry: Asset discovery search completed in 7.3658 seconds
[2014.12.11-04.06.42:766][  3]LogAnalytics: Event Editor.Usage.AssetClasses has too many attributes (41). May be truncated at the collector.
[2014.12.11-04.06.47:400][ 17]LogEditorViewport: Clicking on Actor (LMB): BP_Sky_Sphere_C (BP_Sky_Sphere)
[2014.12.11-04.06.47:985][ 29]BlueprintLog: New page: Pre-PIE auto-recompile
[2014.12.11-04.06.47:985][ 29]LogPlayLevel: [PIE] Compiling AsteroidMiner before PIE...
[2014.12.11-04.06.48:693][ 29]LogPlayLevel: PIE:  Blueprint regeneration took 708 ms (1 blueprints)
[2014.12.11-04.06.48:694][ 29]PIE: New page: PIE session: AsteroidMiner (11 Dec 2014 04:06:48)
[2014.12.11-04.06.48:732][ 29]LogPlayLevel: PIE: StaticDuplicateObject took: (0.038261s)
[2014.12.11-04.06.48:735][ 29]LogPlayLevel: PIE: World Init took: (0.002222s)
[2014.12.11-04.06.48:735][ 29]LogPlayLevel: PIE: Created PIE world by copying editor world from /Game/Maps/AsteroidMiner.AsteroidMiner to /Game/Maps/UEDPIE_0_AsteroidMiner.AsteroidMiner (0.040973s)
[2014.12.11-04.06.48:801][ 29]LogWorld: Game class is 'AsteroidMinerGameMode_C'
[2014.12.11-04.06.48:805][ 29]LogAIModule: Creating AISystem for world AsteroidMiner
[2014.12.11-04.06.48:806][ 29]LogWorld: Bringing World /Game/Maps/UEDPIE_0_AsteroidMiner.AsteroidMiner up for play (max tick rate 0) at 2014.12.11-04.06.48
[2014.12.11-04.06.48:807][ 29]LogWorld: Bringing up level for play took: 0.002319
[2014.12.11-04.06.48:810][ 29]PIE: Info Play in editor start time for /Game/Maps/UEDPIE_0_AsteroidMiner -0.141
[2014.12.11-04.06.48:851][ 29]LogScript:Warning: Accessed None 'CallFunc_PlaySoundAttached_ReturnValue'
	AsteroidMinerCamera_C /Game/Maps/UEDPIE_0_AsteroidMiner.AsteroidMiner:PersistentLevel.AsteroidMinerCamera_C_0
	Function /Game/Blueprints/GameComponents/AsteroidMinerCamera.AsteroidMinerCamera_C:ExecuteUbergraph_AsteroidMinerCamera:0091
[2014.12.11-04.06.48:852][ 29]PIE:Error: Error Accessed None 'CallFunc_PlaySoundAttached_ReturnValue' from node Construction Script in blueprint AsteroidMinerCamera
[2014.12.11-04.07.06:664][951]LogParticles: Destroying 0 GPU particle simulations for FXSystem 0x0000002B66095BC0
[2014.12.11-04.22.49:691][888]BlueprintLog: New page: Pre-PIE auto-recompile
[2014.12.11-04.22.49:691][888]LogPlayLevel: [PIE] Compiling AsteroidMiner before PIE...
[2014.12.11-04.22.50:292][888]LogPlayLevel: PIE:  Blueprint regeneration took 601 ms (1 blueprints)
[2014.12.11-04.22.50:293][888]PIE: New page: PIE session: AsteroidMiner (11 Dec 2014 04:22:50)
[2014.12.11-04.22.50:332][888]LogPlayLevel: PIE: StaticDuplicateObject took: (0.039431s)
[2014.12.11-04.22.50:334][888]LogPlayLevel: PIE: World Init took: (0.001286s)
[2014.12.11-04.22.50:334][888]LogPlayLevel: PIE: Created PIE world by copying editor world from /Game/Maps/AsteroidMiner.AsteroidMiner to /Game/Maps/UEDPIE_0_AsteroidMiner.AsteroidMiner (0.040986s)
[2014.12.11-04.22.50:366][888]LogWorld: Game class is 'AsteroidMinerGameMode_C'
[2014.12.11-04.22.50:369][888]LogAIModule: Creating AISystem for world AsteroidMiner
[2014.12.11-04.22.50:370][888]LogWorld: Bringing World /Game/Maps/UEDPIE_0_AsteroidMiner.AsteroidMiner up for play (max tick rate 0) at 2014.12.11-04.22.50
[2014.12.11-04.22.50:373][888]LogWorld: Bringing up level for play took: 0.002298
[2014.12.11-04.22.50:374][888]PIE: Info Play in editor start time for /Game/Maps/UEDPIE_0_AsteroidMiner 1.424
[2014.12.11-04.22.50:399][888]LogScript:Warning: Accessed None 'CallFunc_PlaySoundAttached_ReturnValue'
	AsteroidMinerCamera_C /Game/Maps/UEDPIE_0_AsteroidMiner.AsteroidMiner:PersistentLevel.AsteroidMinerCamera_C_1
	Function /Game/Blueprints/GameComponents/AsteroidMinerCamera.AsteroidMinerCamera_C:ExecuteUbergraph_AsteroidMinerCamera:0091
[2014.12.11-04.22.50:399][888]PIE:Error: Error Accessed None 'CallFunc_PlaySoundAttached_ReturnValue' from node Construction Script in blueprint AsteroidMinerCamera
[2014.12.11-04.23.13:966][214]LogScript:Warning: Cannot access 'BotShip_C_1'. It is pending kill. Property: 'BotShip_C_1_ExecuteUbergraph_AsteroidMiner_RefProperty'
	AsteroidMiner_C /Game/Maps/UEDPIE_0_AsteroidMiner.AsteroidMiner:PersistentLevel.AsteroidMiner_C_0
	Function /Game/Maps/AsteroidMiner.AsteroidMiner_C:ExecuteUbergraph_AsteroidMiner:3C3A
[2014.12.11-04.23.13:966][214]PIE:Error: Error Cannot access 'BotShip_C_1'. It is pending kill. Property: 'BotShip_C_1_ExecuteUbergraph_AsteroidMiner_RefProperty' from node Set DeltaTime in blueprint AsteroidMiner
[2014.12.11-04.23.13:968][214]LogScript:Warning: Attempt to assign variable through None
	AsteroidMiner_C /Game/Maps/UEDPIE_0_AsteroidMiner.AsteroidMiner:PersistentLevel.AsteroidMiner_C_0
	Function /Game/Maps/AsteroidMiner.AsteroidMiner_C:ExecuteUbergraph_AsteroidMiner:3C50
[2014.12.11-04.23.13:968][214]PIE:Error: Error Attempt to assign variable through None from node Set DeltaTime in blueprint AsteroidMiner
[2014.12.11-04.23.13:968][214]LogScript:Warning: Cannot access 'BotShip_C_1'. It is pending kill. Property: 'BotShip_C_1_ExecuteUbergraph_AsteroidMiner_RefProperty'
	AsteroidMiner_C /Game/Maps/UEDPIE_0_AsteroidMiner.AsteroidMiner:PersistentLevel.AsteroidMiner_C_0
	Function /Game/Maps/AsteroidMiner.AsteroidMiner_C:ExecuteUbergraph_AsteroidMiner:3C09
[2014.12.11-04.23.13:968][214]PIE:Error: Error Cannot access 'BotShip_C_1'. It is pending kill. Property: 'BotShip_C_1_ExecuteUbergraph_AsteroidMiner_RefProperty' from node Set DeltaTime in blueprint AsteroidMiner
[2014.12.11-04.23.13:968][214]LogScript:Warning: Attempt to assign variable through None
	AsteroidMiner_C /Game/Maps/UEDPIE_0_AsteroidMiner.AsteroidMiner:PersistentLevel.AsteroidMiner_C_0
	Function /Game/Maps/AsteroidMiner.AsteroidMiner_C:ExecuteUbergraph_AsteroidMiner:3C1F
[2014.12.11-04.23.13:969][214]PIE:Error: Error Attempt to assign variable through None from node Set DeltaTime in blueprint AsteroidMiner
[2014.12.11-04.23.13:969][214]LogScript:Warning: Cannot access 'BotShip_C_1'. It is pending kill. Property: 'BotShip_C_1_ExecuteUbergraph_AsteroidMiner_RefProperty'
	AsteroidMiner_C /Game/Maps/UEDPIE_0_AsteroidMiner.AsteroidMiner:PersistentLevel.AsteroidMiner_C_0
	Function /Game/Maps/AsteroidMiner.AsteroidMiner_C:ExecuteUbergraph_AsteroidMiner:3C9C
[2014.12.11-04.23.13:969][214]PIE:Error: Error Cannot access 'BotShip_C_1'. It is pending kill. Property: 'BotShip_C_1_ExecuteUbergraph_AsteroidMiner_RefProperty' from node Set DeltaTime in blueprint AsteroidMiner
[2014.12.11-04.23.13:969][214]LogScript:Warning: Attempt to assign variable through None
	AsteroidMiner_C /Game/Maps/UEDPIE_0_AsteroidMiner.AsteroidMiner:PersistentLevel.AsteroidMiner_C_0
	Function /Game/Maps/AsteroidMiner.AsteroidMiner_C:ExecuteUbergraph_AsteroidMiner:3CB2
[2014.12.11-04.23.13:969][214]PIE:Error: Error Attempt to assign variable through None from node Set DeltaTime in blueprint AsteroidMiner
[2014.12.11-04.23.13:969][214]LogScript:Warning: Cannot access 'BotShip_C_1'. It is pending kill. Property: 'BotShip_C_1_ExecuteUbergraph_AsteroidMiner_RefProperty'
	AsteroidMiner_C /Game/Maps/UEDPIE_0_AsteroidMiner.AsteroidMiner:PersistentLevel.AsteroidMiner_C_0
	Function /Game/Maps/AsteroidMiner.AsteroidMiner_C:ExecuteUbergraph_AsteroidMiner:3C6B
[2014.12.11-04.23.13:970][214]PIE:Error: Error Cannot access 'BotShip_C_1'. It is pending kill. Property: 'BotShip_C_1_ExecuteUbergraph_AsteroidMiner_RefProperty' from node Set DeltaTime in blueprint AsteroidMiner
[2014.12.11-04.23.13:970][214]LogScript:Warning: Attempt to assign variable through None
	AsteroidMiner_C /Game/Maps/UEDPIE_0_AsteroidMiner.AsteroidMiner:PersistentLevel.AsteroidMiner_C_0
	Function /Game/Maps/AsteroidMiner.AsteroidMiner_C:ExecuteUbergraph_AsteroidMiner:3C81
[2014.12.11-04.23.13:970][214]PIE:Error: Error Attempt to assign variable through None from node Set DeltaTime in blueprint AsteroidMiner
[2014.12.11-04.23.13:970][214]LogScript:Warning: Cannot access 'BotShip_C_1'. It is pending kill. Property: 'BotShip_C_1_ExecuteUbergraph_AsteroidMiner_RefProperty'
	AsteroidMiner_C /Game/Maps/UEDPIE_0_AsteroidMiner.AsteroidMiner:PersistentLevel.AsteroidMiner_C_0
	Function /Game/Maps/AsteroidMiner.AsteroidMiner_C:ExecuteUbergraph_AsteroidMiner:3D3E
[2014.12.11-04.23.13:970][214]PIE:Error: Error Cannot access 'BotShip_C_1'. It is pending kill. Property: 'BotShip_C_1_ExecuteUbergraph_AsteroidMiner_RefProperty' from node Set DeltaTime in blueprint AsteroidMiner
[2014.12.11-04.23.13:971][214]LogScript:Warning: Attempt to assign variable through None
	AsteroidMiner_C /Game/Maps/UEDPIE_0_AsteroidMiner.AsteroidMiner:PersistentLevel.AsteroidMiner_C_0
	Function /Game/Maps/AsteroidMiner.AsteroidMiner_C:ExecuteUbergraph_AsteroidMiner:3D54
[2014.12.11-04.23.13:971][214]PIE:Error: Error Attempt to assign variable through None from node Set DeltaTime in blueprint AsteroidMiner
[2014.12.11-04.23.16:829][362]LogParticles: Destroying 0 GPU particle simulations for FXSystem 0x0000002B5595ECA0
[2014.12.11-04.23.18:716][430]LogLinker:Warning: Asset 'E:/Other Files/UnrealEngine_4.5/Projects/AsteroidMiner4.6/Content/Blueprints/MoonMinerGameMode.uasset' has been saved with empty engine version. The asset will be loaded but may be incompatible.
[2014.12.11-04.23.18:718][430]LogLinker:Warning: Asset 'E:/Other Files/UnrealEngine_4.5/Projects/AsteroidMiner4.6/Content/Blueprints/AsteroidMinerGameMode.uasset' has been saved with empty engine version. The asset will be loaded but may be incompatible.
[2014.12.11-04.23.36:811][783]BlueprintLog: New page: Compile AsteroidMiner
[2014.12.11-04.23.37:557][783]BlueprintEditorCompileResults: Info [1040.06] Compile of AsteroidMiner successful! [in 415 ms]
[2014.12.11-04.23.39:779][846]BlueprintLog: New page: Pre-PIE auto-recompile
[2014.12.11-04.23.39:784][846]LogPlayLevel: [PIE] Compiling Tutorial_BP_MacroLib before PIE...
[2014.12.11-04.23.39:977][846]LogPlayLevel: [PIE] Compiling AsteroidMiner before PIE...
[2014.12.11-04.23.40:647][846]LogPlayLevel: PIE:  Blueprint regeneration took 868 ms (2 blueprints)
[2014.12.11-04.23.40:648][846]PIE: New page: PIE session: AsteroidMiner (11 Dec 2014 04:23:40)
[2014.12.11-04.23.40:690][846]LogPlayLevel: PIE: StaticDuplicateObject took: (0.041397s)
[2014.12.11-04.23.40:691][846]LogPlayLevel: PIE: World Init took: (0.001180s)
[2014.12.11-04.23.40:691][846]LogPlayLevel: PIE: Created PIE world by copying editor world from /Game/Maps/AsteroidMiner.AsteroidMiner to /Game/Maps/UEDPIE_0_AsteroidMiner.AsteroidMiner (0.042840s)
[2014.12.11-04.23.40:726][846]LogWorld: Game class is 'AsteroidMinerGameMode_C'
[2014.12.11-04.23.40:729][846]LogAIModule: Creating AISystem for world AsteroidMiner
[2014.12.11-04.23.40:731][846]LogWorld: Bringing World /Game/Maps/UEDPIE_0_AsteroidMiner.AsteroidMiner up for play (max tick rate 0) at 2014.12.11-04.23.40
[2014.12.11-04.23.40:732][846]LogWorld: Bringing up level for play took: 0.002410
[2014.12.11-04.23.40:735][846]PIE: Info Play in editor start time for /Game/Maps/UEDPIE_0_AsteroidMiner 1.784
[2014.12.11-04.23.40:755][846]LogScript:Warning: Accessed None 'CallFunc_PlaySoundAttached_ReturnValue'
	AsteroidMinerCamera_C /Game/Maps/UEDPIE_0_AsteroidMiner.AsteroidMiner:PersistentLevel.AsteroidMinerCamera_C_2
	Function /Game/Blueprints/GameComponents/AsteroidMinerCamera.AsteroidMinerCamera_C:ExecuteUbergraph_AsteroidMinerCamera:0091
[2014.12.11-04.23.40:756][846]PIE:Error: Error Accessed None 'CallFunc_PlaySoundAttached_ReturnValue' from node Construction Script in blueprint AsteroidMinerCamera
[2014.12.11-04.24.12:920][636]LogScript:Warning: Cannot access 'AudioComponent_3'. It is pending kill. Property: 'CallFunc_PlaySoundAttached_ReturnValue'
	AsteroidMinerCamera_C /Game/Maps/UEDPIE_0_AsteroidMiner.AsteroidMiner:PersistentLevel.AsteroidMinerCamera_C_2
	Function /Game/Blueprints/GameComponents/AsteroidMinerCamera.AsteroidMinerCamera_C:ExecuteUbergraph_AsteroidMinerCamera:0091
[2014.12.11-04.24.12:920][636]PIE:Error: Error Cannot access 'AudioComponent_3'. It is pending kill. Property: 'CallFunc_PlaySoundAttached_ReturnValue' from node Construction Script in blueprint AsteroidMinerCamera
[2014.12.11-04.24.25:436][203]LogParticles: Destroying 0 GPU particle simulations for FXSystem 0x0000002B54DB6980
[2014.12.11-04.24.58:732][596]BlueprintLog: New page: Pre-PIE auto-recompile
[2014.12.11-04.24.58:774][596]LogPlayLevel: [PIE] Compiling AsteroidMiner before PIE...
[2014.12.11-04.24.59:447][596]LogPlayLevel: PIE:  Blueprint regeneration took 715 ms (1 blueprints)
[2014.12.11-04.24.59:449][596]PIE: New page: PIE session: AsteroidMiner (11 Dec 2014 04:24:59)
[2014.12.11-04.24.59:490][596]LogPlayLevel: PIE: StaticDuplicateObject took: (0.040571s)
[2014.12.11-04.24.59:491][596]LogPlayLevel: PIE: World Init took: (0.001469s)
[2014.12.11-04.24.59:491][596]LogPlayLevel: PIE: Created PIE world by copying editor world from /Game/Maps/AsteroidMiner.AsteroidMiner to /Game/Maps/UEDPIE_0_AsteroidMiner.AsteroidMiner (0.042312s)
[2014.12.11-04.24.59:529][596]LogWorld: Game class is 'AsteroidMinerGameMode_C'
[2014.12.11-04.24.59:533][596]LogAIModule: Creating AISystem for world AsteroidMiner
[2014.12.11-04.24.59:534][596]LogWorld: Bringing World /Game/Maps/UEDPIE_0_AsteroidMiner.AsteroidMiner up for play (max tick rate 0) at 2014.12.11-04.24.59
[2014.12.11-04.24.59:535][596]LogWorld: Bringing up level for play took: 0.002267
[2014.12.11-04.24.59:538][596]PIE: Info Play in editor start time for /Game/Maps/UEDPIE_0_AsteroidMiner 0.587
[2014.12.11-04.24.59:561][596]LogScript:Warning: Accessed None 'CallFunc_PlaySoundAttached_ReturnValue'
	AsteroidMinerCamera_C /Game/Maps/UEDPIE_0_AsteroidMiner.AsteroidMiner:PersistentLevel.AsteroidMinerCamera_C_3
	Function /Game/Blueprints/GameComponents/AsteroidMinerCamera.AsteroidMinerCamera_C:ExecuteUbergraph_AsteroidMinerCamera:0091
[2014.12.11-04.24.59:561][596]PIE:Error: Error Accessed None 'CallFunc_PlaySoundAttached_ReturnValue' from node Construction Script in blueprint AsteroidMinerCamera
[2014.12.11-04.25.31:735][274]LogScript:Warning: Cannot access 'AudioComponent_5'. It is pending kill. Property: 'CallFunc_PlaySoundAttached_ReturnValue'
	AsteroidMinerCamera_C /Game/Maps/UEDPIE_0_AsteroidMiner.AsteroidMiner:PersistentLevel.AsteroidMinerCamera_C_3
	Function /Game/Blueprints/GameComponents/AsteroidMinerCamera.AsteroidMinerCamera_C:ExecuteUbergraph_AsteroidMinerCamera:0091
[2014.12.11-04.25.31:736][274]PIE:Error: Error Cannot access 'AudioComponent_5'. It is pending kill. Property: 'CallFunc_PlaySoundAttached_ReturnValue' from node Construction Script in blueprint AsteroidMinerCamera
[2014.12.11-04.26.03:901][ 42]LogScript:Warning: Cannot access 'AudioComponent_6'. It is pending kill. Property: 'CallFunc_PlaySoundAttached_ReturnValue'
	AsteroidMinerCamera_C /Game/Maps/UEDPIE_0_AsteroidMiner.AsteroidMiner:PersistentLevel.AsteroidMinerCamera_C_3
	Function /Game/Blueprints/GameComponents/AsteroidMinerCamera.AsteroidMinerCamera_C:ExecuteUbergraph_AsteroidMinerCamera:0091
[2014.12.11-04.26.03:902][ 42]PIE:Error: Error Cannot access 'AudioComponent_6'. It is pending kill. Property: 'CallFunc_PlaySoundAttached_ReturnValue' from node Construction Script in blueprint AsteroidMinerCamera
[2014.12.11-04.26.07:187][225]LogScript:Warning: Cannot access 'BotShip_C_1'. It is pending kill. Property: 'BotShip_C_1_ExecuteUbergraph_AsteroidMiner_RefProperty'
	AsteroidMiner_C /Game/Maps/UEDPIE_0_AsteroidMiner.AsteroidMiner:PersistentLevel.AsteroidMiner_C_1
	Function /Game/Maps/AsteroidMiner.AsteroidMiner_C:ExecuteUbergraph_AsteroidMiner:3C3A
[2014.12.11-04.26.07:187][225]PIE:Error: Error Cannot access 'BotShip_C_1'. It is pending kill. Property: 'BotShip_C_1_ExecuteUbergraph_AsteroidMiner_RefProperty' from node Set DeltaTime in blueprint AsteroidMiner
[2014.12.11-04.26.07:187][225]LogScript:Warning: Attempt to assign variable through None
	AsteroidMiner_C /Game/Maps/UEDPIE_0_AsteroidMiner.AsteroidMiner:PersistentLevel.AsteroidMiner_C_1
	Function /Game/Maps/AsteroidMiner.AsteroidMiner_C:ExecuteUbergraph_AsteroidMiner:3C50
[2014.12.11-04.26.07:188][225]PIE:Error: Error Attempt to assign variable through None from node Set DeltaTime in blueprint AsteroidMiner
[2014.12.11-04.26.07:188][225]LogScript:Warning: Cannot access 'BotShip_C_1'. It is pending kill. Property: 'BotShip_C_1_ExecuteUbergraph_AsteroidMiner_RefProperty'
	AsteroidMiner_C /Game/Maps/UEDPIE_0_AsteroidMiner.AsteroidMiner:PersistentLevel.AsteroidMiner_C_1
	Function /Game/Maps/AsteroidMiner.AsteroidMiner_C:ExecuteUbergraph_AsteroidMiner:3C09
[2014.12.11-04.26.07:188][225]PIE:Error: Error Cannot access 'BotShip_C_1'. It is pending kill. Property: 'BotShip_C_1_ExecuteUbergraph_AsteroidMiner_RefProperty' from node Set DeltaTime in blueprint AsteroidMiner
[2014.12.11-04.26.07:189][225]LogScript:Warning: Attempt to assign variable through None
	AsteroidMiner_C /Game/Maps/UEDPIE_0_AsteroidMiner.AsteroidMiner:PersistentLevel.AsteroidMiner_C_1
	Function /Game/Maps/AsteroidMiner.AsteroidMiner_C:ExecuteUbergraph_AsteroidMiner:3C1F
[2014.12.11-04.26.07:190][225]PIE:Error: Error Attempt to assign variable through None from node Set DeltaTime in blueprint AsteroidMiner
[2014.12.11-04.26.07:190][225]LogScript:Warning: Cannot access 'BotShip_C_1'. It is pending kill. Property: 'BotShip_C_1_ExecuteUbergraph_AsteroidMiner_RefProperty'
	AsteroidMiner_C /Game/Maps/UEDPIE_0_AsteroidMiner.AsteroidMiner:PersistentLevel.AsteroidMiner_C_1
	Function /Game/Maps/AsteroidMiner.AsteroidMiner_C:ExecuteUbergraph_AsteroidMiner:3CD2
[2014.12.11-04.26.07:190][225]PIE:Error: Error Cannot access 'BotShip_C_1'. It is pending kill. Property: 'BotShip_C_1_ExecuteUbergraph_AsteroidMiner_RefProperty' from node Set DeltaTime in blueprint AsteroidMiner
[2014.12.11-04.26.07:190][225]LogScript:Warning: Attempt to assign variable through None
	AsteroidMiner_C /Game/Maps/UEDPIE_0_AsteroidMiner.AsteroidMiner:PersistentLevel.AsteroidMiner_C_1
	Function /Game/Maps/AsteroidMiner.AsteroidMiner_C:ExecuteUbergraph_AsteroidMiner:3CE8
[2014.12.11-04.26.07:190][225]PIE:Error: Error Attempt to assign variable through None from node Set DeltaTime in blueprint AsteroidMiner
[2014.12.11-04.26.07:190][225]LogScript:Warning: Cannot access 'BotShip_C_1'. It is pending kill. Property: 'BotShip_C_1_ExecuteUbergraph_AsteroidMiner_RefProperty'
	AsteroidMiner_C /Game/Maps/UEDPIE_0_AsteroidMiner.AsteroidMiner:PersistentLevel.AsteroidMiner_C_1
	Function /Game/Maps/AsteroidMiner.AsteroidMiner_C:ExecuteUbergraph_AsteroidMiner:3CA1
[2014.12.11-04.26.07:190][225]PIE:Error: Error Cannot access 'BotShip_C_1'. It is pending kill. Property: 'BotShip_C_1_ExecuteUbergraph_AsteroidMiner_RefProperty' from node Set DeltaTime in blueprint AsteroidMiner
[2014.12.11-04.26.07:191][225]LogScript:Warning: Attempt to assign variable through None
	AsteroidMiner_C /Game/Maps/UEDPIE_0_AsteroidMiner.AsteroidMiner:PersistentLevel.AsteroidMiner_C_1
	Function /Game/Maps/AsteroidMiner.AsteroidMiner_C:ExecuteUbergraph_AsteroidMiner:3CB7
[2014.12.11-04.26.07:191][225]PIE:Error: Error Attempt to assign variable through None from node Set DeltaTime in blueprint AsteroidMiner
[2014.12.11-04.26.07:191][225]LogScript:Warning: Cannot access 'BotShip_C_1'. It is pending kill. Property: 'BotShip_C_1_ExecuteUbergraph_AsteroidMiner_RefProperty'
	AsteroidMiner_C /Game/Maps/UEDPIE_0_AsteroidMiner.AsteroidMiner:PersistentLevel.AsteroidMiner_C_1
	Function /Game/Maps/AsteroidMiner.AsteroidMiner_C:ExecuteUbergraph_AsteroidMiner:3D74
[2014.12.11-04.26.07:191][225]PIE:Error: Error Cannot access 'BotShip_C_1'. It is pending kill. Property: 'BotShip_C_1_ExecuteUbergraph_AsteroidMiner_RefProperty' from node Set DeltaTime in blueprint AsteroidMiner
[2014.12.11-04.26.07:191][225]LogScript:Warning: Attempt to assign variable through None
	AsteroidMiner_C /Game/Maps/UEDPIE_0_AsteroidMiner.AsteroidMiner:PersistentLevel.AsteroidMiner_C_1
	Function /Game/Maps/AsteroidMiner.AsteroidMiner_C:ExecuteUbergraph_AsteroidMiner:3D8A
[2014.12.11-04.26.07:191][225]PIE:Error: Error Attempt to assign variable through None from node Set DeltaTime in blueprint AsteroidMiner
[2014.12.11-04.26.09:780][369]LogParticles: Destroying 0 GPU particle simulations for FXSystem 0x0000002B661AC860
[2014.12.11-04.26.26:263][709]BlueprintLog: New page: Compile AsteroidMiner
[2014.12.11-04.26.27:037][709]BlueprintEditorCompileResults: Info [1209.54] Compile of AsteroidMiner successful! [in 428 ms]
[2014.12.11-04.26.29:640][769]BlueprintLog: New page: Pre-PIE auto-recompile
[2014.12.11-04.26.29:768][769]LogPlayLevel: [PIE] Compiling AsteroidMiner before PIE...
[2014.12.11-04.26.30:522][769]LogPlayLevel: PIE:  Blueprint regeneration took 882 ms (1 blueprints)
[2014.12.11-04.26.30:524][769]PIE: New page: PIE session: AsteroidMiner (11 Dec 2014 04:26:30)
[2014.12.11-04.26.30:566][769]LogPlayLevel: PIE: StaticDuplicateObject took: (0.041968s)
[2014.12.11-04.26.30:567][769]LogPlayLevel: PIE: World Init took: (0.001420s)
[2014.12.11-04.26.30:568][769]LogPlayLevel: PIE: Created PIE world by copying editor world from /Game/Maps/AsteroidMiner.AsteroidMiner to /Game/Maps/UEDPIE_0_AsteroidMiner.AsteroidMiner (0.043702s)
[2014.12.11-04.26.30:604][769]LogWorld: Game class is 'AsteroidMinerGameMode_C'
[2014.12.11-04.26.30:608][769]LogAIModule: Creating AISystem for world AsteroidMiner
[2014.12.11-04.26.30:609][769]LogWorld: Bringing World /Game/Maps/UEDPIE_0_AsteroidMiner.AsteroidMiner up for play (max tick rate 0) at 2014.12.11-04.26.30
[2014.12.11-04.26.30:611][769]LogWorld: Bringing up level for play took: 0.002587
[2014.12.11-04.26.30:614][769]PIE: Info Play in editor start time for /Game/Maps/UEDPIE_0_AsteroidMiner 1.663
[2014.12.11-04.26.30:639][769]LogScript:Warning: Accessed None 'CallFunc_PlaySoundAttached_ReturnValue'
	AsteroidMinerCamera_C /Game/Maps/UEDPIE_0_AsteroidMiner.AsteroidMiner:PersistentLevel.AsteroidMinerCamera_C_4
	Function /Game/Blueprints/GameComponents/AsteroidMinerCamera.AsteroidMinerCamera_C:ExecuteUbergraph_AsteroidMinerCamera:0091
[2014.12.11-04.26.30:640][769]PIE:Error: Error Accessed None 'CallFunc_PlaySoundAttached_ReturnValue' from node Construction Script in blueprint AsteroidMinerCamera
[2014.12.11-04.27.02:813][512]LogScript:Warning: Cannot access 'AudioComponent_8'. It is pending kill. Property: 'CallFunc_PlaySoundAttached_ReturnValue'
	AsteroidMinerCamera_C /Game/Maps/UEDPIE_0_AsteroidMiner.AsteroidMiner:PersistentLevel.AsteroidMinerCamera_C_4
	Function /Game/Blueprints/GameComponents/AsteroidMinerCamera.AsteroidMinerCamera_C:ExecuteUbergraph_AsteroidMinerCamera:0091
[2014.12.11-04.27.02:813][512]PIE:Error: Error Cannot access 'AudioComponent_8'. It is pending kill. Property: 'CallFunc_PlaySoundAttached_ReturnValue' from node Construction Script in blueprint AsteroidMinerCamera
[2014.12.11-04.27.12:228][ 31]LogScript:Warning: Attempt to take Sqrt() of negative number - returning 0.
[2014.12.11-04.27.12:228][ 31]LogScript:Warning: Attempt to take Sqrt() of negative number - returning 0.
[2014.12.11-04.27.12:247][ 32]LogScript:Warning: Attempt to take Sqrt() of negative number - returning 0.
[2014.12.11-04.27.12:247][ 32]LogScript:Warning: Attempt to take Sqrt() of negative number - returning 0.
[2014.12.11-04.27.12:266][ 33]LogScript:Warning: Attempt to take Sqrt() of negative number - returning 0.
[2014.12.11-04.27.12:266][ 33]LogScript:Warning: Attempt to take Sqrt() of negative number - returning 0.
[2014.12.11-04.27.12:284][ 34]LogScript:Warning: Attempt to take Sqrt() of negative number - returning 0.
[2014.12.11-04.27.12:285][ 34]LogScript:Warning: Attempt to take Sqrt() of negative number - returning 0.
[2014.12.11-04.27.12:303][ 35]LogScript:Warning: Cannot access 'BotShip_C_1'. It is pending kill. Property: 'BotShip_C_1_ExecuteUbergraph_AsteroidMiner_RefProperty'
	AsteroidMiner_C /Game/Maps/UEDPIE_0_AsteroidMiner.AsteroidMiner:PersistentLevel.AsteroidMiner_C_1
	Function /Game/Maps/AsteroidMiner.AsteroidMiner_C:ExecuteUbergraph_AsteroidMiner:3C3A
[2014.12.11-04.27.12:303][ 35]PIE:Error: Error Cannot access 'BotShip_C_1'. It is pending kill. Property: 'BotShip_C_1_ExecuteUbergraph_AsteroidMiner_RefProperty' from node Set DeltaTime in blueprint AsteroidMiner
[2014.12.11-04.27.12:303][ 35]LogScript:Warning: Attempt to assign variable through None
	AsteroidMiner_C /Game/Maps/UEDPIE_0_AsteroidMiner.AsteroidMiner:PersistentLevel.AsteroidMiner_C_1
	Function /Game/Maps/AsteroidMiner.AsteroidMiner_C:ExecuteUbergraph_AsteroidMiner:3C50
[2014.12.11-04.27.12:304][ 35]PIE:Error: Error Attempt to assign variable through None from node Set DeltaTime in blueprint AsteroidMiner
[2014.12.11-04.27.12:304][ 35]LogScript:Warning: Cannot access 'BotShip_C_1'. It is pending kill. Property: 'BotShip_C_1_ExecuteUbergraph_AsteroidMiner_RefProperty'
	AsteroidMiner_C /Game/Maps/UEDPIE_0_AsteroidMiner.AsteroidMiner:PersistentLevel.AsteroidMiner_C_1
	Function /Game/Maps/AsteroidMiner.AsteroidMiner_C:ExecuteUbergraph_AsteroidMiner:3C09
[2014.12.11-04.27.12:306][ 35]PIE:Error: Error Cannot access 'BotShip_C_1'. It is pending kill. Property: 'BotShip_C_1_ExecuteUbergraph_AsteroidMiner_RefProperty' from node Set DeltaTime in blueprint AsteroidMiner
[2014.12.11-04.27.12:306][ 35]LogScript:Warning: Attempt to assign variable through None
	AsteroidMiner_C /Game/Maps/UEDPIE_0_AsteroidMiner.AsteroidMiner:PersistentLevel.AsteroidMiner_C_1
	Function /Game/Maps/AsteroidMiner.AsteroidMiner_C:ExecuteUbergraph_AsteroidMiner:3C1F
[2014.12.11-04.27.12:306][ 35]PIE:Error: Error Attempt to assign variable through None from node Set DeltaTime in blueprint AsteroidMiner
[2014.12.11-04.27.12:306][ 35]LogScript:Warning: Cannot access 'BotShip_C_1'. It is pending kill. Property: 'BotShip_C_1_ExecuteUbergraph_AsteroidMiner_RefProperty'
	AsteroidMiner_C /Game/Maps/UEDPIE_0_AsteroidMiner.AsteroidMiner:PersistentLevel.AsteroidMiner_C_1
	Function /Game/Maps/AsteroidMiner.AsteroidMiner_C:ExecuteUbergraph_AsteroidMiner:3C9C
[2014.12.11-04.27.12:306][ 35]PIE:Error: Error Cannot access 'BotShip_C_1'. It is pending kill. Property: 'BotShip_C_1_ExecuteUbergraph_AsteroidMiner_RefProperty' from node Set DeltaTime in blueprint AsteroidMiner
[2014.12.11-04.27.12:306][ 35]LogScript:Warning: Attempt to assign variable through None
	AsteroidMiner_C /Game/Maps/UEDPIE_0_AsteroidMiner.AsteroidMiner:PersistentLevel.AsteroidMiner_C_1
	Function /Game/Maps/AsteroidMiner.AsteroidMiner_C:ExecuteUbergraph_AsteroidMiner:3CB2
[2014.12.11-04.27.12:306][ 35]PIE:Error: Error Attempt to assign variable through None from node Set DeltaTime in blueprint AsteroidMiner
[2014.12.11-04.27.12:306][ 35]LogScript:Warning: Cannot access 'BotShip_C_1'. It is pending kill. Property: 'BotShip_C_1_ExecuteUbergraph_AsteroidMiner_RefProperty'
	AsteroidMiner_C /Game/Maps/UEDPIE_0_AsteroidMiner.AsteroidMiner:PersistentLevel.AsteroidMiner_C_1
	Function /Game/Maps/AsteroidMiner.AsteroidMiner_C:ExecuteUbergraph_AsteroidMiner:3C6B
[2014.12.11-04.27.12:307][ 35]PIE:Error: Error Cannot access 'BotShip_C_1'. It is pending kill. Property: 'BotShip_C_1_ExecuteUbergraph_AsteroidMiner_RefProperty' from node Set DeltaTime in blueprint AsteroidMiner
[2014.12.11-04.27.12:307][ 35]LogScript:Warning: Attempt to assign variable through None
	AsteroidMiner_C /Game/Maps/UEDPIE_0_AsteroidMiner.AsteroidMiner:PersistentLevel.AsteroidMiner_C_1
	Function /Game/Maps/AsteroidMiner.AsteroidMiner_C:ExecuteUbergraph_AsteroidMiner:3C81
[2014.12.11-04.27.12:307][ 35]PIE:Error: Error Attempt to assign variable through None from node Set DeltaTime in blueprint AsteroidMiner
[2014.12.11-04.27.12:307][ 35]LogScript:Warning: Cannot access 'BotShip_C_1'. It is pending kill. Property: 'BotShip_C_1_ExecuteUbergraph_AsteroidMiner_RefProperty'
	AsteroidMiner_C /Game/Maps/UEDPIE_0_AsteroidMiner.AsteroidMiner:PersistentLevel.AsteroidMiner_C_1
	Function /Game/Maps/AsteroidMiner.AsteroidMiner_C:ExecuteUbergraph_AsteroidMiner:3D3E
[2014.12.11-04.27.12:307][ 35]PIE:Error: Error Cannot access 'BotShip_C_1'. It is pending kill. Property: 'BotShip_C_1_ExecuteUbergraph_AsteroidMiner_RefProperty' from node Set DeltaTime in blueprint AsteroidMiner
[2014.12.11-04.27.12:307][ 35]LogScript:Warning: Attempt to assign variable through None
	AsteroidMiner_C /Game/Maps/UEDPIE_0_AsteroidMiner.AsteroidMiner:PersistentLevel.AsteroidMiner_C_1
	Function /Game/Maps/AsteroidMiner.AsteroidMiner_C:ExecuteUbergraph_AsteroidMiner:3D54
[2014.12.11-04.27.12:308][ 35]PIE:Error: Error Attempt to assign variable through None from node Set DeltaTime in blueprint AsteroidMiner
[2014.12.11-04.27.13:477][ 94]LogParticles: Destroying 0 GPU particle simulations for FXSystem 0x0000002B68B65760
[2014.12.11-04.27.21:971][283]BlueprintLog: New page: Compile AsteroidMiner
[2014.12.11-04.27.22:727][283]BlueprintEditorCompileResults: Info [1265.23] Compile of AsteroidMiner successful! [in 425 ms]
[2014.12.11-04.27.24:840][349]BlueprintLog: New page: Pre-PIE auto-recompile
[2014.12.11-04.27.24:956][349]LogPlayLevel: [PIE] Compiling AsteroidMiner before PIE...
[2014.12.11-04.27.25:634][349]LogPlayLevel: PIE:  Blueprint regeneration took 794 ms (1 blueprints)
[2014.12.11-04.27.25:635][349]PIE: New page: PIE session: AsteroidMiner (11 Dec 2014 04:27:25)
[2014.12.11-04.27.25:677][349]LogPlayLevel: PIE: StaticDuplicateObject took: (0.041250s)
[2014.12.11-04.27.25:678][349]LogPlayLevel: PIE: World Init took: (0.001172s)
[2014.12.11-04.27.25:678][349]LogPlayLevel: PIE: Created PIE world by copying editor world from /Game/Maps/AsteroidMiner.AsteroidMiner to /Game/Maps/UEDPIE_0_AsteroidMiner.AsteroidMiner (0.042730s)
[2014.12.11-04.27.25:713][349]LogWorld: Game class is 'AsteroidMinerGameMode_C'
[2014.12.11-04.27.25:716][349]LogAIModule: Creating AISystem for world AsteroidMiner
[2014.12.11-04.27.25:717][349]LogWorld: Bringing World /Game/Maps/UEDPIE_0_AsteroidMiner.AsteroidMiner up for play (max tick rate 0) at 2014.12.11-04.27.25
[2014.12.11-04.27.25:719][349]LogWorld: Bringing up level for play took: 0.002229
[2014.12.11-04.27.25:721][349]PIE: Info Play in editor start time for /Game/Maps/UEDPIE_0_AsteroidMiner 0.771
[2014.12.11-04.27.25:746][349]LogScript:Warning: Accessed None 'CallFunc_PlaySoundAttached_ReturnValue'
	AsteroidMinerCamera_C /Game/Maps/UEDPIE_0_AsteroidMiner.AsteroidMiner:PersistentLevel.AsteroidMinerCamera_C_5
	Function /Game/Blueprints/GameComponents/AsteroidMinerCamera.AsteroidMinerCamera_C:ExecuteUbergraph_AsteroidMinerCamera:0091
[2014.12.11-04.27.25:747][349]PIE:Error: Error Accessed None 'CallFunc_PlaySoundAttached_ReturnValue' from node Construction Script in blueprint AsteroidMinerCamera
[2014.12.11-04.27.57:913][ 38]LogScript:Warning: Cannot access 'AudioComponent_10'. It is pending kill. Property: 'CallFunc_PlaySoundAttached_ReturnValue'
	AsteroidMinerCamera_C /Game/Maps/UEDPIE_0_AsteroidMiner.AsteroidMiner:PersistentLevel.AsteroidMinerCamera_C_5
	Function /Game/Blueprints/GameComponents/AsteroidMinerCamera.AsteroidMinerCamera_C:ExecuteUbergraph_AsteroidMinerCamera:0091
[2014.12.11-04.27.57:913][ 38]PIE:Error: Error Cannot access 'AudioComponent_10'. It is pending kill. Property: 'CallFunc_PlaySoundAttached_ReturnValue' from node Construction Script in blueprint AsteroidMinerCamera
[2014.12.11-04.28.10:596][731]LogScript:Warning: Attempt to take Sqrt() of negative number - returning 0.
[2014.12.11-04.28.10:596][731]LogScript:Warning: Attempt to take Sqrt() of negative number - returning 0.
[2014.12.11-04.28.10:616][732]LogScript:Warning: Attempt to take Sqrt() of negative number - returning 0.
[2014.12.11-04.28.10:616][732]LogScript:Warning: Attempt to take Sqrt() of negative number - returning 0.
[2014.12.11-04.28.10:635][733]LogScript:Warning: Attempt to take Sqrt() of negative number - returning 0.
[2014.12.11-04.28.10:635][733]LogScript:Warning: Attempt to take Sqrt() of negative number - returning 0.
[2014.12.11-04.28.10:873][739]LogParticles: Destroying 0 GPU particle simulations for FXSystem 0x0000002B6C7B3600
[2014.12.11-04.28.17:453][978]Cmd: OBJ SAVEPACKAGE PACKAGE="/Game/Maps/AsteroidMiner" FILE="E:/Other Files/UnrealEngine_4.5/Projects/AsteroidMiner4.6/Content/Maps/AsteroidMiner.umap" SILENT=true AUTOSAVING=false KEEPDIRTY=false
[2014.12.11-04.28.33:429][978]LogSavePackage: Save=13729.625977ms
[2014.12.11-04.28.33:429][978]LogSavePackage: Moving 'E:/Other Files/UnrealEngine_4.5/Projects/AsteroidMiner4.6/Saved/AsteroidMinerF54BF30148598F374941988966CBBAB5.tmp' to 'E:/Other Files/UnrealEngine_4.5/Projects/AsteroidMiner4.6/Content/Maps/AsteroidMiner.umap'
[2014.12.11-04.28.33:533][978]LogFileHelpers: Saving map 'AsteroidMiner' took 16.342
[2014.12.11-04.34.01:340][379]BlueprintLog: New page: Pre-PIE auto-recompile
[2014.12.11-04.34.01:456][379]LogPlayLevel: [PIE] Compiling AsteroidMiner before PIE...
[2014.12.11-04.34.02:154][379]LogPlayLevel: PIE:  Blueprint regeneration took 814 ms (1 blueprints)
[2014.12.11-04.34.02:155][379]PIE: New page: PIE session: AsteroidMiner (11 Dec 2014 04:34:02)
[2014.12.11-04.34.02:195][379]LogPlayLevel: PIE: StaticDuplicateObject took: (0.039551s)
[2014.12.11-04.34.02:197][379]LogPlayLevel: PIE: World Init took: (0.001324s)
[2014.12.11-04.34.02:197][379]LogPlayLevel: PIE: Created PIE world by copying editor world from /Game/Maps/AsteroidMiner.AsteroidMiner to /Game/Maps/UEDPIE_0_AsteroidMiner.AsteroidMiner (0.041146s)
[2014.12.11-04.34.02:228][379]LogWorld: Game class is 'AsteroidMinerGameMode_C'
[2014.12.11-04.34.02:232][379]LogAIModule: Creating AISystem for world AsteroidMiner
[2014.12.11-04.34.02:233][379]LogWorld: Bringing World /Game/Maps/UEDPIE_0_AsteroidMiner.AsteroidMiner up for play (max tick rate 0) at 2014.12.11-04.34.02
[2014.12.11-04.34.02:235][379]LogWorld: Bringing up level for play took: 0.002246
[2014.12.11-04.34.02:237][379]PIE: Info Play in editor start time for /Game/Maps/UEDPIE_0_AsteroidMiner 1.286
[2014.12.11-04.34.02:260][379]LogScript:Warning: Accessed None 'CallFunc_PlaySoundAttached_ReturnValue'
	AsteroidMinerCamera_C /Game/Maps/UEDPIE_0_AsteroidMiner.AsteroidMiner:PersistentLevel.AsteroidMinerCamera_C_6
	Function /Game/Blueprints/GameComponents/AsteroidMinerCamera.AsteroidMinerCamera_C:ExecuteUbergraph_AsteroidMinerCamera:0091
[2014.12.11-04.34.02:260][379]PIE:Error: Error Accessed None 'CallFunc_PlaySoundAttached_ReturnValue' from node Construction Script in blueprint AsteroidMinerCamera
[2014.12.11-04.34.48:216][ 65]Cmd: OBJ SAVEPACKAGE PACKAGE="/Game/Maps/AsteroidMiner" FILE="E:/Other Files/UnrealEngine_4.5/Projects/AsteroidMiner4.6/Content/Maps/AsteroidMiner.umap" SILENT=true AUTOSAVING=false KEEPDIRTY=false
[2014.12.11-04.35.03:904][ 65]LogSavePackage: Save=13521.023438ms
[2014.12.11-04.35.03:904][ 65]LogSavePackage: Moving 'E:/Other Files/UnrealEngine_4.5/Projects/AsteroidMiner4.6/Saved/AsteroidMiner1872552240F8ABF63109C9AE8849D3B6.tmp' to 'E:/Other Files/UnrealEngine_4.5/Projects/AsteroidMiner4.6/Content/Maps/AsteroidMiner.umap'
[2014.12.11-04.35.08:532][295]LogParticles: Destroying 0 GPU particle simulations for FXSystem 0x0000002B6D307380
[2014.12.11-04.35.08:676][296]Cmd: QUIT_EDITOR
[2014.12.11-04.35.09:305][296]LogExit: Preparing to exit.
[2014.12.11-04.35.10:222][296]LogExit: Editor shut down
[2014.12.11-04.35.10:223][296]LogExit: Transaction tracking system shut down
[2014.12.11-04.35.10:232][296]LogParticles: Destroying 0 GPU particle simulations for FXSystem 0x0000002B5FA77BA0
[2014.12.11-04.35.10:234][296]LogParticles: Destroying 0 GPU particle simulations for FXSystem 0x0000002B6560FBA0
[2014.12.11-04.35.10:235][296]LogParticles: Destroying 0 GPU particle simulations for FXSystem 0x0000002B662CB600
[2014.12.11-04.35.10:379][296]LogExit: Object subsystem successfully closed.
[2014.12.11-04.35.10:487][296]LogModuleManager: Shutting down and abandoning module ExternalImagePicker (174)
[2014.12.11-04.35.10:487][296]LogModuleManager: Shutting down and abandoning module Merge (173)
[2014.12.11-04.35.10:487][296]LogModuleManager: Shutting down and abandoning module AndroidDeviceDetection (172)
[2014.12.11-04.35.10:487][296]LogModuleManager: Shutting down and abandoning module CrashTracker (171)
[2014.12.11-04.35.10:487][296]LogModuleManager: Shutting down and abandoning module SuperSearch (170)
[2014.12.11-04.35.10:487][296]LogModuleManager: Shutting down and abandoning module SceneOutliner (169)
[2014.12.11-04.35.10:487][296]LogModuleManager: Shutting down and abandoning module EditorWidgets (168)
[2014.12.11-04.35.10:487][296]LogModuleManager: Shutting down and abandoning module CollectionManager (167)
[2014.12.11-04.35.10:487][296]LogModuleManager: Shutting down and abandoning module StatsViewer (166)
[2014.12.11-04.35.10:487][296]LogModuleManager: Shutting down and abandoning module FoliageEdit (165)
[2014.12.11-04.35.10:487][296]LogModuleManager: Shutting down and abandoning module LandscapeEditor (164)
[2014.12.11-04.35.10:487][296]LogModuleManager: Shutting down and abandoning module MeshPaint (163)
[2014.12.11-04.35.10:488][296]LogModuleManager: Shutting down and abandoning module ActorPickerMode (162)
[2014.12.11-04.35.10:488][296]LogModuleManager: Shutting down and abandoning module GeometryMode (161)
[2014.12.11-04.35.10:488][296]LogModuleManager: Shutting down and abandoning module TextureAlignMode (160)
[2014.12.11-04.35.10:488][296]LogModuleManager: Shutting down and abandoning module BspMode (159)
[2014.12.11-04.35.10:488][296]LogModuleManager: Shutting down and abandoning module PlacementMode (158)
[2014.12.11-04.35.10:488][296]LogModuleManager: Shutting down and abandoning module AutomationWorker (157)
[2014.12.11-04.35.10:488][296]LogModuleManager: Shutting down and abandoning module CharacterAI (156)
[2014.12.11-04.35.10:488][296]LogModuleManager: Shutting down and abandoning module GameProjectGeneration (155)
[2014.12.11-04.35.10:498][296]LogModuleManager: Shutting down and abandoning module IntroTutorials (154)
[2014.12.11-04.35.10:498][296]LogModuleManager: Shutting down and abandoning module EditorLiveStreaming (153)
[2014.12.11-04.35.10:498][296]LogModuleManager: Shutting down and abandoning module HardwareTargeting (152)
[2014.12.11-04.35.10:498][296]LogModuleManager: Shutting down and abandoning module DeviceProfileEditor (151)
[2014.12.11-04.35.10:498][296]LogModuleManager: Shutting down and abandoning module UndoHistory (150)
[2014.12.11-04.35.10:498][296]LogModuleManager: Shutting down and abandoning module GameplayTagsEditor (149)
[2014.12.11-04.35.10:498][296]LogModuleManager: Shutting down and abandoning module UserFeedback (148)
[2014.12.11-04.35.10:498][296]LogModuleManager: Shutting down and abandoning module XmlParser (147)
[2014.12.11-04.35.10:498][296]LogModuleManager: Shutting down and abandoning module Blutility (146)
[2014.12.11-04.35.10:498][296]LogModuleManager: Shutting down and abandoning module IOSPlatformEditor (145)
[2014.12.11-04.35.10:498][296]LogModuleManager: Shutting down and abandoning module IOSRuntimeSettings (144)
[2014.12.11-04.35.10:498][296]LogModuleManager: Shutting down and abandoning module AndroidPlatformEditor (143)
[2014.12.11-04.35.10:498][296]LogModuleManager: Shutting down and abandoning module AndroidRuntimeSettings (142)
[2014.12.11-04.35.10:498][296]LogModuleManager: Shutting down and abandoning module ProjectTargetPlatformEditor (141)
[2014.12.11-04.35.10:498][296]LogModuleManager: Shutting down and abandoning module ProjectSettingsViewer (140)
[2014.12.11-04.35.10:498][296]LogModuleManager: Shutting down and abandoning module InputBindingEditor (139)
[2014.12.11-04.35.10:498][296]LogModuleManager: Shutting down and abandoning module EditorSettingsViewer (138)
[2014.12.11-04.35.10:498][296]LogModuleManager: Shutting down and abandoning module SettingsEditor (137)
[2014.12.11-04.35.10:498][296]LogModuleManager: Shutting down and abandoning module ProjectLauncher (136)
[2014.12.11-04.35.10:499][296]LogModuleManager: Shutting down and abandoning module SessionFrontend (135)
[2014.12.11-04.35.10:499][296]LogModuleManager: Shutting down and abandoning module ProfilerClient (134)
[2014.12.11-04.35.10:499][296]LogModuleManager: Shutting down and abandoning module TargetDeviceServices (133)
[2014.12.11-04.35.10:499][296]LogModuleManager: Shutting down and abandoning module DeviceManager (132)
[2014.12.11-04.35.10:499][296]LogModuleManager: Shutting down and abandoning module AutomationController (131)
[2014.12.11-04.35.10:499][296]LogModuleManager: Shutting down and abandoning module AutomationWindow (130)
[2014.12.11-04.35.10:499][296]LogModuleManager: Shutting down and abandoning module Layers (129)
[2014.12.11-04.35.10:499][296]LogModuleManager: Shutting down and abandoning module ComponentVisualizers (128)
[2014.12.11-04.35.10:499][296]LogModuleManager: Shutting down and abandoning module DetailCustomizations (127)
[2014.12.11-04.35.10:499][296]LogModuleManager: Shutting down and abandoning module PackagesDialog (126)
[2014.12.11-04.35.10:499][296]LogModuleManager: Shutting down and abandoning module AssetRegistry (125)
[2014.12.11-04.35.10:575][296]LogModuleManager: Shutting down and abandoning module Persona (124)
[2014.12.11-04.35.10:575][296]LogModuleManager: Shutting down and abandoning module Kismet (123)
[2014.12.11-04.35.10:575][296]LogModuleManager: Shutting down and abandoning module GraphEditor (122)
[2014.12.11-04.35.10:575][296]LogModuleManager: Shutting down and abandoning module ClassViewer (121)
[2014.12.11-04.35.10:575][296]LogModuleManager: Shutting down and abandoning module Toolbox (120)
[2014.12.11-04.35.10:575][296]LogModuleManager: Shutting down and abandoning module ModuleUI (119)
[2014.12.11-04.35.10:575][296]LogModuleManager: Shutting down and abandoning module MovieSceneTools (118)
[2014.12.11-04.35.10:575][296]LogModuleManager: Shutting down and abandoning module OutputLog (117)
[2014.12.11-04.35.10:575][296]LogModuleManager: Shutting down and abandoning module GammaUI (116)
[2014.12.11-04.35.10:575][296]LogModuleManager: Shutting down and abandoning module Documentation (115)
[2014.12.11-04.35.10:575][296]LogModuleManager: Shutting down and abandoning module GameLiveStreaming (114)
[2014.12.11-04.35.10:575][296]LogModuleManager: Shutting down and abandoning module StreamingPauseRendering (113)
[2014.12.11-04.35.10:575][296]LogModuleManager: Shutting down and abandoning module HTTP (112)
[2014.12.11-04.35.10:576][296]LogModuleManager: Shutting down and abandoning module AnalyticsET (111)
[2014.12.11-04.35.10:576][296]LogModuleManager: Shutting down and abandoning module Analytics (110)
[2014.12.11-04.35.10:576][296]LogModuleManager: Shutting down and abandoning module AITestSuite (109)
[2014.12.11-04.35.10:576][296]LogModuleManager: Shutting down and abandoning module AIModule (108)
[2014.12.11-04.35.10:576][296]LogModuleManager: Shutting down and abandoning module ProfilerService (107)
[2014.12.11-04.35.10:793][296]LogModuleManager: Shutting down and abandoning module TaskGraph (106)
[2014.12.11-04.35.10:793][296]LogModuleManager: Shutting down and abandoning module GameplayDebugger (105)
[2014.12.11-04.35.10:793][296]LogModuleManager: Shutting down and abandoning module SlateRemote (104)
[2014.12.11-04.35.10:793][296]LogModuleManager: Shutting down and abandoning module ScriptEditorPlugin (103)
[2014.12.11-04.35.10:793][296]LogModuleManager: Shutting down and abandoning module CustomMeshComponent (102)
[2014.12.11-04.35.10:793][296]LogModuleManager: Shutting down and abandoning module CableComponent (101)
[2014.12.11-04.35.10:793][296]LogModuleManager: Shutting down and abandoning module MessagingDebugger (100)
[2014.12.11-04.35.10:824][296]LogModuleManager: Shutting down and abandoning module MediaPlayerEditor (99)
[2014.12.11-04.35.10:831][296]LogModuleManager: Shutting down and abandoning module SpeedTreeImporter (98)
[2014.12.11-04.35.10:831][296]LogModuleManager: Shutting down and abandoning module PluginsEditor (97)
[2014.12.11-04.35.10:832][296]LogModuleManager: Shutting down and abandoning module EpicSurvey (96)
[2014.12.11-04.35.10:832][296]LogModuleManager: Shutting down and abandoning module DesktopPlatform (95)
[2014.12.11-04.35.10:832][296]LogModuleManager: Shutting down and abandoning module VisualStudioSourceCodeAccess (94)
[2014.12.11-04.35.10:832][296]LogModuleManager: Shutting down and abandoning module UObjectPlugin (93)
[2014.12.11-04.35.10:832][296]LogModuleManager: Shutting down and abandoning module SubversionSourceControl (92)
[2014.12.11-04.35.10:832][296]LogModuleManager: Shutting down and abandoning module SourceControl (91)
[2014.12.11-04.35.10:832][296]LogModuleManager: Shutting down and abandoning module PerforceSourceControl (90)
[2014.12.11-04.35.10:844][296]LogModuleManager: Shutting down and abandoning module BlankPlugin (89)
[2014.12.11-04.35.10:844][296]LogModuleManager: Shutting down and abandoning module SlateReflector (88)
[2014.12.11-04.35.10:844][296]LogModuleManager: Shutting down and abandoning module DirectoryWatcher (87)
[2014.12.11-04.35.10:844][296]LogModuleManager: Shutting down and abandoning module HotReload (86)
[2014.12.11-04.35.10:845][296]LogModuleManager: Shutting down and abandoning module MainFrame (85)
[2014.12.11-04.35.10:845][296]LogModuleManager: Shutting down and abandoning module LevelEditor (84)
[2014.12.11-04.35.10:847][296]LogModuleManager: Shutting down and abandoning module ViewportSnapping (83)
[2014.12.11-04.35.10:847][296]LogModuleManager: Shutting down and abandoning module SmartSnapping (82)
[2014.12.11-04.35.10:847][296]LogModuleManager: Shutting down and abandoning module PaperTiledImporter (81)
[2014.12.11-04.35.10:847][296]LogModuleManager: Shutting down and abandoning module PaperJsonImporter (80)
[2014.12.11-04.35.10:847][296]LogModuleManager: Shutting down and abandoning module ContentBrowser (79)
[2014.12.11-04.35.10:847][296]LogModuleManager: Shutting down and abandoning module Paper2DEditor (78)
[2014.12.11-04.35.10:886][296]LogModuleManager: Shutting down and abandoning module ScriptPlugin (77)
[2014.12.11-04.35.10:887][296]LogModuleManager: Shutting down and abandoning module UdpMessaging (76)
[2014.12.11-04.35.10:988][296]LogModuleManager: Shutting down and abandoning module Paper2D (75)
[2014.12.11-04.35.10:988][296]LogModuleManager: Shutting down and abandoning module UE4Game (74)
[2014.12.11-04.35.10:988][296]LogModuleManager: Shutting down and abandoning module WindowsMoviePlayer (73)
[2014.12.11-04.35.11:000][296]LogModuleManager: Shutting down and abandoning module Media (72)
[2014.12.11-04.35.11:000][296]LogModuleManager: Shutting down and abandoning module WmfMedia (71)
[2014.12.11-04.35.11:000][296]LogModuleManager: Shutting down and abandoning module OnlineBlueprintSupport (70)
[2014.12.11-04.35.11:001][296]LogModuleManager: Shutting down and abandoning module PropertyEditor (69)
[2014.12.11-04.35.11:001][296]LogModuleManager: Shutting down and abandoning module BehaviorTreeEditor (68)
[2014.12.11-04.35.11:001][296]LogModuleManager: Shutting down and abandoning module FunctionalTesting (67)
[2014.12.11-04.35.11:001][296]LogModuleManager: Shutting down and abandoning module CollisionAnalyzer (66)
[2014.12.11-04.35.11:001][296]LogModuleManager: Shutting down and abandoning module WorkspaceMenuStructure (65)
[2014.12.11-04.35.11:001][296]LogModuleManager: Shutting down and abandoning module MessageLog (64)
[2014.12.11-04.35.11:001][296]LogModuleManager: Shutting down and abandoning module Sequencer (63)
[2014.12.11-04.35.11:001][296]LogModuleManager: Shutting down and abandoning module AssetTools (62)
[2014.12.11-04.35.11:001][296]LogModuleManager: Shutting down and abandoning module UMGEditor (61)
[2014.12.11-04.35.11:001][296]LogModuleManager: Shutting down and abandoning module UMG (60)
[2014.12.11-04.35.11:001][296]LogModuleManager: Shutting down and abandoning module Slate (59)
[2014.12.11-04.35.11:001][296]LogModuleManager: Shutting down and abandoning module EditorStyle (58)
[2014.12.11-04.35.11:007][296]LogModuleManager: Shutting down and abandoning module SessionServices (57)
[2014.12.11-04.35.11:007][296]LogModuleManager: Shutting down and abandoning module SourceCodeAccess (56)
[2014.12.11-04.35.11:007][296]LogModuleManager: Shutting down and abandoning module HeadMountedDisplay (55)
[2014.12.11-04.35.11:007][296]LogModuleManager: Shutting down and abandoning module XAudio2 (54)
[2014.12.11-04.35.11:007][296]LogModuleManager: Shutting down and abandoning module Networking (52)
[2014.12.11-04.35.11:007][296]LogModuleManager: Shutting down and abandoning module Core (51)
[2014.12.11-04.35.11:007][296]LogModuleManager: Shutting down and abandoning module KismetCompiler (50)
[2014.12.11-04.35.11:007][296]LogModuleManager: Shutting down and abandoning module PhysXFormats (49)
[2014.12.11-04.35.11:007][296]LogModuleManager: Shutting down and abandoning module MeshUtilities (48)
[2014.12.11-04.35.11:007][296]LogModuleManager: Shutting down and abandoning module DerivedDataCache (47)
[2014.12.11-04.35.11:013][296]LogDerivedDataCache: Shutdown
[2014.12.11-04.35.11:013][296]LogModuleManager: Shutting down and abandoning module ShaderFormatOpenGL (46)
[2014.12.11-04.35.11:013][296]LogModuleManager: Shutting down and abandoning module ShaderFormatD3D (45)
[2014.12.11-04.35.11:013][296]LogModuleManager: Shutting down and abandoning module MetalShaderFormat (44)
[2014.12.11-04.35.11:013][296]LogModuleManager: Shutting down and abandoning module TextureFormatUncompressed (43)
[2014.12.11-04.35.11:014][296]LogModuleManager: Shutting down and abandoning module TextureFormatPVR (42)
[2014.12.11-04.35.11:014][296]LogModuleManager: Shutting down and abandoning module TextureFormatDXT (41)
[2014.12.11-04.35.11:014][296]LogModuleManager: Shutting down and abandoning module TextureFormatAndroid (40)
[2014.12.11-04.35.11:014][296]LogModuleManager: Shutting down and abandoning module AudioFormatOpus (39)
[2014.12.11-04.35.11:014][296]LogModuleManager: Shutting down and abandoning module AudioFormatOgg (38)
[2014.12.11-04.35.11:014][296]LogModuleManager: Shutting down and abandoning module AudioFormatADPCM (37)
[2014.12.11-04.35.11:014][296]LogModuleManager: Shutting down and abandoning module LinuxTargetPlatform (36)
[2014.12.11-04.35.11:014][296]LogModuleManager: Shutting down and abandoning module LinuxServerTargetPlatform (35)
[2014.12.11-04.35.11:014][296]LogModuleManager: Shutting down and abandoning module LinuxNoEditorTargetPlatform (34)
[2014.12.11-04.35.11:014][296]LogModuleManager: Shutting down and abandoning module Messaging (33)
[2014.12.11-04.35.11:014][296]LogModuleManager: Shutting down and abandoning module IOSTargetPlatform (32)
[2014.12.11-04.35.11:014][296]LogModuleManager: Shutting down and abandoning module Android_PVRTCTargetPlatform (31)
[2014.12.11-04.35.11:014][296]LogModuleManager: Shutting down and abandoning module Android_ETC2TargetPlatform (30)
[2014.12.11-04.35.11:014][296]LogModuleManager: Shutting down and abandoning module Android_ETC1TargetPlatform (29)
[2014.12.11-04.35.11:014][296]LogModuleManager: Shutting down and abandoning module Android_DXTTargetPlatform (28)
[2014.12.11-04.35.11:014][296]LogModuleManager: Shutting down and abandoning module Android_ATCTargetPlatform (27)
[2014.12.11-04.35.11:014][296]LogModuleManager: Shutting down and abandoning module AndroidTargetPlatform (26)
[2014.12.11-04.35.11:014][296]LogModuleManager: Shutting down and abandoning module WindowsTargetPlatform (25)
[2014.12.11-04.35.11:014][296]LogModuleManager: Shutting down and abandoning module WindowsServerTargetPlatform (24)
[2014.12.11-04.35.11:014][296]LogModuleManager: Shutting down and abandoning module WindowsNoEditorTargetPlatform (23)
[2014.12.11-04.35.11:014][296]LogModuleManager: Shutting down and abandoning module WindowsClientTargetPlatform (22)
[2014.12.11-04.35.11:014][296]LogModuleManager: Shutting down and abandoning module TargetPlatform (21)
[2014.12.11-04.35.11:014][296]LogModuleManager: Shutting down and abandoning module InputCore (20)
[2014.12.11-04.35.11:014][296]LogModuleManager: Shutting down and abandoning module Settings (19)
[2014.12.11-04.35.11:014][296]LogModuleManager: Shutting down and abandoning module ImageWrapper (18)
[2014.12.11-04.35.11:014][296]LogModuleManager: Shutting down and abandoning module OculusRift (15)
[2014.12.11-04.35.11:014][296]LogModuleManager: Shutting down and abandoning module ExampleDeviceProfileSelector (14)
[2014.12.11-04.35.11:014][296]LogModuleManager: Shutting down and abandoning module TextureCompressor (13)
[2014.12.11-04.35.11:014][296]LogModuleManager: Shutting down and abandoning module ShaderCore (12)
[2014.12.11-04.35.11:014][296]LogModuleManager: Shutting down and abandoning module Landscape (11)
[2014.12.11-04.35.11:014][296]LogModuleManager: Shutting down and abandoning module SlateRHIRenderer (10)
[2014.12.11-04.35.11:019][296]LogModuleManager: Shutting down and abandoning module OpenGLDrv (9)
[2014.12.11-04.35.11:019][296]LogModuleManager: Shutting down and abandoning module D3D11RHI (8)
[2014.12.11-04.35.11:019][296]LogModuleManager: Shutting down and abandoning module Renderer (7)
[2014.12.11-04.35.11:019][296]LogModuleManager: Shutting down and abandoning module Engine (6)
[2014.12.11-04.35.11:020][296]LogModuleManager: Shutting down and abandoning module CoreUObject (5)
[2014.12.11-04.35.11:020][296]LogModuleManager: Shutting down and abandoning module NetworkFile (4)
[2014.12.11-04.35.11:020][296]LogModuleManager: Shutting down and abandoning module StreamingFile (3)
[2014.12.11-04.35.11:020][296]LogModuleManager: Shutting down and abandoning module SandboxFile (2)
[2014.12.11-04.35.11:020][296]LogModuleManager: Shutting down and abandoning module PakFile (1)
[2014.12.11-04.35.11:021][296]LogExit: Exiting.
[2014.12.11-04.35.11:063][296]Log file closed, 12/11/14 04:35:11
