Log file open, 12/10/14 17:32:22
LogInit:Display: Running engine for game: AsteroidMiner
LogInit: Version: 4.6.0-2369412+++depot+UE4-Releases+4.6
LogInit: API Version: 2369412
LogInit: Compiled (64-bit): Nov 24 2014 21:54:04
LogInit: Compiled with Visual C++: 18.00.21005.01
LogInit: Build Configuration: Development
LogInit: Branch Name: ++depot+UE4-Releases+4.6
LogInit: Command line:  
LogInit: Base directory: C:/Program Files/Epic Games/4.6/Engine/Binaries/Win64/
LogInit: Rocket: 1
[2014.12.10-17.32.22:780][  0]LogTaskGraph: Started task graph with 3 named threads and 6 total threads.
[2014.12.10-17.32.22:845][  0]LogOnline:Warning: No default platform service specified for OnlineSubsystem
[2014.12.10-17.32.22:901][  0]LogInit: Presizing for 0 objects not considered by GC, pre-allocating 0 bytes.
[2014.12.10-17.32.22:918][  0]LogInit: Object subsystem initialized
[2014.12.10-17.32.22:924][  0]LogConsoleResponse:Warning: Skipping Unknown console variable: 'UIScaleCurve = (EditorCurveData=(Keys=((Time=480.000000,Value=0.444000),(Time=720.000000,Value=0.666000),(Time=1080.000000,Value=1.000000),(Time=8640.000000,Value=8.000000))),ExternalCurve=None)'
[2014.12.10-17.32.22:924][  0]LogConsoleResponse:Warning:   Found in ini file 'E:/Other Files/UnrealEngine_4.5/Projects/AsteroidMiner4.6/Saved/Config/Windows/Engine.ini', in section '[/Script/Engine.RendererSettings]'
[2014.12.10-17.32.22:925][  0]LogConsoleManager:Warning: Console variable 'r.MSAA.CompositingSampleCount' wasn't set (Priority ProjectSetting < Scalability)
[2014.12.10-17.32.22:927][  0]LogInit: Selected Device Profile: [Windows]
[2014.12.10-17.32.22:927][  0]LogInit: Applying CVar settings loaded from the selected device profile: [Windows]
[2014.12.10-17.32.22:974][  0]LogInit: Computer: LLOYDS_PC
[2014.12.10-17.32.22:974][  0]LogInit: User: 10021000
[2014.12.10-17.32.22:974][  0]LogInit: CPU Page size=4096, Cores=4
[2014.12.10-17.32.22:974][  0]LogInit: High frequency timer resolution =2.337877 MHz
[2014.12.10-17.32.22:975][  0]LogMemory: Memory total: Physical=5.9GB (6GB approx) Virtual=131072.0GB
[2014.12.10-17.32.22:976][  0]LogMemory: Platform Memory Stats for Windows
[2014.12.10-17.32.22:976][  0]LogMemory: Process Physical Memory: 47.29 MB used, 47.29 MB peak
[2014.12.10-17.32.22:976][  0]LogMemory: Process Virtual Memory: 23.08 MB used, 24.38 MB peak
[2014.12.10-17.32.22:976][  0]LogMemory: Physical Memory: 2778.55 MB used, 6077.92 MB total
[2014.12.10-17.32.22:976][  0]LogMemory: Virtual Memory: 272.18 MB used, 134217728.00 MB total
[2014.12.10-17.32.23:046][  0]LogD3D11RHI: Found D3D11 adapter 0: NVIDIA GeForce GTX 680 (Feature Level 11_0)
[2014.12.10-17.32.23:046][  0]LogD3D11RHI: Adapter has 1985MB of dedicated video memory, 0MB of dedicated system memory, and 2048MB of shared system memory, 2 output[s]
[2014.12.10-17.32.23:050][  0]LogD3D11RHI: Found D3D11 adapter 1: Microsoft Basic Render Driver (Feature Level 11_0)
[2014.12.10-17.32.23:050][  0]LogD3D11RHI: Adapter has 0MB of dedicated video memory, 0MB of dedicated system memory, and 256MB of shared system memory, 0 output[s]
[2014.12.10-17.32.23:050][  0]LogD3D11RHI: Chosen D3D11 Adapter Id = 0
[2014.12.10-17.32.23:061][  0]LogRHI: Texture pool is 1361 MB (70% of 1945 MB)
[2014.12.10-17.32.23:092][  0]LogD3D11RHI: Async texture creation enabled
[2014.12.10-17.32.23:199][  0]LogTextLocalizationManager: The requested culture ('en_GB') has no localization data; parent culture's ('en') localization data will be used.
[2014.12.10-17.32.23:568][  0]LogContentStreaming: Texture pool size is 0.000000MB
[2014.12.10-17.32.34:991][  0]LogTargetPlatformManager:Display: Building Assets For Windows
[2014.12.10-17.32.36:268][  0]LogTargetPlatformManager:Display: Building Assets For Windows
[2014.12.10-17.32.36:384][  0]LogDerivedDataCache:Display: Max Cache Size: 512 MB
[2014.12.10-17.32.36:609][  0]LogDerivedDataCache: Loaded boot cache 0.23s 39MB C:/Users/10021_000/AppData/Local/UnrealEngine/4.6/DerivedDataCache/Boot.ddc.
[2014.12.10-17.32.36:609][  0]LogDerivedDataCache:Display: Loaded Boot cache: C:/Users/10021_000/AppData/Local/UnrealEngine/4.6/DerivedDataCache/Boot.ddc
[2014.12.10-17.32.36:611][  0]LogDerivedDataCache: FDerivedDataBackendGraph:  Pak pak cache file E:/Other Files/UnrealEngine_4.5/Projects/AsteroidMiner4.6/DerivedDataCache/DDC.ddp not found, will not use a pak cache.
[2014.12.10-17.32.36:611][  0]LogDerivedDataCache: Unable to find inner node Pak for hierarchical cache Hierarchy.
[2014.12.10-17.32.36:736][  0]LogDerivedDataCache:Display: Pak cache opened for reading ../../../Engine/DerivedDataCache/DDC.ddp.
[2014.12.10-17.32.36:751][  0]LogDerivedDataCache: Using Local data cache path C:/Users/10021_000/AppData/Local/UnrealEngine/Common/DerivedDataCache: Writable
[2014.12.10-17.32.37:066][  0]LogCollisionProfile:Warning: Profile (Trigger) - Custom Channel Name = 'Projectile' hasn't been found
[2014.12.10-17.32.37:066][  0]LogCollisionProfile:Warning: Profile (UI) - Custom Channel Name = 'Weapon' hasn't been found
[2014.12.10-17.32.37:066][  0]LogCollisionProfile:Warning: Profile (Projectile) ObjectTypeName (Projectile) is invalid. 
[2014.12.10-17.32.37:423][  0]LogMeshUtilities: No automatic mesh reduction module available
[2014.12.10-17.32.37:423][  0]LogMeshUtilities: No automatic mesh merging module available
[2014.12.10-17.32.38:462][  0]LogInit: WinSock: version 1.1 (2.2), MaxSocks=32767, MaxUdp=65467
[2014.12.10-17.32.38:584][  0]LogSlate:Warning: Failed to load font data from '../../../Engine/Content/Slate/Fonts/Roboto-Italic.ttf'
[2014.12.10-17.32.40:444][  0]UdpMessaging: Initializing bridge on interface 0.0.0.0:0 to multicast group 230.0.0.1:6666.
[2014.12.10-17.32.40:728][  0]LogDirectoryWatcher:Warning: Failed to begin reading directory changes for E:/Other Files/UnrealEngine_4.5/Projects/AsteroidMiner4.6/Binaries/Win64. Error: 0
[2014.12.10-17.32.41:105][  0]SourceControl: Info Source control is disabled
[2014.12.10-17.32.41:105][  0]SourceControl: Info Source control is disabled
[2014.12.10-17.32.41:125][  0]SourceControl: Info Source control is disabled
[2014.12.10-17.32.41:412][  0]LogObj: 23754 objects as part of root set at end of initial load.
[2014.12.10-17.32.41:412][  0]LogUObjectAllocator: 5168128 out of 0 bytes used by permanent object pool.
[2014.12.10-17.32.41:527][  0]LogEngine: Initializing Engine...
[2014.12.10-17.32.41:983][  0]LogInit: XAudio2 using '37'' TFT-TV-4 (NVIDIA High Definition Audio)' : 2 channels at 48 kHz using 16 bits per sample (channel mask 0x3)
[2014.12.10-17.32.41:999][  0]LogInit: FAudioDevice initialized.
[2014.12.10-17.32.42:041][  0]LogAIModule: Creating AISystem for world NewWorld
[2014.12.10-17.32.42:168][  0]LogDerivedDataCache: Saved boot cache 0.13s 39MB C:/Users/10021_000/AppData/Local/UnrealEngine/4.6/DerivedDataCache/Boot.ddc.
[2014.12.10-17.32.42:229][  0]LogInit: Texture streaming: Enabled
[2014.12.10-17.32.42:297][  0]LogAnalytics: Creating configured Analytics provider AnalyticsET
[2014.12.10-17.32.42:297][  0]LogAnalytics: ET APIKey = Rocket.Release. APIServer = http://et2.epicgames.com/ET2/. AppVersion = 4.6.0-2369412+++depot+UE4-Releases+4.6
[2014.12.10-17.32.42:300][  0]LogAnalytics: SetUserId a29c071cf10a93fac0ff457d50595e17
[2014.12.10-17.32.42:300][  0]LogAnalytics: AnalyticsET::StartSession [Rocket.Release]
[2014.12.10-17.32.42:339][  0]LogInit: Transaction tracking system initialized
[2014.12.10-17.32.42:541][  0]BlueprintLog: New page: Editor Load
[2014.12.10-17.32.42:597][  0]LogAssetRegistry: FAssetRegistry took 0.0106 seconds to start up
[2014.12.10-17.32.42:600][  0]LogDirectoryWatcher:Warning: Failed to begin reading directory changes for ../../../Engine/Plugins/Experimental/CharacterAI/Content/. Error: 0
[2014.12.10-17.32.44:191][  0]LogTargetPlatformManager:Display: Building Assets For Windows
[2014.12.10-17.32.45:237][  0]LogTargetPlatformManager:Display: Building Assets For Windows
[2014.12.10-17.32.45:637][  0]LogConsoleResponse:Display: 
[2014.12.10-17.32.45:764][  0]LogLinker:Warning: Asset '../../../Engine/Content/Functions/Engine_MaterialFunctions03/Procedurals/ComputeFilterWidth.uasset' has been saved with empty engine version. The asset will be loaded but may be incompatible.
[2014.12.10-17.32.46:173][  0]SourceControl: Info Source control is disabled
[2014.12.10-17.32.46:174][  0]Cmd: MAP LOAD FILE="E:/Other Files/UnrealEngine_4.5/Projects/AsteroidMiner4.6/Content/Maps/AsteroidMiner.umap" TEMPLATE=0 SHOWPROGRESS=1
[2014.12.10-17.32.46:178][  0]LightingResults: New page: Lighting Build
[2014.12.10-17.32.46:197][  0]MapCheck: New page: Map Check
[2014.12.10-17.32.46:197][  0]LightingResults: New page: Lighting Build
[2014.12.10-17.32.46:217][  0]LogParticles: Destroying 0 GPU particle simulations for FXSystem 0x00000064C99FD940
[2014.12.10-17.32.46:490][  0]LogLinker:Warning: Asset 'E:/Other Files/UnrealEngine_4.5/Projects/AsteroidMiner4.6/Content/Materials/M_SkyBox.uasset' has been saved with empty engine version. The asset will be loaded but may be incompatible.
[2014.12.10-17.32.46:493][  0]LogLinker:Warning: Asset 'E:/Other Files/UnrealEngine_4.5/Projects/AsteroidMiner4.6/Content/Textures/HighResSkyBox.uasset' has been saved with empty engine version. The asset will be loaded but may be incompatible.
[2014.12.10-17.32.47:474][  0]LogLinker:Warning: Asset 'E:/Other Files/UnrealEngine_4.5/Projects/AsteroidMiner4.6/Content/Meshes/DetailedSun.uasset' has been saved with empty engine version. The asset will be loaded but may be incompatible.
[2014.12.10-17.32.47:476][  0]LogLinker:Warning: Asset 'E:/Other Files/UnrealEngine_4.5/Projects/AsteroidMiner4.6/Content/Materials/M_Sun.uasset' has been saved with empty engine version. The asset will be loaded but may be incompatible.
[2014.12.10-17.32.47:481][  0]LogLinker:Warning: Asset 'E:/Other Files/UnrealEngine_4.5/Projects/AsteroidMiner4.6/Content/Textures/T_Fire.uasset' has been saved with empty engine version. The asset will be loaded but may be incompatible.
[2014.12.10-17.32.47:711][  0]LogBlueprint:Warning: [AdjustVelocityBTT] CreatePinForVariable: 'VelocityChange?' variable not found. Base class was probably changed.
[2014.12.10-17.32.47:745][  0]LogBlueprint:Warning: [compiler] Warning Could not find a variable named "VelocityChange?" in 'BotShip_C'.
Make sure 'BotShip_C' has been compiled for  Set VelocityChange? 
[2014.12.10-17.32.47:749][  0]LogBlueprint:Error: [compiler] Error The property associated with  Velocity Change?  could not be found
[2014.12.10-17.32.47:770][  0]LogBlueprint:Warning: [compiler] Warning [0028.65] Compile of AdjustVelocityBTT failed. 1 Fatal Issue(s) 1 Warning(s) [in 57 ms]
[2014.12.10-17.32.48:016][  0]LoadErrors:Error: Error Failed import for BoolProperty
[2014.12.10-17.32.48:454][  0]LogLinker:Warning: Asset 'E:/Other Files/UnrealEngine_4.5/Projects/AsteroidMiner4.6/Content/Blueprints/Objects/B_Asteroid.uasset' has been saved with empty engine version. The asset will be loaded but may be incompatible.
[2014.12.10-17.32.48:459][  0]LogLinker:Warning: Asset 'E:/Other Files/UnrealEngine_4.5/Projects/AsteroidMiner4.6/Content/Meshes/Rock.uasset' has been saved with empty engine version. The asset will be loaded but may be incompatible.
[2014.12.10-17.32.48:463][  0]LogLinker:Warning: Asset 'E:/Other Files/UnrealEngine_4.5/Projects/AsteroidMiner4.6/Content/Materials/M_Asteroid.uasset' has been saved with empty engine version. The asset will be loaded but may be incompatible.
[2014.12.10-17.32.48:486][  0]LoadErrors:Error: Error Failed import for BoolProperty
[2014.12.10-17.32.48:580][  0]LogBlueprint:Warning: [compiler] Warning  Remove from Viewport  is deprecated; Use RemoveFromParent instead
[2014.12.10-17.32.48:583][  0]LogBlueprint:Warning: [compiler] Warning [0029.46] Compile of GameOverWidget successful, but with 1 Warning(s) [in 10 ms]
[2014.12.10-17.32.48:589][  0]LogBlueprint:Warning: [compiler] Warning  Remove from Viewport  is deprecated; Use RemoveFromParent instead
[2014.12.10-17.32.48:594][  0]LogBlueprint:Warning: [compiler] Warning [0029.47] Compile of GameOverWidget successful, but with 1 Warning(s) [in 8 ms]
[2014.12.10-17.32.48:594][  0]LogBlueprint:Warning: [compiler] Warning [0029.48] Compile of GameOverWidget successful, but with 2 Warning(s) [in 0 ms]
[2014.12.10-17.32.48:659][  0]LogBlueprint:Warning: [compiler] Warning  Remove from Viewport  is deprecated; Use RemoveFromParent instead
[2014.12.10-17.32.48:661][  0]LogBlueprint:Warning: [compiler] Warning [0029.54] Compile of PauseMenuWidget successful, but with 1 Warning(s) [in 15 ms]
[2014.12.10-17.32.48:667][  0]LogBlueprint:Warning: [compiler] Warning  Remove from Viewport  is deprecated; Use RemoveFromParent instead
[2014.12.10-17.32.48:670][  0]LogBlueprint:Warning: [compiler] Warning [0029.55] Compile of PauseMenuWidget successful, but with 1 Warning(s) [in 5 ms]
[2014.12.10-17.32.48:670][  0]LogBlueprint:Warning: [compiler] Warning [0029.55] Compile of PauseMenuWidget successful, but with 2 Warning(s) [in 0 ms]
[2014.12.10-17.32.50:778][  0]LogEditorServer: Finished looking for orphan Actors (0.000 secs)
[2014.12.10-17.32.50:778][  0]LogAIModule: Creating AISystem for world AsteroidMiner
[2014.12.10-17.32.50:779][  0]Cmd: MAP CHECKDEP
[2014.12.10-17.32.50:780][  0]MapCheck: New page: AsteroidMiner - 10 Dec 2014 17:32:50
[2014.12.10-17.32.51:146][  0]MapCheck: Info Map check complete: 0 Error(s), 0 Warning(s), took 365.796ms to complete.
[2014.12.10-17.32.51:146][  0]LogFileHelpers: Loading map 'AsteroidMiner' took 4.973
[2014.12.10-17.32.51:330][  0]LogCollectionManager: Loaded 0 collections in 0.003484 seconds
[2014.12.10-17.32.51:584][  0]LogCrashTracker: Crashtracker disabled due to settings.
[2014.12.10-17.32.51:596][  0]LogUObjectGlobals:Warning: Failed to find object 'Class None.'
[2014.12.10-17.32.51:644][  0]LogLoad: Full Startup: 32.53 seconds (BP compile: 1.53 seconds)
[2014.12.10-17.32.51:999][  0]LogContentBrowser:Verbose: The content browser source was changed by the sources view to '/Game/Blueprints/AI/BehaviourTreeTasks'
[2014.12.10-17.32.52:435][  0]LogRenderer:Warning: Reallocating scene render targets to support 944x872.
[2014.12.10-17.32.54:137][  5]LogAssetRegistry: Asset discovery search completed in 11.5502 seconds
[2014.12.10-17.32.54:162][  5]LogAnalytics: Event Editor.Usage.AssetClasses has too many attributes (41). May be truncated at the collector.
[2014.12.10-17.33.00:319][ 67]BlueprintLog: New page: Compile AdjustVelocityBTT
[2014.12.10-17.33.00:771][ 67]BlueprintEditorCompileResults: Info [0041.65] Compile of AdjustVelocityBTT successful! [in 369 ms]
[2014.12.10-17.33.01:223][ 68]BlueprintLog: New page: Compile AdjustVelocityBTT
[2014.12.10-17.33.01:549][ 68]BlueprintEditorCompileResults: Info [0042.43] Compile of AdjustVelocityBTT successful! [in 243 ms]
[2014.12.10-17.33.05:108][147]LogContentBrowser:Verbose: The content browser source was changed by the sources view to '/Game/Blueprints/Objects'
[2014.12.10-17.33.06:303][177]LogContentBrowser:Verbose: The content browser source was changed by the sources view to '/Game/Blueprints/GameComponents'
[2014.12.10-17.33.06:953][195]LogContentBrowser:Verbose: The content browser source was changed by the sources view to '/Game/Blueprints/AI/BehaviourTreeTasks'
[2014.12.10-17.33.07:597][215]LogContentBrowser:Verbose: The content browser source was changed by the sources view to '/Game/Blueprints'
[2014.12.10-17.33.07:999][229]LogContentBrowser:Verbose: The content browser source was changed by the sources view to '/Game/Blueprints/AI'
[2014.12.10-17.33.24:998][704]BlueprintLog: New page: Pre-PIE auto-recompile
[2014.12.10-17.33.25:002][704]LogPlayLevel: [PIE] Compiling Tutorial_BP_MacroLib before PIE...
[2014.12.10-17.33.25:094][704]LogPlayLevel: [PIE] Compiling AsteroidMiner before PIE...
[2014.12.10-17.33.25:777][704]LogPlayLevel: PIE:  Blueprint regeneration took 778 ms (2 blueprints)
[2014.12.10-17.33.25:777][704]PIE: New page: PIE session: AsteroidMiner (10 Dec 2014 17:33:25)
[2014.12.10-17.33.25:818][704]LogPlayLevel: PIE: StaticDuplicateObject took: (0.039866s)
[2014.12.10-17.33.25:819][704]LogPlayLevel: PIE: World Init took: (0.001225s)
[2014.12.10-17.33.25:819][704]LogPlayLevel: PIE: Created PIE world by copying editor world from /Game/Maps/AsteroidMiner.AsteroidMiner to /Game/Maps/UEDPIE_0_AsteroidMiner.AsteroidMiner (0.041385s)
[2014.12.10-17.33.25:881][704]LogWorld: Game class is 'AsteroidMinerGameMode_C'
[2014.12.10-17.33.25:885][704]LogAIModule: Creating AISystem for world AsteroidMiner
[2014.12.10-17.33.25:886][704]LogWorld: Bringing World /Game/Maps/UEDPIE_0_AsteroidMiner.AsteroidMiner up for play (max tick rate 0) at 2014.12.10-17.33.25
[2014.12.10-17.33.25:888][704]LogWorld: Bringing up level for play took: 0.002383
[2014.12.10-17.33.25:891][704]PIE: Info Play in editor start time for /Game/Maps/UEDPIE_0_AsteroidMiner 0.897
[2014.12.10-17.33.25:917][704]LogScript:Warning: Accessed None 'CallFunc_PlaySoundAttached_ReturnValue'
	AsteroidMinerCamera_C /Game/Maps/UEDPIE_0_AsteroidMiner.AsteroidMiner:PersistentLevel.AsteroidMinerCamera_C_0
	Function /Game/Blueprints/GameComponents/AsteroidMinerCamera.AsteroidMinerCamera_C:ExecuteUbergraph_AsteroidMinerCamera:0091
[2014.12.10-17.33.25:917][704]PIE:Error: Error Accessed None 'CallFunc_PlaySoundAttached_ReturnValue' from node Construction Script in blueprint AsteroidMinerCamera
[2014.12.10-17.33.58:101][927]LogScript:Warning: Cannot access 'AudioComponent_1'. It is pending kill. Property: 'CallFunc_PlaySoundAttached_ReturnValue'
	AsteroidMinerCamera_C /Game/Maps/UEDPIE_0_AsteroidMiner.AsteroidMiner:PersistentLevel.AsteroidMinerCamera_C_0
	Function /Game/Blueprints/GameComponents/AsteroidMinerCamera.AsteroidMinerCamera_C:ExecuteUbergraph_AsteroidMinerCamera:0091
[2014.12.10-17.33.58:101][927]PIE:Error: Error Cannot access 'AudioComponent_1'. It is pending kill. Property: 'CallFunc_PlaySoundAttached_ReturnValue' from node Construction Script in blueprint AsteroidMinerCamera
[2014.12.10-17.34.06:067][227]LogScript:Warning: Attempt to take Sqrt() of negative number - returning 0.
[2014.12.10-17.34.06:067][227]LogScript:Warning: Attempt to take Sqrt() of negative number - returning 0.
[2014.12.10-17.34.06:121][229]LogScript:Warning: Attempt to take Sqrt() of negative number - returning 0.
[2014.12.10-17.34.06:121][229]LogScript:Warning: Attempt to take Sqrt() of negative number - returning 0.
[2014.12.10-17.34.06:174][231]LogScript:Warning: Attempt to take Sqrt() of negative number - returning 0.
[2014.12.10-17.34.06:174][231]LogScript:Warning: Attempt to take Sqrt() of negative number - returning 0.
[2014.12.10-17.34.06:225][233]LogScript:Warning: Attempt to take Sqrt() of negative number - returning 0.
[2014.12.10-17.34.06:225][233]LogScript:Warning: Attempt to take Sqrt() of negative number - returning 0.
[2014.12.10-17.34.06:278][235]LogScript:Warning: Attempt to take Sqrt() of negative number - returning 0.
[2014.12.10-17.34.06:278][235]LogScript:Warning: Attempt to take Sqrt() of negative number - returning 0.
[2014.12.10-17.34.06:331][237]LogScript:Warning: Attempt to take Sqrt() of negative number - returning 0.
[2014.12.10-17.34.06:331][237]LogScript:Warning: Attempt to take Sqrt() of negative number - returning 0.
[2014.12.10-17.34.10:709][401]LogScript:Warning: Cannot access 'BotShip_C_1'. It is pending kill. Property: 'BotShip_C_1_ExecuteUbergraph_AsteroidMiner_RefProperty'
	AsteroidMiner_C /Game/Maps/UEDPIE_0_AsteroidMiner.AsteroidMiner:PersistentLevel.AsteroidMiner_C_1
	Function /Game/Maps/AsteroidMiner.AsteroidMiner_C:ExecuteUbergraph_AsteroidMiner:3CEF
[2014.12.10-17.34.10:709][401]PIE:Error: Error Cannot access 'BotShip_C_1'. It is pending kill. Property: 'BotShip_C_1_ExecuteUbergraph_AsteroidMiner_RefProperty' from node Set DeltaTime in blueprint AsteroidMiner
[2014.12.10-17.34.10:709][401]LogScript:Warning: Attempt to assign variable through None
	AsteroidMiner_C /Game/Maps/UEDPIE_0_AsteroidMiner.AsteroidMiner:PersistentLevel.AsteroidMiner_C_1
	Function /Game/Maps/AsteroidMiner.AsteroidMiner_C:ExecuteUbergraph_AsteroidMiner:3D05
[2014.12.10-17.34.10:709][401]PIE:Error: Error Attempt to assign variable through None from node Set DeltaTime in blueprint AsteroidMiner
[2014.12.10-17.34.10:710][401]LogScript:Warning: Cannot access 'BotShip_C_1'. It is pending kill. Property: 'BotShip_C_1_ExecuteUbergraph_AsteroidMiner_RefProperty'
	AsteroidMiner_C /Game/Maps/UEDPIE_0_AsteroidMiner.AsteroidMiner:PersistentLevel.AsteroidMiner_C_1
	Function /Game/Maps/AsteroidMiner.AsteroidMiner_C:ExecuteUbergraph_AsteroidMiner:3C91
[2014.12.10-17.34.10:710][401]PIE:Error: Error Cannot access 'BotShip_C_1'. It is pending kill. Property: 'BotShip_C_1_ExecuteUbergraph_AsteroidMiner_RefProperty' from node Set DeltaTime in blueprint AsteroidMiner
[2014.12.10-17.34.10:711][401]LogScript:Warning: Attempt to assign variable through None
	AsteroidMiner_C /Game/Maps/UEDPIE_0_AsteroidMiner.AsteroidMiner:PersistentLevel.AsteroidMiner_C_1
	Function /Game/Maps/AsteroidMiner.AsteroidMiner_C:ExecuteUbergraph_AsteroidMiner:3CA7
[2014.12.10-17.34.10:711][401]PIE:Error: Error Attempt to assign variable through None from node Set DeltaTime in blueprint AsteroidMiner
[2014.12.10-17.34.10:711][401]LogScript:Warning: Cannot access 'BotShip_C_1'. It is pending kill. Property: 'BotShip_C_1_ExecuteUbergraph_AsteroidMiner_RefProperty'
	AsteroidMiner_C /Game/Maps/UEDPIE_0_AsteroidMiner.AsteroidMiner:PersistentLevel.AsteroidMiner_C_1
	Function /Game/Maps/AsteroidMiner.AsteroidMiner_C:ExecuteUbergraph_AsteroidMiner:3D87
[2014.12.10-17.34.10:711][401]PIE:Error: Error Cannot access 'BotShip_C_1'. It is pending kill. Property: 'BotShip_C_1_ExecuteUbergraph_AsteroidMiner_RefProperty' from node Set DeltaTime in blueprint AsteroidMiner
[2014.12.10-17.34.10:711][401]LogScript:Warning: Attempt to assign variable through None
	AsteroidMiner_C /Game/Maps/UEDPIE_0_AsteroidMiner.AsteroidMiner:PersistentLevel.AsteroidMiner_C_1
	Function /Game/Maps/AsteroidMiner.AsteroidMiner_C:ExecuteUbergraph_AsteroidMiner:3D9D
[2014.12.10-17.34.10:711][401]PIE:Error: Error Attempt to assign variable through None from node Set DeltaTime in blueprint AsteroidMiner
[2014.12.10-17.34.10:711][401]LogScript:Warning: Cannot access 'BotShip_C_1'. It is pending kill. Property: 'BotShip_C_1_ExecuteUbergraph_AsteroidMiner_RefProperty'
	AsteroidMiner_C /Game/Maps/UEDPIE_0_AsteroidMiner.AsteroidMiner:PersistentLevel.AsteroidMiner_C_1
	Function /Game/Maps/AsteroidMiner.AsteroidMiner_C:ExecuteUbergraph_AsteroidMiner:3D56
[2014.12.10-17.34.10:712][401]PIE:Error: Error Cannot access 'BotShip_C_1'. It is pending kill. Property: 'BotShip_C_1_ExecuteUbergraph_AsteroidMiner_RefProperty' from node Set DeltaTime in blueprint AsteroidMiner
[2014.12.10-17.34.10:712][401]LogScript:Warning: Attempt to assign variable through None
	AsteroidMiner_C /Game/Maps/UEDPIE_0_AsteroidMiner.AsteroidMiner:PersistentLevel.AsteroidMiner_C_1
	Function /Game/Maps/AsteroidMiner.AsteroidMiner_C:ExecuteUbergraph_AsteroidMiner:3D6C
[2014.12.10-17.34.10:712][401]PIE:Error: Error Attempt to assign variable through None from node Set DeltaTime in blueprint AsteroidMiner
[2014.12.10-17.34.10:712][401]LogScript:Warning: Cannot access 'BotShip_C_1'. It is pending kill. Property: 'BotShip_C_1_ExecuteUbergraph_AsteroidMiner_RefProperty'
	AsteroidMiner_C /Game/Maps/UEDPIE_0_AsteroidMiner.AsteroidMiner:PersistentLevel.AsteroidMiner_C_1
	Function /Game/Maps/AsteroidMiner.AsteroidMiner_C:ExecuteUbergraph_AsteroidMiner:3E29
[2014.12.10-17.34.10:712][401]PIE:Error: Error Cannot access 'BotShip_C_1'. It is pending kill. Property: 'BotShip_C_1_ExecuteUbergraph_AsteroidMiner_RefProperty' from node Set DeltaTime in blueprint AsteroidMiner
[2014.12.10-17.34.10:712][401]LogScript:Warning: Attempt to assign variable through None
	AsteroidMiner_C /Game/Maps/UEDPIE_0_AsteroidMiner.AsteroidMiner:PersistentLevel.AsteroidMiner_C_1
	Function /Game/Maps/AsteroidMiner.AsteroidMiner_C:ExecuteUbergraph_AsteroidMiner:3E3F
[2014.12.10-17.34.10:713][401]PIE:Error: Error Attempt to assign variable through None from node Set DeltaTime in blueprint AsteroidMiner
[2014.12.10-17.34.10:713][401]LogScript:Warning: Cannot access 'BotShip_C_1'. It is pending kill. Property: 'BotShip_C_1_ExecuteUbergraph_AsteroidMiner_RefProperty'
	AsteroidMiner_C /Game/Maps/UEDPIE_0_AsteroidMiner.AsteroidMiner:PersistentLevel.AsteroidMiner_C_1
	Function /Game/Maps/AsteroidMiner.AsteroidMiner_C:ExecuteUbergraph_AsteroidMiner:3CC7
[2014.12.10-17.34.10:713][401]PIE:Error: Error Cannot access 'BotShip_C_1'. It is pending kill. Property: 'BotShip_C_1_ExecuteUbergraph_AsteroidMiner_RefProperty' from node Set DeltaTime in blueprint AsteroidMiner
[2014.12.10-17.34.10:713][401]LogScript:Warning: Cannot access 'BotShip_C_1'. It is pending kill. Property: 'BotShip_C_1_ExecuteUbergraph_AsteroidMiner_RefProperty'
	AsteroidMiner_C /Game/Maps/UEDPIE_0_AsteroidMiner.AsteroidMiner:PersistentLevel.AsteroidMiner_C_1
	Function /Game/Maps/AsteroidMiner.AsteroidMiner_C:ExecuteUbergraph_AsteroidMiner:379A
[2014.12.10-17.34.10:714][401]PIE:Error: Error Cannot access 'BotShip_C_1'. It is pending kill. Property: 'BotShip_C_1_ExecuteUbergraph_AsteroidMiner_RefProperty' from node Set DeltaTime in blueprint AsteroidMiner
[2014.12.10-17.34.12:132][449]LogParticles: Destroying 0 GPU particle simulations for FXSystem 0x00000064DB27FD80
[2014.12.10-17.34.23:452][794]Cmd: QUIT_EDITOR
[2014.12.10-17.34.24:083][794]LogExit: Preparing to exit.
[2014.12.10-17.34.24:563][794]LogExit: Editor shut down
[2014.12.10-17.34.24:564][794]LogExit: Transaction tracking system shut down
[2014.12.10-17.34.24:572][794]LogParticles: Destroying 0 GPU particle simulations for FXSystem 0x00000064D03E58A0
[2014.12.10-17.34.24:574][794]LogParticles: Destroying 0 GPU particle simulations for FXSystem 0x00000064D5CEB420
[2014.12.10-17.34.24:575][794]LogParticles: Destroying 0 GPU particle simulations for FXSystem 0x00000064D6C7D300
[2014.12.10-17.34.24:685][794]LogExit: Object subsystem successfully closed.
[2014.12.10-17.34.24:760][794]LogModuleManager: Shutting down and abandoning module AndroidDeviceDetection (172)
[2014.12.10-17.34.24:760][794]LogModuleManager: Shutting down and abandoning module CrashTracker (171)
[2014.12.10-17.34.24:760][794]LogModuleManager: Shutting down and abandoning module SuperSearch (170)
[2014.12.10-17.34.24:760][794]LogModuleManager: Shutting down and abandoning module SceneOutliner (169)
[2014.12.10-17.34.24:760][794]LogModuleManager: Shutting down and abandoning module EditorWidgets (168)
[2014.12.10-17.34.24:760][794]LogModuleManager: Shutting down and abandoning module CollectionManager (167)
[2014.12.10-17.34.24:760][794]LogModuleManager: Shutting down and abandoning module StatsViewer (166)
[2014.12.10-17.34.24:760][794]LogModuleManager: Shutting down and abandoning module FoliageEdit (165)
[2014.12.10-17.34.24:760][794]LogModuleManager: Shutting down and abandoning module LandscapeEditor (164)
[2014.12.10-17.34.24:760][794]LogModuleManager: Shutting down and abandoning module MeshPaint (163)
[2014.12.10-17.34.24:760][794]LogModuleManager: Shutting down and abandoning module ActorPickerMode (162)
[2014.12.10-17.34.24:760][794]LogModuleManager: Shutting down and abandoning module GeometryMode (161)
[2014.12.10-17.34.24:760][794]LogModuleManager: Shutting down and abandoning module TextureAlignMode (160)
[2014.12.10-17.34.24:760][794]LogModuleManager: Shutting down and abandoning module BspMode (159)
[2014.12.10-17.34.24:760][794]LogModuleManager: Shutting down and abandoning module PlacementMode (158)
[2014.12.10-17.34.24:760][794]LogModuleManager: Shutting down and abandoning module AutomationWorker (157)
[2014.12.10-17.34.24:760][794]LogModuleManager: Shutting down and abandoning module CharacterAI (156)
[2014.12.10-17.34.24:760][794]LogModuleManager: Shutting down and abandoning module GameProjectGeneration (155)
[2014.12.10-17.34.24:760][794]LogModuleManager: Shutting down and abandoning module IntroTutorials (154)
[2014.12.10-17.34.24:761][794]LogModuleManager: Shutting down and abandoning module EditorLiveStreaming (153)
[2014.12.10-17.34.24:761][794]LogModuleManager: Shutting down and abandoning module HardwareTargeting (152)
[2014.12.10-17.34.24:761][794]LogModuleManager: Shutting down and abandoning module DeviceProfileEditor (151)
[2014.12.10-17.34.24:761][794]LogModuleManager: Shutting down and abandoning module UndoHistory (150)
[2014.12.10-17.34.24:761][794]LogModuleManager: Shutting down and abandoning module GameplayTagsEditor (149)
[2014.12.10-17.34.24:761][794]LogModuleManager: Shutting down and abandoning module UserFeedback (148)
[2014.12.10-17.34.24:761][794]LogModuleManager: Shutting down and abandoning module XmlParser (147)
[2014.12.10-17.34.24:761][794]LogModuleManager: Shutting down and abandoning module Blutility (146)
[2014.12.10-17.34.24:761][794]LogModuleManager: Shutting down and abandoning module IOSPlatformEditor (145)
[2014.12.10-17.34.24:761][794]LogModuleManager: Shutting down and abandoning module IOSRuntimeSettings (144)
[2014.12.10-17.34.24:761][794]LogModuleManager: Shutting down and abandoning module AndroidPlatformEditor (143)
[2014.12.10-17.34.24:761][794]LogModuleManager: Shutting down and abandoning module AndroidRuntimeSettings (142)
[2014.12.10-17.34.24:761][794]LogModuleManager: Shutting down and abandoning module ProjectTargetPlatformEditor (141)
[2014.12.10-17.34.24:762][794]LogModuleManager: Shutting down and abandoning module ProjectSettingsViewer (140)
[2014.12.10-17.34.24:762][794]LogModuleManager: Shutting down and abandoning module InputBindingEditor (139)
[2014.12.10-17.34.24:762][794]LogModuleManager: Shutting down and abandoning module EditorSettingsViewer (138)
[2014.12.10-17.34.24:762][794]LogModuleManager: Shutting down and abandoning module SettingsEditor (137)
[2014.12.10-17.34.24:762][794]LogModuleManager: Shutting down and abandoning module ProjectLauncher (136)
[2014.12.10-17.34.24:762][794]LogModuleManager: Shutting down and abandoning module SessionFrontend (135)
[2014.12.10-17.34.24:762][794]LogModuleManager: Shutting down and abandoning module ProfilerClient (134)
[2014.12.10-17.34.24:762][794]LogModuleManager: Shutting down and abandoning module TargetDeviceServices (133)
[2014.12.10-17.34.24:762][794]LogModuleManager: Shutting down and abandoning module DeviceManager (132)
[2014.12.10-17.34.24:762][794]LogModuleManager: Shutting down and abandoning module AutomationController (131)
[2014.12.10-17.34.24:762][794]LogModuleManager: Shutting down and abandoning module AutomationWindow (130)
[2014.12.10-17.34.24:762][794]LogModuleManager: Shutting down and abandoning module Layers (129)
[2014.12.10-17.34.24:762][794]LogModuleManager: Shutting down and abandoning module ComponentVisualizers (128)
[2014.12.10-17.34.24:762][794]LogModuleManager: Shutting down and abandoning module DetailCustomizations (127)
[2014.12.10-17.34.24:763][794]LogModuleManager: Shutting down and abandoning module PackagesDialog (126)
[2014.12.10-17.34.24:763][794]LogModuleManager: Shutting down and abandoning module AssetRegistry (125)
[2014.12.10-17.34.24:921][794]LogModuleManager: Shutting down and abandoning module Persona (124)
[2014.12.10-17.34.24:921][794]LogModuleManager: Shutting down and abandoning module Kismet (123)
[2014.12.10-17.34.24:921][794]LogModuleManager: Shutting down and abandoning module GraphEditor (122)
[2014.12.10-17.34.24:921][794]LogModuleManager: Shutting down and abandoning module ClassViewer (121)
[2014.12.10-17.34.24:921][794]LogModuleManager: Shutting down and abandoning module Toolbox (120)
[2014.12.10-17.34.24:921][794]LogModuleManager: Shutting down and abandoning module ModuleUI (119)
[2014.12.10-17.34.24:921][794]LogModuleManager: Shutting down and abandoning module MovieSceneTools (118)
[2014.12.10-17.34.24:921][794]LogModuleManager: Shutting down and abandoning module OutputLog (117)
[2014.12.10-17.34.24:922][794]LogModuleManager: Shutting down and abandoning module GammaUI (116)
[2014.12.10-17.34.24:922][794]LogModuleManager: Shutting down and abandoning module Documentation (115)
[2014.12.10-17.34.24:922][794]LogModuleManager: Shutting down and abandoning module GameLiveStreaming (114)
[2014.12.10-17.34.24:922][794]LogModuleManager: Shutting down and abandoning module StreamingPauseRendering (113)
[2014.12.10-17.34.24:922][794]LogModuleManager: Shutting down and abandoning module HTTP (112)
[2014.12.10-17.34.24:922][794]LogModuleManager: Shutting down and abandoning module AnalyticsET (111)
[2014.12.10-17.34.24:922][794]LogModuleManager: Shutting down and abandoning module Analytics (110)
[2014.12.10-17.34.24:922][794]LogModuleManager: Shutting down and abandoning module AITestSuite (109)
[2014.12.10-17.34.24:923][794]LogModuleManager: Shutting down and abandoning module AIModule (108)
[2014.12.10-17.34.24:923][794]LogModuleManager: Shutting down and abandoning module ProfilerService (107)
[2014.12.10-17.34.25:065][794]LogModuleManager: Shutting down and abandoning module TaskGraph (106)
[2014.12.10-17.34.25:065][794]LogModuleManager: Shutting down and abandoning module GameplayDebugger (105)
[2014.12.10-17.34.25:065][794]LogModuleManager: Shutting down and abandoning module SlateRemote (104)
[2014.12.10-17.34.25:065][794]LogModuleManager: Shutting down and abandoning module ScriptEditorPlugin (103)
[2014.12.10-17.34.25:065][794]LogModuleManager: Shutting down and abandoning module CustomMeshComponent (102)
[2014.12.10-17.34.25:065][794]LogModuleManager: Shutting down and abandoning module CableComponent (101)
[2014.12.10-17.34.25:065][794]LogModuleManager: Shutting down and abandoning module MessagingDebugger (100)
[2014.12.10-17.34.25:065][794]LogModuleManager: Shutting down and abandoning module MediaPlayerEditor (99)
[2014.12.10-17.34.25:065][794]LogModuleManager: Shutting down and abandoning module SpeedTreeImporter (98)
[2014.12.10-17.34.25:065][794]LogModuleManager: Shutting down and abandoning module PluginsEditor (97)
[2014.12.10-17.34.25:065][794]LogModuleManager: Shutting down and abandoning module EpicSurvey (96)
[2014.12.10-17.34.25:065][794]LogModuleManager: Shutting down and abandoning module DesktopPlatform (95)
[2014.12.10-17.34.25:065][794]LogModuleManager: Shutting down and abandoning module VisualStudioSourceCodeAccess (94)
[2014.12.10-17.34.25:065][794]LogModuleManager: Shutting down and abandoning module UObjectPlugin (93)
[2014.12.10-17.34.25:065][794]LogModuleManager: Shutting down and abandoning module SubversionSourceControl (92)
[2014.12.10-17.34.25:065][794]LogModuleManager: Shutting down and abandoning module SourceControl (91)
[2014.12.10-17.34.25:065][794]LogModuleManager: Shutting down and abandoning module PerforceSourceControl (90)
[2014.12.10-17.34.25:065][794]LogModuleManager: Shutting down and abandoning module BlankPlugin (89)
[2014.12.10-17.34.25:065][794]LogModuleManager: Shutting down and abandoning module SlateReflector (88)
[2014.12.10-17.34.25:065][794]LogModuleManager: Shutting down and abandoning module DirectoryWatcher (87)
[2014.12.10-17.34.25:066][794]LogModuleManager: Shutting down and abandoning module HotReload (86)
[2014.12.10-17.34.25:066][794]LogModuleManager: Shutting down and abandoning module MainFrame (85)
[2014.12.10-17.34.25:066][794]LogModuleManager: Shutting down and abandoning module LevelEditor (84)
[2014.12.10-17.34.25:068][794]LogModuleManager: Shutting down and abandoning module ViewportSnapping (83)
[2014.12.10-17.34.25:068][794]LogModuleManager: Shutting down and abandoning module SmartSnapping (82)
[2014.12.10-17.34.25:068][794]LogModuleManager: Shutting down and abandoning module PaperTiledImporter (81)
[2014.12.10-17.34.25:068][794]LogModuleManager: Shutting down and abandoning module PaperJsonImporter (80)
[2014.12.10-17.34.25:068][794]LogModuleManager: Shutting down and abandoning module ContentBrowser (79)
[2014.12.10-17.34.25:068][794]LogModuleManager: Shutting down and abandoning module Paper2DEditor (78)
[2014.12.10-17.34.25:068][794]LogModuleManager: Shutting down and abandoning module ScriptPlugin (77)
[2014.12.10-17.34.25:068][794]LogModuleManager: Shutting down and abandoning module UdpMessaging (76)
[2014.12.10-17.34.25:169][794]LogModuleManager: Shutting down and abandoning module Paper2D (75)
[2014.12.10-17.34.25:169][794]LogModuleManager: Shutting down and abandoning module UE4Game (74)
[2014.12.10-17.34.25:169][794]LogModuleManager: Shutting down and abandoning module WindowsMoviePlayer (73)
[2014.12.10-17.34.25:174][794]LogModuleManager: Shutting down and abandoning module Media (72)
[2014.12.10-17.34.25:174][794]LogModuleManager: Shutting down and abandoning module WmfMedia (71)
[2014.12.10-17.34.25:174][794]LogModuleManager: Shutting down and abandoning module OnlineBlueprintSupport (70)
[2014.12.10-17.34.25:174][794]LogModuleManager: Shutting down and abandoning module PropertyEditor (69)
[2014.12.10-17.34.25:174][794]LogModuleManager: Shutting down and abandoning module BehaviorTreeEditor (68)
[2014.12.10-17.34.25:174][794]LogModuleManager: Shutting down and abandoning module FunctionalTesting (67)
[2014.12.10-17.34.25:174][794]LogModuleManager: Shutting down and abandoning module CollisionAnalyzer (66)
[2014.12.10-17.34.25:174][794]LogModuleManager: Shutting down and abandoning module WorkspaceMenuStructure (65)
[2014.12.10-17.34.25:174][794]LogModuleManager: Shutting down and abandoning module MessageLog (64)
[2014.12.10-17.34.25:174][794]LogModuleManager: Shutting down and abandoning module Sequencer (63)
[2014.12.10-17.34.25:174][794]LogModuleManager: Shutting down and abandoning module AssetTools (62)
[2014.12.10-17.34.25:174][794]LogModuleManager: Shutting down and abandoning module UMGEditor (61)
[2014.12.10-17.34.25:174][794]LogModuleManager: Shutting down and abandoning module UMG (60)
[2014.12.10-17.34.25:174][794]LogModuleManager: Shutting down and abandoning module Slate (59)
[2014.12.10-17.34.25:174][794]LogModuleManager: Shutting down and abandoning module EditorStyle (58)
[2014.12.10-17.34.25:180][794]LogModuleManager: Shutting down and abandoning module SessionServices (57)
[2014.12.10-17.34.25:180][794]LogModuleManager: Shutting down and abandoning module SourceCodeAccess (56)
[2014.12.10-17.34.25:180][794]LogModuleManager: Shutting down and abandoning module HeadMountedDisplay (55)
[2014.12.10-17.34.25:180][794]LogModuleManager: Shutting down and abandoning module XAudio2 (54)
[2014.12.10-17.34.25:180][794]LogModuleManager: Shutting down and abandoning module Networking (52)
[2014.12.10-17.34.25:180][794]LogModuleManager: Shutting down and abandoning module Core (51)
[2014.12.10-17.34.25:180][794]LogModuleManager: Shutting down and abandoning module KismetCompiler (50)
[2014.12.10-17.34.25:180][794]LogModuleManager: Shutting down and abandoning module PhysXFormats (49)
[2014.12.10-17.34.25:180][794]LogModuleManager: Shutting down and abandoning module MeshUtilities (48)
[2014.12.10-17.34.25:180][794]LogModuleManager: Shutting down and abandoning module DerivedDataCache (47)
[2014.12.10-17.34.25:372][794]LogDerivedDataCache: Shutdown
[2014.12.10-17.34.25:372][794]LogModuleManager: Shutting down and abandoning module ShaderFormatOpenGL (46)
[2014.12.10-17.34.25:372][794]LogModuleManager: Shutting down and abandoning module ShaderFormatD3D (45)
[2014.12.10-17.34.25:372][794]LogModuleManager: Shutting down and abandoning module MetalShaderFormat (44)
[2014.12.10-17.34.25:372][794]LogModuleManager: Shutting down and abandoning module TextureFormatUncompressed (43)
[2014.12.10-17.34.25:372][794]LogModuleManager: Shutting down and abandoning module TextureFormatPVR (42)
[2014.12.10-17.34.25:372][794]LogModuleManager: Shutting down and abandoning module TextureFormatDXT (41)
[2014.12.10-17.34.25:372][794]LogModuleManager: Shutting down and abandoning module TextureFormatAndroid (40)
[2014.12.10-17.34.25:372][794]LogModuleManager: Shutting down and abandoning module AudioFormatOpus (39)
[2014.12.10-17.34.25:372][794]LogModuleManager: Shutting down and abandoning module AudioFormatOgg (38)
[2014.12.10-17.34.25:372][794]LogModuleManager: Shutting down and abandoning module AudioFormatADPCM (37)
[2014.12.10-17.34.25:372][794]LogModuleManager: Shutting down and abandoning module LinuxTargetPlatform (36)
[2014.12.10-17.34.25:372][794]LogModuleManager: Shutting down and abandoning module LinuxServerTargetPlatform (35)
[2014.12.10-17.34.25:372][794]LogModuleManager: Shutting down and abandoning module LinuxNoEditorTargetPlatform (34)
[2014.12.10-17.34.25:373][794]LogModuleManager: Shutting down and abandoning module Messaging (33)
[2014.12.10-17.34.25:373][794]LogModuleManager: Shutting down and abandoning module IOSTargetPlatform (32)
[2014.12.10-17.34.25:373][794]LogModuleManager: Shutting down and abandoning module Android_PVRTCTargetPlatform (31)
[2014.12.10-17.34.25:373][794]LogModuleManager: Shutting down and abandoning module Android_ETC2TargetPlatform (30)
[2014.12.10-17.34.25:373][794]LogModuleManager: Shutting down and abandoning module Android_ETC1TargetPlatform (29)
[2014.12.10-17.34.25:373][794]LogModuleManager: Shutting down and abandoning module Android_DXTTargetPlatform (28)
[2014.12.10-17.34.25:373][794]LogModuleManager: Shutting down and abandoning module Android_ATCTargetPlatform (27)
[2014.12.10-17.34.25:373][794]LogModuleManager: Shutting down and abandoning module AndroidTargetPlatform (26)
[2014.12.10-17.34.25:373][794]LogModuleManager: Shutting down and abandoning module WindowsTargetPlatform (25)
[2014.12.10-17.34.25:373][794]LogModuleManager: Shutting down and abandoning module WindowsServerTargetPlatform (24)
[2014.12.10-17.34.25:373][794]LogModuleManager: Shutting down and abandoning module WindowsNoEditorTargetPlatform (23)
[2014.12.10-17.34.25:373][794]LogModuleManager: Shutting down and abandoning module WindowsClientTargetPlatform (22)
[2014.12.10-17.34.25:373][794]LogModuleManager: Shutting down and abandoning module TargetPlatform (21)
[2014.12.10-17.34.25:373][794]LogModuleManager: Shutting down and abandoning module InputCore (20)
[2014.12.10-17.34.25:373][794]LogModuleManager: Shutting down and abandoning module Settings (19)
[2014.12.10-17.34.25:373][794]LogModuleManager: Shutting down and abandoning module ImageWrapper (18)
[2014.12.10-17.34.25:373][794]LogModuleManager: Shutting down and abandoning module OculusRift (15)
[2014.12.10-17.34.25:373][794]LogModuleManager: Shutting down and abandoning module ExampleDeviceProfileSelector (14)
[2014.12.10-17.34.25:373][794]LogModuleManager: Shutting down and abandoning module TextureCompressor (13)
[2014.12.10-17.34.25:374][794]LogModuleManager: Shutting down and abandoning module ShaderCore (12)
[2014.12.10-17.34.25:374][794]LogModuleManager: Shutting down and abandoning module Landscape (11)
[2014.12.10-17.34.25:374][794]LogModuleManager: Shutting down and abandoning module SlateRHIRenderer (10)
[2014.12.10-17.34.25:376][794]LogModuleManager: Shutting down and abandoning module OpenGLDrv (9)
[2014.12.10-17.34.25:376][794]LogModuleManager: Shutting down and abandoning module D3D11RHI (8)
[2014.12.10-17.34.25:376][794]LogModuleManager: Shutting down and abandoning module Renderer (7)
[2014.12.10-17.34.25:376][794]LogModuleManager: Shutting down and abandoning module Engine (6)
[2014.12.10-17.34.25:376][794]LogModuleManager: Shutting down and abandoning module CoreUObject (5)
[2014.12.10-17.34.25:376][794]LogModuleManager: Shutting down and abandoning module NetworkFile (4)
[2014.12.10-17.34.25:376][794]LogModuleManager: Shutting down and abandoning module StreamingFile (3)
[2014.12.10-17.34.25:376][794]LogModuleManager: Shutting down and abandoning module SandboxFile (2)
[2014.12.10-17.34.25:376][794]LogModuleManager: Shutting down and abandoning module PakFile (1)
[2014.12.10-17.34.25:377][794]LogExit: Exiting.
[2014.12.10-17.34.25:392][794]Log file closed, 12/10/14 17:34:25
