Log file open, 12/09/14 21:00:38
LogInit:Display: Running engine for game: AsteroidMiner
LogInit: Version: 4.6.0-2369412+++depot+UE4-Releases+4.6
LogInit: API Version: 2369412
LogInit: Compiled (64-bit): Nov 24 2014 21:54:04
LogInit: Compiled with Visual C++: 18.00.21005.01
LogInit: Build Configuration: Development
LogInit: Branch Name: ++depot+UE4-Releases+4.6
LogInit: Command line:  
LogInit: Base directory: C:/Program Files/Epic Games/4.6/Engine/Binaries/Win64/
LogInit: Rocket: 1
[2014.12.09-21.00.38:877][  0]LogTaskGraph: Started task graph with 3 named threads and 6 total threads.
[2014.12.09-21.00.38:937][  0]LogOnline:Warning: No default platform service specified for OnlineSubsystem
[2014.12.09-21.00.38:971][  0]LogInit: Presizing for 0 objects not considered by GC, pre-allocating 0 bytes.
[2014.12.09-21.00.38:985][  0]LogInit: Object subsystem initialized
[2014.12.09-21.00.38:988][  0]LogConsoleResponse:Warning: Skipping Unknown console variable: 'UIScaleCurve = (EditorCurveData=(Keys=((Time=480.000000,Value=0.444000),(Time=720.000000,Value=0.666000),(Time=1080.000000,Value=1.000000),(Time=8640.000000,Value=8.000000))),ExternalCurve=None)'
[2014.12.09-21.00.38:988][  0]LogConsoleResponse:Warning:   Found in ini file 'E:/Other Files/UnrealEngine_4.5/Projects/AsteroidMiner4.6/Saved/Config/Windows/Engine.ini', in section '[/Script/Engine.RendererSettings]'
[2014.12.09-21.00.38:989][  0]LogConsoleManager:Warning: Console variable 'r.MSAA.CompositingSampleCount' wasn't set (Priority ProjectSetting < Scalability)
[2014.12.09-21.00.38:989][  0]LogInit: Selected Device Profile: [Windows]
[2014.12.09-21.00.38:989][  0]LogInit: Applying CVar settings loaded from the selected device profile: [Windows]
[2014.12.09-21.00.39:020][  0]LogInit: Computer: LLOYDS_PC
[2014.12.09-21.00.39:020][  0]LogInit: User: 10021000
[2014.12.09-21.00.39:020][  0]LogInit: CPU Page size=4096, Cores=4
[2014.12.09-21.00.39:020][  0]LogInit: High frequency timer resolution =2.337877 MHz
[2014.12.09-21.00.39:020][  0]LogMemory: Memory total: Physical=5.9GB (6GB approx) Virtual=131072.0GB
[2014.12.09-21.00.39:021][  0]LogMemory: Platform Memory Stats for Windows
[2014.12.09-21.00.39:021][  0]LogMemory: Process Physical Memory: 47.15 MB used, 47.15 MB peak
[2014.12.09-21.00.39:021][  0]LogMemory: Process Virtual Memory: 23.12 MB used, 24.41 MB peak
[2014.12.09-21.00.39:021][  0]LogMemory: Physical Memory: 2644.83 MB used, 6077.92 MB total
[2014.12.09-21.00.39:021][  0]LogMemory: Virtual Memory: 268.73 MB used, 134217728.00 MB total
[2014.12.09-21.00.39:061][  0]LogD3D11RHI: Found D3D11 adapter 0: NVIDIA GeForce GTX 680 (Feature Level 11_0)
[2014.12.09-21.00.39:061][  0]LogD3D11RHI: Adapter has 1985MB of dedicated video memory, 0MB of dedicated system memory, and 2048MB of shared system memory, 2 output[s]
[2014.12.09-21.00.39:064][  0]LogD3D11RHI: Found D3D11 adapter 1: Microsoft Basic Render Driver (Feature Level 11_0)
[2014.12.09-21.00.39:064][  0]LogD3D11RHI: Adapter has 0MB of dedicated video memory, 0MB of dedicated system memory, and 256MB of shared system memory, 0 output[s]
[2014.12.09-21.00.39:064][  0]LogD3D11RHI: Chosen D3D11 Adapter Id = 0
[2014.12.09-21.00.39:072][  0]LogRHI: Texture pool is 1361 MB (70% of 1945 MB)
[2014.12.09-21.00.39:090][  0]LogD3D11RHI: Async texture creation enabled
[2014.12.09-21.00.39:167][  0]LogTextLocalizationManager: The requested culture ('en_GB') has no localization data; parent culture's ('en') localization data will be used.
[2014.12.09-21.00.39:400][  0]LogContentStreaming: Texture pool size is 0.000000MB
[2014.12.09-21.00.48:699][  0]LogTargetPlatformManager:Display: Building Assets For Windows
[2014.12.09-21.00.49:518][  0]LogTargetPlatformManager:Display: Building Assets For Windows
[2014.12.09-21.00.49:613][  0]LogDerivedDataCache:Display: Max Cache Size: 512 MB
[2014.12.09-21.00.49:765][  0]LogDerivedDataCache: Loaded boot cache 0.15s 39MB C:/Users/10021_000/AppData/Local/UnrealEngine/4.6/DerivedDataCache/Boot.ddc.
[2014.12.09-21.00.49:765][  0]LogDerivedDataCache:Display: Loaded Boot cache: C:/Users/10021_000/AppData/Local/UnrealEngine/4.6/DerivedDataCache/Boot.ddc
[2014.12.09-21.00.49:767][  0]LogDerivedDataCache: FDerivedDataBackendGraph:  Pak pak cache file E:/Other Files/UnrealEngine_4.5/Projects/AsteroidMiner4.6/DerivedDataCache/DDC.ddp not found, will not use a pak cache.
[2014.12.09-21.00.49:767][  0]LogDerivedDataCache: Unable to find inner node Pak for hierarchical cache Hierarchy.
[2014.12.09-21.00.49:876][  0]LogDerivedDataCache:Display: Pak cache opened for reading ../../../Engine/DerivedDataCache/DDC.ddp.
[2014.12.09-21.00.49:890][  0]LogDerivedDataCache: Using Local data cache path C:/Users/10021_000/AppData/Local/UnrealEngine/Common/DerivedDataCache: Writable
[2014.12.09-21.00.50:145][  0]LogCollisionProfile:Warning: Profile (Trigger) - Custom Channel Name = 'Projectile' hasn't been found
[2014.12.09-21.00.50:145][  0]LogCollisionProfile:Warning: Profile (UI) - Custom Channel Name = 'Weapon' hasn't been found
[2014.12.09-21.00.50:145][  0]LogCollisionProfile:Warning: Profile (Projectile) ObjectTypeName (Projectile) is invalid. 
[2014.12.09-21.00.50:419][  0]LogMeshUtilities: No automatic mesh reduction module available
[2014.12.09-21.00.50:419][  0]LogMeshUtilities: No automatic mesh merging module available
[2014.12.09-21.00.51:279][  0]LogInit: WinSock: version 1.1 (2.2), MaxSocks=32767, MaxUdp=65467
[2014.12.09-21.00.51:385][  0]LogSlate:Warning: Failed to load font data from '../../../Engine/Content/Slate/Fonts/Roboto-Italic.ttf'
[2014.12.09-21.00.52:733][  0]UdpMessaging: Initializing bridge on interface 0.0.0.0:0 to multicast group 230.0.0.1:6666.
[2014.12.09-21.00.52:968][  0]LogDirectoryWatcher:Warning: Failed to begin reading directory changes for E:/Other Files/UnrealEngine_4.5/Projects/AsteroidMiner4.6/Binaries/Win64. Error: 0
[2014.12.09-21.00.53:240][  0]SourceControl: Info Source control is disabled
[2014.12.09-21.00.53:240][  0]SourceControl: Info Source control is disabled
[2014.12.09-21.00.53:252][  0]SourceControl: Info Source control is disabled
[2014.12.09-21.00.53:456][  0]LogObj: 23754 objects as part of root set at end of initial load.
[2014.12.09-21.00.53:456][  0]LogUObjectAllocator: 5168136 out of 0 bytes used by permanent object pool.
[2014.12.09-21.00.53:542][  0]LogEngine: Initializing Engine...
[2014.12.09-21.00.53:814][  0]LogInit: XAudio2 using '37'' TFT-TV-4 (NVIDIA High Definition Audio)' : 2 channels at 48 kHz using 16 bits per sample (channel mask 0x3)
[2014.12.09-21.00.53:823][  0]LogInit: FAudioDevice initialized.
[2014.12.09-21.00.53:857][  0]LogAIModule: Creating AISystem for world NewWorld
[2014.12.09-21.00.53:911][  0]LogDerivedDataCache: Saved boot cache 0.05s 39MB C:/Users/10021_000/AppData/Local/UnrealEngine/4.6/DerivedDataCache/Boot.ddc.
[2014.12.09-21.00.53:966][  0]LogInit: Texture streaming: Enabled
[2014.12.09-21.00.54:012][  0]LogAnalytics: Creating configured Analytics provider AnalyticsET
[2014.12.09-21.00.54:012][  0]LogAnalytics: ET APIKey = Rocket.Release. APIServer = http://et2.epicgames.com/ET2/. AppVersion = 4.6.0-2369412+++depot+UE4-Releases+4.6
[2014.12.09-21.00.54:013][  0]LogAnalytics: SetUserId a29c071cf10a93fac0ff457d50595e17
[2014.12.09-21.00.54:014][  0]LogAnalytics: AnalyticsET::StartSession [Rocket.Release]
[2014.12.09-21.00.54:037][  0]LogInit: Transaction tracking system initialized
[2014.12.09-21.00.54:191][  0]BlueprintLog: New page: Editor Load
[2014.12.09-21.00.54:234][  0]LogAssetRegistry: FAssetRegistry took 0.0109 seconds to start up
[2014.12.09-21.00.54:235][  0]LogDirectoryWatcher:Warning: Failed to begin reading directory changes for ../../../Engine/Plugins/Experimental/CharacterAI/Content/. Error: 0
[2014.12.09-21.00.55:066][  0]LogTargetPlatformManager:Display: Building Assets For Windows
[2014.12.09-21.00.55:664][  0]LogTargetPlatformManager:Display: Building Assets For Windows
[2014.12.09-21.00.55:989][  0]LogConsoleResponse:Display: 
[2014.12.09-21.00.56:067][  0]LogLinker:Warning: Asset '../../../Engine/Content/Functions/Engine_MaterialFunctions03/Procedurals/ComputeFilterWidth.uasset' has been saved with empty engine version. The asset will be loaded but may be incompatible.
[2014.12.09-21.00.56:384][  0]SourceControl: Info Source control is disabled
[2014.12.09-21.01.03:714][  0]Cmd: MAP LOAD FILE="E:/Other Files/UnrealEngine_4.5/Projects/AsteroidMiner4.6/Content/Maps/AsteroidMiner.umap" TEMPLATE=0 SHOWPROGRESS=1
[2014.12.09-21.01.03:719][  0]LightingResults: New page: Lighting Build
[2014.12.09-21.01.03:737][  0]MapCheck: New page: Map Check
[2014.12.09-21.01.03:737][  0]LightingResults: New page: Lighting Build
[2014.12.09-21.01.03:753][  0]LogParticles: Destroying 0 GPU particle simulations for FXSystem 0x0000008AB6E91940
[2014.12.09-21.01.03:980][  0]LogLinker:Warning: Asset 'E:/Other Files/UnrealEngine_4.5/Projects/AsteroidMiner4.6/Content/Materials/M_SkyBox.uasset' has been saved with empty engine version. The asset will be loaded but may be incompatible.
[2014.12.09-21.01.03:983][  0]LogLinker:Warning: Asset 'E:/Other Files/UnrealEngine_4.5/Projects/AsteroidMiner4.6/Content/Textures/HighResSkyBox.uasset' has been saved with empty engine version. The asset will be loaded but may be incompatible.
[2014.12.09-21.01.04:788][  0]LogLinker:Warning: Asset 'E:/Other Files/UnrealEngine_4.5/Projects/AsteroidMiner4.6/Content/Meshes/DetailedSun.uasset' has been saved with empty engine version. The asset will be loaded but may be incompatible.
[2014.12.09-21.01.04:790][  0]LogLinker:Warning: Asset 'E:/Other Files/UnrealEngine_4.5/Projects/AsteroidMiner4.6/Content/Materials/M_Sun.uasset' has been saved with empty engine version. The asset will be loaded but may be incompatible.
[2014.12.09-21.01.04:796][  0]LogLinker:Warning: Asset 'E:/Other Files/UnrealEngine_4.5/Projects/AsteroidMiner4.6/Content/Textures/T_Fire.uasset' has been saved with empty engine version. The asset will be loaded but may be incompatible.
[2014.12.09-21.01.05:442][  0]LogLinker:Warning: Asset 'E:/Other Files/UnrealEngine_4.5/Projects/AsteroidMiner4.6/Content/Blueprints/Objects/B_Asteroid.uasset' has been saved with empty engine version. The asset will be loaded but may be incompatible.
[2014.12.09-21.01.05:447][  0]LogLinker:Warning: Asset 'E:/Other Files/UnrealEngine_4.5/Projects/AsteroidMiner4.6/Content/Meshes/Rock.uasset' has been saved with empty engine version. The asset will be loaded but may be incompatible.
[2014.12.09-21.01.05:449][  0]LogLinker:Warning: Asset 'E:/Other Files/UnrealEngine_4.5/Projects/AsteroidMiner4.6/Content/Materials/M_Asteroid.uasset' has been saved with empty engine version. The asset will be loaded but may be incompatible.
[2014.12.09-21.01.05:511][  0]LogLinker:Warning: Asset 'E:/Other Files/UnrealEngine_4.5/Projects/AsteroidMiner4.6/Content/Materials/Outliner/PP_Outliner_Inst.uasset' has been saved with empty engine version. The asset will be loaded but may be incompatible.
[2014.12.09-21.01.05:514][  0]LogLinker:Warning: Asset 'E:/Other Files/UnrealEngine_4.5/Projects/AsteroidMiner4.6/Content/Materials/Outliner/PP_Outliner_M.uasset' has been saved with empty engine version. The asset will be loaded but may be incompatible.
[2014.12.09-21.01.05:523][  0]LogLinker:Warning: Asset 'E:/Other Files/UnrealEngine_4.5/Projects/AsteroidMiner4.6/Content/Materials/Outliner/MF_ConvolveTexture.uasset' has been saved with empty engine version. The asset will be loaded but may be incompatible.
[2014.12.09-21.01.05:533][  0]LogLinker:Warning: Asset 'E:/Other Files/UnrealEngine_4.5/Projects/AsteroidMiner4.6/Content/Materials/Outliner/MF_ExtractDepth.uasset' has been saved with empty engine version. The asset will be loaded but may be incompatible.
[2014.12.09-21.01.05:538][  0]LogLinker:Warning: Asset 'E:/Other Files/UnrealEngine_4.5/Projects/AsteroidMiner4.6/Content/Materials/Outliner/MF_SampleSceneTextureNeighbourUVs.uasset' has been saved with empty engine version. The asset will be loaded but may be incompatible.
[2014.12.09-21.01.05:629][  0]LogBlueprint:Warning: [compiler] Warning  Remove from Viewport  is deprecated; Use RemoveFromParent instead
[2014.12.09-21.01.05:631][  0]LogBlueprint:Warning: [compiler] Warning [0029.73] Compile of GameOverWidget successful, but with 1 Warning(s) [in 10 ms]
[2014.12.09-21.01.05:635][  0]LogBlueprint:Warning: [compiler] Warning  Remove from Viewport  is deprecated; Use RemoveFromParent instead
[2014.12.09-21.01.05:637][  0]LogBlueprint:Warning: [compiler] Warning [0029.73] Compile of GameOverWidget successful, but with 1 Warning(s) [in 4 ms]
[2014.12.09-21.01.05:637][  0]LogBlueprint:Warning: [compiler] Warning [0029.73] Compile of GameOverWidget successful, but with 2 Warning(s) [in 0 ms]
[2014.12.09-21.01.05:681][  0]LogBlueprint:Warning: [compiler] Warning  Remove from Viewport  is deprecated; Use RemoveFromParent instead
[2014.12.09-21.01.05:683][  0]LogBlueprint:Warning: [compiler] Warning [0029.78] Compile of PauseMenuWidget successful, but with 1 Warning(s) [in 7 ms]
[2014.12.09-21.01.05:687][  0]LogBlueprint:Warning: [compiler] Warning  Remove from Viewport  is deprecated; Use RemoveFromParent instead
[2014.12.09-21.01.05:690][  0]LogBlueprint:Warning: [compiler] Warning [0029.79] Compile of PauseMenuWidget successful, but with 1 Warning(s) [in 4 ms]
[2014.12.09-21.01.05:690][  0]LogBlueprint:Warning: [compiler] Warning [0029.79] Compile of PauseMenuWidget successful, but with 2 Warning(s) [in 0 ms]
[2014.12.09-21.01.07:318][  0]LogEditorServer: Finished looking for orphan Actors (0.000 secs)
[2014.12.09-21.01.07:318][  0]LogAIModule: Creating AISystem for world AsteroidMiner
[2014.12.09-21.01.07:319][  0]Cmd: MAP CHECKDEP
[2014.12.09-21.01.07:320][  0]MapCheck: New page: AsteroidMiner - 9 Dec 2014 21:01:07
[2014.12.09-21.01.07:586][  0]MapCheck: Info Map check complete: 0 Error(s), 0 Warning(s), took 266.703ms to complete.
[2014.12.09-21.01.07:586][  0]LogFileHelpers: Loading map 'AsteroidMiner' took 3.873
[2014.12.09-21.01.07:664][  0]LogStats:Warning: MetaData mismatch. Did you assign a stat to two groups? New //STATGROUP_Threads//SplashScreenThread///Thread_678_0///////STATCAT_Advanced//// old //STATGROUP_Threads//SplashScreenThread///Thread_1c7c_0///////STATCAT_Advanced////
[2014.12.09-21.01.07:664][  0]LogCollectionManager: Loaded 0 collections in 0.002955 seconds
[2014.12.09-21.01.07:838][  0]LogCrashTracker: Crashtracker disabled due to settings.
[2014.12.09-21.01.07:849][  0]LogUObjectGlobals:Warning: Failed to find object 'Class None.'
[2014.12.09-21.01.07:879][  0]LogLoad: Full Startup: 31.98 seconds (BP compile: 1.12 seconds)
[2014.12.09-21.01.07:894][  0]LogContentBrowser:Verbose: The content browser source was changed by the sources view to '/Game/Blueprints/AI'
[2014.12.09-21.01.08:197][  0]LogRenderer:Warning: Reallocating scene render targets to support 768x872.
[2014.12.09-21.01.08:692][  4]LogAssetRegistry: Asset discovery search completed in 14.4693 seconds
[2014.12.09-21.01.08:717][  4]LogAnalytics: Event Editor.Usage.AssetClasses has too many attributes (41). May be truncated at the collector.
[2014.12.09-21.01.21:120][700]LogContentBrowser:Verbose: The content browser source was changed by the sources view to '/Game/Blueprints/AI/BehaviourTreeTasks'
[2014.12.09-21.01.31:315][ 24]LogContentBrowser:Verbose: The content browser source was changed by the sources view to '/Game/Blueprints/AI'
[2014.12.09-21.01.37:696][285]BlueprintLog: New page: Pre-PIE auto-recompile
[2014.12.09-21.01.37:702][285]LogPlayLevel: [PIE] Compiling Tutorial_BP_MacroLib before PIE...
[2014.12.09-21.01.37:838][285]LogPlayLevel: [PIE] Compiling AsteroidMiner before PIE...
[2014.12.09-21.01.38:799][285]LogPlayLevel: PIE:  Blueprint regeneration took 1103 ms (2 blueprints)
[2014.12.09-21.01.38:799][285]PIE: New page: PIE session: AsteroidMiner (9 Dec 2014 21:01:38)
[2014.12.09-21.01.38:849][285]LogPlayLevel: PIE: StaticDuplicateObject took: (0.049643s)
[2014.12.09-21.01.38:851][285]LogPlayLevel: PIE: World Init took: (0.001397s)
[2014.12.09-21.01.38:851][285]LogPlayLevel: PIE: Created PIE world by copying editor world from /Game/Maps/AsteroidMiner.AsteroidMiner to /Game/Maps/UEDPIE_0_AsteroidMiner.AsteroidMiner (0.051398s)
[2014.12.09-21.01.38:919][285]LogWorld: Game class is 'AsteroidMinerGameMode_C'
[2014.12.09-21.01.38:923][285]LogAIModule: Creating AISystem for world AsteroidMiner
[2014.12.09-21.01.38:925][285]LogWorld: Bringing World /Game/Maps/UEDPIE_0_AsteroidMiner.AsteroidMiner up for play (max tick rate 0) at 2014.12.09-21.01.38
[2014.12.09-21.01.38:927][285]LogWorld: Bringing up level for play took: 0.003239
[2014.12.09-21.01.38:930][285]PIE: Info Play in editor start time for /Game/Maps/UEDPIE_0_AsteroidMiner 1.764
[2014.12.09-21.01.49:744][606]LogScript:Warning: Attempt to take Sqrt() of negative number - returning 0.
[2014.12.09-21.01.49:744][606]LogScript:Warning: Attempt to take Sqrt() of negative number - returning 0.
[2014.12.09-21.01.49:814][608]LogScript:Warning: Attempt to take Sqrt() of negative number - returning 0.
[2014.12.09-21.01.49:814][608]LogScript:Warning: Attempt to take Sqrt() of negative number - returning 0.
[2014.12.09-21.01.49:882][610]LogScript:Warning: Attempt to take Sqrt() of negative number - returning 0.
[2014.12.09-21.01.49:882][610]LogScript:Warning: Attempt to take Sqrt() of negative number - returning 0.
[2014.12.09-21.01.49:955][612]LogScript:Warning: Attempt to take Sqrt() of negative number - returning 0.
[2014.12.09-21.01.49:955][612]LogScript:Warning: Attempt to take Sqrt() of negative number - returning 0.
[2014.12.09-21.01.50:028][614]LogScript:Warning: Attempt to take Sqrt() of negative number - returning 0.
[2014.12.09-21.01.50:028][614]LogScript:Warning: Attempt to take Sqrt() of negative number - returning 0.
[2014.12.09-21.01.50:101][616]LogScript:Warning: Attempt to take Sqrt() of negative number - returning 0.
[2014.12.09-21.01.50:101][616]LogScript:Warning: Attempt to take Sqrt() of negative number - returning 0.
[2014.12.09-21.01.50:171][618]LogScript:Warning: Attempt to take Sqrt() of negative number - returning 0.
[2014.12.09-21.01.50:171][618]LogScript:Warning: Attempt to take Sqrt() of negative number - returning 0.
[2014.12.09-21.01.50:244][620]LogScript:Warning: Attempt to take Sqrt() of negative number - returning 0.
[2014.12.09-21.01.50:244][620]LogScript:Warning: Attempt to take Sqrt() of negative number - returning 0.
[2014.12.09-21.01.50:318][622]LogScript:Warning: Attempt to take Sqrt() of negative number - returning 0.
[2014.12.09-21.01.50:318][622]LogScript:Warning: Attempt to take Sqrt() of negative number - returning 0.
[2014.12.09-21.01.50:388][624]LogScript:Warning: Attempt to take Sqrt() of negative number - returning 0.
[2014.12.09-21.01.50:389][624]LogScript:Warning: Attempt to take Sqrt() of negative number - returning 0.
[2014.12.09-21.01.50:457][626]LogScript:Warning: Attempt to take Sqrt() of negative number - returning 0.
[2014.12.09-21.01.50:457][626]LogScript:Warning: Attempt to take Sqrt() of negative number - returning 0.
[2014.12.09-21.01.50:541][628]LogScript:Warning: Attempt to take Sqrt() of negative number - returning 0.
[2014.12.09-21.01.50:541][628]LogScript:Warning: Attempt to take Sqrt() of negative number - returning 0.
[2014.12.09-21.01.50:627][630]LogScript:Warning: Attempt to take Sqrt() of negative number - returning 0.
[2014.12.09-21.01.50:627][630]LogScript:Warning: Attempt to take Sqrt() of negative number - returning 0.
[2014.12.09-21.01.50:713][632]LogScript:Warning: Attempt to take Sqrt() of negative number - returning 0.
[2014.12.09-21.01.50:714][632]LogScript:Warning: Attempt to take Sqrt() of negative number - returning 0.
[2014.12.09-21.01.50:795][634]LogScript:Warning: Attempt to take Sqrt() of negative number - returning 0.
[2014.12.09-21.01.50:795][634]LogScript:Warning: Attempt to take Sqrt() of negative number - returning 0.
[2014.12.09-21.01.50:873][636]LogScript:Warning: Attempt to take Sqrt() of negative number - returning 0.
[2014.12.09-21.01.50:873][636]LogScript:Warning: Attempt to take Sqrt() of negative number - returning 0.
[2014.12.09-21.01.50:949][638]LogScript:Warning: Attempt to take Sqrt() of negative number - returning 0.
[2014.12.09-21.01.50:949][638]LogScript:Warning: Attempt to take Sqrt() of negative number - returning 0.
[2014.12.09-21.01.51:023][640]LogScript:Warning: Attempt to take Sqrt() of negative number - returning 0.
[2014.12.09-21.01.51:023][640]LogScript:Warning: Attempt to take Sqrt() of negative number - returning 0.
[2014.12.09-21.01.51:097][642]LogScript:Warning: Attempt to take Sqrt() of negative number - returning 0.
[2014.12.09-21.01.51:097][642]LogScript:Warning: Attempt to take Sqrt() of negative number - returning 0.
[2014.12.09-21.01.51:173][644]LogScript:Warning: Attempt to take Sqrt() of negative number - returning 0.
[2014.12.09-21.01.51:173][644]LogScript:Warning: Attempt to take Sqrt() of negative number - returning 0.
[2014.12.09-21.01.51:254][646]LogScript:Warning: Attempt to take Sqrt() of negative number - returning 0.
[2014.12.09-21.01.51:254][646]LogScript:Warning: Attempt to take Sqrt() of negative number - returning 0.
[2014.12.09-21.01.51:329][648]LogScript:Warning: Attempt to take Sqrt() of negative number - returning 0.
[2014.12.09-21.01.51:329][648]LogScript:Warning: Attempt to take Sqrt() of negative number - returning 0.
[2014.12.09-21.01.51:406][650]LogScript:Warning: Attempt to take Sqrt() of negative number - returning 0.
[2014.12.09-21.01.51:406][650]LogScript:Warning: Attempt to take Sqrt() of negative number - returning 0.
[2014.12.09-21.01.51:472][652]LogScript:Warning: Attempt to take Sqrt() of negative number - returning 0.
[2014.12.09-21.01.51:472][652]LogScript:Warning: Attempt to take Sqrt() of negative number - returning 0.
[2014.12.09-21.01.51:543][654]LogScript:Warning: Attempt to take Sqrt() of negative number - returning 0.
[2014.12.09-21.01.51:543][654]LogScript:Warning: Attempt to take Sqrt() of negative number - returning 0.
[2014.12.09-21.01.51:620][656]LogScript:Warning: Attempt to take Sqrt() of negative number - returning 0.
[2014.12.09-21.01.51:620][656]LogScript:Warning: Attempt to take Sqrt() of negative number - returning 0.
[2014.12.09-21.01.51:695][658]LogScript:Warning: Attempt to take Sqrt() of negative number - returning 0.
[2014.12.09-21.01.51:695][658]LogScript:Warning: Attempt to take Sqrt() of negative number - returning 0.
[2014.12.09-21.01.51:768][660]LogScript:Warning: Attempt to take Sqrt() of negative number - returning 0.
[2014.12.09-21.01.51:768][660]LogScript:Warning: Attempt to take Sqrt() of negative number - returning 0.
[2014.12.09-21.01.51:844][662]LogScript:Warning: Attempt to take Sqrt() of negative number - returning 0.
[2014.12.09-21.01.51:844][662]LogScript:Warning: Attempt to take Sqrt() of negative number - returning 0.
[2014.12.09-21.01.51:915][664]LogScript:Warning: Attempt to take Sqrt() of negative number - returning 0.
[2014.12.09-21.01.51:915][664]LogScript:Warning: Attempt to take Sqrt() of negative number - returning 0.
[2014.12.09-21.01.51:991][666]LogScript:Warning: Attempt to take Sqrt() of negative number - returning 0.
[2014.12.09-21.01.51:991][666]LogScript:Warning: Attempt to take Sqrt() of negative number - returning 0.
[2014.12.09-21.01.52:070][668]LogScript:Warning: Attempt to take Sqrt() of negative number - returning 0.
[2014.12.09-21.01.52:070][668]LogScript:Warning: Attempt to take Sqrt() of negative number - returning 0.
[2014.12.09-21.01.52:150][670]LogScript:Warning: Attempt to take Sqrt() of negative number - returning 0.
[2014.12.09-21.01.52:150][670]LogScript:Warning: Attempt to take Sqrt() of negative number - returning 0.
[2014.12.09-21.01.52:224][672]LogScript:Warning: Attempt to take Sqrt() of negative number - returning 0.
[2014.12.09-21.01.52:224][672]LogScript:Warning: Attempt to take Sqrt() of negative number - returning 0.
[2014.12.09-21.01.52:294][674]LogScript:Warning: Attempt to take Sqrt() of negative number - returning 0.
[2014.12.09-21.01.52:294][674]LogScript:Warning: Attempt to take Sqrt() of negative number - returning 0.
[2014.12.09-21.01.52:372][676]LogScript:Warning: Attempt to take Sqrt() of negative number - returning 0.
[2014.12.09-21.01.52:372][676]LogScript:Warning: Attempt to take Sqrt() of negative number - returning 0.
[2014.12.09-21.01.52:450][678]LogScript:Warning: Attempt to take Sqrt() of negative number - returning 0.
[2014.12.09-21.01.52:450][678]LogScript:Warning: Attempt to take Sqrt() of negative number - returning 0.
[2014.12.09-21.01.52:520][680]LogScript:Warning: Attempt to take Sqrt() of negative number - returning 0.
[2014.12.09-21.01.52:520][680]LogScript:Warning: Attempt to take Sqrt() of negative number - returning 0.
[2014.12.09-21.01.52:591][682]LogScript:Warning: Attempt to take Sqrt() of negative number - returning 0.
[2014.12.09-21.01.52:591][682]LogScript:Warning: Attempt to take Sqrt() of negative number - returning 0.
[2014.12.09-21.01.52:668][684]LogScript:Warning: Attempt to take Sqrt() of negative number - returning 0.
[2014.12.09-21.01.52:668][684]LogScript:Warning: Attempt to take Sqrt() of negative number - returning 0.
[2014.12.09-21.01.52:738][686]LogScript:Warning: Attempt to take Sqrt() of negative number - returning 0.
[2014.12.09-21.01.52:738][686]LogScript:Warning: Attempt to take Sqrt() of negative number - returning 0.
[2014.12.09-21.01.52:810][688]LogScript:Warning: Attempt to take Sqrt() of negative number - returning 0.
[2014.12.09-21.01.52:810][688]LogScript:Warning: Attempt to take Sqrt() of negative number - returning 0.
[2014.12.09-21.01.52:884][690]LogScript:Warning: Attempt to take Sqrt() of negative number - returning 0.
[2014.12.09-21.01.52:884][690]LogScript:Warning: Attempt to take Sqrt() of negative number - returning 0.
[2014.12.09-21.01.52:959][692]LogScript:Warning: Attempt to take Sqrt() of negative number - returning 0.
[2014.12.09-21.01.52:959][692]LogScript:Warning: Attempt to take Sqrt() of negative number - returning 0.
[2014.12.09-21.01.53:037][694]LogScript:Warning: Attempt to take Sqrt() of negative number - returning 0.
[2014.12.09-21.01.53:037][694]LogScript:Warning: Attempt to take Sqrt() of negative number - returning 0.
[2014.12.09-21.01.53:114][696]LogScript:Warning: Attempt to take Sqrt() of negative number - returning 0.
[2014.12.09-21.01.53:114][696]LogScript:Warning: Attempt to take Sqrt() of negative number - returning 0.
[2014.12.09-21.01.53:188][698]LogScript:Warning: Attempt to take Sqrt() of negative number - returning 0.
[2014.12.09-21.01.53:188][698]LogScript:Warning: Attempt to take Sqrt() of negative number - returning 0.
[2014.12.09-21.01.53:263][700]LogScript:Warning: Attempt to take Sqrt() of negative number - returning 0.
[2014.12.09-21.01.53:263][700]LogScript:Warning: Attempt to take Sqrt() of negative number - returning 0.
[2014.12.09-21.01.53:343][702]LogScript:Warning: Attempt to take Sqrt() of negative number - returning 0.
[2014.12.09-21.01.53:343][702]LogScript:Warning: Attempt to take Sqrt() of negative number - returning 0.
[2014.12.09-21.01.53:419][704]LogScript:Warning: Attempt to take Sqrt() of negative number - returning 0.
[2014.12.09-21.01.53:419][704]LogScript:Warning: Attempt to take Sqrt() of negative number - returning 0.
[2014.12.09-21.01.53:496][706]LogScript:Warning: Attempt to take Sqrt() of negative number - returning 0.
[2014.12.09-21.01.53:496][706]LogScript:Warning: Attempt to take Sqrt() of negative number - returning 0.
[2014.12.09-21.01.53:570][708]LogScript:Warning: Attempt to take Sqrt() of negative number - returning 0.
[2014.12.09-21.01.53:570][708]LogScript:Warning: Attempt to take Sqrt() of negative number - returning 0.
[2014.12.09-21.01.53:643][710]LogScript:Warning: Attempt to take Sqrt() of negative number - returning 0.
[2014.12.09-21.01.53:643][710]LogScript:Warning: Attempt to take Sqrt() of negative number - returning 0.
[2014.12.09-21.01.53:718][712]LogScript:Warning: Attempt to take Sqrt() of negative number - returning 0.
[2014.12.09-21.01.53:718][712]LogScript:Warning: Attempt to take Sqrt() of negative number - returning 0.
[2014.12.09-21.01.53:799][714]LogScript:Warning: Attempt to take Sqrt() of negative number - returning 0.
[2014.12.09-21.01.53:799][714]LogScript:Warning: Attempt to take Sqrt() of negative number - returning 0.
[2014.12.09-21.01.53:876][716]LogScript:Warning: Attempt to take Sqrt() of negative number - returning 0.
[2014.12.09-21.01.53:876][716]LogScript:Warning: Attempt to take Sqrt() of negative number - returning 0.
[2014.12.09-21.01.53:954][718]LogScript:Warning: Attempt to take Sqrt() of negative number - returning 0.
[2014.12.09-21.01.53:954][718]LogScript:Warning: Attempt to take Sqrt() of negative number - returning 0.
[2014.12.09-21.01.54:036][720]LogScript:Warning: Attempt to take Sqrt() of negative number - returning 0.
[2014.12.09-21.01.54:036][720]LogScript:Warning: Attempt to take Sqrt() of negative number - returning 0.
[2014.12.09-21.01.54:112][722]LogScript:Warning: Attempt to take Sqrt() of negative number - returning 0.
[2014.12.09-21.01.54:112][722]LogScript:Warning: Attempt to take Sqrt() of negative number - returning 0.
[2014.12.09-21.01.54:249][726]LogScript:Warning: Attempt to take Sqrt() of negative number - returning 0.
[2014.12.09-21.01.54:249][726]LogScript:Warning: Attempt to take Sqrt() of negative number - returning 0.
[2014.12.09-21.01.54:455][727]LogParticles: Destroying 0 GPU particle simulations for FXSystem 0x0000008AB4F2D620
[2014.12.09-21.02.04:890][ 63]LogContentBrowser:Verbose: The content browser source was changed by the sources view to '/Game/Blueprints/AI/BehaviourTreeTasks'
[2014.12.09-21.02.06:350][115]LogContentBrowser:Verbose: The content browser source was changed by the sources view to '/Game/Blueprints'
[2014.12.09-21.02.07:857][171]LogContentBrowser:Verbose: The content browser source was changed by the sources view to '/Game/Blueprints/AI'
[2014.12.09-21.02.10:380][251]LogContentBrowser:Verbose: The content browser source was changed by the sources view to '/Game/Blueprints/GameComponents'
[2014.12.09-21.02.23:748][475]BlueprintLog: New page: Pre-PIE auto-recompile
[2014.12.09-21.02.23:768][475]LogPlayLevel: [PIE] Compiling AsteroidMiner before PIE...
[2014.12.09-21.02.24:542][475]LogPlayLevel: PIE:  Blueprint regeneration took 793 ms (1 blueprints)
[2014.12.09-21.02.24:542][475]PIE: New page: PIE session: AsteroidMiner (9 Dec 2014 21:02:24)
[2014.12.09-21.02.24:589][475]LogPlayLevel: PIE: StaticDuplicateObject took: (0.046186s)
[2014.12.09-21.02.24:591][475]LogPlayLevel: PIE: World Init took: (0.002356s)
[2014.12.09-21.02.24:591][475]LogPlayLevel: PIE: Created PIE world by copying editor world from /Game/Maps/AsteroidMiner.AsteroidMiner to /Game/Maps/UEDPIE_0_AsteroidMiner.AsteroidMiner (0.048975s)
[2014.12.09-21.02.24:629][475]LogWorld: Game class is 'AsteroidMinerGameMode_C'
[2014.12.09-21.02.24:632][475]LogAIModule: Creating AISystem for world AsteroidMiner
[2014.12.09-21.02.24:634][475]LogWorld: Bringing World /Game/Maps/UEDPIE_0_AsteroidMiner.AsteroidMiner up for play (max tick rate 0) at 2014.12.09-21.02.24
[2014.12.09-21.02.24:635][475]LogWorld: Bringing up level for play took: 0.002314
[2014.12.09-21.02.24:638][475]PIE: Info Play in editor start time for /Game/Maps/UEDPIE_0_AsteroidMiner 1.472
[2014.12.09-21.02.32:369][710]LogParticles: Destroying 0 GPU particle simulations for FXSystem 0x0000008AB4F2CF40
[2014.12.09-21.03.17:123][523]BlueprintLog: New page: Pre-PIE auto-recompile
[2014.12.09-21.03.17:143][523]LogPlayLevel: [PIE] Compiling AsteroidMiner before PIE...
[2014.12.09-21.03.17:917][523]LogPlayLevel: PIE:  Blueprint regeneration took 794 ms (1 blueprints)
[2014.12.09-21.03.17:918][523]PIE: New page: PIE session: AsteroidMiner (9 Dec 2014 21:03:17)
[2014.12.09-21.03.17:965][523]LogPlayLevel: PIE: StaticDuplicateObject took: (0.046607s)
[2014.12.09-21.03.17:966][523]LogPlayLevel: PIE: World Init took: (0.001221s)
[2014.12.09-21.03.17:966][523]LogPlayLevel: PIE: Created PIE world by copying editor world from /Game/Maps/AsteroidMiner.AsteroidMiner to /Game/Maps/UEDPIE_0_AsteroidMiner.AsteroidMiner (0.048103s)
[2014.12.09-21.03.18:003][523]LogWorld: Game class is 'AsteroidMinerGameMode_C'
[2014.12.09-21.03.18:006][523]LogAIModule: Creating AISystem for world AsteroidMiner
[2014.12.09-21.03.18:008][523]LogWorld: Bringing World /Game/Maps/UEDPIE_0_AsteroidMiner.AsteroidMiner up for play (max tick rate 0) at 2014.12.09-21.03.18
[2014.12.09-21.03.18:010][523]LogWorld: Bringing up level for play took: 0.002955
[2014.12.09-21.03.18:013][523]PIE: Info Play in editor start time for /Game/Maps/UEDPIE_0_AsteroidMiner 0.847
[2014.12.09-21.03.24:628][726]LogParticles: Destroying 0 GPU particle simulations for FXSystem 0x0000008AB4F2C220
[2014.12.09-21.04.17:729][515]Cmd: OBJ SAVEPACKAGE PACKAGE="/Game/Blueprints/GameComponents/DebugHud" FILE="E:/Other Files/UnrealEngine_4.5/Projects/AsteroidMiner4.6/Content/Blueprints/GameComponents/DebugHud.uasset" SILENT=true
[2014.12.09-21.04.27:074][515]LogSavePackage: Save=8295.497070ms
[2014.12.09-21.04.27:074][515]LogSavePackage: Moving 'E:/Other Files/UnrealEngine_4.5/Projects/AsteroidMiner4.6/Saved/DebugHud1DEBDF9640783F141BA286B7A835F47C.tmp' to 'E:/Other Files/UnrealEngine_4.5/Projects/AsteroidMiner4.6/Content/Blueprints/GameComponents/DebugHud.uasset'
[2014.12.09-21.04.28:493][574]BlueprintLog: New page: Compile DebugHud
[2014.12.09-21.04.29:210][574]BlueprintEditorCompileResults: Info [0233.31] Compile of DebugHud successful! [in 500 ms]
[2014.12.09-21.04.34:573][783]BlueprintLog: New page: Pre-PIE auto-recompile
[2014.12.09-21.04.34:580][783]LogPlayLevel: [PIE] Compiling BotShip before PIE...
[2014.12.09-21.04.34:658][783]LogOutputDevice:Warning: 

Script Stack:
AsteroidMiner_C.ExecuteUbergraph_AsteroidMiner
AsteroidMiner_C.BndEvt__BotShip_6_K2Node_ActorBoundEvent_407_ActorDestroyedSignature__DelegateSignature

[2014.12.09-21.04.34:658][783]LogWindows:Error: Windows GetLastError: The operation completed successfully. (0)
[2014.12.09-21.04.34:658][783]LogCrashTracker: 


[2014.12.09-21.04.35:266][783]LogCrashTracker: 


[2014.12.09-21.04.35:266][783]LogWindows: === Critical error: ===
Assertion failed: PC [File:D:\BuildFarm\buildmachine_++depot+UE4-Releases+4.6\Engine\Source\Runtime\Engine\Private\GameplayStatics.cpp] [Line: 131] 



KERNELBASE.dll!UnknownFunction (0x00007ffd334a606c) + 0 bytes [UnknownFile:0]
UE4Editor-Core.dll!UnknownFunction (0x00007ffd18a42f6d) + 0 bytes [UnknownFile:0]
UE4Editor-Core.dll!UnknownFunction (0x00007ffd188d60e8) + 0 bytes [UnknownFile:0]
UE4Editor-Core.dll!UnknownFunction (0x00007ffd188b9182) + 0 bytes [UnknownFile:0]
UE4Editor-Engine.dll!UnknownFunction (0x00007ffd130fdbb7) + 0 bytes [UnknownFile:0]
UE4Editor-Engine.dll!UnknownFunction (0x00007ffd12e36e61) + 0 bytes [UnknownFile:0]
UE4Editor-CoreUObject.dll!UnknownFunction (0x00007ffd1b3b9af4) + 0 bytes [UnknownFile:0]
UE4Editor-CoreUObject.dll!UnknownFunction (0x00007ffd1b47943f) + 0 bytes [UnknownFile:0]
UE4Editor-CoreUObject.dll!UnknownFunction (0x00007ffd1b4973bd) + 0 bytes [UnknownFile:0]
UE4Editor-CoreUObject.dll!UnknownFunction (0x00007ffd1b4ba46a) + 0 bytes [UnknownFile:0]
UE4Editor-CoreUObject.dll!UnknownFunction (0x00007ffd1b498a5e) + 0 bytes [UnknownFile:0]
UE4Editor-CoreUObject.dll!UnknownFunction (0x00007ffd1b47999a) + 0 bytes [UnknownFile:0]
UE4Editor-CoreUObject.dll!UnknownFunction (0x00007ffd1b4bbd74) + 0 bytes [UnknownFile:0]
UE4Editor-CoreUObject.dll!UnknownFunction (0x00007ffd1b498a5e) + 0 bytes [UnknownFile:0]
UE4Editor-CoreUObject.dll!UnknownFunction (0x00007ffd1b3b9af4) + 0 bytes [UnknownFile:0]
UE4Editor-CoreUObject.dll!UnknownFunction (0x00007ffd1b4981c6) + 0 bytes [UnknownFile:0]
UE4Editor-Engine.dll!UnknownFunction (0x00007ffd12ef0851) + 0 bytes [UnknownFile:0]
UE4Editor-Engine.dll!UnknownFunction (0x00007ffd12e56bf8) + 0 bytes [UnknownFile:0]
UE4Editor-Engine.dll!UnknownFunction (0x00007ffd12ea304c) + 0 bytes [UnknownFile:0]
UE4Editor-Engine.dll!UnknownFunction (0x00007ffd13204f97) + 0 bytes [UnknownFile:0]
UE4Editor-Engine.dll!UnknownFunction (0x00007ffd1320ff43) + 0 bytes [UnknownFile:0]
UE4Editor-UnrealEd.dll!UnknownFunction (0x00007ffd11c7a12b) + 0 bytes [UnknownFile:0]
UE4Editor-UnrealEd.dll!UnknownFunction (0x00007ffd11c736f8) + 0 bytes [UnknownFile:0]
UE4Editor-UnrealEd.dll!UnknownFunction (0x00007ffd11c4b703) + 0 bytes [UnknownFile:0]
UE4Editor-UnrealEd.dll!UnknownFunction (0x00007ffd11738a5a) + 0 bytes [UnknownFile:0]
UE4Editor-UnrealEd.dll!UnknownFunction (0x00007ffd11751ee3) + 0 bytes [UnknownFile:0]
UE4Editor-UnrealEd.dll!UnknownFunction (0x00007ffd11497e53) + 0 bytes [UnknownFile:0]
UE4Editor-UnrealEd.dll!UnknownFunction (0x00007ffd11940686) + 0 bytes [UnknownFile:0]
UE4Editor.exe!FEngineLoop::Tick() (0x00007ff674f4cd94) + 0 bytes [d:\buildfarm\buildmachine_++depot+ue4-releases+4.6\engine\source\runtime\launch\private\launchengineloop.cpp:2214]
UE4Editor.exe!GuardedMain() (0x00007ff674f4089f) + 0 bytes [d:\buildfarm\buildmachine_++depot+ue4-releases+4.6\engine\source\runtime\launch\private\launch.cpp:131]
UE4Editor.exe!GuardedMainWrapper() (0x00007ff674f4090a) + 5 bytes [d:\buildfarm\buildmachine_++depot+ue4-releases+4.6\engine\source\runtime\launch\private\windows\launchwindows.cpp:126]
UE4Editor.exe!WinMain() (0x00007ff674f4e3d9) + 17 bytes [d:\buildfarm\buildmachine_++depot+ue4-releases+4.6\engine\source\runtime\launch\private\windows\launchwindows.cpp:202]
UE4Editor.exe!__tmainCRTStartup() (0x00007ff674f4f319) + 21 bytes [f:\dd\vctools\crt\crtw32\dllstuff\crtexe.c:618]
KERNEL32.DLL!UnknownFunction (0x00007ffd356816ad) + 0 bytes [UnknownFile:0]
ntdll.dll!UnknownFunction (0x00007ffd35ed4409) + 0 bytes [UnknownFile:0]
ntdll.dll!UnknownFunction (0x00007ffd35ed4409) + 0 bytes [UnknownFile:0]


[2014.12.09-21.04.35:582][783]LogExit: Executing StaticShutdownAfterError
[2014.12.09-21.04.35:592][783]LogWindows: FPlatformMisc::RequestExit(1)
[2014.12.09-21.04.35:592][783]Log file closed, 12/09/14 21:04:35
