Log file open, 12/10/14 20:42:31
LogInit:Display: Running engine for game: AsteroidMiner
LogInit: Version: 4.6.0-2369412+++depot+UE4-Releases+4.6
LogInit: API Version: 2369412
LogInit: Compiled (64-bit): Nov 24 2014 21:54:04
LogInit: Compiled with Visual C++: 18.00.21005.01
LogInit: Build Configuration: Development
LogInit: Branch Name: ++depot+UE4-Releases+4.6
LogInit: Command line:  
LogInit: Base directory: C:/Program Files/Epic Games/4.6/Engine/Binaries/Win64/
LogInit: Rocket: 1
[2014.12.10-20.42.31:624][  0]LogTaskGraph: Started task graph with 3 named threads and 6 total threads.
[2014.12.10-20.42.31:683][  0]LogOnline:Warning: No default platform service specified for OnlineSubsystem
[2014.12.10-20.42.31:715][  0]LogInit: Presizing for 0 objects not considered by GC, pre-allocating 0 bytes.
[2014.12.10-20.42.31:729][  0]LogInit: Object subsystem initialized
[2014.12.10-20.42.31:732][  0]LogConsoleResponse:Warning: Skipping Unknown console variable: 'UIScaleCurve = (EditorCurveData=(Keys=((Time=480.000000,Value=0.444000),(Time=720.000000,Value=0.666000),(Time=1080.000000,Value=1.000000),(Time=8640.000000,Value=8.000000))),ExternalCurve=None)'
[2014.12.10-20.42.31:732][  0]LogConsoleResponse:Warning:   Found in ini file 'E:/Other Files/UnrealEngine_4.5/Projects/AsteroidMiner4.6/Saved/Config/Windows/Engine.ini', in section '[/Script/Engine.RendererSettings]'
[2014.12.10-20.42.31:732][  0]LogConsoleManager:Warning: Console variable 'r.MSAA.CompositingSampleCount' wasn't set (Priority ProjectSetting < Scalability)
[2014.12.10-20.42.31:732][  0]LogInit: Selected Device Profile: [Windows]
[2014.12.10-20.42.31:732][  0]LogInit: Applying CVar settings loaded from the selected device profile: [Windows]
[2014.12.10-20.42.31:762][  0]LogInit: Computer: LLOYDS_PC
[2014.12.10-20.42.31:762][  0]LogInit: User: 10021000
[2014.12.10-20.42.31:762][  0]LogInit: CPU Page size=4096, Cores=4
[2014.12.10-20.42.31:762][  0]LogInit: High frequency timer resolution =2.337877 MHz
[2014.12.10-20.42.31:762][  0]LogMemory: Memory total: Physical=5.9GB (6GB approx) Virtual=131072.0GB
[2014.12.10-20.42.31:762][  0]LogMemory: Platform Memory Stats for Windows
[2014.12.10-20.42.31:762][  0]LogMemory: Process Physical Memory: 47.29 MB used, 47.29 MB peak
[2014.12.10-20.42.31:762][  0]LogMemory: Process Virtual Memory: 23.08 MB used, 24.39 MB peak
[2014.12.10-20.42.31:762][  0]LogMemory: Physical Memory: 2314.28 MB used, 6077.92 MB total
[2014.12.10-20.42.31:762][  0]LogMemory: Virtual Memory: 272.18 MB used, 134217728.00 MB total
[2014.12.10-20.42.31:807][  0]LogD3D11RHI: Found D3D11 adapter 0: NVIDIA GeForce GTX 680 (Feature Level 11_0)
[2014.12.10-20.42.31:807][  0]LogD3D11RHI: Adapter has 1985MB of dedicated video memory, 0MB of dedicated system memory, and 2048MB of shared system memory, 2 output[s]
[2014.12.10-20.42.31:809][  0]LogD3D11RHI: Found D3D11 adapter 1: Microsoft Basic Render Driver (Feature Level 11_0)
[2014.12.10-20.42.31:809][  0]LogD3D11RHI: Adapter has 0MB of dedicated video memory, 0MB of dedicated system memory, and 256MB of shared system memory, 0 output[s]
[2014.12.10-20.42.31:809][  0]LogD3D11RHI: Chosen D3D11 Adapter Id = 0
[2014.12.10-20.42.31:816][  0]LogRHI: Texture pool is 1361 MB (70% of 1945 MB)
[2014.12.10-20.42.31:833][  0]LogD3D11RHI: Async texture creation enabled
[2014.12.10-20.42.31:913][  0]LogTextLocalizationManager: The requested culture ('en_GB') has no localization data; parent culture's ('en') localization data will be used.
[2014.12.10-20.42.32:144][  0]LogContentStreaming: Texture pool size is 0.000000MB
[2014.12.10-20.42.41:126][  0]LogTargetPlatformManager:Display: Building Assets For Windows
[2014.12.10-20.42.41:812][  0]LogTargetPlatformManager:Display: Building Assets For Windows
[2014.12.10-20.42.41:897][  0]LogDerivedDataCache:Display: Max Cache Size: 512 MB
[2014.12.10-20.42.42:020][  0]LogDerivedDataCache: Loaded boot cache 0.12s 39MB C:/Users/10021_000/AppData/Local/UnrealEngine/4.6/DerivedDataCache/Boot.ddc.
[2014.12.10-20.42.42:020][  0]LogDerivedDataCache:Display: Loaded Boot cache: C:/Users/10021_000/AppData/Local/UnrealEngine/4.6/DerivedDataCache/Boot.ddc
[2014.12.10-20.42.42:022][  0]LogDerivedDataCache: FDerivedDataBackendGraph:  Pak pak cache file E:/Other Files/UnrealEngine_4.5/Projects/AsteroidMiner4.6/DerivedDataCache/DDC.ddp not found, will not use a pak cache.
[2014.12.10-20.42.42:022][  0]LogDerivedDataCache: Unable to find inner node Pak for hierarchical cache Hierarchy.
[2014.12.10-20.42.42:120][  0]LogDerivedDataCache:Display: Pak cache opened for reading ../../../Engine/DerivedDataCache/DDC.ddp.
[2014.12.10-20.42.42:133][  0]LogDerivedDataCache: Using Local data cache path C:/Users/10021_000/AppData/Local/UnrealEngine/Common/DerivedDataCache: Writable
[2014.12.10-20.42.42:354][  0]LogCollisionProfile:Warning: Profile (Trigger) - Custom Channel Name = 'Projectile' hasn't been found
[2014.12.10-20.42.42:354][  0]LogCollisionProfile:Warning: Profile (UI) - Custom Channel Name = 'Weapon' hasn't been found
[2014.12.10-20.42.42:354][  0]LogCollisionProfile:Warning: Profile (Projectile) ObjectTypeName (Projectile) is invalid. 
[2014.12.10-20.42.42:597][  0]LogMeshUtilities: No automatic mesh reduction module available
[2014.12.10-20.42.42:597][  0]LogMeshUtilities: No automatic mesh merging module available
[2014.12.10-20.42.43:280][  0]LogInit: WinSock: version 1.1 (2.2), MaxSocks=32767, MaxUdp=65467
[2014.12.10-20.42.43:376][  0]LogSlate:Warning: Failed to load font data from '../../../Engine/Content/Slate/Fonts/Roboto-Italic.ttf'
[2014.12.10-20.42.44:644][  0]UdpMessaging: Initializing bridge on interface 0.0.0.0:0 to multicast group 230.0.0.1:6666.
[2014.12.10-20.42.44:875][  0]LogDirectoryWatcher:Warning: Failed to begin reading directory changes for E:/Other Files/UnrealEngine_4.5/Projects/AsteroidMiner4.6/Binaries/Win64. Error: 0
[2014.12.10-20.42.45:135][  0]SourceControl: Info Source control is disabled
[2014.12.10-20.42.45:135][  0]SourceControl: Info Source control is disabled
[2014.12.10-20.42.45:147][  0]SourceControl: Info Source control is disabled
[2014.12.10-20.42.45:344][  0]LogObj: 23754 objects as part of root set at end of initial load.
[2014.12.10-20.42.45:344][  0]LogUObjectAllocator: 5168136 out of 0 bytes used by permanent object pool.
[2014.12.10-20.42.45:431][  0]LogEngine: Initializing Engine...
[2014.12.10-20.42.45:689][  0]LogInit: XAudio2 using '37'' TFT-TV-4 (NVIDIA High Definition Audio)' : 2 channels at 48 kHz using 16 bits per sample (channel mask 0x3)
[2014.12.10-20.42.45:699][  0]LogInit: FAudioDevice initialized.
[2014.12.10-20.42.45:732][  0]LogAIModule: Creating AISystem for world NewWorld
[2014.12.10-20.42.45:784][  0]LogDerivedDataCache: Saved boot cache 0.05s 39MB C:/Users/10021_000/AppData/Local/UnrealEngine/4.6/DerivedDataCache/Boot.ddc.
[2014.12.10-20.42.45:808][  0]LogInit: Texture streaming: Enabled
[2014.12.10-20.42.45:852][  0]LogAnalytics: Creating configured Analytics provider AnalyticsET
[2014.12.10-20.42.45:852][  0]LogAnalytics: ET APIKey = Rocket.Release. APIServer = http://et2.epicgames.com/ET2/. AppVersion = 4.6.0-2369412+++depot+UE4-Releases+4.6
[2014.12.10-20.42.45:854][  0]LogAnalytics: SetUserId a29c071cf10a93fac0ff457d50595e17
[2014.12.10-20.42.45:854][  0]LogAnalytics: AnalyticsET::StartSession [Rocket.Release]
[2014.12.10-20.42.45:878][  0]LogInit: Transaction tracking system initialized
[2014.12.10-20.42.46:028][  0]BlueprintLog: New page: Editor Load
[2014.12.10-20.42.46:070][  0]LogAssetRegistry: FAssetRegistry took 0.0111 seconds to start up
[2014.12.10-20.42.46:071][  0]LogDirectoryWatcher:Warning: Failed to begin reading directory changes for ../../../Engine/Plugins/Experimental/CharacterAI/Content/. Error: 0
[2014.12.10-20.42.46:853][  0]LogTargetPlatformManager:Display: Building Assets For Windows
[2014.12.10-20.42.47:412][  0]LogTargetPlatformManager:Display: Building Assets For Windows
[2014.12.10-20.42.47:716][  0]LogConsoleResponse:Display: 
[2014.12.10-20.42.47:792][  0]LogLinker:Warning: Asset '../../../Engine/Content/Functions/Engine_MaterialFunctions03/Procedurals/ComputeFilterWidth.uasset' has been saved with empty engine version. The asset will be loaded but may be incompatible.
[2014.12.10-20.42.48:095][  0]SourceControl: Info Source control is disabled
[2014.12.10-20.42.48:095][  0]Cmd: MAP LOAD FILE="E:/Other Files/UnrealEngine_4.5/Projects/AsteroidMiner4.6/Content/Maps/AsteroidMiner.umap" TEMPLATE=0 SHOWPROGRESS=1
[2014.12.10-20.42.48:100][  0]LightingResults: New page: Lighting Build
[2014.12.10-20.42.48:115][  0]MapCheck: New page: Map Check
[2014.12.10-20.42.48:115][  0]LightingResults: New page: Lighting Build
[2014.12.10-20.42.48:128][  0]LogParticles: Destroying 0 GPU particle simulations for FXSystem 0x00000039FE685940
[2014.12.10-20.42.48:322][  0]LogLinker:Warning: Asset 'E:/Other Files/UnrealEngine_4.5/Projects/AsteroidMiner4.6/Content/Materials/M_SkyBox.uasset' has been saved with empty engine version. The asset will be loaded but may be incompatible.
[2014.12.10-20.42.48:325][  0]LogLinker:Warning: Asset 'E:/Other Files/UnrealEngine_4.5/Projects/AsteroidMiner4.6/Content/Textures/HighResSkyBox.uasset' has been saved with empty engine version. The asset will be loaded but may be incompatible.
[2014.12.10-20.42.49:052][  0]LogLinker:Warning: Asset 'E:/Other Files/UnrealEngine_4.5/Projects/AsteroidMiner4.6/Content/Meshes/DetailedSun.uasset' has been saved with empty engine version. The asset will be loaded but may be incompatible.
[2014.12.10-20.42.49:055][  0]LogLinker:Warning: Asset 'E:/Other Files/UnrealEngine_4.5/Projects/AsteroidMiner4.6/Content/Materials/M_Sun.uasset' has been saved with empty engine version. The asset will be loaded but may be incompatible.
[2014.12.10-20.42.49:060][  0]LogLinker:Warning: Asset 'E:/Other Files/UnrealEngine_4.5/Projects/AsteroidMiner4.6/Content/Textures/T_Fire.uasset' has been saved with empty engine version. The asset will be loaded but may be incompatible.
[2014.12.10-20.42.49:231][  0]LogBlueprint:Warning: [AdjustVelocityBTT] CreatePinForVariable: 'VelocityChange?' variable not found. Base class was probably changed.
[2014.12.10-20.42.49:252][  0]LogBlueprint:Warning: [compiler] Warning Could not find a variable named "VelocityChange?" in 'BotShip_C'.
Make sure 'BotShip_C' has been compiled for  Set VelocityChange? 
[2014.12.10-20.42.49:255][  0]LogBlueprint:Error: [compiler] Error The property associated with  Velocity Change?  could not be found
[2014.12.10-20.42.49:270][  0]LogBlueprint:Warning: [compiler] Warning [0020.58] Compile of AdjustVelocityBTT failed. 1 Fatal Issue(s) 1 Warning(s) [in 39 ms]
[2014.12.10-20.42.49:445][  0]LoadErrors:Error: Error Failed import for BoolProperty
[2014.12.10-20.42.49:758][  0]LogLinker:Warning: Asset 'E:/Other Files/UnrealEngine_4.5/Projects/AsteroidMiner4.6/Content/Blueprints/Objects/B_Asteroid.uasset' has been saved with empty engine version. The asset will be loaded but may be incompatible.
[2014.12.10-20.42.49:762][  0]LogLinker:Warning: Asset 'E:/Other Files/UnrealEngine_4.5/Projects/AsteroidMiner4.6/Content/Meshes/Rock.uasset' has been saved with empty engine version. The asset will be loaded but may be incompatible.
[2014.12.10-20.42.49:764][  0]LogLinker:Warning: Asset 'E:/Other Files/UnrealEngine_4.5/Projects/AsteroidMiner4.6/Content/Materials/M_Asteroid.uasset' has been saved with empty engine version. The asset will be loaded but may be incompatible.
[2014.12.10-20.42.49:780][  0]LoadErrors:Error: Error Failed import for BoolProperty
[2014.12.10-20.42.49:856][  0]LogBlueprint:Warning: [compiler] Warning  Remove from Viewport  is deprecated; Use RemoveFromParent instead
[2014.12.10-20.42.49:857][  0]LogBlueprint:Warning: [compiler] Warning [0021.17] Compile of GameOverWidget successful, but with 1 Warning(s) [in 6 ms]
[2014.12.10-20.42.49:860][  0]LogBlueprint:Warning: [compiler] Warning  Remove from Viewport  is deprecated; Use RemoveFromParent instead
[2014.12.10-20.42.49:862][  0]LogBlueprint:Warning: [compiler] Warning [0021.17] Compile of GameOverWidget successful, but with 1 Warning(s) [in 3 ms]
[2014.12.10-20.42.49:862][  0]LogBlueprint:Warning: [compiler] Warning [0021.17] Compile of GameOverWidget successful, but with 2 Warning(s) [in 0 ms]
[2014.12.10-20.42.49:903][  0]LogBlueprint:Warning: [compiler] Warning  Remove from Viewport  is deprecated; Use RemoveFromParent instead
[2014.12.10-20.42.49:904][  0]LogBlueprint:Warning: [compiler] Warning [0021.21] Compile of PauseMenuWidget successful, but with 1 Warning(s) [in 7 ms]
[2014.12.10-20.42.49:908][  0]LogBlueprint:Warning: [compiler] Warning  Remove from Viewport  is deprecated; Use RemoveFromParent instead
[2014.12.10-20.42.49:909][  0]LogBlueprint:Warning: [compiler] Warning [0021.22] Compile of PauseMenuWidget successful, but with 1 Warning(s) [in 3 ms]
[2014.12.10-20.42.49:909][  0]LogBlueprint:Warning: [compiler] Warning [0021.22] Compile of PauseMenuWidget successful, but with 2 Warning(s) [in 0 ms]
[2014.12.10-20.42.51:255][  0]LogEditorServer: Finished looking for orphan Actors (0.000 secs)
[2014.12.10-20.42.51:255][  0]LogAIModule: Creating AISystem for world AsteroidMiner
[2014.12.10-20.42.51:255][  0]Cmd: MAP CHECKDEP
[2014.12.10-20.42.51:256][  0]MapCheck: New page: AsteroidMiner - 10 Dec 2014 20:42:51
[2014.12.10-20.42.51:489][  0]MapCheck: Info Map check complete: 0 Error(s), 0 Warning(s), took 233.094ms to complete.
[2014.12.10-20.42.51:489][  0]LogFileHelpers: Loading map 'AsteroidMiner' took 3.394
[2014.12.10-20.42.51:605][  0]LogCollectionManager: Loaded 0 collections in 0.003624 seconds
[2014.12.10-20.42.51:779][  0]LogCrashTracker: Crashtracker disabled due to settings.
[2014.12.10-20.42.51:789][  0]LogUObjectGlobals:Warning: Failed to find object 'Class None.'
[2014.12.10-20.42.51:818][  0]LogLoad: Full Startup: 23.13 seconds (BP compile: 0.99 seconds)
[2014.12.10-20.42.52:163][  0]LogContentBrowser:Verbose: The content browser source was changed by the sources view to '/Game/Blueprints/AI/BehaviourTreeTasks'
[2014.12.10-20.42.52:470][  0]LogRenderer:Warning: Reallocating scene render targets to support 944x872.
[2014.12.10-20.42.58:327][ 15]LogAssetRegistry: Asset discovery search completed in 12.2683 seconds
[2014.12.10-20.42.58:343][ 15]LogAnalytics: Event Editor.Usage.AssetClasses has too many attributes (41). May be truncated at the collector.
[2014.12.10-20.57.11:723][582]BlueprintLog: New page: Compile AdjustVelocityBTT
[2014.12.10-20.57.12:086][582]BlueprintEditorCompileResults: Info [0883.39] Compile of AdjustVelocityBTT successful! [in 297 ms]
[2014.12.10-20.57.14:364][655]BlueprintLog: New page: Pre-PIE auto-recompile
[2014.12.10-20.57.14:381][655]LogPlayLevel: [PIE] Compiling AsteroidMiner before PIE...
[2014.12.10-20.57.15:094][655]LogPlayLevel: PIE:  Blueprint regeneration took 729 ms (1 blueprints)
[2014.12.10-20.57.15:094][655]PIE: New page: PIE session: AsteroidMiner (10 Dec 2014 20:57:15)
[2014.12.10-20.57.15:135][655]LogPlayLevel: PIE: StaticDuplicateObject took: (0.040503s)
[2014.12.10-20.57.15:136][655]LogPlayLevel: PIE: World Init took: (0.001211s)
[2014.12.10-20.57.15:136][655]LogPlayLevel: PIE: Created PIE world by copying editor world from /Game/Maps/AsteroidMiner.AsteroidMiner to /Game/Maps/UEDPIE_0_AsteroidMiner.AsteroidMiner (0.042007s)
[2014.12.10-20.57.15:200][655]LogWorld: Game class is 'AsteroidMinerGameMode_C'
[2014.12.10-20.57.15:205][655]LogAIModule: Creating AISystem for world AsteroidMiner
[2014.12.10-20.57.15:206][655]LogWorld: Bringing World /Game/Maps/UEDPIE_0_AsteroidMiner.AsteroidMiner up for play (max tick rate 0) at 2014.12.10-20.57.15
[2014.12.10-20.57.15:208][655]LogWorld: Bringing up level for play took: 0.002411
[2014.12.10-20.57.15:210][655]PIE: Info Play in editor start time for /Game/Maps/UEDPIE_0_AsteroidMiner 0.216
[2014.12.10-20.57.15:236][655]LogScript:Warning: Accessed None 'CallFunc_PlaySoundAttached_ReturnValue'
	AsteroidMinerCamera_C /Game/Maps/UEDPIE_0_AsteroidMiner.AsteroidMiner:PersistentLevel.AsteroidMinerCamera_C_0
	Function /Game/Blueprints/GameComponents/AsteroidMinerCamera.AsteroidMinerCamera_C:ExecuteUbergraph_AsteroidMinerCamera:0091
[2014.12.10-20.57.15:237][655]PIE:Error: Error Accessed None 'CallFunc_PlaySoundAttached_ReturnValue' from node Construction Script in blueprint AsteroidMinerCamera
[2014.12.10-20.57.40:563][919]LogParticles: Destroying 0 GPU particle simulations for FXSystem 0x000000398A9C3880
[2014.12.10-20.58.24:101][165]BlueprintLog: New page: Pre-PIE auto-recompile
[2014.12.10-20.58.24:118][165]LogPlayLevel: [PIE] Compiling AsteroidMiner before PIE...
[2014.12.10-20.58.24:808][165]LogPlayLevel: PIE:  Blueprint regeneration took 706 ms (1 blueprints)
[2014.12.10-20.58.24:808][165]PIE: New page: PIE session: AsteroidMiner (10 Dec 2014 20:58:24)
[2014.12.10-20.58.24:850][165]LogPlayLevel: PIE: StaticDuplicateObject took: (0.040899s)
[2014.12.10-20.58.24:851][165]LogPlayLevel: PIE: World Init took: (0.001450s)
[2014.12.10-20.58.24:851][165]LogPlayLevel: PIE: Created PIE world by copying editor world from /Game/Maps/AsteroidMiner.AsteroidMiner to /Game/Maps/UEDPIE_0_AsteroidMiner.AsteroidMiner (0.042640s)
[2014.12.10-20.58.24:886][165]LogWorld: Game class is 'AsteroidMinerGameMode_C'
[2014.12.10-20.58.24:889][165]LogAIModule: Creating AISystem for world AsteroidMiner
[2014.12.10-20.58.24:891][165]LogWorld: Bringing World /Game/Maps/UEDPIE_0_AsteroidMiner.AsteroidMiner up for play (max tick rate 0) at 2014.12.10-20.58.24
[2014.12.10-20.58.24:892][165]LogWorld: Bringing up level for play took: 0.002302
[2014.12.10-20.58.24:895][165]PIE: Info Play in editor start time for /Game/Maps/UEDPIE_0_AsteroidMiner -0.099
[2014.12.10-20.58.24:918][165]LogScript:Warning: Accessed None 'CallFunc_PlaySoundAttached_ReturnValue'
	AsteroidMinerCamera_C /Game/Maps/UEDPIE_0_AsteroidMiner.AsteroidMiner:PersistentLevel.AsteroidMinerCamera_C_1
	Function /Game/Blueprints/GameComponents/AsteroidMinerCamera.AsteroidMinerCamera_C:ExecuteUbergraph_AsteroidMinerCamera:0091
[2014.12.10-20.58.24:918][165]PIE:Error: Error Accessed None 'CallFunc_PlaySoundAttached_ReturnValue' from node Construction Script in blueprint AsteroidMinerCamera
[2014.12.10-20.58.45:501][212]LogParticles: Destroying 0 GPU particle simulations for FXSystem 0x00000039F8062660
[2014.12.10-20.59.07:202][297]LogContentBrowser:Verbose: The content browser source was changed by the sources view to '/Game/Blueprints/GameComponents'
[2014.12.10-20.59.07:925][333]LogContentBrowser:Verbose: The content browser source was changed by the sources view to '/Game/Blueprints/AI'
[2014.12.10-20.59.14:792][542]BlueprintLog: New page: Pre-PIE auto-recompile
[2014.12.10-20.59.14:809][542]LogPlayLevel: [PIE] Compiling AsteroidMiner before PIE...
[2014.12.10-20.59.15:474][542]LogPlayLevel: PIE:  Blueprint regeneration took 681 ms (1 blueprints)
[2014.12.10-20.59.15:474][542]PIE: New page: PIE session: AsteroidMiner (10 Dec 2014 20:59:15)
[2014.12.10-20.59.15:515][542]LogPlayLevel: PIE: StaticDuplicateObject took: (0.040177s)
[2014.12.10-20.59.15:517][542]LogPlayLevel: PIE: World Init took: (0.002424s)
[2014.12.10-20.59.15:517][542]LogPlayLevel: PIE: Created PIE world by copying editor world from /Game/Maps/AsteroidMiner.AsteroidMiner to /Game/Maps/UEDPIE_0_AsteroidMiner.AsteroidMiner (0.043031s)
[2014.12.10-20.59.15:553][542]LogWorld: Game class is 'AsteroidMinerGameMode_C'
[2014.12.10-20.59.15:556][542]LogAIModule: Creating AISystem for world AsteroidMiner
[2014.12.10-20.59.15:557][542]LogWorld: Bringing World /Game/Maps/UEDPIE_0_AsteroidMiner.AsteroidMiner up for play (max tick rate 0) at 2014.12.10-20.59.15
[2014.12.10-20.59.15:559][542]LogWorld: Bringing up level for play took: 0.002276
[2014.12.10-20.59.15:561][542]PIE: Info Play in editor start time for /Game/Maps/UEDPIE_0_AsteroidMiner 0.567
[2014.12.10-20.59.15:584][542]LogScript:Warning: Accessed None 'CallFunc_PlaySoundAttached_ReturnValue'
	AsteroidMinerCamera_C /Game/Maps/UEDPIE_0_AsteroidMiner.AsteroidMiner:PersistentLevel.AsteroidMinerCamera_C_2
	Function /Game/Blueprints/GameComponents/AsteroidMinerCamera.AsteroidMinerCamera_C:ExecuteUbergraph_AsteroidMinerCamera:0091
[2014.12.10-20.59.15:584][542]PIE:Error: Error Accessed None 'CallFunc_PlaySoundAttached_ReturnValue' from node Construction Script in blueprint AsteroidMinerCamera
[2014.12.10-20.59.37:300][316]LogParticles: Destroying 0 GPU particle simulations for FXSystem 0x00000039F85F0220
[2014.12.10-20.59.54:285][138]LogContentBrowser:Verbose: The content browser source was changed by the sources view to '/Game/Blueprints/GameComponents'
[2014.12.10-21.00.13:453][638]LogContentBrowser:Verbose: The content browser source was changed by the sources view to '/Game/Blueprints/AI/BehaviourTreeTasks'
[2014.12.10-21.00.41:450][225]LogContentBrowser:Verbose: The content browser source was changed by the sources view to '/Game/Blueprints'
[2014.12.10-21.00.41:959][254]LogContentBrowser:Verbose: The content browser source was changed by the sources view to '/Game/Blueprints/GameComponents'
[2014.12.10-21.01.24:021][213]Cmd: OBJ SAVEPACKAGE PACKAGE="/Game/Blueprints/GameComponents/DebugHud" FILE="E:/Other Files/UnrealEngine_4.5/Projects/AsteroidMiner4.6/Content/Blueprints/GameComponents/DebugHud.uasset" SILENT=true
[2014.12.10-21.01.33:386][213]LogSavePackage: Save=8268.719727ms
[2014.12.10-21.01.33:386][213]LogSavePackage: Moving 'E:/Other Files/UnrealEngine_4.5/Projects/AsteroidMiner4.6/Saved/DebugHudEE8E1DB54F663A6E56485F92B4B497ED.tmp' to 'E:/Other Files/UnrealEngine_4.5/Projects/AsteroidMiner4.6/Content/Blueprints/GameComponents/DebugHud.uasset'
[2014.12.10-21.02.09:078][ 62]Cmd: OBJ SAVEPACKAGE PACKAGE="/Game/Blueprints/GameComponents/DebugHud" FILE="E:/Other Files/UnrealEngine_4.5/Projects/AsteroidMiner4.6/Content/Blueprints/GameComponents/DebugHud.uasset" SILENT=true
[2014.12.10-21.02.18:420][ 62]LogSavePackage: Save=8298.974609ms
[2014.12.10-21.02.18:420][ 62]LogSavePackage: Moving 'E:/Other Files/UnrealEngine_4.5/Projects/AsteroidMiner4.6/Saved/DebugHud38B8C269402089751D6251BB6572E5B2.tmp' to 'E:/Other Files/UnrealEngine_4.5/Projects/AsteroidMiner4.6/Content/Blueprints/GameComponents/DebugHud.uasset'
[2014.12.10-21.02.28:956][439]LogLinker:Warning: Asset 'E:/Other Files/UnrealEngine_4.5/Projects/AsteroidMiner4.6/Content/Blueprints/MoonMinerGameMode.uasset' has been saved with empty engine version. The asset will be loaded but may be incompatible.
[2014.12.10-21.02.28:958][439]LogLinker:Warning: Asset 'E:/Other Files/UnrealEngine_4.5/Projects/AsteroidMiner4.6/Content/Blueprints/AsteroidMinerGameMode.uasset' has been saved with empty engine version. The asset will be loaded but may be incompatible.
[2014.12.10-21.03.02:072][184]LogEditorTransaction: Undo Create Pin Link
[2014.12.10-21.03.02:226][184]LogEditorTransaction: Undo Create Pin Link
[2014.12.10-21.03.05:944][245]Cmd: OBJ SAVEPACKAGE PACKAGE="/Game/Blueprints/GameComponents/DebugHud" FILE="E:/Other Files/UnrealEngine_4.5/Projects/AsteroidMiner4.6/Content/Blueprints/GameComponents/DebugHud.uasset" SILENT=true
[2014.12.10-21.03.15:240][245]LogSavePackage: Save=8264.892578ms
[2014.12.10-21.03.15:240][245]LogSavePackage: Moving 'E:/Other Files/UnrealEngine_4.5/Projects/AsteroidMiner4.6/Saved/DebugHud33BCF16E4A9C58DD954C818094923E19.tmp' to 'E:/Other Files/UnrealEngine_4.5/Projects/AsteroidMiner4.6/Content/Blueprints/GameComponents/DebugHud.uasset'
[2014.12.10-21.03.24:529][485]LogContentBrowser:Verbose: The content browser source was changed by the sources view to '/Game/Blueprints/AI/BehaviourTreeTasks'
[2014.12.10-21.03.43:091][499]LogSavePackage: Save=431.975677ms
[2014.12.10-21.03.43:091][499]LogSavePackage: Moving 'E:/Other Files/UnrealEngine_4.5/Projects/AsteroidMiner4.6/Saved/CheckStateBTT236F57A746D83DAB504667BF00CA2277.tmp' to 'E:/Other Files/UnrealEngine_4.5/Projects/AsteroidMiner4.6/Content/Blueprints/AI/BehaviourTreeTasks/CheckStateBTT.uasset'
[2014.12.10-21.03.43:522][526]BlueprintLog: New page: Compile CheckStateBTT
[2014.12.10-21.03.43:641][526]LogParticles: Destroying 0 GPU particle simulations for FXSystem 0x00000039F74EF920
[2014.12.10-21.03.43:713][526]BlueprintEditorCompileResults: Info [1275.02] Compile of CheckStateBTT successful! [in 178 ms]
[2014.12.10-21.03.46:214][607]BlueprintLog: New page: Compile DebugHud
[2014.12.10-21.03.46:920][607]BlueprintEditorCompileResults: Info [1278.23] Compile of DebugHud successful! [in 495 ms]
[2014.12.10-21.03.49:613][672]BlueprintLog: New page: Pre-PIE auto-recompile
[2014.12.10-21.03.49:621][672]LogPlayLevel: [PIE] Compiling BotShip before PIE...
[2014.12.10-21.03.49:681][672]LogOutputDevice:Warning: 

Script Stack:
AsteroidMiner_C.ExecuteUbergraph_AsteroidMiner
AsteroidMiner_C.BndEvt__BotShip_6_K2Node_ActorBoundEvent_407_ActorDestroyedSignature__DelegateSignature

[2014.12.10-21.03.49:681][672]LogWindows:Error: Windows GetLastError: The operation completed successfully. (0)
[2014.12.10-21.03.49:681][672]LogCrashTracker: 


[2014.12.10-21.03.50:352][672]LogCrashTracker: 


[2014.12.10-21.03.50:353][672]LogWindows: === Critical error: ===
Assertion failed: PC [File:D:\BuildFarm\buildmachine_++depot+UE4-Releases+4.6\Engine\Source\Runtime\Engine\Private\GameplayStatics.cpp] [Line: 131] 



KERNELBASE.dll!UnknownFunction (0x00007ffe3891606c) + 0 bytes [UnknownFile:0]
UE4Editor-Core.dll!UnknownFunction (0x00007ffe1bb82f6d) + 0 bytes [UnknownFile:0]
UE4Editor-Core.dll!UnknownFunction (0x00007ffe1ba160e8) + 0 bytes [UnknownFile:0]
UE4Editor-Core.dll!UnknownFunction (0x00007ffe1b9f9182) + 0 bytes [UnknownFile:0]
UE4Editor-Engine.dll!UnknownFunction (0x00007ffe188ddbb7) + 0 bytes [UnknownFile:0]
UE4Editor-Engine.dll!UnknownFunction (0x00007ffe18616e61) + 0 bytes [UnknownFile:0]
UE4Editor-CoreUObject.dll!UnknownFunction (0x00007ffe1c289af4) + 0 bytes [UnknownFile:0]
UE4Editor-CoreUObject.dll!UnknownFunction (0x00007ffe1c34943f) + 0 bytes [UnknownFile:0]
UE4Editor-CoreUObject.dll!UnknownFunction (0x00007ffe1c3673bd) + 0 bytes [UnknownFile:0]
UE4Editor-CoreUObject.dll!UnknownFunction (0x00007ffe1c38a46a) + 0 bytes [UnknownFile:0]
UE4Editor-CoreUObject.dll!UnknownFunction (0x00007ffe1c368a5e) + 0 bytes [UnknownFile:0]
UE4Editor-CoreUObject.dll!UnknownFunction (0x00007ffe1c34999a) + 0 bytes [UnknownFile:0]
UE4Editor-CoreUObject.dll!UnknownFunction (0x00007ffe1c38bd74) + 0 bytes [UnknownFile:0]
UE4Editor-CoreUObject.dll!UnknownFunction (0x00007ffe1c368a5e) + 0 bytes [UnknownFile:0]
UE4Editor-CoreUObject.dll!UnknownFunction (0x00007ffe1c289af4) + 0 bytes [UnknownFile:0]
UE4Editor-CoreUObject.dll!UnknownFunction (0x00007ffe1c3681c6) + 0 bytes [UnknownFile:0]
UE4Editor-Engine.dll!UnknownFunction (0x00007ffe186d0851) + 0 bytes [UnknownFile:0]
UE4Editor-Engine.dll!UnknownFunction (0x00007ffe18636bf8) + 0 bytes [UnknownFile:0]
UE4Editor-Engine.dll!UnknownFunction (0x00007ffe1868304c) + 0 bytes [UnknownFile:0]
UE4Editor-Engine.dll!UnknownFunction (0x00007ffe189e4f97) + 0 bytes [UnknownFile:0]
UE4Editor-Engine.dll!UnknownFunction (0x00007ffe189eff43) + 0 bytes [UnknownFile:0]
UE4Editor-UnrealEd.dll!UnknownFunction (0x00007ffe173ca12b) + 0 bytes [UnknownFile:0]
UE4Editor-UnrealEd.dll!UnknownFunction (0x00007ffe173c36f8) + 0 bytes [UnknownFile:0]
UE4Editor-UnrealEd.dll!UnknownFunction (0x00007ffe1739b703) + 0 bytes [UnknownFile:0]
UE4Editor-UnrealEd.dll!UnknownFunction (0x00007ffe16e88a5a) + 0 bytes [UnknownFile:0]
UE4Editor-UnrealEd.dll!UnknownFunction (0x00007ffe16ea1ee3) + 0 bytes [UnknownFile:0]
UE4Editor-UnrealEd.dll!UnknownFunction (0x00007ffe16be7e53) + 0 bytes [UnknownFile:0]
UE4Editor-UnrealEd.dll!UnknownFunction (0x00007ffe17090686) + 0 bytes [UnknownFile:0]
UE4Editor.exe!FEngineLoop::Tick() (0x00007ff72a7bcd94) + 0 bytes [d:\buildfarm\buildmachine_++depot+ue4-releases+4.6\engine\source\runtime\launch\private\launchengineloop.cpp:2214]
UE4Editor.exe!GuardedMain() (0x00007ff72a7b089f) + 0 bytes [d:\buildfarm\buildmachine_++depot+ue4-releases+4.6\engine\source\runtime\launch\private\launch.cpp:131]
UE4Editor.exe!GuardedMainWrapper() (0x00007ff72a7b090a) + 5 bytes [d:\buildfarm\buildmachine_++depot+ue4-releases+4.6\engine\source\runtime\launch\private\windows\launchwindows.cpp:126]
UE4Editor.exe!WinMain() (0x00007ff72a7be3d9) + 17 bytes [d:\buildfarm\buildmachine_++depot+ue4-releases+4.6\engine\source\runtime\launch\private\windows\launchwindows.cpp:202]
UE4Editor.exe!__tmainCRTStartup() (0x00007ff72a7bf319) + 21 bytes [f:\dd\vctools\crt\crtw32\dllstuff\crtexe.c:618]
KERNEL32.DLL!UnknownFunction (0x00007ffe3b0516ad) + 0 bytes [UnknownFile:0]
ntdll.dll!UnknownFunction (0x00007ffe3b1f4409) + 0 bytes [UnknownFile:0]
ntdll.dll!UnknownFunction (0x00007ffe3b1f4409) + 0 bytes [UnknownFile:0]


[2014.12.10-21.03.50:653][672]LogExit: Executing StaticShutdownAfterError
[2014.12.10-21.03.50:661][672]LogWindows: FPlatformMisc::RequestExit(1)
[2014.12.10-21.03.50:661][672]Log file closed, 12/10/14 21:03:50
