Log file open, 12/10/14 17:09:25
LogInit:Display: Running engine for game: AsteroidMiner
LogInit: Version: 4.6.0-2369412+++depot+UE4-Releases+4.6
LogInit: API Version: 2369412
LogInit: Compiled (64-bit): Nov 24 2014 21:54:04
LogInit: Compiled with Visual C++: 18.00.21005.01
LogInit: Build Configuration: Development
LogInit: Branch Name: ++depot+UE4-Releases+4.6
LogInit: Command line:  
LogInit: Base directory: C:/Program Files/Epic Games/4.6/Engine/Binaries/Win64/
LogInit: Rocket: 1
[2014.12.10-17.09.25:692][  0]LogTaskGraph: Started task graph with 3 named threads and 6 total threads.
[2014.12.10-17.09.25:761][  0]LogOnline:Warning: No default platform service specified for OnlineSubsystem
[2014.12.10-17.09.25:807][  0]LogInit: Presizing for 0 objects not considered by GC, pre-allocating 0 bytes.
[2014.12.10-17.09.25:830][  0]LogInit: Object subsystem initialized
[2014.12.10-17.09.25:833][  0]LogConsoleResponse:Warning: Skipping Unknown console variable: 'UIScaleCurve = (EditorCurveData=(Keys=((Time=480.000000,Value=0.444000),(Time=720.000000,Value=0.666000),(Time=1080.000000,Value=1.000000),(Time=8640.000000,Value=8.000000))),ExternalCurve=None)'
[2014.12.10-17.09.25:833][  0]LogConsoleResponse:Warning:   Found in ini file 'E:/Other Files/UnrealEngine_4.5/Projects/AsteroidMiner4.6/Saved/Config/Windows/Engine.ini', in section '[/Script/Engine.RendererSettings]'
[2014.12.10-17.09.25:833][  0]LogConsoleManager:Warning: Console variable 'r.MSAA.CompositingSampleCount' wasn't set (Priority ProjectSetting < Scalability)
[2014.12.10-17.09.25:834][  0]LogInit: Selected Device Profile: [Windows]
[2014.12.10-17.09.25:834][  0]LogInit: Applying CVar settings loaded from the selected device profile: [Windows]
[2014.12.10-17.09.25:872][  0]LogInit: Computer: LLOYDS_PC
[2014.12.10-17.09.25:872][  0]LogInit: User: 10021000
[2014.12.10-17.09.25:872][  0]LogInit: CPU Page size=4096, Cores=4
[2014.12.10-17.09.25:872][  0]LogInit: High frequency timer resolution =2.337877 MHz
[2014.12.10-17.09.25:872][  0]LogMemory: Memory total: Physical=5.9GB (6GB approx) Virtual=131072.0GB
[2014.12.10-17.09.25:873][  0]LogMemory: Platform Memory Stats for Windows
[2014.12.10-17.09.25:873][  0]LogMemory: Process Physical Memory: 47.28 MB used, 47.28 MB peak
[2014.12.10-17.09.25:873][  0]LogMemory: Process Virtual Memory: 23.07 MB used, 24.37 MB peak
[2014.12.10-17.09.25:873][  0]LogMemory: Physical Memory: 2758.62 MB used, 6077.92 MB total
[2014.12.10-17.09.25:873][  0]LogMemory: Virtual Memory: 272.18 MB used, 134217728.00 MB total
[2014.12.10-17.09.25:935][  0]LogD3D11RHI: Found D3D11 adapter 0: NVIDIA GeForce GTX 680 (Feature Level 11_0)
[2014.12.10-17.09.25:935][  0]LogD3D11RHI: Adapter has 1985MB of dedicated video memory, 0MB of dedicated system memory, and 2048MB of shared system memory, 2 output[s]
[2014.12.10-17.09.25:938][  0]LogD3D11RHI: Found D3D11 adapter 1: Microsoft Basic Render Driver (Feature Level 11_0)
[2014.12.10-17.09.25:938][  0]LogD3D11RHI: Adapter has 0MB of dedicated video memory, 0MB of dedicated system memory, and 256MB of shared system memory, 0 output[s]
[2014.12.10-17.09.25:939][  0]LogD3D11RHI: Chosen D3D11 Adapter Id = 0
[2014.12.10-17.09.25:952][  0]LogRHI: Texture pool is 1361 MB (70% of 1945 MB)
[2014.12.10-17.09.25:976][  0]LogD3D11RHI: Async texture creation enabled
[2014.12.10-17.09.26:068][  0]LogTextLocalizationManager: The requested culture ('en_GB') has no localization data; parent culture's ('en') localization data will be used.
[2014.12.10-17.09.26:390][  0]LogContentStreaming: Texture pool size is 0.000000MB
[2014.12.10-17.09.37:476][  0]LogTargetPlatformManager:Display: Building Assets For Windows
[2014.12.10-17.09.38:668][  0]LogTargetPlatformManager:Display: Building Assets For Windows
[2014.12.10-17.09.38:777][  0]LogDerivedDataCache:Display: Max Cache Size: 512 MB
[2014.12.10-17.09.39:030][  0]LogDerivedDataCache: Loaded boot cache 0.25s 39MB C:/Users/10021_000/AppData/Local/UnrealEngine/4.6/DerivedDataCache/Boot.ddc.
[2014.12.10-17.09.39:030][  0]LogDerivedDataCache:Display: Loaded Boot cache: C:/Users/10021_000/AppData/Local/UnrealEngine/4.6/DerivedDataCache/Boot.ddc
[2014.12.10-17.09.39:033][  0]LogDerivedDataCache: FDerivedDataBackendGraph:  Pak pak cache file E:/Other Files/UnrealEngine_4.5/Projects/AsteroidMiner4.6/DerivedDataCache/DDC.ddp not found, will not use a pak cache.
[2014.12.10-17.09.39:033][  0]LogDerivedDataCache: Unable to find inner node Pak for hierarchical cache Hierarchy.
[2014.12.10-17.09.39:147][  0]LogDerivedDataCache:Display: Pak cache opened for reading ../../../Engine/DerivedDataCache/DDC.ddp.
[2014.12.10-17.09.39:162][  0]LogDerivedDataCache: Using Local data cache path C:/Users/10021_000/AppData/Local/UnrealEngine/Common/DerivedDataCache: Writable
[2014.12.10-17.09.39:501][  0]LogCollisionProfile:Warning: Profile (Trigger) - Custom Channel Name = 'Projectile' hasn't been found
[2014.12.10-17.09.39:501][  0]LogCollisionProfile:Warning: Profile (UI) - Custom Channel Name = 'Weapon' hasn't been found
[2014.12.10-17.09.39:501][  0]LogCollisionProfile:Warning: Profile (Projectile) ObjectTypeName (Projectile) is invalid. 
[2014.12.10-17.09.39:866][  0]LogMeshUtilities: No automatic mesh reduction module available
[2014.12.10-17.09.39:866][  0]LogMeshUtilities: No automatic mesh merging module available
[2014.12.10-17.09.40:924][  0]LogInit: WinSock: version 1.1 (2.2), MaxSocks=32767, MaxUdp=65467
[2014.12.10-17.09.41:032][  0]LogSlate:Warning: Failed to load font data from '../../../Engine/Content/Slate/Fonts/Roboto-Italic.ttf'
[2014.12.10-17.09.42:958][  0]UdpMessaging: Initializing bridge on interface 0.0.0.0:0 to multicast group 230.0.0.1:6666.
[2014.12.10-17.09.43:238][  0]LogDirectoryWatcher:Warning: Failed to begin reading directory changes for E:/Other Files/UnrealEngine_4.5/Projects/AsteroidMiner4.6/Binaries/Win64. Error: 0
[2014.12.10-17.09.43:632][  0]SourceControl: Info Source control is disabled
[2014.12.10-17.09.43:632][  0]SourceControl: Info Source control is disabled
[2014.12.10-17.09.43:656][  0]SourceControl: Info Source control is disabled
[2014.12.10-17.09.43:948][  0]LogObj: 23754 objects as part of root set at end of initial load.
[2014.12.10-17.09.43:948][  0]LogUObjectAllocator: 5168136 out of 0 bytes used by permanent object pool.
[2014.12.10-17.09.44:060][  0]LogEngine: Initializing Engine...
[2014.12.10-17.09.44:467][  0]LogInit: XAudio2 using '37'' TFT-TV-4 (NVIDIA High Definition Audio)' : 2 channels at 48 kHz using 16 bits per sample (channel mask 0x3)
[2014.12.10-17.09.44:484][  0]LogInit: FAudioDevice initialized.
[2014.12.10-17.09.44:536][  0]LogAIModule: Creating AISystem for world NewWorld
[2014.12.10-17.09.44:634][  0]LogDerivedDataCache: Saved boot cache 0.10s 39MB C:/Users/10021_000/AppData/Local/UnrealEngine/4.6/DerivedDataCache/Boot.ddc.
[2014.12.10-17.09.44:687][  0]LogInit: Texture streaming: Enabled
[2014.12.10-17.09.44:749][  0]LogAnalytics: Creating configured Analytics provider AnalyticsET
[2014.12.10-17.09.44:749][  0]LogAnalytics: ET APIKey = Rocket.Release. APIServer = http://et2.epicgames.com/ET2/. AppVersion = 4.6.0-2369412+++depot+UE4-Releases+4.6
[2014.12.10-17.09.44:752][  0]LogAnalytics: SetUserId a29c071cf10a93fac0ff457d50595e17
[2014.12.10-17.09.44:752][  0]LogAnalytics: AnalyticsET::StartSession [Rocket.Release]
[2014.12.10-17.09.44:783][  0]LogInit: Transaction tracking system initialized
[2014.12.10-17.09.44:986][  0]BlueprintLog: New page: Editor Load
[2014.12.10-17.09.45:037][  0]LogAssetRegistry: FAssetRegistry took 0.0113 seconds to start up
[2014.12.10-17.09.45:039][  0]LogDirectoryWatcher:Warning: Failed to begin reading directory changes for ../../../Engine/Plugins/Experimental/CharacterAI/Content/. Error: 0
[2014.12.10-17.09.46:762][  0]LogTargetPlatformManager:Display: Building Assets For Windows
[2014.12.10-17.09.48:112][  0]LogTargetPlatformManager:Display: Building Assets For Windows
[2014.12.10-17.09.48:544][  0]LogConsoleResponse:Display: 
[2014.12.10-17.09.48:663][  0]LogLinker:Warning: Asset '../../../Engine/Content/Functions/Engine_MaterialFunctions03/Procedurals/ComputeFilterWidth.uasset' has been saved with empty engine version. The asset will be loaded but may be incompatible.
[2014.12.10-17.09.49:104][  0]SourceControl: Info Source control is disabled
[2014.12.10-17.09.49:104][  0]Cmd: MAP LOAD FILE="E:/Other Files/UnrealEngine_4.5/Projects/AsteroidMiner4.6/Content/Maps/AsteroidMiner.umap" TEMPLATE=0 SHOWPROGRESS=1
[2014.12.10-17.09.49:111][  0]LightingResults: New page: Lighting Build
[2014.12.10-17.09.49:132][  0]MapCheck: New page: Map Check
[2014.12.10-17.09.49:132][  0]LightingResults: New page: Lighting Build
[2014.12.10-17.09.49:160][  0]LogParticles: Destroying 0 GPU particle simulations for FXSystem 0x00000059ED88D940
[2014.12.10-17.09.49:519][  0]LogLinker:Warning: Asset 'E:/Other Files/UnrealEngine_4.5/Projects/AsteroidMiner4.6/Content/Materials/M_SkyBox.uasset' has been saved with empty engine version. The asset will be loaded but may be incompatible.
[2014.12.10-17.09.49:523][  0]LogLinker:Warning: Asset 'E:/Other Files/UnrealEngine_4.5/Projects/AsteroidMiner4.6/Content/Textures/HighResSkyBox.uasset' has been saved with empty engine version. The asset will be loaded but may be incompatible.
[2014.12.10-17.09.50:906][  0]LogLinker:Warning: Asset 'E:/Other Files/UnrealEngine_4.5/Projects/AsteroidMiner4.6/Content/Meshes/DetailedSun.uasset' has been saved with empty engine version. The asset will be loaded but may be incompatible.
[2014.12.10-17.09.50:910][  0]LogLinker:Warning: Asset 'E:/Other Files/UnrealEngine_4.5/Projects/AsteroidMiner4.6/Content/Materials/M_Sun.uasset' has been saved with empty engine version. The asset will be loaded but may be incompatible.
[2014.12.10-17.09.50:917][  0]LogLinker:Warning: Asset 'E:/Other Files/UnrealEngine_4.5/Projects/AsteroidMiner4.6/Content/Textures/T_Fire.uasset' has been saved with empty engine version. The asset will be loaded but may be incompatible.
[2014.12.10-17.09.51:176][  0]LogBlueprint:Warning: [AdjustVelocityBTT] CreatePinForVariable: 'VelocityChange?' variable not found. Base class was probably changed.
[2014.12.10-17.09.51:218][  0]LogBlueprint:Warning: [compiler] Warning Could not find a variable named "VelocityChange?" in 'BotShip_C'.
Make sure 'BotShip_C' has been compiled for  Set VelocityChange? 
[2014.12.10-17.09.51:225][  0]LogBlueprint:Error: [compiler] Error The property associated with  Velocity Change?  could not be found
[2014.12.10-17.09.51:247][  0]LogBlueprint:Warning: [compiler] Warning [0029.14] Compile of AdjustVelocityBTT failed. 1 Fatal Issue(s) 1 Warning(s) [in 70 ms]
[2014.12.10-17.09.51:548][  0]LoadErrors:Error: Error Failed import for BoolProperty
[2014.12.10-17.09.52:035][  0]LogLinker:Warning: Asset 'E:/Other Files/UnrealEngine_4.5/Projects/AsteroidMiner4.6/Content/Blueprints/Objects/B_Asteroid.uasset' has been saved with empty engine version. The asset will be loaded but may be incompatible.
[2014.12.10-17.09.52:041][  0]LogLinker:Warning: Asset 'E:/Other Files/UnrealEngine_4.5/Projects/AsteroidMiner4.6/Content/Meshes/Rock.uasset' has been saved with empty engine version. The asset will be loaded but may be incompatible.
[2014.12.10-17.09.52:044][  0]LogLinker:Warning: Asset 'E:/Other Files/UnrealEngine_4.5/Projects/AsteroidMiner4.6/Content/Materials/M_Asteroid.uasset' has been saved with empty engine version. The asset will be loaded but may be incompatible.
[2014.12.10-17.09.52:072][  0]LoadErrors:Error: Error Failed import for BoolProperty
[2014.12.10-17.09.52:186][  0]LogBlueprint:Warning: [compiler] Warning  Remove from Viewport  is deprecated; Use RemoveFromParent instead
[2014.12.10-17.09.52:193][  0]LogBlueprint:Warning: [compiler] Warning [0030.09] Compile of GameOverWidget successful, but with 1 Warning(s) [in 13 ms]
[2014.12.10-17.09.52:205][  0]LogBlueprint:Warning: [compiler] Warning  Remove from Viewport  is deprecated; Use RemoveFromParent instead
[2014.12.10-17.09.52:210][  0]LogBlueprint:Warning: [compiler] Warning [0030.11] Compile of GameOverWidget successful, but with 1 Warning(s) [in 13 ms]
[2014.12.10-17.09.52:211][  0]LogBlueprint:Warning: [compiler] Warning [0030.11] Compile of GameOverWidget successful, but with 2 Warning(s) [in 0 ms]
[2014.12.10-17.09.52:271][  0]LogBlueprint:Warning: [compiler] Warning  Remove from Viewport  is deprecated; Use RemoveFromParent instead
[2014.12.10-17.09.52:275][  0]LogBlueprint:Warning: [compiler] Warning [0030.17] Compile of PauseMenuWidget successful, but with 1 Warning(s) [in 14 ms]
[2014.12.10-17.09.52:282][  0]LogBlueprint:Warning: [compiler] Warning  Remove from Viewport  is deprecated; Use RemoveFromParent instead
[2014.12.10-17.09.52:285][  0]LogBlueprint:Warning: [compiler] Warning [0030.18] Compile of PauseMenuWidget successful, but with 1 Warning(s) [in 7 ms]
[2014.12.10-17.09.52:285][  0]LogBlueprint:Warning: [compiler] Warning [0030.18] Compile of PauseMenuWidget successful, but with 2 Warning(s) [in 0 ms]
[2014.12.10-17.09.54:417][  0]LogEditorServer: Finished looking for orphan Actors (0.000 secs)
[2014.12.10-17.09.54:417][  0]LogAIModule: Creating AISystem for world AsteroidMiner
[2014.12.10-17.09.54:418][  0]Cmd: MAP CHECKDEP
[2014.12.10-17.09.54:418][  0]MapCheck: New page: AsteroidMiner - 10 Dec 2014 17:09:54
[2014.12.10-17.09.54:725][  0]MapCheck: Info Map check complete: 0 Error(s), 0 Warning(s), took 307.006ms to complete.
[2014.12.10-17.09.54:726][  0]LogFileHelpers: Loading map 'AsteroidMiner' took 5.622
[2014.12.10-17.09.54:881][  0]LogCollectionManager: Loaded 0 collections in 0.004017 seconds
[2014.12.10-17.09.55:126][  0]LogCrashTracker: Crashtracker disabled due to settings.
[2014.12.10-17.09.55:139][  0]LogUObjectGlobals:Warning: Failed to find object 'Class None.'
[2014.12.10-17.09.55:190][  0]LogLoad: Full Startup: 33.09 seconds (BP compile: 1.73 seconds)
[2014.12.10-17.09.55:538][  0]LogContentBrowser:Verbose: The content browser source was changed by the sources view to '/Game/Blueprints/AI/BehaviourTreeTasks'
[2014.12.10-17.09.55:909][  0]LogRenderer:Warning: Reallocating scene render targets to support 944x872.
[2014.12.10-17.09.57:266][  4]LogAssetRegistry: Asset discovery search completed in 12.2416 seconds
[2014.12.10-17.09.57:303][  4]LogAnalytics: Event Editor.Usage.AssetClasses has too many attributes (41). May be truncated at the collector.
[2014.12.10-17.10.04:025][ 54]BlueprintLog: New page: Compile AdjustVelocityBTT
[2014.12.10-17.10.04:489][ 54]BlueprintEditorCompileResults: Info [0042.38] Compile of AdjustVelocityBTT successful! [in 383 ms]
[2014.12.10-17.10.12:635][221]BlueprintLog: New page: Pre-PIE auto-recompile
[2014.12.10-17.10.12:644][221]LogPlayLevel: [PIE] Compiling Tutorial_BP_MacroLib before PIE...
[2014.12.10-17.10.12:774][221]LogPlayLevel: [PIE] Compiling AsteroidMiner before PIE...
[2014.12.10-17.10.13:749][221]LogPlayLevel: PIE:  Blueprint regeneration took 1114 ms (2 blueprints)
[2014.12.10-17.10.13:750][221]PIE: New page: PIE session: AsteroidMiner (10 Dec 2014 17:10:13)
[2014.12.10-17.10.13:805][221]LogPlayLevel: PIE: StaticDuplicateObject took: (0.054990s)
[2014.12.10-17.10.13:807][221]LogPlayLevel: PIE: World Init took: (0.001727s)
[2014.12.10-17.10.13:808][221]LogPlayLevel: PIE: Created PIE world by copying editor world from /Game/Maps/AsteroidMiner.AsteroidMiner to /Game/Maps/UEDPIE_0_AsteroidMiner.AsteroidMiner (0.057335s)
[2014.12.10-17.10.13:887][221]LogWorld: Game class is 'AsteroidMinerGameMode_C'
[2014.12.10-17.10.13:892][221]LogAIModule: Creating AISystem for world AsteroidMiner
[2014.12.10-17.10.13:895][221]LogWorld: Bringing World /Game/Maps/UEDPIE_0_AsteroidMiner.AsteroidMiner up for play (max tick rate 0) at 2014.12.10-17.10.13
[2014.12.10-17.10.13:898][221]LogWorld: Bringing up level for play took: 0.004880
[2014.12.10-17.10.13:902][221]PIE: Info Play in editor start time for /Game/Maps/UEDPIE_0_AsteroidMiner 0.908
[2014.12.10-17.10.13:928][221]LogScript:Warning: Accessed None 'CallFunc_PlaySoundAttached_ReturnValue'
	AsteroidMinerCamera_C /Game/Maps/UEDPIE_0_AsteroidMiner.AsteroidMiner:PersistentLevel.AsteroidMinerCamera_C_0
	Function /Game/Blueprints/GameComponents/AsteroidMinerCamera.AsteroidMinerCamera_C:ExecuteUbergraph_AsteroidMinerCamera:0091
[2014.12.10-17.10.13:929][221]PIE:Error: Error Accessed None 'CallFunc_PlaySoundAttached_ReturnValue' from node Construction Script in blueprint AsteroidMinerCamera
[2014.12.10-17.10.22:382][478]LogParticles: Destroying 0 GPU particle simulations for FXSystem 0x00000059F8708EA0
[2014.12.10-17.10.25:088][551]LogContentBrowser:Verbose: The content browser source was changed by the sources view to '/Game/Blueprints/GameComponents'
[2014.12.10-17.10.38:765][944]Cmd: OBJ SAVEPACKAGE PACKAGE="/Game/Blueprints/GameComponents/DebugHud" FILE="E:/Other Files/UnrealEngine_4.5/Projects/AsteroidMiner4.6/Content/Blueprints/GameComponents/DebugHud.uasset" SILENT=true
[2014.12.10-17.10.50:256][944]LogSavePackage: Save=10317.913086ms
[2014.12.10-17.10.50:256][944]LogSavePackage: Moving 'E:/Other Files/UnrealEngine_4.5/Projects/AsteroidMiner4.6/Saved/DebugHud86BD4571449053901F4B748C7EF764CF.tmp' to 'E:/Other Files/UnrealEngine_4.5/Projects/AsteroidMiner4.6/Content/Blueprints/GameComponents/DebugHud.uasset'
[2014.12.10-17.11.27:119][219]BlueprintLog: New page: Compile DebugHud
[2014.12.10-17.11.28:062][219]BlueprintEditorCompileResults: Info [0125.96] Compile of DebugHud successful! [in 633 ms]
[2014.12.10-17.11.52:616][788]LogLinker:Warning: Asset 'E:/Other Files/UnrealEngine_4.5/Projects/AsteroidMiner4.6/Content/Blueprints/MoonMinerGameMode.uasset' has been saved with empty engine version. The asset will be loaded but may be incompatible.
[2014.12.10-17.11.52:619][788]LogLinker:Warning: Asset 'E:/Other Files/UnrealEngine_4.5/Projects/AsteroidMiner4.6/Content/Blueprints/AsteroidMinerGameMode.uasset' has been saved with empty engine version. The asset will be loaded but may be incompatible.
[2014.12.10-17.12.53:627][875]LogSavePackage: Save=112.041397ms
[2014.12.10-17.12.53:627][875]LogSavePackage: Moving 'E:/Other Files/UnrealEngine_4.5/Projects/AsteroidMiner4.6/Saved/Hud_InterfaceF84AB73E4AEE9B960F8074B1AC5C301E.tmp' to 'E:/Other Files/UnrealEngine_4.5/Projects/AsteroidMiner4.6/Content/Blueprints/GameComponents/Hud_Interface.uasset'
[2014.12.10-17.12.54:494][951]BlueprintLog: New page: Compile Hud_Interface
[2014.12.10-17.12.54:837][951]LogParticles: Destroying 0 GPU particle simulations for FXSystem 0x00000059F8136CA0
[2014.12.10-17.12.55:766][951]BlueprintEditorCompileResults: Info [0213.66] Compile of Hud_Interface successful! [in 1,267 ms]
[2014.12.10-17.12.55:767][951]BlueprintLog: New page: Compile Hud_Interface
[2014.12.10-17.12.56:938][951]BlueprintEditorCompileResults: Info [0214.83] Compile of Hud_Interface successful! [in 1,166 ms]
[2014.12.10-17.13.01:266][248]Cmd: OBJ SAVEPACKAGE PACKAGE="/Game/Maps/AsteroidMiner" FILE="E:/Other Files/UnrealEngine_4.5/Projects/AsteroidMiner4.6/Content/Maps/AsteroidMiner.umap" SILENT=true AUTOSAVING=false KEEPDIRTY=false
[2014.12.10-17.13.19:272][248]LogSavePackage: Save=16384.753906ms
[2014.12.10-17.13.19:272][248]LogSavePackage: Moving 'E:/Other Files/UnrealEngine_4.5/Projects/AsteroidMiner4.6/Saved/AsteroidMiner83DFBFDA43A7E7F0EE02A7A81AD231AD.tmp' to 'E:/Other Files/UnrealEngine_4.5/Projects/AsteroidMiner4.6/Content/Maps/AsteroidMiner.umap'
[2014.12.10-17.13.19:393][248]LogFileHelpers: Saving map 'AsteroidMiner' took 18.491
[2014.12.10-17.13.19:412][248]Cmd: OBJ SAVEPACKAGE PACKAGE="/Game/Blueprints/GameComponents/DebugHud" FILE="E:/Other Files/UnrealEngine_4.5/Projects/AsteroidMiner4.6/Content/Blueprints/GameComponents/DebugHud.uasset" SILENT=true
[2014.12.10-17.13.30:455][248]LogSavePackage: Save=9711.815430ms
[2014.12.10-17.13.30:455][248]LogSavePackage: Moving 'E:/Other Files/UnrealEngine_4.5/Projects/AsteroidMiner4.6/Saved/DebugHud127A23504F5C7EAD86011A98CF448D4D.tmp' to 'E:/Other Files/UnrealEngine_4.5/Projects/AsteroidMiner4.6/Content/Blueprints/GameComponents/DebugHud.uasset'
[2014.12.10-17.13.32:042][248]LogSavePackage: Save=315.085449ms
[2014.12.10-17.13.32:042][248]LogSavePackage: Moving 'E:/Other Files/UnrealEngine_4.5/Projects/AsteroidMiner4.6/Saved/CheckStateBTT541AB86348354906098F40B596258381.tmp' to 'E:/Other Files/UnrealEngine_4.5/Projects/AsteroidMiner4.6/Content/Blueprints/AI/BehaviourTreeTasks/CheckStateBTT.uasset'
[2014.12.10-17.14.23:411][351]BlueprintLog: New page: Pre-PIE auto-recompile
[2014.12.10-17.14.23:422][351]LogPlayLevel: [PIE] Compiling BotShip before PIE...
[2014.12.10-17.14.23:503][351]LogOutputDevice:Warning: 

Script Stack:
AsteroidMiner_C.ExecuteUbergraph_AsteroidMiner
AsteroidMiner_C.BndEvt__BotShip_6_K2Node_ActorBoundEvent_407_ActorDestroyedSignature__DelegateSignature

[2014.12.10-17.14.23:503][351]LogWindows:Error: Windows GetLastError: The operation completed successfully. (0)
[2014.12.10-17.14.23:503][351]LogCrashTracker: 


[2014.12.10-17.14.24:238][351]LogCrashTracker: 


[2014.12.10-17.14.24:238][351]LogWindows: === Critical error: ===
Assertion failed: PC [File:D:\BuildFarm\buildmachine_++depot+UE4-Releases+4.6\Engine\Source\Runtime\Engine\Private\GameplayStatics.cpp] [Line: 131] 



KERNELBASE.dll!UnknownFunction (0x00007ffe3891606c) + 0 bytes [UnknownFile:0]
UE4Editor-Core.dll!UnknownFunction (0x00007ffe191a2f6d) + 0 bytes [UnknownFile:0]
UE4Editor-Core.dll!UnknownFunction (0x00007ffe190360e8) + 0 bytes [UnknownFile:0]
UE4Editor-Core.dll!UnknownFunction (0x00007ffe19019182) + 0 bytes [UnknownFile:0]
UE4Editor-Engine.dll!UnknownFunction (0x00007ffe16acdbb7) + 0 bytes [UnknownFile:0]
UE4Editor-Engine.dll!UnknownFunction (0x00007ffe16806e61) + 0 bytes [UnknownFile:0]
UE4Editor-CoreUObject.dll!UnknownFunction (0x00007ffe2ddb9af4) + 0 bytes [UnknownFile:0]
UE4Editor-CoreUObject.dll!UnknownFunction (0x00007ffe2de7943f) + 0 bytes [UnknownFile:0]
UE4Editor-CoreUObject.dll!UnknownFunction (0x00007ffe2de973bd) + 0 bytes [UnknownFile:0]
UE4Editor-CoreUObject.dll!UnknownFunction (0x00007ffe2deba46a) + 0 bytes [UnknownFile:0]
UE4Editor-CoreUObject.dll!UnknownFunction (0x00007ffe2de98a5e) + 0 bytes [UnknownFile:0]
UE4Editor-CoreUObject.dll!UnknownFunction (0x00007ffe2de7999a) + 0 bytes [UnknownFile:0]
UE4Editor-CoreUObject.dll!UnknownFunction (0x00007ffe2debbd74) + 0 bytes [UnknownFile:0]
UE4Editor-CoreUObject.dll!UnknownFunction (0x00007ffe2de98a5e) + 0 bytes [UnknownFile:0]
UE4Editor-CoreUObject.dll!UnknownFunction (0x00007ffe2ddb9af4) + 0 bytes [UnknownFile:0]
UE4Editor-CoreUObject.dll!UnknownFunction (0x00007ffe2de981c6) + 0 bytes [UnknownFile:0]
UE4Editor-Engine.dll!UnknownFunction (0x00007ffe168c0851) + 0 bytes [UnknownFile:0]
UE4Editor-Engine.dll!UnknownFunction (0x00007ffe16826bf8) + 0 bytes [UnknownFile:0]
UE4Editor-Engine.dll!UnknownFunction (0x00007ffe1687304c) + 0 bytes [UnknownFile:0]
UE4Editor-Engine.dll!UnknownFunction (0x00007ffe16bd4f97) + 0 bytes [UnknownFile:0]
UE4Editor-Engine.dll!UnknownFunction (0x00007ffe16bdff43) + 0 bytes [UnknownFile:0]
UE4Editor-UnrealEd.dll!UnknownFunction (0x00007ffe1583a12b) + 0 bytes [UnknownFile:0]
UE4Editor-UnrealEd.dll!UnknownFunction (0x00007ffe158336f8) + 0 bytes [UnknownFile:0]
UE4Editor-UnrealEd.dll!UnknownFunction (0x00007ffe1580b703) + 0 bytes [UnknownFile:0]
UE4Editor-UnrealEd.dll!UnknownFunction (0x00007ffe152f8a5a) + 0 bytes [UnknownFile:0]
UE4Editor-UnrealEd.dll!UnknownFunction (0x00007ffe15311ee3) + 0 bytes [UnknownFile:0]
UE4Editor-UnrealEd.dll!UnknownFunction (0x00007ffe15057e53) + 0 bytes [UnknownFile:0]
UE4Editor-UnrealEd.dll!UnknownFunction (0x00007ffe15500686) + 0 bytes [UnknownFile:0]
UE4Editor.exe!FEngineLoop::Tick() (0x00007ff72a7bcd94) + 0 bytes [d:\buildfarm\buildmachine_++depot+ue4-releases+4.6\engine\source\runtime\launch\private\launchengineloop.cpp:2214]
UE4Editor.exe!GuardedMain() (0x00007ff72a7b089f) + 0 bytes [d:\buildfarm\buildmachine_++depot+ue4-releases+4.6\engine\source\runtime\launch\private\launch.cpp:131]
UE4Editor.exe!GuardedMainWrapper() (0x00007ff72a7b090a) + 5 bytes [d:\buildfarm\buildmachine_++depot+ue4-releases+4.6\engine\source\runtime\launch\private\windows\launchwindows.cpp:126]
UE4Editor.exe!WinMain() (0x00007ff72a7be3d9) + 17 bytes [d:\buildfarm\buildmachine_++depot+ue4-releases+4.6\engine\source\runtime\launch\private\windows\launchwindows.cpp:202]
UE4Editor.exe!__tmainCRTStartup() (0x00007ff72a7bf319) + 21 bytes [f:\dd\vctools\crt\crtw32\dllstuff\crtexe.c:618]
KERNEL32.DLL!UnknownFunction (0x00007ffe3b0516ad) + 0 bytes [UnknownFile:0]
ntdll.dll!UnknownFunction (0x00007ffe3b1f4409) + 0 bytes [UnknownFile:0]
ntdll.dll!UnknownFunction (0x00007ffe3b1f4409) + 0 bytes [UnknownFile:0]


[2014.12.10-17.14.24:591][351]LogExit: Executing StaticShutdownAfterError
[2014.12.10-17.14.24:602][351]LogWindows: FPlatformMisc::RequestExit(1)
[2014.12.10-17.14.24:603][351]Log file closed, 12/10/14 17:14:24
