Log file open, 12/11/14 03:51:18
LogInit:Display: Running engine for game: AsteroidMiner
LogInit: Version: 4.6.0-2369412+++depot+UE4-Releases+4.6
LogInit: API Version: 2369412
LogInit: Compiled (64-bit): Nov 24 2014 21:54:04
LogInit: Compiled with Visual C++: 18.00.21005.01
LogInit: Build Configuration: Development
LogInit: Branch Name: ++depot+UE4-Releases+4.6
LogInit: Command line:  
LogInit: Base directory: C:/Program Files/Epic Games/4.6/Engine/Binaries/Win64/
LogInit: Rocket: 1
[2014.12.11-03.51.18:762][  0]LogTaskGraph: Started task graph with 3 named threads and 6 total threads.
[2014.12.11-03.51.18:821][  0]LogOnline:Warning: No default platform service specified for OnlineSubsystem
[2014.12.11-03.51.18:852][  0]LogInit: Presizing for 0 objects not considered by GC, pre-allocating 0 bytes.
[2014.12.11-03.51.18:866][  0]LogInit: Object subsystem initialized
[2014.12.11-03.51.18:869][  0]LogConsoleResponse:Warning: Skipping Unknown console variable: 'UIScaleCurve = (EditorCurveData=(Keys=((Time=480.000000,Value=0.444000),(Time=720.000000,Value=0.666000),(Time=1080.000000,Value=1.000000),(Time=8640.000000,Value=8.000000))),ExternalCurve=None)'
[2014.12.11-03.51.18:869][  0]LogConsoleResponse:Warning:   Found in ini file 'E:/Other Files/UnrealEngine_4.5/Projects/AsteroidMiner4.6/Saved/Config/Windows/Engine.ini', in section '[/Script/Engine.RendererSettings]'
[2014.12.11-03.51.18:869][  0]LogConsoleManager:Warning: Console variable 'r.MSAA.CompositingSampleCount' wasn't set (Priority ProjectSetting < Scalability)
[2014.12.11-03.51.18:869][  0]LogInit: Selected Device Profile: [Windows]
[2014.12.11-03.51.18:870][  0]LogInit: Applying CVar settings loaded from the selected device profile: [Windows]
[2014.12.11-03.51.18:901][  0]LogInit: Computer: LLOYDS_PC
[2014.12.11-03.51.18:901][  0]LogInit: User: 10021000
[2014.12.11-03.51.18:901][  0]LogInit: CPU Page size=4096, Cores=4
[2014.12.11-03.51.18:901][  0]LogInit: High frequency timer resolution =2.337877 MHz
[2014.12.11-03.51.18:901][  0]LogMemory: Memory total: Physical=5.9GB (6GB approx) Virtual=131072.0GB
[2014.12.11-03.51.18:901][  0]LogMemory: Platform Memory Stats for Windows
[2014.12.11-03.51.18:901][  0]LogMemory: Process Physical Memory: 47.27 MB used, 47.27 MB peak
[2014.12.11-03.51.18:901][  0]LogMemory: Process Virtual Memory: 23.09 MB used, 24.39 MB peak
[2014.12.11-03.51.18:901][  0]LogMemory: Physical Memory: 1803.59 MB used, 6077.92 MB total
[2014.12.11-03.51.18:902][  0]LogMemory: Virtual Memory: 272.18 MB used, 134217728.00 MB total
[2014.12.11-03.51.18:943][  0]LogD3D11RHI: Found D3D11 adapter 0: NVIDIA GeForce GTX 680 (Feature Level 11_0)
[2014.12.11-03.51.18:943][  0]LogD3D11RHI: Adapter has 1985MB of dedicated video memory, 0MB of dedicated system memory, and 2048MB of shared system memory, 1 output[s]
[2014.12.11-03.51.18:946][  0]LogD3D11RHI: Found D3D11 adapter 1: Microsoft Basic Render Driver (Feature Level 11_0)
[2014.12.11-03.51.18:946][  0]LogD3D11RHI: Adapter has 0MB of dedicated video memory, 0MB of dedicated system memory, and 256MB of shared system memory, 0 output[s]
[2014.12.11-03.51.18:946][  0]LogD3D11RHI: Chosen D3D11 Adapter Id = 0
[2014.12.11-03.51.18:952][  0]LogRHI: Texture pool is 1361 MB (70% of 1945 MB)
[2014.12.11-03.51.18:969][  0]LogD3D11RHI: Async texture creation enabled
[2014.12.11-03.51.19:047][  0]LogTextLocalizationManager: The requested culture ('en_GB') has no localization data; parent culture's ('en') localization data will be used.
[2014.12.11-03.51.19:268][  0]LogContentStreaming: Texture pool size is 0.000000MB
[2014.12.11-03.51.28:196][  0]LogTargetPlatformManager:Display: Building Assets For Windows
[2014.12.11-03.51.28:881][  0]LogTargetPlatformManager:Display: Building Assets For Windows
[2014.12.11-03.51.28:967][  0]LogDerivedDataCache:Display: Max Cache Size: 512 MB
[2014.12.11-03.51.29:082][  0]LogDerivedDataCache: Loaded boot cache 0.11s 39MB C:/Users/10021_000/AppData/Local/UnrealEngine/4.6/DerivedDataCache/Boot.ddc.
[2014.12.11-03.51.29:082][  0]LogDerivedDataCache:Display: Loaded Boot cache: C:/Users/10021_000/AppData/Local/UnrealEngine/4.6/DerivedDataCache/Boot.ddc
[2014.12.11-03.51.29:084][  0]LogDerivedDataCache: FDerivedDataBackendGraph:  Pak pak cache file E:/Other Files/UnrealEngine_4.5/Projects/AsteroidMiner4.6/DerivedDataCache/DDC.ddp not found, will not use a pak cache.
[2014.12.11-03.51.29:084][  0]LogDerivedDataCache: Unable to find inner node Pak for hierarchical cache Hierarchy.
[2014.12.11-03.51.29:181][  0]LogDerivedDataCache:Display: Pak cache opened for reading ../../../Engine/DerivedDataCache/DDC.ddp.
[2014.12.11-03.51.29:194][  0]LogDerivedDataCache: Using Local data cache path C:/Users/10021_000/AppData/Local/UnrealEngine/Common/DerivedDataCache: Writable
[2014.12.11-03.51.29:409][  0]LogCollisionProfile:Warning: Profile (Trigger) - Custom Channel Name = 'Projectile' hasn't been found
[2014.12.11-03.51.29:409][  0]LogCollisionProfile:Warning: Profile (UI) - Custom Channel Name = 'Weapon' hasn't been found
[2014.12.11-03.51.29:409][  0]LogCollisionProfile:Warning: Profile (Projectile) ObjectTypeName (Projectile) is invalid. 
[2014.12.11-03.51.29:649][  0]LogMeshUtilities: No automatic mesh reduction module available
[2014.12.11-03.51.29:649][  0]LogMeshUtilities: No automatic mesh merging module available
[2014.12.11-03.51.30:315][  0]LogInit: WinSock: version 1.1 (2.2), MaxSocks=32767, MaxUdp=65467
[2014.12.11-03.51.30:408][  0]LogSlate:Warning: Failed to load font data from '../../../Engine/Content/Slate/Fonts/Roboto-Italic.ttf'
[2014.12.11-03.51.31:659][  0]UdpMessaging: Initializing bridge on interface 0.0.0.0:0 to multicast group 230.0.0.1:6666.
[2014.12.11-03.51.31:888][  0]LogDirectoryWatcher:Warning: Failed to begin reading directory changes for E:/Other Files/UnrealEngine_4.5/Projects/AsteroidMiner4.6/Binaries/Win64. Error: 0
[2014.12.11-03.51.32:138][  0]SourceControl: Info Source control is disabled
[2014.12.11-03.51.32:138][  0]SourceControl: Info Source control is disabled
[2014.12.11-03.51.32:150][  0]SourceControl: Info Source control is disabled
[2014.12.11-03.51.32:345][  0]LogObj: 23754 objects as part of root set at end of initial load.
[2014.12.11-03.51.32:345][  0]LogUObjectAllocator: 5168136 out of 0 bytes used by permanent object pool.
[2014.12.11-03.51.32:430][  0]LogEngine: Initializing Engine...
[2014.12.11-03.51.32:685][  0]LogInit: XAudio2 using 'Speakers (High Definition Audio Device)' : 2 channels at 48 kHz using 32 bits per sample (channel mask 0x3)
[2014.12.11-03.51.32:709][  0]LogInit: FAudioDevice initialized.
[2014.12.11-03.51.32:741][  0]LogAIModule: Creating AISystem for world NewWorld
[2014.12.11-03.51.32:795][  0]LogDerivedDataCache: Saved boot cache 0.05s 39MB C:/Users/10021_000/AppData/Local/UnrealEngine/4.6/DerivedDataCache/Boot.ddc.
[2014.12.11-03.51.32:818][  0]LogInit: Texture streaming: Enabled
[2014.12.11-03.51.32:861][  0]LogAnalytics: Creating configured Analytics provider AnalyticsET
[2014.12.11-03.51.32:862][  0]LogAnalytics: ET APIKey = Rocket.Release. APIServer = http://et2.epicgames.com/ET2/. AppVersion = 4.6.0-2369412+++depot+UE4-Releases+4.6
[2014.12.11-03.51.32:863][  0]LogAnalytics: SetUserId a29c071cf10a93fac0ff457d50595e17
[2014.12.11-03.51.32:863][  0]LogAnalytics: AnalyticsET::StartSession [Rocket.Release]
[2014.12.11-03.51.32:885][  0]LogInit: Transaction tracking system initialized
[2014.12.11-03.51.33:030][  0]BlueprintLog: New page: Editor Load
[2014.12.11-03.51.33:071][  0]LogAssetRegistry: FAssetRegistry took 0.0105 seconds to start up
[2014.12.11-03.51.33:072][  0]LogDirectoryWatcher:Warning: Failed to begin reading directory changes for ../../../Engine/Plugins/Experimental/CharacterAI/Content/. Error: 0
[2014.12.11-03.51.33:879][  0]LogTargetPlatformManager:Display: Building Assets For Windows
[2014.12.11-03.51.34:440][  0]LogTargetPlatformManager:Display: Building Assets For Windows
[2014.12.11-03.51.34:873][  0]LogConsoleResponse:Display: 
[2014.12.11-03.51.34:972][  0]LogLinker:Warning: Asset '../../../Engine/Content/Functions/Engine_MaterialFunctions03/Procedurals/ComputeFilterWidth.uasset' has been saved with empty engine version. The asset will be loaded but may be incompatible.
[2014.12.11-03.51.35:799][  0]SourceControl: Info Source control is disabled
[2014.12.11-03.51.35:799][  0]Cmd: MAP LOAD FILE="E:/Other Files/UnrealEngine_4.5/Projects/AsteroidMiner4.6/Content/Maps/AsteroidMiner.umap" TEMPLATE=0 SHOWPROGRESS=1
[2014.12.11-03.51.35:804][  0]LightingResults: New page: Lighting Build
[2014.12.11-03.51.35:836][  0]MapCheck: New page: Map Check
[2014.12.11-03.51.35:836][  0]LightingResults: New page: Lighting Build
[2014.12.11-03.51.35:908][  0]LogParticles: Destroying 0 GPU particle simulations for FXSystem 0x00000015FBD81940
[2014.12.11-03.51.36:260][  0]LogLinker:Warning: Asset 'E:/Other Files/UnrealEngine_4.5/Projects/AsteroidMiner4.6/Content/Materials/M_SkyBox.uasset' has been saved with empty engine version. The asset will be loaded but may be incompatible.
[2014.12.11-03.51.36:263][  0]LogLinker:Warning: Asset 'E:/Other Files/UnrealEngine_4.5/Projects/AsteroidMiner4.6/Content/Textures/HighResSkyBox.uasset' has been saved with empty engine version. The asset will be loaded but may be incompatible.
[2014.12.11-03.51.37:278][  0]LogLinker:Warning: Asset 'E:/Other Files/UnrealEngine_4.5/Projects/AsteroidMiner4.6/Content/Meshes/DetailedSun.uasset' has been saved with empty engine version. The asset will be loaded but may be incompatible.
[2014.12.11-03.51.37:281][  0]LogLinker:Warning: Asset 'E:/Other Files/UnrealEngine_4.5/Projects/AsteroidMiner4.6/Content/Materials/M_Sun.uasset' has been saved with empty engine version. The asset will be loaded but may be incompatible.
[2014.12.11-03.51.37:286][  0]LogLinker:Warning: Asset 'E:/Other Files/UnrealEngine_4.5/Projects/AsteroidMiner4.6/Content/Textures/T_Fire.uasset' has been saved with empty engine version. The asset will be loaded but may be incompatible.
[2014.12.11-03.51.38:350][  0]LogLinker:Warning: Asset 'E:/Other Files/UnrealEngine_4.5/Projects/AsteroidMiner4.6/Content/Blueprints/Objects/B_Asteroid.uasset' has been saved with empty engine version. The asset will be loaded but may be incompatible.
[2014.12.11-03.51.38:355][  0]LogLinker:Warning: Asset 'E:/Other Files/UnrealEngine_4.5/Projects/AsteroidMiner4.6/Content/Meshes/Rock.uasset' has been saved with empty engine version. The asset will be loaded but may be incompatible.
[2014.12.11-03.51.38:357][  0]LogLinker:Warning: Asset 'E:/Other Files/UnrealEngine_4.5/Projects/AsteroidMiner4.6/Content/Materials/M_Asteroid.uasset' has been saved with empty engine version. The asset will be loaded but may be incompatible.
[2014.12.11-03.51.40:564][  0]LogEditorServer: Finished looking for orphan Actors (0.000 secs)
[2014.12.11-03.51.40:564][  0]LogAIModule: Creating AISystem for world AsteroidMiner
[2014.12.11-03.51.40:565][  0]Cmd: MAP CHECKDEP
[2014.12.11-03.51.40:565][  0]MapCheck: New page: AsteroidMiner - 11 Dec 2014 03:51:40
[2014.12.11-03.51.40:903][  0]MapCheck: Info Map check complete: 0 Error(s), 0 Warning(s), took 338.446ms to complete.
[2014.12.11-03.51.40:903][  0]LogFileHelpers: Loading map 'AsteroidMiner' took 5.105
[2014.12.11-03.51.41:018][  0]LogCollectionManager: Loaded 0 collections in 0.002809 seconds
[2014.12.11-03.51.41:282][  0]LogCrashTracker: Crashtracker disabled due to settings.
[2014.12.11-03.51.41:294][  0]LogUObjectGlobals:Warning: Failed to find object 'Class None.'
[2014.12.11-03.51.41:334][  0]LogLoad: Full Startup: 25.44 seconds (BP compile: 1.61 seconds)
[2014.12.11-03.51.41:682][  0]LogContentBrowser:Verbose: The content browser source was changed by the sources view to '/Game/Blueprints/AI/BehaviourTreeTasks'
[2014.12.11-03.51.42:031][  0]LogRenderer:Warning: Reallocating scene render targets to support 768x872.
[2014.12.11-03.51.43:627][  5]LogAssetRegistry: Asset discovery search completed in 10.5674 seconds
[2014.12.11-03.51.43:650][  5]LogAnalytics: Event Editor.Usage.AssetClasses has too many attributes (41). May be truncated at the collector.
[2014.12.11-03.52.21:398][119]BlueprintLog: New page: Pre-PIE auto-recompile
[2014.12.11-03.52.21:399][119]LogPlayLevel: [PIE] Compiling AsteroidMiner before PIE...
[2014.12.11-03.52.22:098][119]LogPlayLevel: PIE:  Blueprint regeneration took 699 ms (1 blueprints)
[2014.12.11-03.52.22:098][119]PIE: New page: PIE session: AsteroidMiner (11 Dec 2014 03:52:22)
[2014.12.11-03.52.22:139][119]LogPlayLevel: PIE: StaticDuplicateObject took: (0.040359s)
[2014.12.11-03.52.22:140][119]LogPlayLevel: PIE: World Init took: (0.001251s)
[2014.12.11-03.52.22:140][119]LogPlayLevel: PIE: Created PIE world by copying editor world from /Game/Maps/AsteroidMiner.AsteroidMiner to /Game/Maps/UEDPIE_0_AsteroidMiner.AsteroidMiner (0.041882s)
[2014.12.11-03.52.22:193][119]LogWorld: Game class is 'AsteroidMinerGameMode_C'
[2014.12.11-03.52.22:197][119]LogAIModule: Creating AISystem for world AsteroidMiner
[2014.12.11-03.52.22:198][119]LogWorld: Bringing World /Game/Maps/UEDPIE_0_AsteroidMiner.AsteroidMiner up for play (max tick rate 0) at 2014.12.11-03.52.22
[2014.12.11-03.52.22:199][119]LogWorld: Bringing up level for play took: 0.002424
[2014.12.11-03.52.22:202][119]PIE: Info Play in editor start time for /Game/Maps/UEDPIE_0_AsteroidMiner 1.251
[2014.12.11-03.52.22:249][119]LogScript:Warning: Accessed None 'CallFunc_PlaySoundAttached_ReturnValue'
	AsteroidMinerCamera_C /Game/Maps/UEDPIE_0_AsteroidMiner.AsteroidMiner:PersistentLevel.AsteroidMinerCamera_C_0
	Function /Game/Blueprints/GameComponents/AsteroidMinerCamera.AsteroidMinerCamera_C:ExecuteUbergraph_AsteroidMinerCamera:0091
[2014.12.11-03.52.22:249][119]PIE:Error: Error Accessed None 'CallFunc_PlaySoundAttached_ReturnValue' from node Construction Script in blueprint AsteroidMinerCamera
[2014.12.11-03.52.54:412][809]LogScript:Warning: Cannot access 'AudioComponent_1'. It is pending kill. Property: 'CallFunc_PlaySoundAttached_ReturnValue'
	AsteroidMinerCamera_C /Game/Maps/UEDPIE_0_AsteroidMiner.AsteroidMiner:PersistentLevel.AsteroidMinerCamera_C_0
	Function /Game/Blueprints/GameComponents/AsteroidMinerCamera.AsteroidMinerCamera_C:ExecuteUbergraph_AsteroidMinerCamera:0091
[2014.12.11-03.52.54:412][809]PIE:Error: Error Cannot access 'AudioComponent_1'. It is pending kill. Property: 'CallFunc_PlaySoundAttached_ReturnValue' from node Construction Script in blueprint AsteroidMinerCamera
[2014.12.11-03.52.55:475][850]LogParticles: Destroying 0 GPU particle simulations for FXSystem 0x0000001586941E40
[2014.12.11-03.52.57:327][925]LogContentBrowser:Verbose: The content browser source was changed by the sources view to '/Game/Blueprints/GameComponents'
[2014.12.11-03.54.59:496][793]LogUObjectGlobals:Warning: Failed to find object 'Object None.'
[2014.12.11-03.55.17:501][180]LogUObjectGlobals:Warning: Failed to find object 'Object None.'
[2014.12.11-03.55.22:133][267]LogUObjectGlobals:Warning: Failed to find object 'Object None.'
[2014.12.11-03.56.19:742][471]Cmd: OBJ SAVEPACKAGE PACKAGE="/Game/Blueprints/GameComponents/DebugHud" FILE="E:/Other Files/UnrealEngine_4.5/Projects/AsteroidMiner4.6/Content/Blueprints/GameComponents/DebugHud.uasset" SILENT=true
[2014.12.11-03.56.30:294][471]LogSavePackage: Save=8452.911133ms
[2014.12.11-03.56.30:294][471]LogSavePackage: Moving 'E:/Other Files/UnrealEngine_4.5/Projects/AsteroidMiner4.6/Saved/DebugHudE954FB6048D79A2BB9BE8191F79E6877.tmp' to 'E:/Other Files/UnrealEngine_4.5/Projects/AsteroidMiner4.6/Content/Blueprints/GameComponents/DebugHud.uasset'
[2014.12.11-03.56.31:087][488]BlueprintLog: New page: Compile DebugHud
[2014.12.11-03.56.31:844][488]BlueprintEditorCompileResults: Info [0315.95] Compile of DebugHud successful! [in 538 ms]
[2014.12.11-03.56.34:078][538]BlueprintLog: New page: Pre-PIE auto-recompile
[2014.12.11-03.56.34:086][538]LogPlayLevel: [PIE] Compiling BotShip before PIE...
[2014.12.11-03.56.34:167][538]LogOutputDevice:Warning: 

Script Stack:
AsteroidMiner_C.ExecuteUbergraph_AsteroidMiner
AsteroidMiner_C.BndEvt__BotShip_6_K2Node_ActorBoundEvent_407_ActorDestroyedSignature__DelegateSignature

[2014.12.11-03.56.34:167][538]LogWindows:Error: Windows GetLastError: The operation completed successfully. (0)
[2014.12.11-03.56.34:168][538]LogCrashTracker: 


[2014.12.11-03.56.34:699][538]LogCrashTracker: 


[2014.12.11-03.56.34:700][538]LogWindows: === Critical error: ===
Assertion failed: PC [File:D:\BuildFarm\buildmachine_++depot+UE4-Releases+4.6\Engine\Source\Runtime\Engine\Private\GameplayStatics.cpp] [Line: 131] 



KERNELBASE.dll!UnknownFunction (0x00007ffe3891606c) + 0 bytes [UnknownFile:0]
UE4Editor-Core.dll!UnknownFunction (0x00007ffe1e8d2f6d) + 0 bytes [UnknownFile:0]
UE4Editor-Core.dll!UnknownFunction (0x00007ffe1e7660e8) + 0 bytes [UnknownFile:0]
UE4Editor-Core.dll!UnknownFunction (0x00007ffe1e749182) + 0 bytes [UnknownFile:0]
UE4Editor-Engine.dll!UnknownFunction (0x00007ffe188ddbb7) + 0 bytes [UnknownFile:0]
UE4Editor-Engine.dll!UnknownFunction (0x00007ffe18616e61) + 0 bytes [UnknownFile:0]
UE4Editor-CoreUObject.dll!UnknownFunction (0x00007ffe20729af4) + 0 bytes [UnknownFile:0]
UE4Editor-CoreUObject.dll!UnknownFunction (0x00007ffe207e943f) + 0 bytes [UnknownFile:0]
UE4Editor-CoreUObject.dll!UnknownFunction (0x00007ffe208073bd) + 0 bytes [UnknownFile:0]
UE4Editor-CoreUObject.dll!UnknownFunction (0x00007ffe2082a46a) + 0 bytes [UnknownFile:0]
UE4Editor-CoreUObject.dll!UnknownFunction (0x00007ffe20808a5e) + 0 bytes [UnknownFile:0]
UE4Editor-CoreUObject.dll!UnknownFunction (0x00007ffe207e999a) + 0 bytes [UnknownFile:0]
UE4Editor-CoreUObject.dll!UnknownFunction (0x00007ffe2082bd74) + 0 bytes [UnknownFile:0]
UE4Editor-CoreUObject.dll!UnknownFunction (0x00007ffe20808a5e) + 0 bytes [UnknownFile:0]
UE4Editor-CoreUObject.dll!UnknownFunction (0x00007ffe20729af4) + 0 bytes [UnknownFile:0]
UE4Editor-CoreUObject.dll!UnknownFunction (0x00007ffe208081c6) + 0 bytes [UnknownFile:0]
UE4Editor-Engine.dll!UnknownFunction (0x00007ffe186d0851) + 0 bytes [UnknownFile:0]
UE4Editor-Engine.dll!UnknownFunction (0x00007ffe18636bf8) + 0 bytes [UnknownFile:0]
UE4Editor-Engine.dll!UnknownFunction (0x00007ffe1868304c) + 0 bytes [UnknownFile:0]
UE4Editor-Engine.dll!UnknownFunction (0x00007ffe189e4f97) + 0 bytes [UnknownFile:0]
UE4Editor-Engine.dll!UnknownFunction (0x00007ffe189eff43) + 0 bytes [UnknownFile:0]
UE4Editor-UnrealEd.dll!UnknownFunction (0x00007ffe1db5a12b) + 0 bytes [UnknownFile:0]
UE4Editor-UnrealEd.dll!UnknownFunction (0x00007ffe1db536f8) + 0 bytes [UnknownFile:0]
UE4Editor-UnrealEd.dll!UnknownFunction (0x00007ffe1db2b703) + 0 bytes [UnknownFile:0]
UE4Editor-UnrealEd.dll!UnknownFunction (0x00007ffe1d618a5a) + 0 bytes [UnknownFile:0]
UE4Editor-UnrealEd.dll!UnknownFunction (0x00007ffe1d631ee3) + 0 bytes [UnknownFile:0]
UE4Editor-UnrealEd.dll!UnknownFunction (0x00007ffe1d377e53) + 0 bytes [UnknownFile:0]
UE4Editor-UnrealEd.dll!UnknownFunction (0x00007ffe1d820686) + 0 bytes [UnknownFile:0]
UE4Editor.exe!FEngineLoop::Tick() (0x00007ff6e12dcd94) + 0 bytes [d:\buildfarm\buildmachine_++depot+ue4-releases+4.6\engine\source\runtime\launch\private\launchengineloop.cpp:2214]
UE4Editor.exe!GuardedMain() (0x00007ff6e12d089f) + 0 bytes [d:\buildfarm\buildmachine_++depot+ue4-releases+4.6\engine\source\runtime\launch\private\launch.cpp:131]
UE4Editor.exe!GuardedMainWrapper() (0x00007ff6e12d090a) + 5 bytes [d:\buildfarm\buildmachine_++depot+ue4-releases+4.6\engine\source\runtime\launch\private\windows\launchwindows.cpp:126]
UE4Editor.exe!WinMain() (0x00007ff6e12de3d9) + 17 bytes [d:\buildfarm\buildmachine_++depot+ue4-releases+4.6\engine\source\runtime\launch\private\windows\launchwindows.cpp:202]
UE4Editor.exe!__tmainCRTStartup() (0x00007ff6e12df319) + 21 bytes [f:\dd\vctools\crt\crtw32\dllstuff\crtexe.c:618]
KERNEL32.DLL!UnknownFunction (0x00007ffe3b0516ad) + 0 bytes [UnknownFile:0]
ntdll.dll!UnknownFunction (0x00007ffe3b1f4409) + 0 bytes [UnknownFile:0]
ntdll.dll!UnknownFunction (0x00007ffe3b1f4409) + 0 bytes [UnknownFile:0]


[2014.12.11-03.56.35:001][538]LogExit: Executing StaticShutdownAfterError
[2014.12.11-03.56.35:010][538]LogWindows: FPlatformMisc::RequestExit(1)
[2014.12.11-03.56.35:010][538]Log file closed, 12/11/14 03:56:35
