Log file open, 12/09/14 20:12:20
LogInit:Display: Running engine for game: AsteroidMiner
LogInit: Version: 4.6.0-2369412+++depot+UE4-Releases+4.6
LogInit: API Version: 2369412
LogInit: Compiled (64-bit): Nov 24 2014 21:54:04
LogInit: Compiled with Visual C++: 18.00.21005.01
LogInit: Build Configuration: Development
LogInit: Branch Name: ++depot+UE4-Releases+4.6
LogInit: Command line:  
LogInit: Base directory: C:/Program Files/Epic Games/4.6/Engine/Binaries/Win64/
LogInit: Rocket: 1
[2014.12.09-20.12.20:992][  0]LogTaskGraph: Started task graph with 3 named threads and 6 total threads.
[2014.12.09-20.12.21:052][  0]LogOnline:Warning: No default platform service specified for OnlineSubsystem
[2014.12.09-20.12.21:093][  0]LogInit: Presizing for 0 objects not considered by GC, pre-allocating 0 bytes.
[2014.12.09-20.12.21:108][  0]LogInit: Object subsystem initialized
[2014.12.09-20.12.21:111][  0]LogConsoleResponse:Warning: Skipping Unknown console variable: 'UIScaleCurve = (EditorCurveData=(Keys=((Time=480.000000,Value=0.444000),(Time=720.000000,Value=0.666000),(Time=1080.000000,Value=1.000000),(Time=8640.000000,Value=8.000000))),ExternalCurve=None)'
[2014.12.09-20.12.21:111][  0]LogConsoleResponse:Warning:   Found in ini file 'E:/Other Files/UnrealEngine_4.5/Projects/AsteroidMiner4.6/Saved/Config/Windows/Engine.ini', in section '[/Script/Engine.RendererSettings]'
[2014.12.09-20.12.21:111][  0]LogConsoleManager:Warning: Console variable 'r.MSAA.CompositingSampleCount' wasn't set (Priority ProjectSetting < Scalability)
[2014.12.09-20.12.21:112][  0]LogInit: Selected Device Profile: [Windows]
[2014.12.09-20.12.21:112][  0]LogInit: Applying CVar settings loaded from the selected device profile: [Windows]
[2014.12.09-20.12.21:144][  0]LogInit: Computer: LLOYDS_PC
[2014.12.09-20.12.21:144][  0]LogInit: User: 10021000
[2014.12.09-20.12.21:144][  0]LogInit: CPU Page size=4096, Cores=4
[2014.12.09-20.12.21:144][  0]LogInit: High frequency timer resolution =2.337877 MHz
[2014.12.09-20.12.21:144][  0]LogMemory: Memory total: Physical=5.9GB (6GB approx) Virtual=131072.0GB
[2014.12.09-20.12.21:145][  0]LogMemory: Platform Memory Stats for Windows
[2014.12.09-20.12.21:145][  0]LogMemory: Process Physical Memory: 47.18 MB used, 47.18 MB peak
[2014.12.09-20.12.21:145][  0]LogMemory: Process Virtual Memory: 23.12 MB used, 24.41 MB peak
[2014.12.09-20.12.21:145][  0]LogMemory: Physical Memory: 2783.84 MB used, 6077.92 MB total
[2014.12.09-20.12.21:145][  0]LogMemory: Virtual Memory: 268.73 MB used, 134217728.00 MB total
[2014.12.09-20.12.21:193][  0]LogD3D11RHI: Found D3D11 adapter 0: NVIDIA GeForce GTX 680 (Feature Level 11_0)
[2014.12.09-20.12.21:193][  0]LogD3D11RHI: Adapter has 1985MB of dedicated video memory, 0MB of dedicated system memory, and 2048MB of shared system memory, 2 output[s]
[2014.12.09-20.12.21:198][  0]LogD3D11RHI: Found D3D11 adapter 1: Microsoft Basic Render Driver (Feature Level 11_0)
[2014.12.09-20.12.21:198][  0]LogD3D11RHI: Adapter has 0MB of dedicated video memory, 0MB of dedicated system memory, and 256MB of shared system memory, 0 output[s]
[2014.12.09-20.12.21:198][  0]LogD3D11RHI: Chosen D3D11 Adapter Id = 0
[2014.12.09-20.12.21:207][  0]LogRHI: Texture pool is 1361 MB (70% of 1945 MB)
[2014.12.09-20.12.21:227][  0]LogD3D11RHI: Async texture creation enabled
[2014.12.09-20.12.21:312][  0]LogTextLocalizationManager: The requested culture ('en_GB') has no localization data; parent culture's ('en') localization data will be used.
[2014.12.09-20.12.21:572][  0]LogContentStreaming: Texture pool size is 0.000000MB
[2014.12.09-20.12.31:654][  0]LogTargetPlatformManager:Display: Building Assets For Windows
[2014.12.09-20.12.32:518][  0]LogTargetPlatformManager:Display: Building Assets For Windows
[2014.12.09-20.12.32:618][  0]LogDerivedDataCache:Display: Max Cache Size: 512 MB
[2014.12.09-20.12.32:791][  0]LogDerivedDataCache: Loaded boot cache 0.17s 39MB C:/Users/10021_000/AppData/Local/UnrealEngine/4.6/DerivedDataCache/Boot.ddc.
[2014.12.09-20.12.32:791][  0]LogDerivedDataCache:Display: Loaded Boot cache: C:/Users/10021_000/AppData/Local/UnrealEngine/4.6/DerivedDataCache/Boot.ddc
[2014.12.09-20.12.32:793][  0]LogDerivedDataCache: FDerivedDataBackendGraph:  Pak pak cache file E:/Other Files/UnrealEngine_4.5/Projects/AsteroidMiner4.6/DerivedDataCache/DDC.ddp not found, will not use a pak cache.
[2014.12.09-20.12.32:793][  0]LogDerivedDataCache: Unable to find inner node Pak for hierarchical cache Hierarchy.
[2014.12.09-20.12.32:904][  0]LogDerivedDataCache:Display: Pak cache opened for reading ../../../Engine/DerivedDataCache/DDC.ddp.
[2014.12.09-20.12.32:919][  0]LogDerivedDataCache: Using Local data cache path C:/Users/10021_000/AppData/Local/UnrealEngine/Common/DerivedDataCache: Writable
[2014.12.09-20.12.33:187][  0]LogCollisionProfile:Warning: Profile (Trigger) - Custom Channel Name = 'Projectile' hasn't been found
[2014.12.09-20.12.33:187][  0]LogCollisionProfile:Warning: Profile (UI) - Custom Channel Name = 'Weapon' hasn't been found
[2014.12.09-20.12.33:187][  0]LogCollisionProfile:Warning: Profile (Projectile) ObjectTypeName (Projectile) is invalid. 
[2014.12.09-20.12.33:485][  0]LogMeshUtilities: No automatic mesh reduction module available
[2014.12.09-20.12.33:485][  0]LogMeshUtilities: No automatic mesh merging module available
[2014.12.09-20.12.34:370][  0]LogInit: WinSock: version 1.1 (2.2), MaxSocks=32767, MaxUdp=65467
[2014.12.09-20.12.34:497][  0]LogSlate:Warning: Failed to load font data from '../../../Engine/Content/Slate/Fonts/Roboto-Italic.ttf'
[2014.12.09-20.12.36:120][  0]UdpMessaging: Initializing bridge on interface 0.0.0.0:0 to multicast group 230.0.0.1:6666.
[2014.12.09-20.12.36:400][  0]LogDirectoryWatcher:Warning: Failed to begin reading directory changes for E:/Other Files/UnrealEngine_4.5/Projects/AsteroidMiner4.6/Binaries/Win64. Error: 0
[2014.12.09-20.12.36:731][  0]SourceControl: Info Source control is disabled
[2014.12.09-20.12.36:731][  0]SourceControl: Info Source control is disabled
[2014.12.09-20.12.36:743][  0]SourceControl: Info Source control is disabled
[2014.12.09-20.12.36:994][  0]LogObj: 23754 objects as part of root set at end of initial load.
[2014.12.09-20.12.36:994][  0]LogUObjectAllocator: 5168128 out of 0 bytes used by permanent object pool.
[2014.12.09-20.12.37:086][  0]LogEngine: Initializing Engine...
[2014.12.09-20.12.37:397][  0]LogInit: XAudio2 using '37'' TFT-TV-4 (NVIDIA High Definition Audio)' : 2 channels at 48 kHz using 16 bits per sample (channel mask 0x3)
[2014.12.09-20.12.37:410][  0]LogInit: FAudioDevice initialized.
[2014.12.09-20.12.37:447][  0]LogAIModule: Creating AISystem for world NewWorld
[2014.12.09-20.12.37:525][  0]LogDerivedDataCache: Saved boot cache 0.08s 39MB C:/Users/10021_000/AppData/Local/UnrealEngine/4.6/DerivedDataCache/Boot.ddc.
[2014.12.09-20.12.37:591][  0]LogInit: Texture streaming: Enabled
[2014.12.09-20.12.37:649][  0]LogAnalytics: Creating configured Analytics provider AnalyticsET
[2014.12.09-20.12.37:649][  0]LogAnalytics: ET APIKey = Rocket.Release. APIServer = http://et2.epicgames.com/ET2/. AppVersion = 4.6.0-2369412+++depot+UE4-Releases+4.6
[2014.12.09-20.12.37:651][  0]LogAnalytics: SetUserId a29c071cf10a93fac0ff457d50595e17
[2014.12.09-20.12.37:651][  0]LogAnalytics: AnalyticsET::StartSession [Rocket.Release]
[2014.12.09-20.12.37:676][  0]LogInit: Transaction tracking system initialized
[2014.12.09-20.12.37:869][  0]BlueprintLog: New page: Editor Load
[2014.12.09-20.12.37:922][  0]LogAssetRegistry: FAssetRegistry took 0.0113 seconds to start up
[2014.12.09-20.12.37:923][  0]LogDirectoryWatcher:Warning: Failed to begin reading directory changes for ../../../Engine/Plugins/Experimental/CharacterAI/Content/. Error: 0
[2014.12.09-20.12.38:929][  0]LogTargetPlatformManager:Display: Building Assets For Windows
[2014.12.09-20.12.39:722][  0]LogTargetPlatformManager:Display: Building Assets For Windows
[2014.12.09-20.12.40:083][  0]LogConsoleResponse:Display: 
[2014.12.09-20.12.40:176][  0]LogLinker:Warning: Asset '../../../Engine/Content/Functions/Engine_MaterialFunctions03/Procedurals/ComputeFilterWidth.uasset' has been saved with empty engine version. The asset will be loaded but may be incompatible.
[2014.12.09-20.12.40:539][  0]SourceControl: Info Source control is disabled
[2014.12.09-20.12.40:539][  0]Cmd: MAP LOAD FILE="E:/Other Files/UnrealEngine_4.5/Projects/AsteroidMiner4.6/Content/Maps/AsteroidMiner.umap" TEMPLATE=0 SHOWPROGRESS=1
[2014.12.09-20.12.40:545][  0]LightingResults: New page: Lighting Build
[2014.12.09-20.12.40:561][  0]MapCheck: New page: Map Check
[2014.12.09-20.12.40:561][  0]LightingResults: New page: Lighting Build
[2014.12.09-20.12.40:579][  0]LogParticles: Destroying 0 GPU particle simulations for FXSystem 0x00000020BCEFD940
[2014.12.09-20.12.40:803][  0]LogLinker:Warning: Asset 'E:/Other Files/UnrealEngine_4.5/Projects/AsteroidMiner4.6/Content/Materials/M_SkyBox.uasset' has been saved with empty engine version. The asset will be loaded but may be incompatible.
[2014.12.09-20.12.40:805][  0]LogLinker:Warning: Asset 'E:/Other Files/UnrealEngine_4.5/Projects/AsteroidMiner4.6/Content/Textures/HighResSkyBox.uasset' has been saved with empty engine version. The asset will be loaded but may be incompatible.
[2014.12.09-20.12.41:667][  0]LogLinker:Warning: Asset 'E:/Other Files/UnrealEngine_4.5/Projects/AsteroidMiner4.6/Content/Meshes/DetailedSun.uasset' has been saved with empty engine version. The asset will be loaded but may be incompatible.
[2014.12.09-20.12.41:670][  0]LogLinker:Warning: Asset 'E:/Other Files/UnrealEngine_4.5/Projects/AsteroidMiner4.6/Content/Materials/M_Sun.uasset' has been saved with empty engine version. The asset will be loaded but may be incompatible.
[2014.12.09-20.12.41:676][  0]LogLinker:Warning: Asset 'E:/Other Files/UnrealEngine_4.5/Projects/AsteroidMiner4.6/Content/Textures/T_Fire.uasset' has been saved with empty engine version. The asset will be loaded but may be incompatible.
[2014.12.09-20.12.42:357][  0]LogLinker:Warning: Asset 'E:/Other Files/UnrealEngine_4.5/Projects/AsteroidMiner4.6/Content/Blueprints/Objects/B_Asteroid.uasset' has been saved with empty engine version. The asset will be loaded but may be incompatible.
[2014.12.09-20.12.42:361][  0]LogLinker:Warning: Asset 'E:/Other Files/UnrealEngine_4.5/Projects/AsteroidMiner4.6/Content/Meshes/Rock.uasset' has been saved with empty engine version. The asset will be loaded but may be incompatible.
[2014.12.09-20.12.42:364][  0]LogLinker:Warning: Asset 'E:/Other Files/UnrealEngine_4.5/Projects/AsteroidMiner4.6/Content/Materials/M_Asteroid.uasset' has been saved with empty engine version. The asset will be loaded but may be incompatible.
[2014.12.09-20.12.42:429][  0]LogLinker:Warning: Asset 'E:/Other Files/UnrealEngine_4.5/Projects/AsteroidMiner4.6/Content/Materials/Outliner/PP_Outliner_Inst.uasset' has been saved with empty engine version. The asset will be loaded but may be incompatible.
[2014.12.09-20.12.42:431][  0]LogLinker:Warning: Asset 'E:/Other Files/UnrealEngine_4.5/Projects/AsteroidMiner4.6/Content/Materials/Outliner/PP_Outliner_M.uasset' has been saved with empty engine version. The asset will be loaded but may be incompatible.
[2014.12.09-20.12.42:440][  0]LogLinker:Warning: Asset 'E:/Other Files/UnrealEngine_4.5/Projects/AsteroidMiner4.6/Content/Materials/Outliner/MF_ConvolveTexture.uasset' has been saved with empty engine version. The asset will be loaded but may be incompatible.
[2014.12.09-20.12.42:452][  0]LogLinker:Warning: Asset 'E:/Other Files/UnrealEngine_4.5/Projects/AsteroidMiner4.6/Content/Materials/Outliner/MF_ExtractDepth.uasset' has been saved with empty engine version. The asset will be loaded but may be incompatible.
[2014.12.09-20.12.42:458][  0]LogLinker:Warning: Asset 'E:/Other Files/UnrealEngine_4.5/Projects/AsteroidMiner4.6/Content/Materials/Outliner/MF_SampleSceneTextureNeighbourUVs.uasset' has been saved with empty engine version. The asset will be loaded but may be incompatible.
[2014.12.09-20.12.42:549][  0]LogBlueprint:Warning: [compiler] Warning  Remove from Viewport  is deprecated; Use RemoveFromParent instead
[2014.12.09-20.12.42:552][  0]LogBlueprint:Warning: [compiler] Warning [0024.88] Compile of GameOverWidget successful, but with 1 Warning(s) [in 10 ms]
[2014.12.09-20.12.42:556][  0]LogBlueprint:Warning: [compiler] Warning  Remove from Viewport  is deprecated; Use RemoveFromParent instead
[2014.12.09-20.12.42:558][  0]LogBlueprint:Warning: [compiler] Warning [0024.89] Compile of GameOverWidget successful, but with 1 Warning(s) [in 3 ms]
[2014.12.09-20.12.42:558][  0]LogBlueprint:Warning: [compiler] Warning [0024.89] Compile of GameOverWidget successful, but with 2 Warning(s) [in 0 ms]
[2014.12.09-20.12.42:605][  0]LogBlueprint:Warning: [compiler] Warning  Remove from Viewport  is deprecated; Use RemoveFromParent instead
[2014.12.09-20.12.42:607][  0]LogBlueprint:Warning: [compiler] Warning [0024.94] Compile of PauseMenuWidget successful, but with 1 Warning(s) [in 8 ms]
[2014.12.09-20.12.42:612][  0]LogBlueprint:Warning: [compiler] Warning  Remove from Viewport  is deprecated; Use RemoveFromParent instead
[2014.12.09-20.12.42:614][  0]LogBlueprint:Warning: [compiler] Warning [0024.95] Compile of PauseMenuWidget successful, but with 1 Warning(s) [in 4 ms]
[2014.12.09-20.12.42:614][  0]LogBlueprint:Warning: [compiler] Warning [0024.95] Compile of PauseMenuWidget successful, but with 2 Warning(s) [in 0 ms]
[2014.12.09-20.12.44:443][  0]LogEditorServer: Finished looking for orphan Actors (0.000 secs)
[2014.12.09-20.12.44:444][  0]LogAIModule: Creating AISystem for world AsteroidMiner
[2014.12.09-20.12.44:445][  0]Cmd: MAP CHECKDEP
[2014.12.09-20.12.44:445][  0]MapCheck: New page: AsteroidMiner - 9 Dec 2014 20:12:44
[2014.12.09-20.12.44:762][  0]MapCheck: Info Map check complete: 0 Error(s), 0 Warning(s), took 316.893ms to complete.
[2014.12.09-20.12.44:762][  0]LogFileHelpers: Loading map 'AsteroidMiner' took 4.223
[2014.12.09-20.12.44:893][  0]LogCollectionManager: Loaded 0 collections in 0.002713 seconds
[2014.12.09-20.12.45:090][  0]LogCrashTracker: Crashtracker disabled due to settings.
[2014.12.09-20.12.45:100][  0]LogUObjectGlobals:Warning: Failed to find object 'Class None.'
[2014.12.09-20.12.45:137][  0]LogLoad: Full Startup: 27.47 seconds (BP compile: 1.25 seconds)
[2014.12.09-20.12.45:487][  0]LogContentBrowser:Verbose: The content browser source was changed by the sources view to '/Game/Blueprints/AI'
[2014.12.09-20.12.45:823][  0]LogRenderer:Warning: Reallocating scene render targets to support 768x872.
[2014.12.09-20.12.47:452][  5]LogAssetRegistry: Asset discovery search completed in 9.5409 seconds
[2014.12.09-20.12.47:471][  5]LogAnalytics: Event Editor.Usage.AssetClasses has too many attributes (41). May be truncated at the collector.
[2014.12.09-20.13.06:008][249]BlueprintLog: New page: Pre-PIE auto-recompile
[2014.12.09-20.13.06:008][249]LogPlayLevel: [PIE] Compiling AsteroidMiner before PIE...
[2014.12.09-20.13.06:802][249]LogPlayLevel: PIE:  Blueprint regeneration took 794 ms (1 blueprints)
[2014.12.09-20.13.06:802][249]PIE: New page: PIE session: AsteroidMiner (9 Dec 2014 20:13:06)
[2014.12.09-20.13.06:847][249]LogPlayLevel: PIE: StaticDuplicateObject took: (0.044722s)
[2014.12.09-20.13.06:849][249]LogPlayLevel: PIE: World Init took: (0.001234s)
[2014.12.09-20.13.06:849][249]LogPlayLevel: PIE: Created PIE world by copying editor world from /Game/Maps/AsteroidMiner.AsteroidMiner to /Game/Maps/UEDPIE_0_AsteroidMiner.AsteroidMiner (0.046258s)
[2014.12.09-20.13.06:900][249]LogWorld: Game class is 'AsteroidMinerGameMode_C'
[2014.12.09-20.13.06:904][249]LogAIModule: Creating AISystem for world AsteroidMiner
[2014.12.09-20.13.06:905][249]LogWorld: Bringing World /Game/Maps/UEDPIE_0_AsteroidMiner.AsteroidMiner up for play (max tick rate 0) at 2014.12.09-20.13.06
[2014.12.09-20.13.06:907][249]LogWorld: Bringing up level for play took: 0.002491
[2014.12.09-20.13.06:910][249]PIE: Info Play in editor start time for /Game/Maps/UEDPIE_0_AsteroidMiner 1.743
[2014.12.09-20.13.08:453][301]LogOutputDevice:Warning: 

Script Stack:
DebugHud_C.ExecuteUbergraph_DebugHud
DebugHud_C.ReceiveHitBoxRelease

[2014.12.09-20.13.08:454][301]LogWindows:Error: Windows GetLastError: The operation completed successfully. (0)
[2014.12.09-20.13.08:454][301]LogCrashTracker: 


[2014.12.09-20.13.09:029][301]LogCrashTracker: 


[2014.12.09-20.13.09:030][301]LogWindows: === Critical error: ===
Assertion failed: Cast<UBehaviorTreeComponent>(BTNode.GetOuter()) [File:D:\BuildFarm\buildmachine_++depot+UE4-Releases+4.6\Engine\Source\Runtime\AIModule\Private\BehaviorTree\BTFunctionLibrary.cpp] [Line: 15] 



KERNELBASE.dll!UnknownFunction (0x00007ffd334a606c) + 0 bytes [UnknownFile:0]
UE4Editor-Core.dll!UnknownFunction (0x00007ffd18a42f6d) + 0 bytes [UnknownFile:0]
UE4Editor-Core.dll!UnknownFunction (0x00007ffd188d60e8) + 0 bytes [UnknownFile:0]
UE4Editor-Core.dll!UnknownFunction (0x00007ffd188b9182) + 0 bytes [UnknownFile:0]
UE4Editor-AIModule.dll!UnknownFunction (0x00007ffd17d07f2c) + 0 bytes [UnknownFile:0]
UE4Editor-AIModule.dll!UnknownFunction (0x00007ffd17d2ac32) + 0 bytes [UnknownFile:0]
UE4Editor-CoreUObject.dll!UnknownFunction (0x00007ffd1b3b9af4) + 0 bytes [UnknownFile:0]
UE4Editor-CoreUObject.dll!UnknownFunction (0x00007ffd1b47943f) + 0 bytes [UnknownFile:0]
UE4Editor-CoreUObject.dll!UnknownFunction (0x00007ffd1b4973bd) + 0 bytes [UnknownFile:0]
UE4Editor-CoreUObject.dll!UnknownFunction (0x00007ffd1b498a5e) + 0 bytes [UnknownFile:0]
UE4Editor-CoreUObject.dll!UnknownFunction (0x00007ffd1b47999a) + 0 bytes [UnknownFile:0]
UE4Editor-CoreUObject.dll!UnknownFunction (0x00007ffd1b4bbd74) + 0 bytes [UnknownFile:0]
UE4Editor-CoreUObject.dll!UnknownFunction (0x00007ffd1b498a5e) + 0 bytes [UnknownFile:0]
UE4Editor-CoreUObject.dll!UnknownFunction (0x00007ffd1b3b9af4) + 0 bytes [UnknownFile:0]
UE4Editor-CoreUObject.dll!UnknownFunction (0x00007ffd1b4981c6) + 0 bytes [UnknownFile:0]
UE4Editor-Engine.dll!UnknownFunction (0x00007ffd12ef0851) + 0 bytes [UnknownFile:0]
UE4Editor-Engine.dll!UnknownFunction (0x00007ffd13d3d6e5) + 0 bytes [UnknownFile:0]
UE4Editor-Engine.dll!UnknownFunction (0x00007ffd131ccce5) + 0 bytes [UnknownFile:0]
UE4Editor-Engine.dll!UnknownFunction (0x00007ffd13380a69) + 0 bytes [UnknownFile:0]
UE4Editor-Engine.dll!UnknownFunction (0x00007ffd130e9e33) + 0 bytes [UnknownFile:0]
UE4Editor-Engine.dll!UnknownFunction (0x00007ffd13b545c5) + 0 bytes [UnknownFile:0]
UE4Editor-Slate.dll!UnknownFunction (0x00007ffd1845d8fb) + 0 bytes [UnknownFile:0]
UE4Editor-Slate.dll!UnknownFunction (0x00007ffd183497bc) + 0 bytes [UnknownFile:0]
UE4Editor-Slate.dll!UnknownFunction (0x00007ffd18307347) + 0 bytes [UnknownFile:0]
UE4Editor-Slate.dll!UnknownFunction (0x00007ffd183ab2e0) + 0 bytes [UnknownFile:0]
UE4Editor-Slate.dll!UnknownFunction (0x00007ffd1839c226) + 0 bytes [UnknownFile:0]
UE4Editor-Core.dll!UnknownFunction (0x00007ffd189ae9d9) + 0 bytes [UnknownFile:0]
UE4Editor-Core.dll!UnknownFunction (0x00007ffd1899a1eb) + 0 bytes [UnknownFile:0]
UE4Editor-Core.dll!UnknownFunction (0x00007ffd189afbab) + 0 bytes [UnknownFile:0]
UE4Editor-Core.dll!UnknownFunction (0x00007ffd18996ce2) + 0 bytes [UnknownFile:0]
USER32.dll!UnknownFunction (0x00007ffd34e02434) + 0 bytes [UnknownFile:0]
USER32.dll!UnknownFunction (0x00007ffd34e02297) + 0 bytes [UnknownFile:0]
UE4Editor-Core.dll!UnknownFunction (0x00007ffd189b0066) + 0 bytes [UnknownFile:0]
UE4Editor.exe!FEngineLoop::Tick() (0x00007ff674f4cbda) + 8 bytes [d:\buildfarm\buildmachine_++depot+ue4-releases+4.6\engine\source\runtime\launch\private\launchengineloop.cpp:2193]
UE4Editor.exe!GuardedMain() (0x00007ff674f4089f) + 0 bytes [d:\buildfarm\buildmachine_++depot+ue4-releases+4.6\engine\source\runtime\launch\private\launch.cpp:131]
UE4Editor.exe!GuardedMainWrapper() (0x00007ff674f4090a) + 5 bytes [d:\buildfarm\buildmachine_++depot+ue4-releases+4.6\engine\source\runtime\launch\private\windows\launchwindows.cpp:126]
UE4Editor.exe!WinMain() (0x00007ff674f4e3d9) + 17 bytes [d:\buildfarm\buildmachine_++depot+ue4-releases+4.6\engine\source\runtime\launch\private\windows\launchwindows.cpp:202]
UE4Editor.exe!__tmainCRTStartup() (0x00007ff674f4f319) + 21 bytes [f:\dd\vctools\crt\crtw32\dllstuff\crtexe.c:618]
KERNEL32.DLL!UnknownFunction (0x00007ffd356816ad) + 0 bytes [UnknownFile:0]
ntdll.dll!UnknownFunction (0x00007ffd35ed4409) + 0 bytes [UnknownFile:0]
ntdll.dll!UnknownFunction (0x00007ffd35ed4409) + 0 bytes [UnknownFile:0]


[2014.12.09-20.13.09:328][301]LogExit: Executing StaticShutdownAfterError
[2014.12.09-20.13.09:336][301]LogWindows: FPlatformMisc::RequestExit(1)
[2014.12.09-20.13.09:336][301]Log file closed, 12/09/14 20:13:09
