Log file open, 12/10/14 16:35:08
LogInit:Display: Running engine for game: AsteroidMiner
LogInit: Version: 4.6.0-2369412+++depot+UE4-Releases+4.6
LogInit: API Version: 2369412
LogInit: Compiled (64-bit): Nov 24 2014 21:54:04
LogInit: Compiled with Visual C++: 18.00.21005.01
LogInit: Build Configuration: Development
LogInit: Branch Name: ++depot+UE4-Releases+4.6
LogInit: Command line:  
LogInit: Base directory: C:/Program Files/Epic Games/4.6/Engine/Binaries/Win64/
LogInit: Rocket: 1
[2014.12.10-16.35.08:642][  0]LogTaskGraph: Started task graph with 3 named threads and 6 total threads.
[2014.12.10-16.35.08:703][  0]LogOnline:Warning: No default platform service specified for OnlineSubsystem
[2014.12.10-16.35.08:737][  0]LogInit: Presizing for 0 objects not considered by GC, pre-allocating 0 bytes.
[2014.12.10-16.35.08:754][  0]LogInit: Object subsystem initialized
[2014.12.10-16.35.08:757][  0]LogConsoleResponse:Warning: Skipping Unknown console variable: 'UIScaleCurve = (EditorCurveData=(Keys=((Time=480.000000,Value=0.444000),(Time=720.000000,Value=0.666000),(Time=1080.000000,Value=1.000000),(Time=8640.000000,Value=8.000000))),ExternalCurve=None)'
[2014.12.10-16.35.08:757][  0]LogConsoleResponse:Warning:   Found in ini file 'E:/Other Files/UnrealEngine_4.5/Projects/AsteroidMiner4.6/Saved/Config/Windows/Engine.ini', in section '[/Script/Engine.RendererSettings]'
[2014.12.10-16.35.08:758][  0]LogConsoleManager:Warning: Console variable 'r.MSAA.CompositingSampleCount' wasn't set (Priority ProjectSetting < Scalability)
[2014.12.10-16.35.08:758][  0]LogInit: Selected Device Profile: [Windows]
[2014.12.10-16.35.08:758][  0]LogInit: Applying CVar settings loaded from the selected device profile: [Windows]
[2014.12.10-16.35.08:791][  0]LogInit: Computer: LLOYDS_PC
[2014.12.10-16.35.08:791][  0]LogInit: User: 10021000
[2014.12.10-16.35.08:791][  0]LogInit: CPU Page size=4096, Cores=4
[2014.12.10-16.35.08:791][  0]LogInit: High frequency timer resolution =2.337877 MHz
[2014.12.10-16.35.08:791][  0]LogMemory: Memory total: Physical=5.9GB (6GB approx) Virtual=131072.0GB
[2014.12.10-16.35.08:792][  0]LogMemory: Platform Memory Stats for Windows
[2014.12.10-16.35.08:792][  0]LogMemory: Process Physical Memory: 47.30 MB used, 47.30 MB peak
[2014.12.10-16.35.08:792][  0]LogMemory: Process Virtual Memory: 23.05 MB used, 24.36 MB peak
[2014.12.10-16.35.08:792][  0]LogMemory: Physical Memory: 2525.35 MB used, 6077.92 MB total
[2014.12.10-16.35.08:792][  0]LogMemory: Virtual Memory: 272.18 MB used, 134217728.00 MB total
[2014.12.10-16.35.08:841][  0]LogD3D11RHI: Found D3D11 adapter 0: NVIDIA GeForce GTX 680 (Feature Level 11_0)
[2014.12.10-16.35.08:841][  0]LogD3D11RHI: Adapter has 1985MB of dedicated video memory, 0MB of dedicated system memory, and 2048MB of shared system memory, 2 output[s]
[2014.12.10-16.35.08:843][  0]LogD3D11RHI: Found D3D11 adapter 1: Microsoft Basic Render Driver (Feature Level 11_0)
[2014.12.10-16.35.08:843][  0]LogD3D11RHI: Adapter has 0MB of dedicated video memory, 0MB of dedicated system memory, and 256MB of shared system memory, 0 output[s]
[2014.12.10-16.35.08:843][  0]LogD3D11RHI: Chosen D3D11 Adapter Id = 0
[2014.12.10-16.35.08:852][  0]LogRHI: Texture pool is 1361 MB (70% of 1945 MB)
[2014.12.10-16.35.08:874][  0]LogD3D11RHI: Async texture creation enabled
[2014.12.10-16.35.08:960][  0]LogTextLocalizationManager: The requested culture ('en_GB') has no localization data; parent culture's ('en') localization data will be used.
[2014.12.10-16.35.09:214][  0]LogContentStreaming: Texture pool size is 0.000000MB
[2014.12.10-16.35.18:897][  0]LogTargetPlatformManager:Display: Building Assets For Windows
[2014.12.10-16.35.19:718][  0]LogTargetPlatformManager:Display: Building Assets For Windows
[2014.12.10-16.35.19:811][  0]LogDerivedDataCache:Display: Max Cache Size: 512 MB
[2014.12.10-16.35.19:960][  0]LogDerivedDataCache: Loaded boot cache 0.15s 39MB C:/Users/10021_000/AppData/Local/UnrealEngine/4.6/DerivedDataCache/Boot.ddc.
[2014.12.10-16.35.19:960][  0]LogDerivedDataCache:Display: Loaded Boot cache: C:/Users/10021_000/AppData/Local/UnrealEngine/4.6/DerivedDataCache/Boot.ddc
[2014.12.10-16.35.19:962][  0]LogDerivedDataCache: FDerivedDataBackendGraph:  Pak pak cache file E:/Other Files/UnrealEngine_4.5/Projects/AsteroidMiner4.6/DerivedDataCache/DDC.ddp not found, will not use a pak cache.
[2014.12.10-16.35.19:962][  0]LogDerivedDataCache: Unable to find inner node Pak for hierarchical cache Hierarchy.
[2014.12.10-16.35.20:065][  0]LogDerivedDataCache:Display: Pak cache opened for reading ../../../Engine/DerivedDataCache/DDC.ddp.
[2014.12.10-16.35.20:081][  0]LogDerivedDataCache: Using Local data cache path C:/Users/10021_000/AppData/Local/UnrealEngine/Common/DerivedDataCache: Writable
[2014.12.10-16.35.20:340][  0]LogCollisionProfile:Warning: Profile (Trigger) - Custom Channel Name = 'Projectile' hasn't been found
[2014.12.10-16.35.20:340][  0]LogCollisionProfile:Warning: Profile (UI) - Custom Channel Name = 'Weapon' hasn't been found
[2014.12.10-16.35.20:340][  0]LogCollisionProfile:Warning: Profile (Projectile) ObjectTypeName (Projectile) is invalid. 
[2014.12.10-16.35.20:624][  0]LogMeshUtilities: No automatic mesh reduction module available
[2014.12.10-16.35.20:624][  0]LogMeshUtilities: No automatic mesh merging module available
[2014.12.10-16.35.21:439][  0]LogInit: WinSock: version 1.1 (2.2), MaxSocks=32767, MaxUdp=65467
[2014.12.10-16.35.21:540][  0]LogSlate:Warning: Failed to load font data from '../../../Engine/Content/Slate/Fonts/Roboto-Italic.ttf'
[2014.12.10-16.35.23:006][  0]UdpMessaging: Initializing bridge on interface 0.0.0.0:0 to multicast group 230.0.0.1:6666.
[2014.12.10-16.35.23:253][  0]LogDirectoryWatcher:Warning: Failed to begin reading directory changes for E:/Other Files/UnrealEngine_4.5/Projects/AsteroidMiner4.6/Binaries/Win64. Error: 0
[2014.12.10-16.35.23:538][  0]SourceControl: Info Source control is disabled
[2014.12.10-16.35.23:538][  0]SourceControl: Info Source control is disabled
[2014.12.10-16.35.23:552][  0]SourceControl: Info Source control is disabled
[2014.12.10-16.35.23:767][  0]LogObj: 23754 objects as part of root set at end of initial load.
[2014.12.10-16.35.23:767][  0]LogUObjectAllocator: 5168128 out of 0 bytes used by permanent object pool.
[2014.12.10-16.35.23:862][  0]LogEngine: Initializing Engine...
[2014.12.10-16.35.24:159][  0]LogInit: XAudio2 using '37'' TFT-TV-4 (NVIDIA High Definition Audio)' : 2 channels at 48 kHz using 16 bits per sample (channel mask 0x3)
[2014.12.10-16.35.24:169][  0]LogInit: FAudioDevice initialized.
[2014.12.10-16.35.24:207][  0]LogAIModule: Creating AISystem for world NewWorld
[2014.12.10-16.35.24:281][  0]LogDerivedDataCache: Saved boot cache 0.07s 39MB C:/Users/10021_000/AppData/Local/UnrealEngine/4.6/DerivedDataCache/Boot.ddc.
[2014.12.10-16.35.24:306][  0]LogInit: Texture streaming: Enabled
[2014.12.10-16.35.24:357][  0]LogAnalytics: Creating configured Analytics provider AnalyticsET
[2014.12.10-16.35.24:358][  0]LogAnalytics: ET APIKey = Rocket.Release. APIServer = http://et2.epicgames.com/ET2/. AppVersion = 4.6.0-2369412+++depot+UE4-Releases+4.6
[2014.12.10-16.35.24:359][  0]LogAnalytics: SetUserId a29c071cf10a93fac0ff457d50595e17
[2014.12.10-16.35.24:359][  0]LogAnalytics: AnalyticsET::StartSession [Rocket.Release]
[2014.12.10-16.35.24:383][  0]LogInit: Transaction tracking system initialized
[2014.12.10-16.35.24:547][  0]BlueprintLog: New page: Editor Load
[2014.12.10-16.35.24:593][  0]LogAssetRegistry: FAssetRegistry took 0.0111 seconds to start up
[2014.12.10-16.35.24:594][  0]LogDirectoryWatcher:Warning: Failed to begin reading directory changes for ../../../Engine/Plugins/Experimental/CharacterAI/Content/. Error: 0
[2014.12.10-16.35.25:544][  0]LogTargetPlatformManager:Display: Building Assets For Windows
[2014.12.10-16.35.26:221][  0]LogTargetPlatformManager:Display: Building Assets For Windows
[2014.12.10-16.35.26:543][  0]LogConsoleResponse:Display: 
[2014.12.10-16.35.26:630][  0]LogLinker:Warning: Asset '../../../Engine/Content/Functions/Engine_MaterialFunctions03/Procedurals/ComputeFilterWidth.uasset' has been saved with empty engine version. The asset will be loaded but may be incompatible.
[2014.12.10-16.35.26:968][  0]SourceControl: Info Source control is disabled
[2014.12.10-16.35.26:968][  0]Cmd: MAP LOAD FILE="E:/Other Files/UnrealEngine_4.5/Projects/AsteroidMiner4.6/Content/Maps/AsteroidMiner.umap" TEMPLATE=0 SHOWPROGRESS=1
[2014.12.10-16.35.26:973][  0]LightingResults: New page: Lighting Build
[2014.12.10-16.35.26:990][  0]MapCheck: New page: Map Check
[2014.12.10-16.35.26:990][  0]LightingResults: New page: Lighting Build
[2014.12.10-16.35.27:007][  0]LogParticles: Destroying 0 GPU particle simulations for FXSystem 0x000000372BA1D940
[2014.12.10-16.35.27:221][  0]LogLinker:Warning: Asset 'E:/Other Files/UnrealEngine_4.5/Projects/AsteroidMiner4.6/Content/Materials/M_SkyBox.uasset' has been saved with empty engine version. The asset will be loaded but may be incompatible.
[2014.12.10-16.35.27:224][  0]LogLinker:Warning: Asset 'E:/Other Files/UnrealEngine_4.5/Projects/AsteroidMiner4.6/Content/Textures/HighResSkyBox.uasset' has been saved with empty engine version. The asset will be loaded but may be incompatible.
[2014.12.10-16.35.28:060][  0]LogLinker:Warning: Asset 'E:/Other Files/UnrealEngine_4.5/Projects/AsteroidMiner4.6/Content/Meshes/DetailedSun.uasset' has been saved with empty engine version. The asset will be loaded but may be incompatible.
[2014.12.10-16.35.28:063][  0]LogLinker:Warning: Asset 'E:/Other Files/UnrealEngine_4.5/Projects/AsteroidMiner4.6/Content/Materials/M_Sun.uasset' has been saved with empty engine version. The asset will be loaded but may be incompatible.
[2014.12.10-16.35.28:068][  0]LogLinker:Warning: Asset 'E:/Other Files/UnrealEngine_4.5/Projects/AsteroidMiner4.6/Content/Textures/T_Fire.uasset' has been saved with empty engine version. The asset will be loaded but may be incompatible.
[2014.12.10-16.35.28:258][  0]LogBlueprint:Warning: [AdjustVelocityBTT] CreatePinForVariable: 'VelocityChange?' variable not found. Base class was probably changed.
[2014.12.10-16.35.28:288][  0]LogBlueprint:Warning: [compiler] Warning Could not find a variable named "VelocityChange?" in 'BotShip_C'.
Make sure 'BotShip_C' has been compiled for  Set VelocityChange? 
[2014.12.10-16.35.28:292][  0]LogBlueprint:Error: [compiler] Error The property associated with  Velocity Change?  could not be found
[2014.12.10-16.35.28:309][  0]LogBlueprint:Warning: [compiler] Warning [0022.75] Compile of AdjustVelocityBTT failed. 1 Fatal Issue(s) 1 Warning(s) [in 51 ms]
[2014.12.10-16.35.28:507][  0]LoadErrors:Error: Error Failed import for BoolProperty
[2014.12.10-16.35.28:887][  0]LogLinker:Warning: Asset 'E:/Other Files/UnrealEngine_4.5/Projects/AsteroidMiner4.6/Content/Blueprints/Objects/B_Asteroid.uasset' has been saved with empty engine version. The asset will be loaded but may be incompatible.
[2014.12.10-16.35.28:892][  0]LogLinker:Warning: Asset 'E:/Other Files/UnrealEngine_4.5/Projects/AsteroidMiner4.6/Content/Meshes/Rock.uasset' has been saved with empty engine version. The asset will be loaded but may be incompatible.
[2014.12.10-16.35.28:894][  0]LogLinker:Warning: Asset 'E:/Other Files/UnrealEngine_4.5/Projects/AsteroidMiner4.6/Content/Materials/M_Asteroid.uasset' has been saved with empty engine version. The asset will be loaded but may be incompatible.
[2014.12.10-16.35.28:912][  0]LoadErrors:Error: Error Failed import for BoolProperty
[2014.12.10-16.35.28:997][  0]LogBlueprint:Warning: [compiler] Warning  Remove from Viewport  is deprecated; Use RemoveFromParent instead
[2014.12.10-16.35.28:999][  0]LogBlueprint:Warning: [compiler] Warning [0023.44] Compile of GameOverWidget successful, but with 1 Warning(s) [in 7 ms]
[2014.12.10-16.35.29:003][  0]LogBlueprint:Warning: [compiler] Warning  Remove from Viewport  is deprecated; Use RemoveFromParent instead
[2014.12.10-16.35.29:005][  0]LogBlueprint:Warning: [compiler] Warning [0023.45] Compile of GameOverWidget successful, but with 1 Warning(s) [in 4 ms]
[2014.12.10-16.35.29:006][  0]LogBlueprint:Warning: [compiler] Warning [0023.45] Compile of GameOverWidget successful, but with 2 Warning(s) [in 0 ms]
[2014.12.10-16.35.29:053][  0]LogBlueprint:Warning: [compiler] Warning  Remove from Viewport  is deprecated; Use RemoveFromParent instead
[2014.12.10-16.35.29:055][  0]LogBlueprint:Warning: [compiler] Warning [0023.50] Compile of PauseMenuWidget successful, but with 1 Warning(s) [in 7 ms]
[2014.12.10-16.35.29:058][  0]LogBlueprint:Warning: [compiler] Warning  Remove from Viewport  is deprecated; Use RemoveFromParent instead
[2014.12.10-16.35.29:060][  0]LogBlueprint:Warning: [compiler] Warning [0023.51] Compile of PauseMenuWidget successful, but with 1 Warning(s) [in 3 ms]
[2014.12.10-16.35.29:060][  0]LogBlueprint:Warning: [compiler] Warning [0023.51] Compile of PauseMenuWidget successful, but with 2 Warning(s) [in 0 ms]
[2014.12.10-16.35.30:682][  0]LogEditorServer: Finished looking for orphan Actors (0.000 secs)
[2014.12.10-16.35.30:682][  0]LogAIModule: Creating AISystem for world AsteroidMiner
[2014.12.10-16.35.30:683][  0]Cmd: MAP CHECKDEP
[2014.12.10-16.35.30:683][  0]MapCheck: New page: AsteroidMiner - 10 Dec 2014 16:35:30
[2014.12.10-16.35.30:940][  0]MapCheck: Info Map check complete: 0 Error(s), 0 Warning(s), took 256.821ms to complete.
[2014.12.10-16.35.30:940][  0]LogFileHelpers: Loading map 'AsteroidMiner' took 3.972
[2014.12.10-16.35.31:079][  0]LogCollectionManager: Loaded 0 collections in 0.004255 seconds
[2014.12.10-16.35.31:264][  0]LogCrashTracker: Crashtracker disabled due to settings.
[2014.12.10-16.35.31:273][  0]LogUObjectGlobals:Warning: Failed to find object 'Class None.'
[2014.12.10-16.35.31:306][  0]LogLoad: Full Startup: 25.75 seconds (BP compile: 1.20 seconds)
[2014.12.10-16.35.31:653][  0]LogContentBrowser:Verbose: The content browser source was changed by the sources view to '/Game/Blueprints/AI/BehaviourTreeTasks'
[2014.12.10-16.35.31:975][  0]LogRenderer:Warning: Reallocating scene render targets to support 944x872.
[2014.12.10-16.35.33:273][  4]LogAssetRegistry: Asset discovery search completed in 8.6911 seconds
[2014.12.10-16.35.33:304][  4]LogAnalytics: Event Editor.Usage.AssetClasses has too many attributes (41). May be truncated at the collector.
[2014.12.10-16.35.46:296][467]LogContentBrowser:Verbose: The content browser source was changed by the sources view to 'None'
[2014.12.10-16.35.46:296][467]LogContentBrowser:Verbose: The content browser source was changed by the sources view to '/Game/Blueprints/AI'
[2014.12.10-16.35.49:339][575]LogContentBrowser:Verbose: The content browser source was changed by the sources view to '/Game/Blueprints/AI/BehaviourTreeTasks'
[2014.12.10-16.35.57:490][777]BlueprintLog: New page: Compile AdjustVelocityBTT
[2014.12.10-16.35.57:855][777]BlueprintEditorCompileResults: Info [0052.30] Compile of AdjustVelocityBTT successful! [in 299 ms]
[2014.12.10-16.36.04:129][972]BlueprintLog: New page: Pre-PIE auto-recompile
[2014.12.10-16.36.04:134][972]LogPlayLevel: [PIE] Compiling Tutorial_BP_MacroLib before PIE...
[2014.12.10-16.36.04:241][972]LogPlayLevel: [PIE] Compiling AsteroidMiner before PIE...
[2014.12.10-16.36.05:052][972]LogPlayLevel: PIE:  Blueprint regeneration took 922 ms (2 blueprints)
[2014.12.10-16.36.05:053][972]PIE: New page: PIE session: AsteroidMiner (10 Dec 2014 16:36:05)
[2014.12.10-16.36.05:100][972]LogPlayLevel: PIE: StaticDuplicateObject took: (0.046476s)
[2014.12.10-16.36.05:101][972]LogPlayLevel: PIE: World Init took: (0.001186s)
[2014.12.10-16.36.05:101][972]LogPlayLevel: PIE: Created PIE world by copying editor world from /Game/Maps/AsteroidMiner.AsteroidMiner to /Game/Maps/UEDPIE_0_AsteroidMiner.AsteroidMiner (0.048126s)
[2014.12.10-16.36.05:169][972]LogWorld: Game class is 'AsteroidMinerGameMode_C'
[2014.12.10-16.36.05:173][972]LogAIModule: Creating AISystem for world AsteroidMiner
[2014.12.10-16.36.05:174][972]LogWorld: Bringing World /Game/Maps/UEDPIE_0_AsteroidMiner.AsteroidMiner up for play (max tick rate 0) at 2014.12.10-16.36.05
[2014.12.10-16.36.05:177][972]LogWorld: Bringing up level for play took: 0.003473
[2014.12.10-16.36.05:182][972]PIE: Info Play in editor start time for /Game/Maps/UEDPIE_0_AsteroidMiner 0.187
[2014.12.10-16.36.05:224][972]LogScript:Warning: Accessed None 'CallFunc_PlaySoundAttached_ReturnValue'
	AsteroidMinerCamera_C /Game/Maps/UEDPIE_0_AsteroidMiner.AsteroidMiner:PersistentLevel.AsteroidMinerCamera_C_0
	Function /Game/Blueprints/GameComponents/AsteroidMinerCamera.AsteroidMinerCamera_C:ExecuteUbergraph_AsteroidMinerCamera:0091
[2014.12.10-16.36.05:224][972]PIE:Error: Error Accessed None 'CallFunc_PlaySoundAttached_ReturnValue' from node Construction Script in blueprint AsteroidMinerCamera
[2014.12.10-16.36.14:394][321]LogParticles: Destroying 0 GPU particle simulations for FXSystem 0x000000372D42F7E0
[2014.12.10-16.36.17:056][424]LogContentBrowser:Verbose: The content browser source was changed by the sources view to '/Game/Blueprints/GameComponents'
[2014.12.10-16.36.25:860][803]LogContentBrowser:Verbose: The content browser source was changed by the sources view to '/Game/Blueprints/Objects'
[2014.12.10-16.36.31:021][ 10]LogLinker:Warning: Asset 'E:/Other Files/UnrealEngine_4.5/Projects/AsteroidMiner4.6/Content/Blueprints/MoonMinerGameMode.uasset' has been saved with empty engine version. The asset will be loaded but may be incompatible.
[2014.12.10-16.36.31:024][ 10]LogLinker:Warning: Asset 'E:/Other Files/UnrealEngine_4.5/Projects/AsteroidMiner4.6/Content/Blueprints/AsteroidMinerGameMode.uasset' has been saved with empty engine version. The asset will be loaded but may be incompatible.
[2014.12.10-16.36.59:187][459]BlueprintLog: New page: Compile AsteroidMiner
[2014.12.10-16.37.00:106][459]BlueprintEditorCompileResults: Info [0114.55] Compile of AsteroidMiner successful! [in 519 ms]
[2014.12.10-16.37.29:462][952]LogEditorViewport: Clicking on Actor (LMB): B_Asteroid_C (B_Asteroid)
[2014.12.10-16.37.32:515][ 53]LogEditorActor: Deleted Actor: B_Asteroid_C
[2014.12.10-16.37.32:590][ 53]LogEditorActor: Deleted 1 Actors (0.075 secs)
[2014.12.10-16.37.34:630][128]BlueprintLog: New page: Pre-PIE auto-recompile
[2014.12.10-16.37.34:774][128]LogPlayLevel: [PIE] Compiling AsteroidMiner before PIE...
[2014.12.10-16.37.35:613][128]LogPlayLevel: PIE:  Blueprint regeneration took 983 ms (1 blueprints)
[2014.12.10-16.37.35:613][128]PIE: New page: PIE session: AsteroidMiner (10 Dec 2014 16:37:35)
[2014.12.10-16.37.35:660][128]LogPlayLevel: PIE: StaticDuplicateObject took: (0.046100s)
[2014.12.10-16.37.35:661][128]LogPlayLevel: PIE: World Init took: (0.001251s)
[2014.12.10-16.37.35:661][128]LogPlayLevel: PIE: Created PIE world by copying editor world from /Game/Maps/AsteroidMiner.AsteroidMiner to /Game/Maps/UEDPIE_0_AsteroidMiner.AsteroidMiner (0.047618s)
[2014.12.10-16.37.35:695][128]LogWorld: Game class is 'AsteroidMinerGameMode_C'
[2014.12.10-16.37.35:699][128]LogAIModule: Creating AISystem for world AsteroidMiner
[2014.12.10-16.37.35:701][128]LogWorld: Bringing World /Game/Maps/UEDPIE_0_AsteroidMiner.AsteroidMiner up for play (max tick rate 0) at 2014.12.10-16.37.35
[2014.12.10-16.37.35:703][128]LogWorld: Bringing up level for play took: 0.003554
[2014.12.10-16.37.35:707][128]PIE: Info Play in editor start time for /Game/Maps/UEDPIE_0_AsteroidMiner 0.712
[2014.12.10-16.37.35:735][128]LogScript:Warning: Accessed None 'CallFunc_PlaySoundAttached_ReturnValue'
	AsteroidMinerCamera_C /Game/Maps/UEDPIE_0_AsteroidMiner.AsteroidMiner:PersistentLevel.AsteroidMinerCamera_C_1
	Function /Game/Blueprints/GameComponents/AsteroidMinerCamera.AsteroidMinerCamera_C:ExecuteUbergraph_AsteroidMinerCamera:0091
[2014.12.10-16.37.35:735][128]PIE:Error: Error Accessed None 'CallFunc_PlaySoundAttached_ReturnValue' from node Construction Script in blueprint AsteroidMinerCamera
[2014.12.10-16.37.48:808][608]LogParticles: Destroying 0 GPU particle simulations for FXSystem 0x0000003720B92660
[2014.12.10-16.38.20:820][130]BlueprintLog: New page: Compile AsteroidMiner
[2014.12.10-16.38.21:720][130]BlueprintEditorCompileResults: Info [0196.17] Compile of AsteroidMiner successful! [in 506 ms]
[2014.12.10-16.38.23:676][170]BlueprintLog: New page: Pre-PIE auto-recompile
[2014.12.10-16.38.23:804][170]LogPlayLevel: [PIE] Compiling AsteroidMiner before PIE...
[2014.12.10-16.38.24:587][170]LogPlayLevel: PIE:  Blueprint regeneration took 911 ms (1 blueprints)
[2014.12.10-16.38.24:587][170]PIE: New page: PIE session: AsteroidMiner (10 Dec 2014 16:38:24)
[2014.12.10-16.38.24:630][170]LogPlayLevel: PIE: StaticDuplicateObject took: (0.042647s)
[2014.12.10-16.38.24:633][170]LogPlayLevel: PIE: World Init took: (0.002116s)
[2014.12.10-16.38.24:633][170]LogPlayLevel: PIE: Created PIE world by copying editor world from /Game/Maps/AsteroidMiner.AsteroidMiner to /Game/Maps/UEDPIE_0_AsteroidMiner.AsteroidMiner (0.045249s)
[2014.12.10-16.38.24:667][170]LogWorld: Game class is 'AsteroidMinerGameMode_C'
[2014.12.10-16.38.24:671][170]LogAIModule: Creating AISystem for world AsteroidMiner
[2014.12.10-16.38.24:673][170]LogWorld: Bringing World /Game/Maps/UEDPIE_0_AsteroidMiner.AsteroidMiner up for play (max tick rate 0) at 2014.12.10-16.38.24
[2014.12.10-16.38.24:674][170]LogWorld: Bringing up level for play took: 0.002251
[2014.12.10-16.38.24:676][170]PIE: Info Play in editor start time for /Game/Maps/UEDPIE_0_AsteroidMiner 1.682
[2014.12.10-16.38.24:698][170]LogScript:Warning: Accessed None 'CallFunc_PlaySoundAttached_ReturnValue'
	AsteroidMinerCamera_C /Game/Maps/UEDPIE_0_AsteroidMiner.AsteroidMiner:PersistentLevel.AsteroidMinerCamera_C_2
	Function /Game/Blueprints/GameComponents/AsteroidMinerCamera.AsteroidMinerCamera_C:ExecuteUbergraph_AsteroidMinerCamera:0091
[2014.12.10-16.38.24:699][170]PIE:Error: Error Accessed None 'CallFunc_PlaySoundAttached_ReturnValue' from node Construction Script in blueprint AsteroidMinerCamera
[2014.12.10-16.38.28:270][319]LogParticles: Destroying 0 GPU particle simulations for FXSystem 0x0000003735F7E0C0
[2014.12.10-16.38.31:478][409]Cmd: OBJ SAVEPACKAGE PACKAGE="/Game/Maps/AsteroidMiner" FILE="E:/Other Files/UnrealEngine_4.5/Projects/AsteroidMiner4.6/Content/Maps/AsteroidMiner.umap" SILENT=true AUTOSAVING=false KEEPDIRTY=false
[2014.12.10-16.38.48:849][409]LogSavePackage: Save=16168.771484ms
[2014.12.10-16.38.48:849][409]LogSavePackage: Moving 'E:/Other Files/UnrealEngine_4.5/Projects/AsteroidMiner4.6/Saved/AsteroidMiner0805439D45F8A0DBF9A3FF8AEBDAAC7D.tmp' to 'E:/Other Files/UnrealEngine_4.5/Projects/AsteroidMiner4.6/Content/Maps/AsteroidMiner.umap'
[2014.12.10-16.38.48:968][409]LogFileHelpers: Saving map 'AsteroidMiner' took 17.756
[2014.12.10-16.40.51:161][774]LogEditorViewport: Clicking on Actor (LMB): BP_Sky_Sphere_C (BP_Sky_Sphere)
[2014.12.10-16.40.58:671][930]LogContentBrowser:Verbose: The content browser source was changed by the sources view to '/Game/Widgets'
[2014.12.10-16.41.00:050][985]LogContentBrowser:Verbose: The content browser source was changed by the sources view to '/Game/Textures'
[2014.12.10-16.41.32:529][869]LogContentBrowser:Verbose: The content browser source was changed by the sources view to '/Game/Materials'
[2014.12.10-16.41.34:572][934]LogContentBrowser:Verbose: The content browser source was changed by the sources view to '/Game/Materials/Outliner'
[2014.12.10-16.41.37:964][ 72]LogContentBrowser:Verbose: The content browser source was changed by the sources view to '/Game/Materials'
[2014.12.10-16.41.38:280][ 83]LogContentBrowser:Verbose: The content browser source was changed by the sources view to '/Game/Materials/Outliner'
[2014.12.10-16.41.47:402][435]LogContentBrowser:Verbose: The content browser source was changed by the sources view to '/Game/Meshes'
[2014.12.10-16.41.48:954][496]LogContentBrowser:Verbose: The content browser source was changed by the sources view to '/Game/Textures'
[2014.12.10-16.42.02:844][936]LogContentBrowser:Verbose: The content browser source was changed by the sources view to '/Game/Materials'
[2014.12.10-16.42.04:492][990]LogMaterial: Missing cached shader map for material PreviewMaterial_0, compiling.
[2014.12.10-16.42.04:626][990]LogActorComponent: UnregisterComponent: (/Engine/Transient.SkeletalMeshComponent_0) Not registered. Aborting.
[2014.12.10-16.42.04:802][990]LogActorComponent: UnregisterComponent: (/Engine/Transient.SkeletalMeshComponent_0) Not registered. Aborting.
[2014.12.10-16.42.04:802][990]LogActorComponent: RegisterComponentWithWorld: (/Engine/Transient.MaterialEditorMeshComponent_0) Already registered. Aborting.
[2014.12.10-16.42.04:802][990]LogActorComponent: UnregisterComponent: (/Engine/Transient.SkeletalMeshComponent_0) Not registered. Aborting.
[2014.12.10-16.42.04:802][990]LogActorComponent: RegisterComponentWithWorld: (/Engine/Transient.MaterialEditorMeshComponent_0) Already registered. Aborting.
[2014.12.10-16.42.04:828][990]LogMaterial: Missing cached shader map for material PreviewMaterial_0, compiling.
[2014.12.10-16.42.04:861][990]LogMaterial: Missing cached shader map for material FMatExpressionPreview MaterialExpressionTextureSample_4, compiling.
[2014.12.10-16.42.04:865][990]LogMaterial: Missing cached shader map for material FMatExpressionPreview MaterialExpressionTextureSample_6, compiling.
[2014.12.10-16.42.04:868][990]LogMaterial: Missing cached shader map for material FMatExpressionPreview MaterialExpressionConstant3Vector_2, compiling.
[2014.12.10-16.42.04:872][990]LogMaterial: Missing cached shader map for material FMatExpressionPreview MaterialExpressionConstant3Vector_7, compiling.
[2014.12.10-16.42.13:886][375]MaterialEditorStats: Info Base pass shader without light map: 12 instructions
[2014.12.10-16.42.13:886][375]MaterialEditorStats: Info Vertex shader: 70 instructions
[2014.12.10-16.42.13:887][375]MaterialEditorStats: Info Texture samplers: 3/16
[2014.12.10-16.42.34:763][575]LogMaterial: Missing cached shader map for material PreviewMaterial_0, compiling.
[2014.12.10-16.42.36:300][654]LogMaterialEditor: Saving and Compiling material M_HUD_Fuel_Bar
[2014.12.10-16.42.38:426][654]LogMaterial: Missing cached shader map for material PreviewMaterial_0, compiling.
[2014.12.10-16.42.38:518][654]LogMaterial: Missing cached shader map for material M_HUD_Fuel_Bar, compiling.
[2014.12.10-16.42.38:549][654]LogMaterial: Missing cached shader map for material M_HUD_Fuel_Bar, compiling.
[2014.12.10-16.42.38:571][654]LogMaterial: 0.006527 seconds spent updating 1 materials, 1 interfaces, 0 instances, 0 with static permutations.
[2014.12.10-16.42.40:950][654]Cmd: OBJ SAVEPACKAGE PACKAGE="/Game/Materials/M_HUD_Fuel_Bar" FILE="E:/Other Files/UnrealEngine_4.5/Projects/AsteroidMiner4.6/Content/Materials/M_HUD_Fuel_Bar.uasset" SILENT=true
[2014.12.10-16.42.42:724][654]LogSavePackage: Save=719.276489ms
[2014.12.10-16.42.42:724][654]LogSavePackage: Moving 'E:/Other Files/UnrealEngine_4.5/Projects/AsteroidMiner4.6/Saved/M_HUD_Fuel_BarF930081A441A3F7BB72649891C8CF034.tmp' to 'E:/Other Files/UnrealEngine_4.5/Projects/AsteroidMiner4.6/Content/Materials/M_HUD_Fuel_Bar.uasset'
[2014.12.10-16.42.42:761][654]MaterialEditorStats: Info Base pass shader without light map: 31 instructions
[2014.12.10-16.42.42:761][654]MaterialEditorStats: Info Vertex shader: 70 instructions
[2014.12.10-16.42.42:761][654]MaterialEditorStats: Info Texture samplers: 3/16
[2014.12.10-16.42.52:826][ 65]LogContentBrowser:Verbose: The content browser source was changed by the sources view to '/Game/Blueprints/GameComponents'
[2014.12.10-16.44.54:274][  3]Cmd: OBJ SAVEPACKAGE PACKAGE="/Game/Blueprints/GameComponents/DebugHud" FILE="E:/Other Files/UnrealEngine_4.5/Projects/AsteroidMiner4.6/Content/Blueprints/GameComponents/DebugHud.uasset" SILENT=true
[2014.12.10-16.45.06:266][  3]LogSavePackage: Save=10978.542969ms
[2014.12.10-16.45.06:266][  3]LogSavePackage: Moving 'E:/Other Files/UnrealEngine_4.5/Projects/AsteroidMiner4.6/Saved/DebugHud0CBCCF5A435845A987083CA3C3E0570A.tmp' to 'E:/Other Files/UnrealEngine_4.5/Projects/AsteroidMiner4.6/Content/Blueprints/GameComponents/DebugHud.uasset'
[2014.12.10-16.47.24:984][419]BlueprintLog: New page: Compile DebugHud
[2014.12.10-16.47.25:679][419]BlueprintEditorCompileResults: Info [0740.13] Compile of DebugHud successful! [in 489 ms]
[2014.12.10-16.47.34:380][579]BlueprintLog: New page: Compile AsteroidMiner
[2014.12.10-16.47.35:168][579]BlueprintEditorCompileResults: Info [0749.61] Compile of AsteroidMiner successful! [in 446 ms]
[2014.12.10-16.47.38:315][624]Cmd: OBJ SAVEPACKAGE PACKAGE="/Game/Maps/AsteroidMiner" FILE="E:/Other Files/UnrealEngine_4.5/Projects/AsteroidMiner4.6/Content/Maps/AsteroidMiner.umap" SILENT=true AUTOSAVING=false KEEPDIRTY=false
[2014.12.10-16.47.53:507][624]LogSavePackage: Save=14072.875000ms
[2014.12.10-16.47.53:507][624]LogSavePackage: Moving 'E:/Other Files/UnrealEngine_4.5/Projects/AsteroidMiner4.6/Saved/AsteroidMiner150EF7C44F33107F68140A8A5E91F645.tmp' to 'E:/Other Files/UnrealEngine_4.5/Projects/AsteroidMiner4.6/Content/Maps/AsteroidMiner.umap'
[2014.12.10-16.47.53:605][624]LogFileHelpers: Saving map 'AsteroidMiner' took 15.543
[2014.12.10-16.48.06:771][725]BlueprintLog: New page: Pre-PIE auto-recompile
[2014.12.10-16.48.06:779][725]LogPlayLevel: [PIE] Compiling BotShip before PIE...
[2014.12.10-16.48.06:927][725]LogOutputDevice:Warning: 

Script Stack:
AsteroidMiner_C.ExecuteUbergraph_AsteroidMiner
AsteroidMiner_C.BndEvt__BotShip_6_K2Node_ActorBoundEvent_407_ActorDestroyedSignature__DelegateSignature

[2014.12.10-16.48.06:928][725]LogWindows:Error: Windows GetLastError: The operation completed successfully. (0)
[2014.12.10-16.48.06:928][725]LogCrashTracker: 


[2014.12.10-16.48.07:516][725]LogCrashTracker: 


[2014.12.10-16.48.07:516][725]LogWindows: === Critical error: ===
Assertion failed: PC [File:D:\BuildFarm\buildmachine_++depot+UE4-Releases+4.6\Engine\Source\Runtime\Engine\Private\GameplayStatics.cpp] [Line: 131] 



KERNELBASE.dll!UnknownFunction (0x00007ffe3891606c) + 0 bytes [UnknownFile:0]
UE4Editor-Core.dll!UnknownFunction (0x00007ffe191a2f6d) + 0 bytes [UnknownFile:0]
UE4Editor-Core.dll!UnknownFunction (0x00007ffe190360e8) + 0 bytes [UnknownFile:0]
UE4Editor-Core.dll!UnknownFunction (0x00007ffe19019182) + 0 bytes [UnknownFile:0]
UE4Editor-Engine.dll!UnknownFunction (0x00007ffe16acdbb7) + 0 bytes [UnknownFile:0]
UE4Editor-Engine.dll!UnknownFunction (0x00007ffe16806e61) + 0 bytes [UnknownFile:0]
UE4Editor-CoreUObject.dll!UnknownFunction (0x00007ffe2ddb9af4) + 0 bytes [UnknownFile:0]
UE4Editor-CoreUObject.dll!UnknownFunction (0x00007ffe2de7943f) + 0 bytes [UnknownFile:0]
UE4Editor-CoreUObject.dll!UnknownFunction (0x00007ffe2de973bd) + 0 bytes [UnknownFile:0]
UE4Editor-CoreUObject.dll!UnknownFunction (0x00007ffe2deba46a) + 0 bytes [UnknownFile:0]
UE4Editor-CoreUObject.dll!UnknownFunction (0x00007ffe2de98a5e) + 0 bytes [UnknownFile:0]
UE4Editor-CoreUObject.dll!UnknownFunction (0x00007ffe2de7999a) + 0 bytes [UnknownFile:0]
UE4Editor-CoreUObject.dll!UnknownFunction (0x00007ffe2debbd74) + 0 bytes [UnknownFile:0]
UE4Editor-CoreUObject.dll!UnknownFunction (0x00007ffe2de98a5e) + 0 bytes [UnknownFile:0]
UE4Editor-CoreUObject.dll!UnknownFunction (0x00007ffe2ddb9af4) + 0 bytes [UnknownFile:0]
UE4Editor-CoreUObject.dll!UnknownFunction (0x00007ffe2de981c6) + 0 bytes [UnknownFile:0]
UE4Editor-Engine.dll!UnknownFunction (0x00007ffe168c0851) + 0 bytes [UnknownFile:0]
UE4Editor-Engine.dll!UnknownFunction (0x00007ffe16826bf8) + 0 bytes [UnknownFile:0]
UE4Editor-Engine.dll!UnknownFunction (0x00007ffe1687304c) + 0 bytes [UnknownFile:0]
UE4Editor-Engine.dll!UnknownFunction (0x00007ffe16bd4f97) + 0 bytes [UnknownFile:0]
UE4Editor-Engine.dll!UnknownFunction (0x00007ffe16bdff43) + 0 bytes [UnknownFile:0]
UE4Editor-UnrealEd.dll!UnknownFunction (0x00007ffe1583a12b) + 0 bytes [UnknownFile:0]
UE4Editor-UnrealEd.dll!UnknownFunction (0x00007ffe158336f8) + 0 bytes [UnknownFile:0]
UE4Editor-UnrealEd.dll!UnknownFunction (0x00007ffe1580b703) + 0 bytes [UnknownFile:0]
UE4Editor-UnrealEd.dll!UnknownFunction (0x00007ffe152f8a5a) + 0 bytes [UnknownFile:0]
UE4Editor-UnrealEd.dll!UnknownFunction (0x00007ffe15311ee3) + 0 bytes [UnknownFile:0]
UE4Editor-UnrealEd.dll!UnknownFunction (0x00007ffe15057e53) + 0 bytes [UnknownFile:0]
UE4Editor-UnrealEd.dll!UnknownFunction (0x00007ffe15500686) + 0 bytes [UnknownFile:0]
UE4Editor.exe!FEngineLoop::Tick() (0x00007ff72a7bcd94) + 0 bytes [d:\buildfarm\buildmachine_++depot+ue4-releases+4.6\engine\source\runtime\launch\private\launchengineloop.cpp:2214]
UE4Editor.exe!GuardedMain() (0x00007ff72a7b089f) + 0 bytes [d:\buildfarm\buildmachine_++depot+ue4-releases+4.6\engine\source\runtime\launch\private\launch.cpp:131]
UE4Editor.exe!GuardedMainWrapper() (0x00007ff72a7b090a) + 5 bytes [d:\buildfarm\buildmachine_++depot+ue4-releases+4.6\engine\source\runtime\launch\private\windows\launchwindows.cpp:126]
UE4Editor.exe!WinMain() (0x00007ff72a7be3d9) + 17 bytes [d:\buildfarm\buildmachine_++depot+ue4-releases+4.6\engine\source\runtime\launch\private\windows\launchwindows.cpp:202]
UE4Editor.exe!__tmainCRTStartup() (0x00007ff72a7bf319) + 21 bytes [f:\dd\vctools\crt\crtw32\dllstuff\crtexe.c:618]
KERNEL32.DLL!UnknownFunction (0x00007ffe3b0516ad) + 0 bytes [UnknownFile:0]
ntdll.dll!UnknownFunction (0x00007ffe3b1f4409) + 0 bytes [UnknownFile:0]
ntdll.dll!UnknownFunction (0x00007ffe3b1f4409) + 0 bytes [UnknownFile:0]


[2014.12.10-16.48.07:835][725]LogExit: Executing StaticShutdownAfterError
[2014.12.10-16.48.07:847][725]LogWindows: FPlatformMisc::RequestExit(1)
[2014.12.10-16.48.07:847][725]Log file closed, 12/10/14 16:48:07
