Log file open, 12/07/14 13:52:29
LogInit:Display: Running engine for game: AsteroidMiner
LogInit: Version: 4.5.1-0+UE4
LogInit: API Version: 2326478
LogInit: Compiled (64-bit): Dec  1 2014 11:29:36
LogInit: Compiled with Visual C++: 18.00.30723.00
LogInit: Build Configuration: Development
LogInit: Branch Name: UE4
LogInit: Command line:  
LogInit: Base directory: E:/Other Files/UnrealEngine_4.5/UnrealEngine/Engine/Binaries/Win64/
LogInit: Rocket: 0
[2014.12.07-13.52.29:445][  0]LogTaskGraph: Started task graph with 3 named threads and 4 total threads.
[2014.12.07-13.52.29:511][  0]LogOnline:Warning: No default platform service specified for OnlineSubsystem
[2014.12.07-13.52.29:753][  0]LogInit: Presizing for 0 objects not considered by GC, pre-allocating 0 bytes.
[2014.12.07-13.52.29:793][  0]LogInit: Object subsystem initialized
[2014.12.07-13.52.29:826][  0]LogConsoleResponse:Warning: Skipping Unknown console variable: 'UIScaleRule = ShortestSide'
[2014.12.07-13.52.29:826][  0]LogConsoleResponse:Warning:   Found in ini file 'E:/Other Files/UnrealEngine_4.5/Projects/AsteroidMiner/Saved/Config/Windows/Engine.ini', in section '[/Script/Engine.RendererSettings]'
[2014.12.07-13.52.29:826][  0]LogConsoleResponse:Warning: Skipping Unknown console variable: 'UIScaleCurve = (EditorCurveData=(Keys=((Time=480.000000,Value=0.444000),(Time=720.000000,Value=0.666000),(Time=1080.000000,Value=1.000000),(Time=8640.000000,Value=8.000000))),ExternalCurve=None)'
[2014.12.07-13.52.29:826][  0]LogConsoleResponse:Warning:   Found in ini file 'E:/Other Files/UnrealEngine_4.5/Projects/AsteroidMiner/Saved/Config/Windows/Engine.ini', in section '[/Script/Engine.RendererSettings]'
[2014.12.07-13.52.29:842][  0]LogInit: Selected Device Profile: [Windows]
[2014.12.07-13.52.29:843][  0]LogInit: Applying CVar settings loaded from the selected device profile: [Windows]
[2014.12.07-13.52.29:894][  0]LogInit: Computer: LLOYDS_PC
[2014.12.07-13.52.29:894][  0]LogInit: User: 10021000
[2014.12.07-13.52.29:896][  0]LogInit: CPU Page size=4096, Cores=4
[2014.12.07-13.52.29:896][  0]LogInit: High frequency timer resolution =2.337877 MHz
[2014.12.07-13.52.29:897][  0]LogMemory: Memory total: Physical=5.9GB (6GB approx) Virtual=131072.0GB
[2014.12.07-13.52.29:897][  0]LogMemory: Platform Memory Stats for Windows
[2014.12.07-13.52.29:897][  0]LogMemory: Process Physical Memory: 62.33 MB used, 62.33 MB peak
[2014.12.07-13.52.29:897][  0]LogMemory: Process Virtual Memory: 38.23 MB used, 38.23 MB peak
[2014.12.07-13.52.29:897][  0]LogMemory: Physical Memory: 1706.98 MB used, 6077.92 MB total
[2014.12.07-13.52.29:897][  0]LogMemory: Virtual Memory: 274.59 MB used, 134217728.00 MB total
[2014.12.07-13.52.29:951][  0]LogD3D11RHI: Found D3D11 adapter 0: NVIDIA GeForce GTX 680 (Feature Level 11_0)
[2014.12.07-13.52.29:951][  0]LogD3D11RHI: Adapter has 1985MB of dedicated video memory, 0MB of dedicated system memory, and 2048MB of shared system memory, 1 output[s]
[2014.12.07-13.52.29:954][  0]LogD3D11RHI: Found D3D11 adapter 1: Microsoft Basic Render Driver (Feature Level 11_0)
[2014.12.07-13.52.29:954][  0]LogD3D11RHI: Adapter has 0MB of dedicated video memory, 0MB of dedicated system memory, and 256MB of shared system memory, 0 output[s]
[2014.12.07-13.52.29:954][  0]LogD3D11RHI: Chosen D3D11 Adapter Id = 0
[2014.12.07-13.52.29:964][  0]LogRHI: Texture pool is 1361 MB (70% of 1945 MB)
[2014.12.07-13.52.29:984][  0]LogD3D11RHI: Async texture creation enabled
[2014.12.07-13.52.30:784][  0]LogTextLocalizationManager: The requested culture ('en_GB') has no localization data; parent culture's ('en') localization data will be used.
[2014.12.07-13.52.31:053][  0]LogContentStreaming: Texture pool size is 0.000000MB
[2014.12.07-13.52.42:636][  0]LogTargetPlatformManager:Display: Building Assets For Windows
[2014.12.07-13.52.44:840][  0]LogTargetPlatformManager:Display: Building Assets For Windows
[2014.12.07-13.52.45:079][  0]LogDerivedDataCache:Display: Max Cache Size: 512 MB
[2014.12.07-13.52.45:196][  0]LogDerivedDataCache: Loaded boot cache 0.12s 39MB ../../../../Projects/AsteroidMiner/DerivedDataCache/Boot.ddc.
[2014.12.07-13.52.45:197][  0]LogDerivedDataCache:Display: Loaded Boot cache: ../../../../Projects/AsteroidMiner/DerivedDataCache/Boot.ddc
[2014.12.07-13.52.45:198][  0]LogDerivedDataCache: FDerivedDataBackendGraph:  Pak pak cache file ../../../../Projects/AsteroidMiner/DerivedDataCache/DDC.ddp not found, will not use a pak cache.
[2014.12.07-13.52.45:198][  0]LogDerivedDataCache: Unable to find inner node Pak for hierarchical cache Hierarchy.
[2014.12.07-13.52.45:198][  0]LogDerivedDataCache: FDerivedDataBackendGraph:  EnginePak pak cache file ../../../Engine/DerivedDataCache/DDC.ddp not found, will not use a pak cache.
[2014.12.07-13.52.45:198][  0]LogDerivedDataCache: Unable to find inner node EnginePak for hierarchical cache Hierarchy.
[2014.12.07-13.52.45:224][  0]LogDerivedDataCache: Using Local data cache path ../../../Engine/DerivedDataCache: Writable
[2014.12.07-13.52.45:224][  0]LogDerivedDataCache: Shared data cache path not found in *engine.ini, will not use an Shared cache.
[2014.12.07-13.52.45:224][  0]LogDerivedDataCache: Unable to find inner node Shared for hierarchical cache Hierarchy.
[2014.12.07-13.52.50:838][  0]LogCollisionProfile:Warning: Profile (Trigger) - Custom Channel Name = 'Projectile' hasn't been found
[2014.12.07-13.52.50:838][  0]LogCollisionProfile:Warning: Profile (Projectile) ObjectTypeName (Projectile) is invalid. 
[2014.12.07-13.52.51:069][  0]LogMeshUtilities: No automatic mesh reduction module available
[2014.12.07-13.52.51:069][  0]LogMeshUtilities: No automatic mesh merging module available
[2014.12.07-13.52.54:284][  0]LogInit: WinSock: version 1.1 (2.2), MaxSocks=32767, MaxUdp=65467
[2014.12.07-13.53.09:250][  0]UdpMessaging: Initializing bridge on interface 0.0.0.0:0 to multicast group 230.0.0.1:6666.
[2014.12.07-13.53.10:044][  0]LogDirectoryWatcher:Warning: Failed to begin reading directory changes for E:/Other Files/UnrealEngine_4.5/Projects/AsteroidMiner/Binaries/Win64. Error: 0
[2014.12.07-13.53.10:884][  0]SourceControl: Info Source control is disabled
[2014.12.07-13.53.10:884][  0]SourceControl: Info Source control is disabled
[2014.12.07-13.53.10:924][  0]SourceControl: Info Source control is disabled
[2014.12.07-13.53.11:669][  0]LogObj: 22920 objects as part of root set at end of initial load.
[2014.12.07-13.53.11:669][  0]LogUObjectAllocator: 4804432 out of 0 bytes used by permanent object pool.
[2014.12.07-13.53.11:915][  0]LogEngine: Initializing Engine...
[2014.12.07-13.53.12:604][  0]LogInit: XAudio2 using 'Speakers (High Definition Audio Device)' : 2 channels at 48 kHz using 32 bits per sample (channel mask 0x3)
[2014.12.07-13.53.12:679][  0]LogInit: FAudioDevice initialized.
[2014.12.07-13.53.12:870][  0]LogAIModule: Creating AISystem for world NewWorld
[2014.12.07-13.53.12:942][  0]LogDerivedDataCache: Saved boot cache 0.06s 39MB ../../../../Projects/AsteroidMiner/DerivedDataCache/Boot.ddc.
[2014.12.07-13.53.14:681][  0]LogInit: Texture streaming: Enabled
[2014.12.07-13.53.14:907][  0]LogInit: Transaction tracking system initialized
[2014.12.07-13.53.15:430][  0]BlueprintLog: New page: Editor Load
[2014.12.07-13.53.15:566][  0]LogAssetRegistry: FAssetRegistry took 0.0169 seconds to start up
[2014.12.07-13.53.15:568][  0]LogDirectoryWatcher:Warning: Failed to begin reading directory changes for ../../../Engine/Plugins/Experimental/CharacterAI/Content/. Error: 0
[2014.12.07-13.53.18:314][  0]LogTargetPlatformManager:Display: Building Assets For Windows
[2014.12.07-13.53.19:935][  0]LogTargetPlatformManager:Display: Building Assets For Windows
[2014.12.07-13.53.20:223][  0]LogModuleManager:Warning: ModuleManager: Unable to load module 'AndroidRuntimeSettings' because the file 'E:/Other Files/UnrealEngine_4.5/UnrealEngine/Engine/Binaries/Win64/' was not found.
[2014.12.07-13.53.20:282][  0]LogModuleManager:Warning: ModuleManager: Unable to load module 'AndroidPlatformEditor' because the file 'E:/Other Files/UnrealEngine_4.5/UnrealEngine/Engine/Binaries/Win64/' was not found.
[2014.12.07-13.53.21:516][  0]LogConsoleResponse:Display: 
[2014.12.07-13.53.23:998][  0]SourceControl: Info Source control is disabled
[2014.12.07-13.53.24:006][  0]Cmd: MAP LOAD FILE="../../../../Projects/AsteroidMiner/Content/Maps/AsteroidMiner.umap" TEMPLATE=0 SHOWPROGRESS=1
[2014.12.07-13.53.24:010][  0]LightingResults: New page: Lighting Build
[2014.12.07-13.53.24:093][  0]MapCheck: New page: Map Check
[2014.12.07-13.53.24:093][  0]LightingResults: New page: Lighting Build
[2014.12.07-13.53.24:142][  0]LogParticles: Destroying 0 GPU particle simulations for FXSystem 0x0000000E7326CCC0
[2014.12.07-13.53.28:778][  0]LogTexture:Display: Building textures: MyFont_PageA (AutoDXT)
[2014.12.07-13.53.28:793][  0]LogTexture:Display: Building textures: T_Bar (AutoDXT)
[2014.12.07-13.53.28:808][  0]LogMaterial: Missing cached shader map for material Hud_Bar, compiling.
[2014.12.07-13.53.28:832][  0]LogMaterial: Missing cached shader map for material M_Ship, compiling.
[2014.12.07-13.53.29:324][  0]LogEditorServer: Finished looking for orphan Actors (0.000 secs)
[2014.12.07-13.53.29:328][  0]LogAIModule: Creating AISystem for world AsteroidMiner
[2014.12.07-13.53.29:334][  0]Cmd: MAP CHECKDEP
[2014.12.07-13.53.29:335][  0]MapCheck: New page: AsteroidMiner - 7 Dec 2014 13:53:29
[2014.12.07-13.53.31:947][  0]MapCheck: Info Map check complete: 0 Error(s), 0 Warning(s), took 2,612.373ms to complete.
[2014.12.07-13.53.31:947][  0]LogFileHelpers: Loading map 'AsteroidMiner' took 7.943
[2014.12.07-13.53.32:390][  0]LogCollectionManager: Loaded 0 collections in 0.006494 seconds
[2014.12.07-13.53.33:499][  0]LogCrashTracker: Crashtracker disabled due to settings.
[2014.12.07-13.53.33:620][  0]LogUObjectGlobals:Warning: Failed to find object 'Class None.'
[2014.12.07-13.53.33:661][  0]LogLoad: Full Startup: 74.56 seconds (BP compile: 1.49 seconds)
[2014.12.07-13.53.34:013][  0]LogContentBrowser:Verbose: The content browser source was changed by the sources view to '/Game/Blueprints/AI'
[2014.12.07-13.53.34:872][  0]LogRenderer:Warning: Reallocating scene render targets to support 768x872.
[2014.12.07-13.53.37:721][  5]LogAssetRegistry: Asset discovery search completed in 22.1728 seconds
[2014.12.07-13.54.16:835][747]Cmd: OBJ SAVEPACKAGE PACKAGE="/Game/Blueprints/AI/BotShip" FILE="../../../../Projects/AsteroidMiner/Content/Blueprints/AI/BotShip.uasset" SILENT=true
[2014.12.07-13.54.18:727][747]LogSavePackage: Save=1104.227905ms
[2014.12.07-13.54.18:728][747]LogSavePackage: Moving '../../../../Projects/AsteroidMiner/Saved/BotShipDCDFE4E04FF9998347BA6AA2FFA3E4D3.tmp' to '../../../../Projects/AsteroidMiner/Content/Blueprints/AI/BotShip.uasset'
[2014.12.07-13.54.19:319][774]BlueprintLog: New page: Compile BotShip
[2014.12.07-13.54.19:440][774]LogOutputDevice:Warning: 

Script Stack:
AsteroidMiner_C.ExecuteUbergraph_AsteroidMiner
AsteroidMiner_C.BndEvt__BotShip_6_K2Node_ActorBoundEvent_407_ActorDestroyedSignature__DelegateSignature

[2014.12.07-13.54.19:440][774]LogWindows:Error: Windows GetLastError: The operation completed successfully. (0)
[2014.12.07-13.54.19:499][774]LogCrashTracker: 


[2014.12.07-13.55.25:203][774]LogWindows: Could not start CrashReportClient.exe
[2014.12.07-13.55.25:203][774]LogMemory: Platform Memory Stats for Windows
[2014.12.07-13.55.25:203][774]LogMemory: Process Physical Memory: 2693.27 MB used, 2693.41 MB peak
[2014.12.07-13.55.25:203][774]LogMemory: Process Virtual Memory: 2643.89 MB used, 2644.13 MB peak
[2014.12.07-13.55.25:203][774]LogMemory: Physical Memory: 5049.35 MB used, 6077.92 MB total
[2014.12.07-13.55.25:203][774]LogMemory: Virtual Memory: 3423.98 MB used, 134217728.00 MB total
[2014.12.07-14.04.43:786][774]LogCrashTracker: 


[2014.12.07-14.04.43:786][774]LogWindows: === Critical error: ===
Assertion failed: PC [File:G:\Other Files\UnrealEngine_4.5\UnrealEngine\Engine\Source\Runtime\Engine\Private\GameplayStatics.cpp] [Line: 129] 



KERNELBASE.dll!UnknownFunction (0x00007ffd334a606c) + 0 bytes [UnknownFile:0]
UE4Editor-Core.dll!FOutputDeviceWindowsError::Serialize() (0x00007ffd15244b84) + 0 bytes [g:\other files\unrealengine_4.5\unrealengine\engine\source\runtime\core\private\windows\windowsplatformoutputdevices.cpp:95]
UE4Editor-Core.dll!FOutputDevice::Logf__VA() (0x00007ffd150d9608) + 159 bytes [g:\other files\unrealengine_4.5\unrealengine\engine\source\runtime\core\private\misc\outputdevice.cpp:145]
UE4Editor-Core.dll!FDebug::AssertFailed() (0x00007ffd150be5d2) + 62 bytes [g:\other files\unrealengine_4.5\unrealengine\engine\source\runtime\core\private\misc\outputdevice.cpp:220]
UE4Editor-Engine.dll!UGameplayStatics::SetGamePaused() (0x00007ffd1029da07) + 0 bytes [g:\other files\unrealengine_4.5\unrealengine\engine\source\runtime\engine\private\gameplaystatics.cpp:131]
UE4Editor-Engine.dll!UGameplayStatics::execSetGamePaused() (0x00007ffd1000a901) + 177 bytes [g:\other files\unrealengine_4.5\unrealengine\engine\source\runtime\engine\classes\kismet\gameplaystatics.h:31]
UE4Editor-CoreUObject.dll!UFunction::Invoke() (0x00007ffd185b6324) + 15 bytes [g:\other files\unrealengine_4.5\unrealengine\engine\source\runtime\coreuobject\private\uobject\class.cpp:3676]
UE4Editor-CoreUObject.dll!UObject::CallFunction() (0x00007ffd18671e9e) + 19 bytes [g:\other files\unrealengine_4.5\unrealengine\engine\source\runtime\coreuobject\private\uobject\scriptcore.cpp:395]
UE4Editor-CoreUObject.dll!UObject::ProcessContextOpcode() (0x00007ffd1868e6d2) + 0 bytes [g:\other files\unrealengine_4.5\unrealengine\engine\source\runtime\coreuobject\private\uobject\scriptcore.cpp:1400]
UE4Editor-CoreUObject.dll!UObject::execLetBool() (0x00007ffd186af83a) + 28 bytes [g:\other files\unrealengine_4.5\unrealengine\engine\source\runtime\coreuobject\private\uobject\scriptcore.cpp:1319]
UE4Editor-CoreUObject.dll!UObject::ProcessInternal() (0x00007ffd1868fafe) + 0 bytes [g:\other files\unrealengine_4.5\unrealengine\engine\source\runtime\coreuobject\private\uobject\scriptcore.cpp:589]
UE4Editor-CoreUObject.dll!UObject::CallFunction() (0x00007ffd186723ba) + 0 bytes [g:\other files\unrealengine_4.5\unrealengine\engine\source\runtime\coreuobject\private\uobject\scriptcore.cpp:507]
UE4Editor-CoreUObject.dll!UObject::execVirtualFunction() (0x00007ffd186b1184) + 0 bytes [g:\other files\unrealengine_4.5\unrealengine\engine\source\runtime\coreuobject\private\uobject\scriptcore.cpp:1472]
UE4Editor-CoreUObject.dll!UObject::ProcessInternal() (0x00007ffd1868fafe) + 0 bytes [g:\other files\unrealengine_4.5\unrealengine\engine\source\runtime\coreuobject\private\uobject\scriptcore.cpp:589]
UE4Editor-CoreUObject.dll!UFunction::Invoke() (0x00007ffd185b6324) + 15 bytes [g:\other files\unrealengine_4.5\unrealengine\engine\source\runtime\coreuobject\private\uobject\class.cpp:3676]
UE4Editor-CoreUObject.dll!UObject::ProcessEvent() (0x00007ffd1868f2f3) + 29 bytes [g:\other files\unrealengine_4.5\unrealengine\engine\source\runtime\coreuobject\private\uobject\scriptcore.cpp:895]
UE4Editor-Engine.dll!AActor::ProcessEvent() (0x00007ffd100a9b81) + 0 bytes [g:\other files\unrealengine_4.5\unrealengine\engine\source\runtime\engine\private\actor.cpp:540]
UE4Editor-Engine.dll!TMulticastScriptDelegate<FWeakObjectPtr>::ProcessMulticastDelegate<UObject>() (0x00007ffd1002b788) + 0 bytes [g:\other files\unrealengine_4.5\unrealengine\engine\source\runtime\core\public\uobject\scriptdelegates.h:397]
UE4Editor-Engine.dll!AActor::Destroyed() (0x00007ffd10077e9c) + 0 bytes [g:\other files\unrealengine_4.5\unrealengine\engine\source\runtime\engine\private\actor.cpp:1565]
UE4Editor-Engine.dll!UWorld::DestroyActor() (0x00007ffd103951db) + 0 bytes [g:\other files\unrealengine_4.5\unrealengine\engine\source\runtime\engine\private\levelactor.cpp:443]
UE4Editor-Engine.dll!UWorld::EditorDestroyActor() (0x00007ffd1039ff63) + 0 bytes [g:\other files\unrealengine_4.5\unrealengine\engine\source\runtime\engine\private\levelactor.cpp:366]
UE4Editor-UnrealEd.dll!FBlueprintCompileReinstancer::ReplaceInstancesOfClass() (0x00007ffd141244d3) + 0 bytes [g:\other files\unrealengine_4.5\unrealengine\engine\source\editor\unrealed\private\kismet2\kismetreinstanceutilities.cpp:430]
UE4Editor-UnrealEd.dll!FBlueprintCompileReinstancer::ReinstanceObjects() (0x00007ffd1411deba) + 0 bytes [g:\other files\unrealengine_4.5\unrealengine\engine\source\editor\unrealed\private\kismet2\kismetreinstanceutilities.cpp:166]
UE4Editor-UnrealEd.dll!FKismetEditorUtilities::CompileBlueprint() (0x00007ffd140f762d) + 0 bytes [g:\other files\unrealengine_4.5\unrealengine\engine\source\editor\unrealed\private\kismet2\kismet2.cpp:410]
UE4Editor-Kismet.dll!FBlueprintEditor::Compile() (0x00007ffd12b16cd2) + 0 bytes [g:\other files\unrealengine_4.5\unrealengine\engine\source\editor\kismet\private\blueprinteditor.cpp:2425]
UE4Editor-Kismet.dll!TBaseSPMethodDelegateInstance_NoParams<FBlueprintEditor,void,0>::Execute() (0x00007ffd12b555dd) + 12 bytes [g:\other files\unrealengine_4.5\unrealengine\engine\source\runtime\core\public\delegates\delegateinstancesimpl.inl:161]
UE4Editor-Kismet.dll!TBaseSPMethodDelegateInstance_NoParams<FBlueprintEditor,void,0>::ExecuteIfSafe() (0x00007ffd12b5ad37) + 9 bytes [g:\other files\unrealengine_4.5\unrealengine\engine\source\runtime\core\public\delegates\delegateinstancesimpl.inl:171]
UE4Editor-Slate.dll!FUICommandList::ExecuteAction() (0x00007ffd14b8d956) + 60 bytes [g:\other files\unrealengine_4.5\unrealengine\engine\source\runtime\slate\private\framework\commands\uicommandlist.cpp:73]
UE4Editor-Slate.dll!SToolBarButtonBlock::OnClicked() (0x00007ffd14c7c44d) + 0 bytes [g:\other files\unrealengine_4.5\unrealengine\engine\source\runtime\slate\private\framework\multibox\stoolbarbuttonblock.cpp:283]
UE4Editor-Slate.dll!TBaseSPMethodDelegateInstance_RetVal_NoParams<SToolBarButtonBlock,FReply,0>::Execute() (0x00007ffd14c606af) + 17 bytes [g:\other files\unrealengine_4.5\unrealengine\engine\source\runtime\core\public\delegates\delegateinstancesimpl.inl:161]
UE4Editor-Slate.dll!TBaseDelegate_RetVal_NoParams<FReply>::Execute() (0x00007ffd14d0639a) + 6 bytes [g:\other files\unrealengine_4.5\unrealengine\engine\source\runtime\core\public\delegates\delegatesignatureimpl.inl:1058]
UE4Editor-Slate.dll!SButton::OnMouseButtonUp() (0x00007ffd14d32ee5) + 17 bytes [g:\other files\unrealengine_4.5\unrealengine\engine\source\runtime\slate\private\widgets\input\sbutton.cpp:188]
UE4Editor-Slate.dll!FSlateApplication::ProcessMouseButtonUpEvent() (0x00007ffd14bcb88c) + 23 bytes [g:\other files\unrealengine_4.5\unrealengine\engine\source\runtime\slate\private\framework\application\slateapplication.cpp:3505]
UE4Editor-Slate.dll!FSlateApplication::OnMouseUp() (0x00007ffd14bbb056) + 16 bytes [g:\other files\unrealengine_4.5\unrealengine\engine\source\runtime\slate\private\framework\application\slateapplication.cpp:3469]
UE4Editor-Core.dll!FWindowsApplication::ProcessDeferredMessage() (0x00007ffd151a1869) + 12 bytes [g:\other files\unrealengine_4.5\unrealengine\engine\source\runtime\core\private\windows\windowsapplication.cpp:1346]
UE4Editor-Core.dll!FWindowsApplication::DeferMessage() (0x00007ffd15193cdb) + 74 bytes [g:\other files\unrealengine_4.5\unrealengine\engine\source\runtime\core\private\windows\windowsapplication.cpp:1637]
UE4Editor-Core.dll!FWindowsApplication::ProcessMessage() (0x00007ffd151a29e9) + 41 bytes [g:\other files\unrealengine_4.5\unrealengine\engine\source\runtime\core\private\windows\windowsapplication.cpp:737]
UE4Editor-Core.dll!FWindowsApplication::AppWndProc() (0x00007ffd15190f72) + 0 bytes [g:\other files\unrealengine_4.5\unrealengine\engine\source\runtime\core\private\windows\windowsapplication.cpp:599]
USER32.dll!UnknownFunction (0x00007ffd34e02434) + 0 bytes [UnknownFile:0]
USER32.dll!UnknownFunction (0x00007ffd34e02297) + 0 bytes [UnknownFile:0]
UE4Editor-Core.dll!FWindowsPlatformMisc::PumpMessages() (0x00007ffd15240896) + 48 bytes [g:\other files\unrealengine_4.5\unrealengine\engine\source\runtime\core\private\windows\windowsplatformmisc.cpp:757]
UE4Editor.exe!FEngineLoop::Tick() (0x00007ff795958f22) + 8 bytes [g:\other files\unrealengine_4.5\unrealengine\engine\source\runtime\launch\private\launchengineloop.cpp:2111]
UE4Editor.exe!GuardedMain() (0x00007ff79594eb0e) + 0 bytes [g:\other files\unrealengine_4.5\unrealengine\engine\source\runtime\launch\private\launch.cpp:133]
UE4Editor.exe!GuardedMainWrapper() (0x00007ff79594eb7a) + 5 bytes [g:\other files\unrealengine_4.5\unrealengine\engine\source\runtime\launch\private\windows\launchwindows.cpp:125]
UE4Editor.exe!WinMain() (0x00007ff79595a6f9) + 17 bytes [g:\other files\unrealengine_4.5\unrealengine\engine\source\runtime\launch\private\windows\launchwindows.cpp:201]
UE4Editor.exe!__tmainCRTStartup() (0x00007ff79595b629) + 21 bytes [f:\dd\vctools\crt\crtw32\dllstuff\crtexe.c:618]
KERNEL32.DLL!UnknownFunction (0x00007ffd356816ad) + 0 bytes [UnknownFile:0]
ntdll.dll!UnknownFunction (0x00007ffd35ed4409) + 0 bytes [UnknownFile:0]
ntdll.dll!UnknownFunction (0x00007ffd35ed4409) + 0 bytes [UnknownFile:0]


[2014.12.07-14.04.44:165][774]LogExit: Executing StaticShutdownAfterError
[2014.12.07-14.04.44:330][774]LogWindows: FPlatformMisc::RequestExit(1)
[2014.12.07-14.04.44:331][774]Log file closed, 12/07/14 14:04:44
