Log file open, 12/10/14 21:24:07
LogInit:Display: Running engine for game: AsteroidMiner
LogInit: Version: 4.6.0-2369412+++depot+UE4-Releases+4.6
LogInit: API Version: 2369412
LogInit: Compiled (64-bit): Nov 24 2014 21:54:04
LogInit: Compiled with Visual C++: 18.00.21005.01
LogInit: Build Configuration: Development
LogInit: Branch Name: ++depot+UE4-Releases+4.6
LogInit: Command line:  
LogInit: Base directory: C:/Program Files/Epic Games/4.6/Engine/Binaries/Win64/
LogInit: Rocket: 1
[2014.12.10-21.24.07:331][  0]LogTaskGraph: Started task graph with 3 named threads and 6 total threads.
[2014.12.10-21.24.07:396][  0]LogOnline:Warning: No default platform service specified for OnlineSubsystem
[2014.12.10-21.24.07:440][  0]LogInit: Presizing for 0 objects not considered by GC, pre-allocating 0 bytes.
[2014.12.10-21.24.07:457][  0]LogInit: Object subsystem initialized
[2014.12.10-21.24.07:461][  0]LogConsoleResponse:Warning: Skipping Unknown console variable: 'UIScaleCurve = (EditorCurveData=(Keys=((Time=480.000000,Value=0.444000),(Time=720.000000,Value=0.666000),(Time=1080.000000,Value=1.000000),(Time=8640.000000,Value=8.000000))),ExternalCurve=None)'
[2014.12.10-21.24.07:461][  0]LogConsoleResponse:Warning:   Found in ini file 'E:/Other Files/UnrealEngine_4.5/Projects/AsteroidMiner4.6/Saved/Config/Windows/Engine.ini', in section '[/Script/Engine.RendererSettings]'
[2014.12.10-21.24.07:462][  0]LogConsoleManager:Warning: Console variable 'r.MSAA.CompositingSampleCount' wasn't set (Priority ProjectSetting < Scalability)
[2014.12.10-21.24.07:462][  0]LogInit: Selected Device Profile: [Windows]
[2014.12.10-21.24.07:462][  0]LogInit: Applying CVar settings loaded from the selected device profile: [Windows]
[2014.12.10-21.24.07:501][  0]LogInit: Computer: LLOYDS_PC
[2014.12.10-21.24.07:501][  0]LogInit: User: 10021000
[2014.12.10-21.24.07:501][  0]LogInit: CPU Page size=4096, Cores=4
[2014.12.10-21.24.07:501][  0]LogInit: High frequency timer resolution =2.337877 MHz
[2014.12.10-21.24.07:501][  0]LogMemory: Memory total: Physical=5.9GB (6GB approx) Virtual=131072.0GB
[2014.12.10-21.24.07:501][  0]LogMemory: Platform Memory Stats for Windows
[2014.12.10-21.24.07:501][  0]LogMemory: Process Physical Memory: 47.27 MB used, 47.27 MB peak
[2014.12.10-21.24.07:501][  0]LogMemory: Process Virtual Memory: 23.10 MB used, 24.40 MB peak
[2014.12.10-21.24.07:501][  0]LogMemory: Physical Memory: 3457.67 MB used, 6077.92 MB total
[2014.12.10-21.24.07:501][  0]LogMemory: Virtual Memory: 272.18 MB used, 134217728.00 MB total
[2014.12.10-21.24.07:562][  0]LogD3D11RHI: Found D3D11 adapter 0: NVIDIA GeForce GTX 680 (Feature Level 11_0)
[2014.12.10-21.24.07:562][  0]LogD3D11RHI: Adapter has 1985MB of dedicated video memory, 0MB of dedicated system memory, and 2048MB of shared system memory, 2 output[s]
[2014.12.10-21.24.07:565][  0]LogD3D11RHI: Found D3D11 adapter 1: Microsoft Basic Render Driver (Feature Level 11_0)
[2014.12.10-21.24.07:565][  0]LogD3D11RHI: Adapter has 0MB of dedicated video memory, 0MB of dedicated system memory, and 256MB of shared system memory, 0 output[s]
[2014.12.10-21.24.07:565][  0]LogD3D11RHI: Chosen D3D11 Adapter Id = 0
[2014.12.10-21.24.07:585][  0]LogRHI: Texture pool is 1361 MB (70% of 1945 MB)
[2014.12.10-21.24.07:613][  0]LogD3D11RHI: Async texture creation enabled
[2014.12.10-21.24.07:705][  0]LogTextLocalizationManager: The requested culture ('en_GB') has no localization data; parent culture's ('en') localization data will be used.
[2014.12.10-21.24.08:045][  0]LogContentStreaming: Texture pool size is 0.000000MB
[2014.12.10-21.24.18:085][  0]LogTargetPlatformManager:Display: Building Assets For Windows
[2014.12.10-21.24.18:980][  0]LogTargetPlatformManager:Display: Building Assets For Windows
[2014.12.10-21.24.19:079][  0]LogDerivedDataCache:Display: Max Cache Size: 512 MB
[2014.12.10-21.24.19:260][  0]LogDerivedDataCache: Loaded boot cache 0.18s 39MB C:/Users/10021_000/AppData/Local/UnrealEngine/4.6/DerivedDataCache/Boot.ddc.
[2014.12.10-21.24.19:260][  0]LogDerivedDataCache:Display: Loaded Boot cache: C:/Users/10021_000/AppData/Local/UnrealEngine/4.6/DerivedDataCache/Boot.ddc
[2014.12.10-21.24.19:262][  0]LogDerivedDataCache: FDerivedDataBackendGraph:  Pak pak cache file E:/Other Files/UnrealEngine_4.5/Projects/AsteroidMiner4.6/DerivedDataCache/DDC.ddp not found, will not use a pak cache.
[2014.12.10-21.24.19:262][  0]LogDerivedDataCache: Unable to find inner node Pak for hierarchical cache Hierarchy.
[2014.12.10-21.24.19:373][  0]LogDerivedDataCache:Display: Pak cache opened for reading ../../../Engine/DerivedDataCache/DDC.ddp.
[2014.12.10-21.24.19:386][  0]LogDerivedDataCache: Using Local data cache path C:/Users/10021_000/AppData/Local/UnrealEngine/Common/DerivedDataCache: Writable
[2014.12.10-21.24.19:684][  0]LogCollisionProfile:Warning: Profile (Trigger) - Custom Channel Name = 'Projectile' hasn't been found
[2014.12.10-21.24.19:684][  0]LogCollisionProfile:Warning: Profile (UI) - Custom Channel Name = 'Weapon' hasn't been found
[2014.12.10-21.24.19:684][  0]LogCollisionProfile:Warning: Profile (Projectile) ObjectTypeName (Projectile) is invalid. 
[2014.12.10-21.24.20:016][  0]LogMeshUtilities: No automatic mesh reduction module available
[2014.12.10-21.24.20:016][  0]LogMeshUtilities: No automatic mesh merging module available
[2014.12.10-21.24.20:955][  0]LogInit: WinSock: version 1.1 (2.2), MaxSocks=32767, MaxUdp=65467
[2014.12.10-21.24.21:075][  0]LogSlate:Warning: Failed to load font data from '../../../Engine/Content/Slate/Fonts/Roboto-Italic.ttf'
[2014.12.10-21.24.22:930][  0]UdpMessaging: Initializing bridge on interface 0.0.0.0:0 to multicast group 230.0.0.1:6666.
[2014.12.10-21.24.23:227][  0]LogDirectoryWatcher:Warning: Failed to begin reading directory changes for E:/Other Files/UnrealEngine_4.5/Projects/AsteroidMiner4.6/Binaries/Win64. Error: 0
[2014.12.10-21.24.23:559][  0]SourceControl: Info Source control is disabled
[2014.12.10-21.24.23:560][  0]SourceControl: Info Source control is disabled
[2014.12.10-21.24.23:574][  0]SourceControl: Info Source control is disabled
[2014.12.10-21.24.23:845][  0]LogObj: 23754 objects as part of root set at end of initial load.
[2014.12.10-21.24.23:845][  0]LogUObjectAllocator: 5168136 out of 0 bytes used by permanent object pool.
[2014.12.10-21.24.23:942][  0]LogEngine: Initializing Engine...
[2014.12.10-21.24.24:270][  0]LogInit: XAudio2 using '37'' TFT-TV-4 (NVIDIA High Definition Audio)' : 2 channels at 48 kHz using 16 bits per sample (channel mask 0x3)
[2014.12.10-21.24.24:283][  0]LogInit: FAudioDevice initialized.
[2014.12.10-21.24.24:320][  0]LogAIModule: Creating AISystem for world NewWorld
[2014.12.10-21.24.24:390][  0]LogDerivedDataCache: Saved boot cache 0.07s 39MB C:/Users/10021_000/AppData/Local/UnrealEngine/4.6/DerivedDataCache/Boot.ddc.
[2014.12.10-21.24.24:425][  0]LogInit: Texture streaming: Enabled
[2014.12.10-21.24.24:483][  0]LogAnalytics: Creating configured Analytics provider AnalyticsET
[2014.12.10-21.24.24:483][  0]LogAnalytics: ET APIKey = Rocket.Release. APIServer = http://et2.epicgames.com/ET2/. AppVersion = 4.6.0-2369412+++depot+UE4-Releases+4.6
[2014.12.10-21.24.24:485][  0]LogAnalytics: SetUserId a29c071cf10a93fac0ff457d50595e17
[2014.12.10-21.24.24:485][  0]LogAnalytics: AnalyticsET::StartSession [Rocket.Release]
[2014.12.10-21.24.24:510][  0]LogInit: Transaction tracking system initialized
[2014.12.10-21.24.24:690][  0]BlueprintLog: New page: Editor Load
[2014.12.10-21.24.24:736][  0]LogAssetRegistry: FAssetRegistry took 0.0105 seconds to start up
[2014.12.10-21.24.24:738][  0]LogDirectoryWatcher:Warning: Failed to begin reading directory changes for ../../../Engine/Plugins/Experimental/CharacterAI/Content/. Error: 0
[2014.12.10-21.24.25:836][  0]LogTargetPlatformManager:Display: Building Assets For Windows
[2014.12.10-21.24.26:574][  0]LogTargetPlatformManager:Display: Building Assets For Windows
[2014.12.10-21.24.26:935][  0]LogConsoleResponse:Display: 
[2014.12.10-21.24.27:028][  0]LogLinker:Warning: Asset '../../../Engine/Content/Functions/Engine_MaterialFunctions03/Procedurals/ComputeFilterWidth.uasset' has been saved with empty engine version. The asset will be loaded but may be incompatible.
[2014.12.10-21.24.27:401][  0]SourceControl: Info Source control is disabled
[2014.12.10-21.24.27:401][  0]Cmd: MAP LOAD FILE="E:/Other Files/UnrealEngine_4.5/Projects/AsteroidMiner4.6/Content/Maps/AsteroidMiner.umap" TEMPLATE=0 SHOWPROGRESS=1
[2014.12.10-21.24.27:406][  0]LightingResults: New page: Lighting Build
[2014.12.10-21.24.27:427][  0]MapCheck: New page: Map Check
[2014.12.10-21.24.27:427][  0]LightingResults: New page: Lighting Build
[2014.12.10-21.24.27:444][  0]LogParticles: Destroying 0 GPU particle simulations for FXSystem 0x000000826A4F5940
[2014.12.10-21.24.27:684][  0]LogLinker:Warning: Asset 'E:/Other Files/UnrealEngine_4.5/Projects/AsteroidMiner4.6/Content/Materials/M_SkyBox.uasset' has been saved with empty engine version. The asset will be loaded but may be incompatible.
[2014.12.10-21.24.27:687][  0]LogLinker:Warning: Asset 'E:/Other Files/UnrealEngine_4.5/Projects/AsteroidMiner4.6/Content/Textures/HighResSkyBox.uasset' has been saved with empty engine version. The asset will be loaded but may be incompatible.
[2014.12.10-21.24.28:568][  0]LogLinker:Warning: Asset 'E:/Other Files/UnrealEngine_4.5/Projects/AsteroidMiner4.6/Content/Meshes/DetailedSun.uasset' has been saved with empty engine version. The asset will be loaded but may be incompatible.
[2014.12.10-21.24.28:571][  0]LogLinker:Warning: Asset 'E:/Other Files/UnrealEngine_4.5/Projects/AsteroidMiner4.6/Content/Materials/M_Sun.uasset' has been saved with empty engine version. The asset will be loaded but may be incompatible.
[2014.12.10-21.24.28:577][  0]LogLinker:Warning: Asset 'E:/Other Files/UnrealEngine_4.5/Projects/AsteroidMiner4.6/Content/Textures/T_Fire.uasset' has been saved with empty engine version. The asset will be loaded but may be incompatible.
[2014.12.10-21.24.28:790][  0]LogBlueprint:Warning: [AdjustVelocityBTT] CreatePinForVariable: 'VelocityChange?' variable not found. Base class was probably changed.
[2014.12.10-21.24.28:819][  0]LogBlueprint:Warning: [compiler] Warning Could not find a variable named "VelocityChange?" in 'BotShip_C'.
Make sure 'BotShip_C' has been compiled for  Set VelocityChange? 
[2014.12.10-21.24.28:822][  0]LogBlueprint:Error: [compiler] Error The property associated with  Velocity Change?  could not be found
[2014.12.10-21.24.28:839][  0]LogBlueprint:Warning: [compiler] Warning [0025.04] Compile of AdjustVelocityBTT failed. 1 Fatal Issue(s) 1 Warning(s) [in 48 ms]
[2014.12.10-21.24.29:054][  0]LoadErrors:Error: Error Failed import for BoolProperty
[2014.12.10-21.24.29:442][  0]LogLinker:Warning: Asset 'E:/Other Files/UnrealEngine_4.5/Projects/AsteroidMiner4.6/Content/Blueprints/Objects/B_Asteroid.uasset' has been saved with empty engine version. The asset will be loaded but may be incompatible.
[2014.12.10-21.24.29:447][  0]LogLinker:Warning: Asset 'E:/Other Files/UnrealEngine_4.5/Projects/AsteroidMiner4.6/Content/Meshes/Rock.uasset' has been saved with empty engine version. The asset will be loaded but may be incompatible.
[2014.12.10-21.24.29:449][  0]LogLinker:Warning: Asset 'E:/Other Files/UnrealEngine_4.5/Projects/AsteroidMiner4.6/Content/Materials/M_Asteroid.uasset' has been saved with empty engine version. The asset will be loaded but may be incompatible.
[2014.12.10-21.24.29:471][  0]LoadErrors:Error: Error Failed import for BoolProperty
[2014.12.10-21.24.29:560][  0]LogBlueprint:Warning: [compiler] Warning  Remove from Viewport  is deprecated; Use RemoveFromParent instead
[2014.12.10-21.24.29:562][  0]LogBlueprint:Warning: [compiler] Warning [0025.76] Compile of GameOverWidget successful, but with 1 Warning(s) [in 8 ms]
[2014.12.10-21.24.29:566][  0]LogBlueprint:Warning: [compiler] Warning  Remove from Viewport  is deprecated; Use RemoveFromParent instead
[2014.12.10-21.24.29:568][  0]LogBlueprint:Warning: [compiler] Warning [0025.76] Compile of GameOverWidget successful, but with 1 Warning(s) [in 4 ms]
[2014.12.10-21.24.29:568][  0]LogBlueprint:Warning: [compiler] Warning [0025.77] Compile of GameOverWidget successful, but with 2 Warning(s) [in 0 ms]
[2014.12.10-21.24.29:616][  0]LogBlueprint:Warning: [compiler] Warning  Remove from Viewport  is deprecated; Use RemoveFromParent instead
[2014.12.10-21.24.29:617][  0]LogBlueprint:Warning: [compiler] Warning [0025.81] Compile of PauseMenuWidget successful, but with 1 Warning(s) [in 8 ms]
[2014.12.10-21.24.29:622][  0]LogBlueprint:Warning: [compiler] Warning  Remove from Viewport  is deprecated; Use RemoveFromParent instead
[2014.12.10-21.24.29:624][  0]LogBlueprint:Warning: [compiler] Warning [0025.82] Compile of PauseMenuWidget successful, but with 1 Warning(s) [in 4 ms]
[2014.12.10-21.24.29:624][  0]LogBlueprint:Warning: [compiler] Warning [0025.82] Compile of PauseMenuWidget successful, but with 2 Warning(s) [in 0 ms]
[2014.12.10-21.24.31:335][  0]LogEditorServer: Finished looking for orphan Actors (0.000 secs)
[2014.12.10-21.24.31:335][  0]LogAIModule: Creating AISystem for world AsteroidMiner
[2014.12.10-21.24.31:336][  0]Cmd: MAP CHECKDEP
[2014.12.10-21.24.31:337][  0]MapCheck: New page: AsteroidMiner - 10 Dec 2014 21:24:31
[2014.12.10-21.24.31:622][  0]MapCheck: Info Map check complete: 0 Error(s), 0 Warning(s), took 285.109ms to complete.
[2014.12.10-21.24.31:622][  0]LogFileHelpers: Loading map 'AsteroidMiner' took 4.221
[2014.12.10-21.24.31:746][  0]LogCollectionManager: Loaded 0 collections in 0.004056 seconds
[2014.12.10-21.24.31:943][  0]LogCrashTracker: Crashtracker disabled due to settings.
[2014.12.10-21.24.31:955][  0]LogUObjectGlobals:Warning: Failed to find object 'Class None.'
[2014.12.10-21.24.31:987][  0]LogLoad: Full Startup: 28.18 seconds (BP compile: 1.26 seconds)
[2014.12.10-21.24.32:334][  0]LogContentBrowser:Verbose: The content browser source was changed by the sources view to '/Game/Blueprints/AI/BehaviourTreeTasks'
[2014.12.10-21.24.32:695][  1]LogRenderer:Warning: Reallocating scene render targets to support 688x856.
[2014.12.10-21.24.33:740][  3]LogPackageName: SearchForPackageOnDisk took   0.000s to resolve /Engine/Tutorial/Basics/ContentBrowserOverview
[2014.12.10-21.24.33:740][  3]LogPackageName: SearchForPackageOnDisk took   0.000s to resolve /Engine/Tutorial/Basics/LevelEditorAttract
[2014.12.10-21.24.33:741][  3]LogPackageName: SearchForPackageOnDisk took   0.000s to resolve /Engine/Tutorial/Basics/LevelEditorOverview
[2014.12.10-21.24.33:741][  3]LogPackageName: SearchForPackageOnDisk took   0.000s to resolve /Engine/Tutorial/Basics/ViewportsTutorial
[2014.12.10-21.24.33:742][  3]LogPackageName: SearchForPackageOnDisk took   0.000s to resolve /Engine/Tutorial/BlueprintTutorials/BlueprintEditorTutorial
[2014.12.10-21.24.33:742][  3]LogPackageName: SearchForPackageOnDisk took   0.000s to resolve /Engine/Tutorial/BlueprintTutorials/BlueprintInterfacesEditorOverview
[2014.12.10-21.24.33:742][  3]LogPackageName: SearchForPackageOnDisk took   0.000s to resolve /Engine/Tutorial/BlueprintTutorials/BlueprintMacroLibrariesEditorOverview
[2014.12.10-21.24.33:743][  3]LogPackageName: SearchForPackageOnDisk took   0.000s to resolve /Engine/Tutorial/BlueprintTutorials/ClassBlueprintsEditorOverview
[2014.12.10-21.24.34:061][  4]LogPackageName: SearchForPackageOnDisk took   0.000s to resolve /Engine/Tutorial/BlueprintTutorials/LevelBlueprintEditorOverview
[2014.12.10-21.24.34:062][  4]LogPackageName: SearchForPackageOnDisk took   0.000s to resolve /Engine/Tutorial/BlueprintTutorials/TutorialAssets/Tutorial_BP_Class
[2014.12.10-21.24.34:063][  4]LogPackageName: SearchForPackageOnDisk took   0.000s to resolve /Engine/Tutorial/BlueprintTutorials/TutorialAssets/Tutorial_BP_Interface
[2014.12.10-21.24.34:063][  4]LogPackageName: SearchForPackageOnDisk took   0.000s to resolve /Engine/Tutorial/BlueprintTutorials/TutorialAssets/Tutorial_BP_MacroLib
[2014.12.10-21.24.34:064][  4]LogPackageName: SearchForPackageOnDisk took   0.000s to resolve /Engine/Tutorial/Foliage/FoliageWalkThrough
[2014.12.10-21.24.34:064][  4]LogPackageName: SearchForPackageOnDisk took   0.000s to resolve /Engine/Tutorial/Foliage/Foliage_Intro_Tutorial
[2014.12.10-21.24.34:066][  4]LogPackageName: SearchForPackageOnDisk took   0.001s to resolve /Engine/Tutorial/Foliage/Foliage_Settings_Tutorial
[2014.12.10-21.24.34:067][  4]LogPackageName: SearchForPackageOnDisk took   0.000s to resolve /Engine/Tutorial/Foliage/Foliage_Using_The_Tool_Tutorial
[2014.12.10-21.24.34:068][  4]LogPackageName: SearchForPackageOnDisk took   0.000s to resolve /Engine/Tutorial/Installation/InstallingVisualStudioTutorial
[2014.12.10-21.24.34:068][  4]LogPackageName: SearchForPackageOnDisk took   0.000s to resolve /Engine/Tutorial/Installation/InstallingXCodeTutorial
[2014.12.10-21.24.34:069][  4]LogPackageName: SearchForPackageOnDisk took   0.000s to resolve /Engine/Tutorial/Landscape/LandscapeWalkThrough
[2014.12.10-21.24.34:073][  4]LogPackageName: SearchForPackageOnDisk took   0.001s to resolve /Engine/Tutorial/Landscape/Landscape_Manage_Mode
[2014.12.10-21.24.34:076][  4]LogPackageName: SearchForPackageOnDisk took   0.002s to resolve /Engine/Tutorial/Landscape/Landscape_Painting_Mode
[2014.12.10-21.24.34:395][  5]LogPackageName: SearchForPackageOnDisk took   0.000s to resolve /Engine/Tutorial/Landscape/Landscape_Sculpt_Mode
[2014.12.10-21.24.34:396][  5]LogPackageName: SearchForPackageOnDisk took   0.000s to resolve /Engine/Tutorial/Mobile/CreatingSigningCertAndProvisionTutorial
[2014.12.10-21.24.34:397][  5]LogPackageName: SearchForPackageOnDisk took   0.000s to resolve /Engine/Tutorial/Mobile/InstallingiTunesTutorial
[2014.12.10-21.24.34:397][  5]LogPackageName: SearchForPackageOnDisk took   0.000s to resolve /Engine/Tutorial/Mobile/SettingUpAndroidTutorial
[2014.12.10-21.24.34:398][  5]LogPackageName: SearchForPackageOnDisk took   0.000s to resolve /Engine/Tutorial/Paper2D/FlipbookEditorTutorial
[2014.12.10-21.24.34:399][  5]LogPackageName: SearchForPackageOnDisk took   0.000s to resolve /Engine/Tutorial/Paper2D/SpriteEditorTutorial
[2014.12.10-21.24.34:400][  5]LogPackageName: SearchForPackageOnDisk took   0.001s to resolve /Engine/Tutorial/SubEditors/DestructibleMeshEditorTutorial
[2014.12.10-21.24.34:400][  5]LogPackageName: SearchForPackageOnDisk took   0.000s to resolve /Engine/Tutorial/SubEditors/MaterialEditorTutorial
[2014.12.10-21.24.34:401][  5]LogPackageName: SearchForPackageOnDisk took   0.000s to resolve /Engine/Tutorial/SubEditors/ParticleSystemEditorTutorial
[2014.12.10-21.24.34:401][  5]LogPackageName: SearchForPackageOnDisk took   0.000s to resolve /Engine/Tutorial/SubEditors/PersonaAnimBlueprintEditorWalkthrough
[2014.12.10-21.24.34:402][  5]LogPackageName: SearchForPackageOnDisk took   0.000s to resolve /Engine/Tutorial/SubEditors/PersonaAnimEditorWalkthrough
[2014.12.10-21.24.34:402][  5]LogPackageName: SearchForPackageOnDisk took   0.000s to resolve /Engine/Tutorial/SubEditors/PersonaWalkthrough
[2014.12.10-21.24.34:403][  5]LogPackageName: SearchForPackageOnDisk took   0.000s to resolve /Engine/Tutorial/SubEditors/SkeletalMeshEditorWalkthrough
[2014.12.10-21.24.34:404][  5]LogPackageName: SearchForPackageOnDisk took   0.000s to resolve /Engine/Tutorial/SubEditors/SkeletonModeWalkthrough
[2014.12.10-21.24.34:404][  5]LogPackageName: SearchForPackageOnDisk took   0.000s to resolve /Engine/Tutorial/SubEditors/StaticMeshEditorTutorial
[2014.12.10-21.24.34:406][  5]LogPackageName: SearchForPackageOnDisk took   0.001s to resolve /Engine/Tutorial/SubEditors/TutorialAssets/TutorialAnimationBlueprint
[2014.12.10-21.24.34:407][  5]LogPackageName: SearchForPackageOnDisk took   0.000s to resolve /Engine/Tutorial/SubEditors/TutorialAssets/Character/TutorialCharacter
[2014.12.10-21.24.34:408][  5]LogPackageName: SearchForPackageOnDisk took   0.000s to resolve /Engine/Tutorial/SubEditors/TutorialAssets/Character/TutorialTPP_AnimBlueprint
[2014.12.10-21.24.34:410][  5]LogPackageName: SearchForPackageOnDisk took   0.001s to resolve /Game/Blueprints/Objects/B_Asteroid
[2014.12.10-21.24.34:729][  6]LogPackageName: SearchForPackageOnDisk took   0.001s to resolve /Game/Blueprints/Objects/B_Sun
[2014.12.10-21.24.34:732][  6]LogPackageName: SearchForPackageOnDisk took   0.002s to resolve /Game/Blueprints/GameComponents/DebugHud
[2014.12.10-21.24.34:735][  6]LogPackageName: SearchForPackageOnDisk took   0.002s to resolve /Game/Blueprints/GameComponents/AsteroidMinerCamera
[2014.12.10-21.24.34:737][  6]LogPackageName: SearchForPackageOnDisk took   0.002s to resolve /Game/Blueprints/GameComponents/Hud_Interface
[2014.12.10-21.24.34:738][  6]LogPackageName: SearchForPackageOnDisk took   0.001s to resolve /Game/Blueprints/GameComponents/AsteroidMinerPlayerControler
[2014.12.10-21.24.34:740][  6]LogPackageName: SearchForPackageOnDisk took   0.001s to resolve /Game/Blueprints/GameComponents/AsteroidMinerGameMode
[2014.12.10-21.24.34:741][  6]LogPackageName: SearchForPackageOnDisk took   0.001s to resolve /Game/Blueprints/AI/BotShip
[2014.12.10-21.24.34:742][  6]LogPackageName: SearchForPackageOnDisk took   0.001s to resolve /Game/Blueprints/AI/ShipAIController
[2014.12.10-21.24.34:744][  6]LogPackageName: SearchForPackageOnDisk took   0.002s to resolve /Game/Blueprints/AI/BehaviourTreeTasks/AdjustVelocityBTT
[2014.12.10-21.24.35:063][  7]LogPackageName: SearchForPackageOnDisk took   0.002s to resolve /Game/Blueprints/AI/BehaviourTreeTasks/CheckStateBTT
[2014.12.10-21.24.35:067][  7]LogPackageName: SearchForPackageOnDisk took   0.001s to resolve /Game/Widgets/MenuWidget
[2014.12.10-21.24.35:068][  7]LogPackageName: SearchForPackageOnDisk took   0.001s to resolve /Game/Widgets/GameOverWidget
[2014.12.10-21.24.35:069][  7]LogPackageName: SearchForPackageOnDisk took   0.001s to resolve /Game/Widgets/PauseMenuWidget
[2014.12.10-21.24.35:397][  8]LogAssetRegistry: Asset discovery search completed in 10.6710 seconds
[2014.12.10-21.24.35:445][  8]LogAnalytics: Event Editor.Usage.AssetClasses has too many attributes (41). May be truncated at the collector.
[2014.12.10-21.24.58:528][ 80]LogEditorViewport: Clicking on Actor (LMB): BP_Sky_Sphere_C (BP_Sky_Sphere)
[2014.12.10-21.25.03:718][158]BlueprintLog: New page: Compile AdjustVelocityBTT
[2014.12.10-21.25.04:100][158]BlueprintEditorCompileResults: Info [0060.30] Compile of AdjustVelocityBTT successful! [in 310 ms]
[2014.12.10-21.25.08:584][254]LogContentBrowser:Verbose: The content browser source was changed by the sources view to '/Game/Blueprints/GameComponents'
[2014.12.10-21.25.10:679][301]LogRenderer:Warning: Reallocating scene render targets to support 944x872.
[2014.12.10-21.25.21:199][590]LogUObjectGlobals:Warning: Failed to find object 'Object None.'
[2014.12.10-21.25.21:200][590]LogUObjectGlobals:Warning: Failed to find object 'Object None.'
[2014.12.10-21.25.21:200][590]LogUObjectGlobals:Warning: Failed to find object 'Object None.'
[2014.12.10-21.25.21:201][590]LogProperty:Warning: ObjectProperty /Script/Engine.EdGraphPin:LinkedTo.LinkedTo: unresolved reference to 'EdGraphPin'"K2Node_VariableSet_316.EdGraphPin_15118"''
[2014.12.10-21.25.21:202][590]LogLinker:Warning: Can't find file '/Game/ExampleContent/HUD/Materials/M_HUD_Health_Bar'
[2014.12.10-21.25.21:204][590]LogLinker: Can't find file '/Game/ExampleContent/HUD/Materials/M_HUD_Health_Bar'
[2014.12.10-21.25.21:204][590]LogProperty:Warning: ObjectProperty /Script/Engine.EdGraphPin:DefaultObject: unresolved reference to 'Material'/Game/ExampleContent/HUD/Materials/M_HUD_Health_Bar.M_HUD_Health_Bar''
[2014.12.10-21.25.21:205][590]LogProperty:Warning: ObjectProperty /Script/Engine.EdGraphPin:LinkedTo.LinkedTo: unresolved reference to 'EdGraphPin'"K2Node_VariableSet_316.EdGraphPin_15116"''
[2014.12.10-21.25.21:205][590]LogProperty:Warning: ObjectProperty /Script/Engine.EdGraphPin:LinkedTo.LinkedTo: unresolved reference to 'EdGraphPin'"K2Node_FunctionEntry_68.EdGraphPin_14511"''
[2014.12.10-21.25.21:209][590]LogLinker:Warning: Can't find file '/Game/ExampleContent/HUD/Blueprints/BP_HUD_Example'
[2014.12.10-21.25.21:210][590]LogLinker: Can't find file '/Game/ExampleContent/HUD/Blueprints/BP_HUD_Example'
[2014.12.10-21.25.21:210][590]LogProperty:Warning: WeakObjectProperty /Script/Engine.EdGraphPin:EdGraphPinType.PinSubCategoryObject: unresolved reference to 'BlueprintGeneratedClass'/Game/ExampleContent/HUD/Blueprints/BP_HUD_Example.BP_HUD_Example_C')'
[2014.12.10-21.25.21:211][590]LogProperty:Warning: ObjectProperty /Script/Engine.EdGraphPin:LinkedTo.LinkedTo: unresolved reference to 'EdGraphPin'"K2Node_CallMaterialParameterCollectionFunction_103.EdGraphPin_15103"''
[2014.12.10-21.25.21:211][590]LogProperty:Warning: ObjectProperty /Script/Engine.EdGraphPin:LinkedTo.LinkedTo: unresolved reference to 'EdGraphPin'"K2Node_CallMaterialParameterCollectionFunction_103.EdGraphPin_15099"''
[2014.12.10-21.25.21:212][590]LogBlueprint:Warning: [DebugHud] CreatePinForVariable: 'Health bar' variable not found. Base class was probably changed.
[2014.12.10-21.26.14:076][382]BlueprintLog: New page: Compile DebugHud
[2014.12.10-21.26.14:886][382]BlueprintEditorCompileResults: Info [0131.08] Compile of DebugHud successful! [in 568 ms]
[2014.12.10-21.26.15:940][405]Cmd: OBJ SAVEPACKAGE PACKAGE="/Game/Blueprints/GameComponents/DebugHud" FILE="E:/Other Files/UnrealEngine_4.5/Projects/AsteroidMiner4.6/Content/Blueprints/GameComponents/DebugHud.uasset" SILENT=true
[2014.12.10-21.26.25:931][405]LogSavePackage: Save=8823.090820ms
[2014.12.10-21.26.25:931][405]LogSavePackage: Moving 'E:/Other Files/UnrealEngine_4.5/Projects/AsteroidMiner4.6/Saved/DebugHud51118AAC48F938946F2E0F9B57AE44EE.tmp' to 'E:/Other Files/UnrealEngine_4.5/Projects/AsteroidMiner4.6/Content/Blueprints/GameComponents/DebugHud.uasset'
[2014.12.10-21.26.29:194][503]BlueprintLog: New page: Pre-PIE auto-recompile
[2014.12.10-21.26.29:206][503]LogPlayLevel: [PIE] Compiling BotShip before PIE...
[2014.12.10-21.26.29:275][503]LogOutputDevice:Warning: 

Script Stack:
AsteroidMiner_C.ExecuteUbergraph_AsteroidMiner
AsteroidMiner_C.BndEvt__BotShip_6_K2Node_ActorBoundEvent_407_ActorDestroyedSignature__DelegateSignature

[2014.12.10-21.26.29:275][503]LogWindows:Error: Windows GetLastError: The operation completed successfully. (0)
[2014.12.10-21.26.29:275][503]LogCrashTracker: 


[2014.12.10-21.26.29:927][503]LogCrashTracker: 


[2014.12.10-21.26.29:927][503]LogWindows: === Critical error: ===
Assertion failed: PC [File:D:\BuildFarm\buildmachine_++depot+UE4-Releases+4.6\Engine\Source\Runtime\Engine\Private\GameplayStatics.cpp] [Line: 131] 



KERNELBASE.dll!UnknownFunction (0x00007ffe3891606c) + 0 bytes [UnknownFile:0]
UE4Editor-Core.dll!UnknownFunction (0x00007ffe1bb82f6d) + 0 bytes [UnknownFile:0]
UE4Editor-Core.dll!UnknownFunction (0x00007ffe1ba160e8) + 0 bytes [UnknownFile:0]
UE4Editor-Core.dll!UnknownFunction (0x00007ffe1b9f9182) + 0 bytes [UnknownFile:0]
UE4Editor-Engine.dll!UnknownFunction (0x00007ffe188ddbb7) + 0 bytes [UnknownFile:0]
UE4Editor-Engine.dll!UnknownFunction (0x00007ffe18616e61) + 0 bytes [UnknownFile:0]
UE4Editor-CoreUObject.dll!UnknownFunction (0x00007ffe1c289af4) + 0 bytes [UnknownFile:0]
UE4Editor-CoreUObject.dll!UnknownFunction (0x00007ffe1c34943f) + 0 bytes [UnknownFile:0]
UE4Editor-CoreUObject.dll!UnknownFunction (0x00007ffe1c3673bd) + 0 bytes [UnknownFile:0]
UE4Editor-CoreUObject.dll!UnknownFunction (0x00007ffe1c38a46a) + 0 bytes [UnknownFile:0]
UE4Editor-CoreUObject.dll!UnknownFunction (0x00007ffe1c368a5e) + 0 bytes [UnknownFile:0]
UE4Editor-CoreUObject.dll!UnknownFunction (0x00007ffe1c34999a) + 0 bytes [UnknownFile:0]
UE4Editor-CoreUObject.dll!UnknownFunction (0x00007ffe1c38bd74) + 0 bytes [UnknownFile:0]
UE4Editor-CoreUObject.dll!UnknownFunction (0x00007ffe1c368a5e) + 0 bytes [UnknownFile:0]
UE4Editor-CoreUObject.dll!UnknownFunction (0x00007ffe1c289af4) + 0 bytes [UnknownFile:0]
UE4Editor-CoreUObject.dll!UnknownFunction (0x00007ffe1c3681c6) + 0 bytes [UnknownFile:0]
UE4Editor-Engine.dll!UnknownFunction (0x00007ffe186d0851) + 0 bytes [UnknownFile:0]
UE4Editor-Engine.dll!UnknownFunction (0x00007ffe18636bf8) + 0 bytes [UnknownFile:0]
UE4Editor-Engine.dll!UnknownFunction (0x00007ffe1868304c) + 0 bytes [UnknownFile:0]
UE4Editor-Engine.dll!UnknownFunction (0x00007ffe189e4f97) + 0 bytes [UnknownFile:0]
UE4Editor-Engine.dll!UnknownFunction (0x00007ffe189eff43) + 0 bytes [UnknownFile:0]
UE4Editor-UnrealEd.dll!UnknownFunction (0x00007ffe173ca12b) + 0 bytes [UnknownFile:0]
UE4Editor-UnrealEd.dll!UnknownFunction (0x00007ffe173c36f8) + 0 bytes [UnknownFile:0]
UE4Editor-UnrealEd.dll!UnknownFunction (0x00007ffe1739b703) + 0 bytes [UnknownFile:0]
UE4Editor-UnrealEd.dll!UnknownFunction (0x00007ffe16e88a5a) + 0 bytes [UnknownFile:0]
UE4Editor-UnrealEd.dll!UnknownFunction (0x00007ffe16ea1ee3) + 0 bytes [UnknownFile:0]
UE4Editor-UnrealEd.dll!UnknownFunction (0x00007ffe16be7e53) + 0 bytes [UnknownFile:0]
UE4Editor-UnrealEd.dll!UnknownFunction (0x00007ffe17090686) + 0 bytes [UnknownFile:0]
UE4Editor.exe!FEngineLoop::Tick() (0x00007ff72a7bcd94) + 0 bytes [d:\buildfarm\buildmachine_++depot+ue4-releases+4.6\engine\source\runtime\launch\private\launchengineloop.cpp:2214]
UE4Editor.exe!GuardedMain() (0x00007ff72a7b089f) + 0 bytes [d:\buildfarm\buildmachine_++depot+ue4-releases+4.6\engine\source\runtime\launch\private\launch.cpp:131]
UE4Editor.exe!GuardedMainWrapper() (0x00007ff72a7b090a) + 5 bytes [d:\buildfarm\buildmachine_++depot+ue4-releases+4.6\engine\source\runtime\launch\private\windows\launchwindows.cpp:126]
UE4Editor.exe!WinMain() (0x00007ff72a7be3d9) + 17 bytes [d:\buildfarm\buildmachine_++depot+ue4-releases+4.6\engine\source\runtime\launch\private\windows\launchwindows.cpp:202]
UE4Editor.exe!__tmainCRTStartup() (0x00007ff72a7bf319) + 21 bytes [f:\dd\vctools\crt\crtw32\dllstuff\crtexe.c:618]
KERNEL32.DLL!UnknownFunction (0x00007ffe3b0516ad) + 0 bytes [UnknownFile:0]
ntdll.dll!UnknownFunction (0x00007ffe3b1f4409) + 0 bytes [UnknownFile:0]
ntdll.dll!UnknownFunction (0x00007ffe3b1f4409) + 0 bytes [UnknownFile:0]


[2014.12.10-21.26.30:500][503]LogExit: Executing StaticShutdownAfterError
[2014.12.10-21.26.30:509][503]LogWindows: FPlatformMisc::RequestExit(1)
[2014.12.10-21.26.30:509][503]Log file closed, 12/10/14 21:26:30
