Log file open, 12/11/14 01:07:28
LogInit:Display: Running engine for game: AsteroidMiner
LogInit: Version: 4.6.0-2369412+++depot+UE4-Releases+4.6
LogInit: API Version: 2369412
LogInit: Compiled (64-bit): Nov 24 2014 21:54:04
LogInit: Compiled with Visual C++: 18.00.21005.01
LogInit: Build Configuration: Development
LogInit: Branch Name: ++depot+UE4-Releases+4.6
LogInit: Command line:  
LogInit: Base directory: C:/Program Files/Epic Games/4.6/Engine/Binaries/Win64/
LogInit: Rocket: 1
[2014.12.11-01.07.28:641][  0]LogTaskGraph: Started task graph with 3 named threads and 6 total threads.
[2014.12.11-01.07.28:701][  0]LogOnline:Warning: No default platform service specified for OnlineSubsystem
[2014.12.11-01.07.28:735][  0]LogInit: Presizing for 0 objects not considered by GC, pre-allocating 0 bytes.
[2014.12.11-01.07.28:750][  0]LogInit: Object subsystem initialized
[2014.12.11-01.07.28:753][  0]LogConsoleResponse:Warning: Skipping Unknown console variable: 'UIScaleCurve = (EditorCurveData=(Keys=((Time=480.000000,Value=0.444000),(Time=720.000000,Value=0.666000),(Time=1080.000000,Value=1.000000),(Time=8640.000000,Value=8.000000))),ExternalCurve=None)'
[2014.12.11-01.07.28:753][  0]LogConsoleResponse:Warning:   Found in ini file 'E:/Other Files/UnrealEngine_4.5/Projects/AsteroidMiner4.6/Saved/Config/Windows/Engine.ini', in section '[/Script/Engine.RendererSettings]'
[2014.12.11-01.07.28:753][  0]LogConsoleManager:Warning: Console variable 'r.MSAA.CompositingSampleCount' wasn't set (Priority ProjectSetting < Scalability)
[2014.12.11-01.07.28:754][  0]LogInit: Selected Device Profile: [Windows]
[2014.12.11-01.07.28:754][  0]LogInit: Applying CVar settings loaded from the selected device profile: [Windows]
[2014.12.11-01.07.28:786][  0]LogInit: Computer: LLOYDS_PC
[2014.12.11-01.07.28:786][  0]LogInit: User: 10021000
[2014.12.11-01.07.28:786][  0]LogInit: CPU Page size=4096, Cores=4
[2014.12.11-01.07.28:786][  0]LogInit: High frequency timer resolution =2.337877 MHz
[2014.12.11-01.07.28:786][  0]LogMemory: Memory total: Physical=5.9GB (6GB approx) Virtual=131072.0GB
[2014.12.11-01.07.28:786][  0]LogMemory: Platform Memory Stats for Windows
[2014.12.11-01.07.28:786][  0]LogMemory: Process Physical Memory: 47.30 MB used, 47.30 MB peak
[2014.12.11-01.07.28:786][  0]LogMemory: Process Virtual Memory: 23.07 MB used, 24.36 MB peak
[2014.12.11-01.07.28:786][  0]LogMemory: Physical Memory: 2044.61 MB used, 6077.92 MB total
[2014.12.11-01.07.28:786][  0]LogMemory: Virtual Memory: 272.18 MB used, 134217728.00 MB total
[2014.12.11-01.07.28:832][  0]LogD3D11RHI: Found D3D11 adapter 0: NVIDIA GeForce GTX 680 (Feature Level 11_0)
[2014.12.11-01.07.28:832][  0]LogD3D11RHI: Adapter has 1985MB of dedicated video memory, 0MB of dedicated system memory, and 2048MB of shared system memory, 1 output[s]
[2014.12.11-01.07.28:834][  0]LogD3D11RHI: Found D3D11 adapter 1: Microsoft Basic Render Driver (Feature Level 11_0)
[2014.12.11-01.07.28:834][  0]LogD3D11RHI: Adapter has 0MB of dedicated video memory, 0MB of dedicated system memory, and 256MB of shared system memory, 0 output[s]
[2014.12.11-01.07.28:834][  0]LogD3D11RHI: Chosen D3D11 Adapter Id = 0
[2014.12.11-01.07.28:841][  0]LogRHI: Texture pool is 1361 MB (70% of 1945 MB)
[2014.12.11-01.07.28:859][  0]LogD3D11RHI: Async texture creation enabled
[2014.12.11-01.07.28:943][  0]LogTextLocalizationManager: The requested culture ('en_GB') has no localization data; parent culture's ('en') localization data will be used.
[2014.12.11-01.07.29:172][  0]LogContentStreaming: Texture pool size is 0.000000MB
[2014.12.11-01.07.39:319][  0]LogTargetPlatformManager:Display: Building Assets For Windows
[2014.12.11-01.07.40:276][  0]LogTargetPlatformManager:Display: Building Assets For Windows
[2014.12.11-01.07.40:364][  0]LogDerivedDataCache:Display: Max Cache Size: 512 MB
[2014.12.11-01.07.41:274][  0]LogDerivedDataCache: Loaded boot cache 0.91s 39MB C:/Users/10021_000/AppData/Local/UnrealEngine/4.6/DerivedDataCache/Boot.ddc.
[2014.12.11-01.07.41:274][  0]LogDerivedDataCache:Display: Loaded Boot cache: C:/Users/10021_000/AppData/Local/UnrealEngine/4.6/DerivedDataCache/Boot.ddc
[2014.12.11-01.07.41:276][  0]LogDerivedDataCache: FDerivedDataBackendGraph:  Pak pak cache file E:/Other Files/UnrealEngine_4.5/Projects/AsteroidMiner4.6/DerivedDataCache/DDC.ddp not found, will not use a pak cache.
[2014.12.11-01.07.41:276][  0]LogDerivedDataCache: Unable to find inner node Pak for hierarchical cache Hierarchy.
[2014.12.11-01.07.41:407][  0]LogDerivedDataCache:Display: Pak cache opened for reading ../../../Engine/DerivedDataCache/DDC.ddp.
[2014.12.11-01.07.41:419][  0]LogDerivedDataCache: Using Local data cache path C:/Users/10021_000/AppData/Local/UnrealEngine/Common/DerivedDataCache: Writable
[2014.12.11-01.07.44:827][  0]LogCollisionProfile:Warning: Profile (Trigger) - Custom Channel Name = 'Projectile' hasn't been found
[2014.12.11-01.07.44:827][  0]LogCollisionProfile:Warning: Profile (UI) - Custom Channel Name = 'Weapon' hasn't been found
[2014.12.11-01.07.44:827][  0]LogCollisionProfile:Warning: Profile (Projectile) ObjectTypeName (Projectile) is invalid. 
[2014.12.11-01.07.45:347][  0]LogMeshUtilities: No automatic mesh reduction module available
[2014.12.11-01.07.45:347][  0]LogMeshUtilities: No automatic mesh merging module available
[2014.12.11-01.07.47:071][  0]LogInit: WinSock: version 1.1 (2.2), MaxSocks=32767, MaxUdp=65467
[2014.12.11-01.07.47:185][  0]LogSlate:Warning: Failed to load font data from '../../../Engine/Content/Slate/Fonts/Roboto-Italic.ttf'
[2014.12.11-01.08.06:634][  0]UdpMessaging: Initializing bridge on interface 0.0.0.0:0 to multicast group 230.0.0.1:6666.
[2014.12.11-01.08.07:291][  0]LogDirectoryWatcher:Warning: Failed to begin reading directory changes for E:/Other Files/UnrealEngine_4.5/Projects/AsteroidMiner4.6/Binaries/Win64. Error: 0
[2014.12.11-01.08.08:027][  0]SourceControl: Info Source control is disabled
[2014.12.11-01.08.08:027][  0]SourceControl: Info Source control is disabled
[2014.12.11-01.08.08:040][  0]SourceControl: Info Source control is disabled
[2014.12.11-01.08.08:775][  0]LogObj: 23754 objects as part of root set at end of initial load.
[2014.12.11-01.08.08:775][  0]LogUObjectAllocator: 5168136 out of 0 bytes used by permanent object pool.
[2014.12.11-01.08.08:951][  0]LogEngine: Initializing Engine...
[2014.12.11-01.08.18:085][  0]LogInit: XAudio2 using 'Speakers (High Definition Audio Device)' : 2 channels at 48 kHz using 32 bits per sample (channel mask 0x3)
[2014.12.11-01.08.20:137][  0]LogInit: FAudioDevice initialized.
[2014.12.11-01.08.20:750][  0]LogAIModule: Creating AISystem for world NewWorld
[2014.12.11-01.08.21:581][  0]LogDerivedDataCache: Saved boot cache 0.07s 39MB C:/Users/10021_000/AppData/Local/UnrealEngine/4.6/DerivedDataCache/Boot.ddc.
[2014.12.11-01.08.21:611][  0]LogInit: Texture streaming: Enabled
[2014.12.11-01.08.21:658][  0]LogAnalytics: Creating configured Analytics provider AnalyticsET
[2014.12.11-01.08.21:658][  0]LogAnalytics: ET APIKey = Rocket.Release. APIServer = http://et2.epicgames.com/ET2/. AppVersion = 4.6.0-2369412+++depot+UE4-Releases+4.6
[2014.12.11-01.08.21:660][  0]LogAnalytics: SetUserId a29c071cf10a93fac0ff457d50595e17
[2014.12.11-01.08.21:660][  0]LogAnalytics: AnalyticsET::StartSession [Rocket.Release]
[2014.12.11-01.08.22:939][  0]LogInit: Transaction tracking system initialized
[2014.12.11-01.08.23:087][  0]BlueprintLog: New page: Editor Load
[2014.12.11-01.08.23:129][  0]LogAssetRegistry: FAssetRegistry took 0.0112 seconds to start up
[2014.12.11-01.08.23:152][  0]LogDirectoryWatcher:Warning: Failed to begin reading directory changes for ../../../Engine/Plugins/Experimental/CharacterAI/Content/. Error: 0
[2014.12.11-01.08.28:683][  0]LogTargetPlatformManager:Display: Building Assets For Windows
[2014.12.11-01.08.29:436][  0]LogTargetPlatformManager:Display: Building Assets For Windows
[2014.12.11-01.08.32:355][  0]LogConsoleResponse:Display: 
[2014.12.11-01.08.34:418][  0]LogLinker:Warning: Asset '../../../Engine/Content/Functions/Engine_MaterialFunctions03/Procedurals/ComputeFilterWidth.uasset' has been saved with empty engine version. The asset will be loaded but may be incompatible.
[2014.12.11-01.08.40:898][  0]SourceControl: Info Source control is disabled
[2014.12.11-01.08.40:899][  0]Cmd: MAP LOAD FILE="E:/Other Files/UnrealEngine_4.5/Projects/AsteroidMiner4.6/Content/Maps/AsteroidMiner.umap" TEMPLATE=0 SHOWPROGRESS=1
[2014.12.11-01.08.40:916][  0]LightingResults: New page: Lighting Build
[2014.12.11-01.08.40:965][  0]MapCheck: New page: Map Check
[2014.12.11-01.08.40:965][  0]LightingResults: New page: Lighting Build
[2014.12.11-01.08.40:994][  0]LogParticles: Destroying 0 GPU particle simulations for FXSystem 0x000000688B6F5940
[2014.12.11-01.08.42:323][  0]LogLinker:Warning: Asset 'E:/Other Files/UnrealEngine_4.5/Projects/AsteroidMiner4.6/Content/Materials/M_SkyBox.uasset' has been saved with empty engine version. The asset will be loaded but may be incompatible.
[2014.12.11-01.08.42:333][  0]LogLinker:Warning: Asset 'E:/Other Files/UnrealEngine_4.5/Projects/AsteroidMiner4.6/Content/Textures/HighResSkyBox.uasset' has been saved with empty engine version. The asset will be loaded but may be incompatible.
[2014.12.11-01.08.43:296][  0]LogLinker:Warning: Asset 'E:/Other Files/UnrealEngine_4.5/Projects/AsteroidMiner4.6/Content/Meshes/DetailedSun.uasset' has been saved with empty engine version. The asset will be loaded but may be incompatible.
[2014.12.11-01.08.43:307][  0]LogLinker:Warning: Asset 'E:/Other Files/UnrealEngine_4.5/Projects/AsteroidMiner4.6/Content/Materials/M_Sun.uasset' has been saved with empty engine version. The asset will be loaded but may be incompatible.
[2014.12.11-01.08.43:359][  0]LogLinker:Warning: Asset 'E:/Other Files/UnrealEngine_4.5/Projects/AsteroidMiner4.6/Content/Textures/T_Fire.uasset' has been saved with empty engine version. The asset will be loaded but may be incompatible.
[2014.12.11-01.08.43:572][  0]LogBlueprint:Warning: [AdjustVelocityBTT] CreatePinForVariable: 'VelocityChange?' variable not found. Base class was probably changed.
[2014.12.11-01.08.43:594][  0]LogBlueprint:Warning: [compiler] Warning Could not find a variable named "VelocityChange?" in 'BotShip_C'.
Make sure 'BotShip_C' has been compiled for  Set VelocityChange? 
[2014.12.11-01.08.43:598][  0]LogBlueprint:Error: [compiler] Error The property associated with  Velocity Change?  could not be found
[2014.12.11-01.08.43:613][  0]LogBlueprint:Warning: [compiler] Warning [0077.95] Compile of AdjustVelocityBTT failed. 1 Fatal Issue(s) 1 Warning(s) [in 41 ms]
[2014.12.11-01.08.43:803][  0]LoadErrors:Error: Error Failed import for BoolProperty
[2014.12.11-01.08.44:234][  0]LogLinker:Warning: Asset 'E:/Other Files/UnrealEngine_4.5/Projects/AsteroidMiner4.6/Content/Blueprints/Objects/B_Asteroid.uasset' has been saved with empty engine version. The asset will be loaded but may be incompatible.
[2014.12.11-01.08.44:346][  0]LogLinker:Warning: Asset 'E:/Other Files/UnrealEngine_4.5/Projects/AsteroidMiner4.6/Content/Meshes/Rock.uasset' has been saved with empty engine version. The asset will be loaded but may be incompatible.
[2014.12.11-01.08.44:359][  0]LogLinker:Warning: Asset 'E:/Other Files/UnrealEngine_4.5/Projects/AsteroidMiner4.6/Content/Materials/M_Asteroid.uasset' has been saved with empty engine version. The asset will be loaded but may be incompatible.
[2014.12.11-01.08.44:466][  0]LoadErrors:Error: Error Failed import for BoolProperty
[2014.12.11-01.08.44:568][  0]LogBlueprint:Warning: [compiler] Warning  Remove from Viewport  is deprecated; Use RemoveFromParent instead
[2014.12.11-01.08.44:570][  0]LogBlueprint:Warning: [compiler] Warning [0078.91] Compile of GameOverWidget successful, but with 1 Warning(s) [in 7 ms]
[2014.12.11-01.08.44:573][  0]LogBlueprint:Warning: [compiler] Warning  Remove from Viewport  is deprecated; Use RemoveFromParent instead
[2014.12.11-01.08.44:575][  0]LogBlueprint:Warning: [compiler] Warning [0078.91] Compile of GameOverWidget successful, but with 1 Warning(s) [in 3 ms]
[2014.12.11-01.08.44:575][  0]LogBlueprint:Warning: [compiler] Warning [0078.91] Compile of GameOverWidget successful, but with 2 Warning(s) [in 0 ms]
[2014.12.11-01.08.44:629][  0]LogBlueprint:Warning: [compiler] Warning  Remove from Viewport  is deprecated; Use RemoveFromParent instead
[2014.12.11-01.08.44:631][  0]LogBlueprint:Warning: [compiler] Warning [0078.97] Compile of PauseMenuWidget successful, but with 1 Warning(s) [in 8 ms]
[2014.12.11-01.08.44:635][  0]LogBlueprint:Warning: [compiler] Warning  Remove from Viewport  is deprecated; Use RemoveFromParent instead
[2014.12.11-01.08.44:637][  0]LogBlueprint:Warning: [compiler] Warning [0078.97] Compile of PauseMenuWidget successful, but with 1 Warning(s) [in 4 ms]
[2014.12.11-01.08.44:637][  0]LogBlueprint:Warning: [compiler] Warning [0078.97] Compile of PauseMenuWidget successful, but with 2 Warning(s) [in 0 ms]
[2014.12.11-01.08.47:050][  0]LogEditorServer: Finished looking for orphan Actors (0.000 secs)
[2014.12.11-01.08.47:050][  0]LogAIModule: Creating AISystem for world AsteroidMiner
[2014.12.11-01.08.47:052][  0]Cmd: MAP CHECKDEP
[2014.12.11-01.08.47:052][  0]MapCheck: New page: AsteroidMiner - 11 Dec 2014 01:08:47
[2014.12.11-01.08.47:299][  0]MapCheck: Info Map check complete: 0 Error(s), 0 Warning(s), took 246.437ms to complete.
[2014.12.11-01.08.47:299][  0]LogFileHelpers: Loading map 'AsteroidMiner' took 6.400
[2014.12.11-01.08.48:187][  0]LogCollectionManager: Loaded 0 collections in 0.002821 seconds
[2014.12.11-01.08.49:396][  0]LogCrashTracker: Crashtracker disabled due to settings.
[2014.12.11-01.08.49:406][  0]LogUObjectGlobals:Warning: Failed to find object 'Class None.'
[2014.12.11-01.08.49:483][  0]LogLoad: Full Startup: 83.82 seconds (BP compile: 1.14 seconds)
[2014.12.11-01.08.49:831][  0]LogContentBrowser:Verbose: The content browser source was changed by the sources view to '/Game/Blueprints/AI/BehaviourTreeTasks'
[2014.12.11-01.08.50:162][  0]LogRenderer:Warning: Reallocating scene render targets to support 768x872.
[2014.12.11-01.08.51:608][  4]LogAssetRegistry: Asset discovery search completed in 28.4904 seconds
[2014.12.11-01.08.51:703][  4]LogAnalytics: Event Editor.Usage.AssetClasses has too many attributes (41). May be truncated at the collector.
[2014.12.11-01.08.58:818][171]BlueprintLog: New page: Compile AdjustVelocityBTT
[2014.12.11-01.08.59:229][171]BlueprintEditorCompileResults: Info [0093.57] Compile of AdjustVelocityBTT successful! [in 350 ms]
[2014.12.11-01.09.01:405][240]BlueprintLog: New page: Pre-PIE auto-recompile
[2014.12.11-01.09.01:411][240]LogPlayLevel: [PIE] Compiling Tutorial_BP_MacroLib before PIE...
[2014.12.11-01.09.01:507][240]LogPlayLevel: [PIE] Compiling AsteroidMiner before PIE...
[2014.12.11-01.09.02:217][240]LogPlayLevel: PIE:  Blueprint regeneration took 811 ms (2 blueprints)
[2014.12.11-01.09.02:217][240]PIE: New page: PIE session: AsteroidMiner (11 Dec 2014 01:09:02)
[2014.12.11-01.09.02:259][240]LogPlayLevel: PIE: StaticDuplicateObject took: (0.041644s)
[2014.12.11-01.09.02:261][240]LogPlayLevel: PIE: World Init took: (0.002149s)
[2014.12.11-01.09.02:262][240]LogPlayLevel: PIE: Created PIE world by copying editor world from /Game/Maps/AsteroidMiner.AsteroidMiner to /Game/Maps/UEDPIE_0_AsteroidMiner.AsteroidMiner (0.044139s)
[2014.12.11-01.09.02:389][240]LogWorld: Game class is 'AsteroidMinerGameMode_C'
[2014.12.11-01.09.02:407][240]LogAIModule: Creating AISystem for world AsteroidMiner
[2014.12.11-01.09.02:409][240]LogWorld: Bringing World /Game/Maps/UEDPIE_0_AsteroidMiner.AsteroidMiner up for play (max tick rate 0) at 2014.12.11-01.09.02
[2014.12.11-01.09.02:410][240]LogWorld: Bringing up level for play took: 0.002581
[2014.12.11-01.09.02:413][240]PIE: Info Play in editor start time for /Game/Maps/UEDPIE_0_AsteroidMiner 1.462
[2014.12.11-01.09.02:435][240]LogScript:Warning: Accessed None 'CallFunc_PlaySoundAttached_ReturnValue'
	AsteroidMinerCamera_C /Game/Maps/UEDPIE_0_AsteroidMiner.AsteroidMiner:PersistentLevel.AsteroidMinerCamera_C_0
	Function /Game/Blueprints/GameComponents/AsteroidMinerCamera.AsteroidMinerCamera_C:ExecuteUbergraph_AsteroidMinerCamera:0091
[2014.12.11-01.09.02:436][240]PIE:Error: Error Accessed None 'CallFunc_PlaySoundAttached_ReturnValue' from node Construction Script in blueprint AsteroidMinerCamera
[2014.12.11-01.09.10:563][601]LogParticles: Destroying 0 GPU particle simulations for FXSystem 0x0000006891D71300
[2014.12.11-01.09.17:507][926]LogContentBrowser:Verbose: The content browser source was changed by the sources view to '/Game/Blueprints'
[2014.12.11-01.09.19:004][998]LogContentBrowser:Verbose: The content browser source was changed by the sources view to '/Game/Blueprints/AI'
[2014.12.11-01.09.38:865][672]Cmd: OBJ SAVEPACKAGE PACKAGE="/Game/Blueprints/AI/BotShip" FILE="E:/Other Files/UnrealEngine_4.5/Projects/AsteroidMiner4.6/Content/Blueprints/AI/BotShip.uasset" SILENT=true
[2014.12.11-01.09.40:865][672]LogSavePackage: Save=1041.930786ms
[2014.12.11-01.09.40:865][672]LogSavePackage: Moving 'E:/Other Files/UnrealEngine_4.5/Projects/AsteroidMiner4.6/Saved/BotShip92EAED674C595C7E00FC2280EE08C656.tmp' to 'E:/Other Files/UnrealEngine_4.5/Projects/AsteroidMiner4.6/Content/Blueprints/AI/BotShip.uasset'
[2014.12.11-01.09.50:505][ 62]Cmd: OBJ SAVEPACKAGE PACKAGE="/Game/Blueprints/AI/BotShip" FILE="E:/Other Files/UnrealEngine_4.5/Projects/AsteroidMiner4.6/Content/Blueprints/AI/BotShip.uasset" SILENT=true
[2014.12.11-01.09.52:429][ 62]LogSavePackage: Save=1024.130493ms
[2014.12.11-01.09.52:429][ 62]LogSavePackage: Moving 'E:/Other Files/UnrealEngine_4.5/Projects/AsteroidMiner4.6/Saved/BotShip69AA5F3748854D7DC272C2869ED7A157.tmp' to 'E:/Other Files/UnrealEngine_4.5/Projects/AsteroidMiner4.6/Content/Blueprints/AI/BotShip.uasset'
[2014.12.11-01.10.38:808][412]Cmd: OBJ SAVEPACKAGE PACKAGE="/Game/Blueprints/AI/BotShip" FILE="E:/Other Files/UnrealEngine_4.5/Projects/AsteroidMiner4.6/Content/Blueprints/AI/BotShip.uasset" SILENT=true
[2014.12.11-01.10.40:831][412]LogSavePackage: Save=1067.810181ms
[2014.12.11-01.10.40:833][412]LogSavePackage: Moving 'E:/Other Files/UnrealEngine_4.5/Projects/AsteroidMiner4.6/Saved/BotShip2101B5F441FF529C7F664AB4DC3DF9A0.tmp' to 'E:/Other Files/UnrealEngine_4.5/Projects/AsteroidMiner4.6/Content/Blueprints/AI/BotShip.uasset'
[2014.12.11-01.10.42:058][473]BlueprintLog: New page: Compile BotShip
[2014.12.11-01.10.42:102][473]LogOutputDevice:Warning: 

Script Stack:
AsteroidMiner_C.ExecuteUbergraph_AsteroidMiner
AsteroidMiner_C.BndEvt__BotShip_6_K2Node_ActorBoundEvent_407_ActorDestroyedSignature__DelegateSignature

[2014.12.11-01.10.42:102][473]LogWindows:Error: Windows GetLastError: The operation completed successfully. (0)
[2014.12.11-01.10.42:289][473]LogCrashTracker: 


[2014.12.11-01.10.56:426][473]LogCrashTracker: 


[2014.12.11-01.10.56:426][473]LogWindows: === Critical error: ===
Assertion failed: PC [File:D:\BuildFarm\buildmachine_++depot+UE4-Releases+4.6\Engine\Source\Runtime\Engine\Private\GameplayStatics.cpp] [Line: 131] 



KERNELBASE.dll!UnknownFunction (0x00007ffe3891606c) + 0 bytes [UnknownFile:0]
UE4Editor-Core.dll!UnknownFunction (0x00007ffe1dcb2f6d) + 0 bytes [UnknownFile:0]
UE4Editor-Core.dll!UnknownFunction (0x00007ffe1db460e8) + 0 bytes [UnknownFile:0]
UE4Editor-Core.dll!UnknownFunction (0x00007ffe1db29182) + 0 bytes [UnknownFile:0]
UE4Editor-Engine.dll!UnknownFunction (0x00007ffe188ddbb7) + 0 bytes [UnknownFile:0]
UE4Editor-Engine.dll!UnknownFunction (0x00007ffe18616e61) + 0 bytes [UnknownFile:0]
UE4Editor-CoreUObject.dll!UnknownFunction (0x00007ffe1e969af4) + 0 bytes [UnknownFile:0]
UE4Editor-CoreUObject.dll!UnknownFunction (0x00007ffe1ea2943f) + 0 bytes [UnknownFile:0]
UE4Editor-CoreUObject.dll!UnknownFunction (0x00007ffe1ea473bd) + 0 bytes [UnknownFile:0]
UE4Editor-CoreUObject.dll!UnknownFunction (0x00007ffe1ea6a46a) + 0 bytes [UnknownFile:0]
UE4Editor-CoreUObject.dll!UnknownFunction (0x00007ffe1ea48a5e) + 0 bytes [UnknownFile:0]
UE4Editor-CoreUObject.dll!UnknownFunction (0x00007ffe1ea2999a) + 0 bytes [UnknownFile:0]
UE4Editor-CoreUObject.dll!UnknownFunction (0x00007ffe1ea6bd74) + 0 bytes [UnknownFile:0]
UE4Editor-CoreUObject.dll!UnknownFunction (0x00007ffe1ea48a5e) + 0 bytes [UnknownFile:0]
UE4Editor-CoreUObject.dll!UnknownFunction (0x00007ffe1e969af4) + 0 bytes [UnknownFile:0]
UE4Editor-CoreUObject.dll!UnknownFunction (0x00007ffe1ea481c6) + 0 bytes [UnknownFile:0]
UE4Editor-Engine.dll!UnknownFunction (0x00007ffe186d0851) + 0 bytes [UnknownFile:0]
UE4Editor-Engine.dll!UnknownFunction (0x00007ffe18636bf8) + 0 bytes [UnknownFile:0]
UE4Editor-Engine.dll!UnknownFunction (0x00007ffe1868304c) + 0 bytes [UnknownFile:0]
UE4Editor-Engine.dll!UnknownFunction (0x00007ffe189e4f97) + 0 bytes [UnknownFile:0]
UE4Editor-Engine.dll!UnknownFunction (0x00007ffe189eff43) + 0 bytes [UnknownFile:0]
UE4Editor-UnrealEd.dll!UnknownFunction (0x00007ffe17aba12b) + 0 bytes [UnknownFile:0]
UE4Editor-UnrealEd.dll!UnknownFunction (0x00007ffe17ab36f8) + 0 bytes [UnknownFile:0]
UE4Editor-UnrealEd.dll!UnknownFunction (0x00007ffe17a8b703) + 0 bytes [UnknownFile:0]
UE4Editor-Kismet.dll!UnknownFunction (0x00007ffe1c111877) + 0 bytes [UnknownFile:0]
UE4Editor-Kismet.dll!UnknownFunction (0x00007ffe1c152651) + 0 bytes [UnknownFile:0]
UE4Editor-Kismet.dll!UnknownFunction (0x00007ffe1c156136) + 0 bytes [UnknownFile:0]
UE4Editor-Slate.dll!UnknownFunction (0x00007ffe1d5dfbe6) + 0 bytes [UnknownFile:0]
UE4Editor-Slate.dll!UnknownFunction (0x00007ffe1d6c6c9d) + 0 bytes [UnknownFile:0]
UE4Editor-Slate.dll!UnknownFunction (0x00007ffe1d64ba47) + 0 bytes [UnknownFile:0]
UE4Editor-Slate.dll!UnknownFunction (0x00007ffe1d64d2f9) + 0 bytes [UnknownFile:0]
UE4Editor-Slate.dll!UnknownFunction (0x00007ffe1d6ae7b9) + 0 bytes [UnknownFile:0]
UE4Editor-Slate.dll!UnknownFunction (0x00007ffe1d754b9a) + 0 bytes [UnknownFile:0]
UE4Editor-Slate.dll!UnknownFunction (0x00007ffe1d780a73) + 0 bytes [UnknownFile:0]
UE4Editor-Slate.dll!UnknownFunction (0x00007ffe1d5b97bc) + 0 bytes [UnknownFile:0]
UE4Editor-Slate.dll!UnknownFunction (0x00007ffe1d577347) + 0 bytes [UnknownFile:0]
UE4Editor-Slate.dll!UnknownFunction (0x00007ffe1d61b2e0) + 0 bytes [UnknownFile:0]
UE4Editor-Slate.dll!UnknownFunction (0x00007ffe1d60c226) + 0 bytes [UnknownFile:0]
UE4Editor-Core.dll!UnknownFunction (0x00007ffe1dc1e9d9) + 0 bytes [UnknownFile:0]
UE4Editor-Core.dll!UnknownFunction (0x00007ffe1dc0a1eb) + 0 bytes [UnknownFile:0]
UE4Editor-Core.dll!UnknownFunction (0x00007ffe1dc1fbab) + 0 bytes [UnknownFile:0]
UE4Editor-Core.dll!UnknownFunction (0x00007ffe1dc06ce2) + 0 bytes [UnknownFile:0]
USER32.dll!UnknownFunction (0x00007ffe39452434) + 0 bytes [UnknownFile:0]
USER32.dll!UnknownFunction (0x00007ffe39452297) + 0 bytes [UnknownFile:0]
UE4Editor-Core.dll!UnknownFunction (0x00007ffe1dc20066) + 0 bytes [UnknownFile:0]
UE4Editor.exe!FEngineLoop::Tick() (0x00007ff6e12dcbda) + 8 bytes [d:\buildfarm\buildmachine_++depot+ue4-releases+4.6\engine\source\runtime\launch\private\launchengineloop.cpp:2193]
UE4Editor.exe!GuardedMain() (0x00007ff6e12d089f) + 0 bytes [d:\buildfarm\buildmachine_++depot+ue4-releases+4.6\engine\source\runtime\launch\private\launch.cpp:131]
UE4Editor.exe!GuardedMainWrapper() (0x00007ff6e12d090a) + 5 bytes [d:\buildfarm\buildmachine_++depot+ue4-releases+4.6\engine\source\runtime\launch\private\windows\launchwindows.cpp:126]
UE4Editor.exe!WinMain() (0x00007ff6e12de3d9) + 17 bytes [d:\buildfarm\buildmachine_++depot+ue4-releases+4.6\engine\source\runtime\launch\private\windows\launchwindows.cpp:202]
UE4Editor.exe!__tmainCRTStartup() (0x00007ff6e12df319) + 21 bytes [f:\dd\vctools\crt\crtw32\dllstuff\crtexe.c:618]
KERNEL32.DLL!UnknownFunction (0x00007ffe3b0516ad) + 0 bytes [UnknownFile:0]
ntdll.dll!UnknownFunction (0x00007ffe3b1f4409) + 0 bytes [UnknownFile:0]
ntdll.dll!UnknownFunction (0x00007ffe3b1f4409) + 0 bytes [UnknownFile:0]


[2014.12.11-01.10.56:856][473]LogExit: Executing StaticShutdownAfterError
[2014.12.11-01.10.57:565][473]LogWindows: FPlatformMisc::RequestExit(1)
[2014.12.11-01.10.57:565][473]Log file closed, 12/11/14 01:10:57
