Log file open, 11/19/14 12:24:40
LogInit:Display: Running engine for game: Two_Body_Problem
LogInit: Version: 4.5.1-0+UE4
LogInit: API Version: 2326478
LogInit: Compiled (64-bit): Oct 27 2014 11:15:08
LogInit: Compiled with Visual C++: 18.00.30723.00
LogInit: Build Configuration: Development
LogInit: Branch Name: UE4
LogInit: Command line:  
LogInit: Base directory: E:/Other Files/UnrealEngine_4.5/UnrealEngine/Engine/Binaries/Win64/
LogInit: Rocket: 0
[2014.11.19-12.24.40:741][  0]LogTaskGraph: Started task graph with 3 named threads and 4 total threads.
[2014.11.19-12.24.40:812][  0]LogOnline:Warning: No default platform service specified for OnlineSubsystem
[2014.11.19-12.24.41:066][  0]LogInit: Presizing for 0 objects not considered by GC, pre-allocating 0 bytes.
[2014.11.19-12.24.41:110][  0]LogInit: Object subsystem initialized
[2014.11.19-12.24.41:148][  0]LogConsoleResponse:Warning: Skipping Unknown console variable: 'UIScaleRule = ShortestSide'
[2014.11.19-12.24.41:148][  0]LogConsoleResponse:Warning:   Found in ini file 'E:/Other Files/UnrealEngine_4.5/Projects/Two_Body_Problem/Saved/Config/Windows/Engine.ini', in section '[/Script/Engine.RendererSettings]'
[2014.11.19-12.24.41:148][  0]LogConsoleResponse:Warning: Skipping Unknown console variable: 'UIScaleCurve = (EditorCurveData=(Keys=((Time=480.000000,Value=0.444000),(Time=720.000000,Value=0.666000),(Time=1080.000000,Value=1.000000),(Time=8640.000000,Value=8.000000))),ExternalCurve=None)'
[2014.11.19-12.24.41:148][  0]LogConsoleResponse:Warning:   Found in ini file 'E:/Other Files/UnrealEngine_4.5/Projects/Two_Body_Problem/Saved/Config/Windows/Engine.ini', in section '[/Script/Engine.RendererSettings]'
[2014.11.19-12.24.41:165][  0]LogInit: Selected Device Profile: [Windows]
[2014.11.19-12.24.41:167][  0]LogInit: Applying CVar settings loaded from the selected device profile: [Windows]
[2014.11.19-12.24.41:231][  0]LogInit: Computer: LLOYDS_PC
[2014.11.19-12.24.41:231][  0]LogInit: User: 10021000
[2014.11.19-12.24.41:233][  0]LogInit: CPU Page size=4096, Cores=4
[2014.11.19-12.24.41:233][  0]LogInit: High frequency timer resolution =2.337878 MHz
[2014.11.19-12.24.41:234][  0]LogMemory: Memory total: Physical=5.9GB (6GB approx) Virtual=131072.0GB
[2014.11.19-12.24.41:234][  0]LogMemory: Platform Memory Stats for Windows
[2014.11.19-12.24.41:234][  0]LogMemory: Process Physical Memory: 62.32 MB used, 62.32 MB peak
[2014.11.19-12.24.41:234][  0]LogMemory: Process Virtual Memory: 38.29 MB used, 38.29 MB peak
[2014.11.19-12.24.41:234][  0]LogMemory: Physical Memory: 2339.50 MB used, 6077.92 MB total
[2014.11.19-12.24.41:234][  0]LogMemory: Virtual Memory: 274.59 MB used, 134217728.00 MB total
[2014.11.19-12.24.41:294][  0]LogD3D11RHI: Found D3D11 adapter 0: NVIDIA GeForce GTX 680 (Feature Level 11_0)
[2014.11.19-12.24.41:294][  0]LogD3D11RHI: Adapter has 1985MB of dedicated video memory, 0MB of dedicated system memory, and 2048MB of shared system memory, 2 output[s]
[2014.11.19-12.24.41:298][  0]LogD3D11RHI: Found D3D11 adapter 1: Microsoft Basic Render Driver (Feature Level 11_0)
[2014.11.19-12.24.41:298][  0]LogD3D11RHI: Adapter has 0MB of dedicated video memory, 0MB of dedicated system memory, and 256MB of shared system memory, 0 output[s]
[2014.11.19-12.24.41:298][  0]LogD3D11RHI: Chosen D3D11 Adapter Id = 0
[2014.11.19-12.24.41:309][  0]LogRHI: Texture pool is 1361 MB (70% of 1945 MB)
[2014.11.19-12.24.41:333][  0]LogD3D11RHI: Async texture creation enabled
[2014.11.19-12.24.42:014][  0]LogTextLocalizationManager: The requested culture ('en_GB') has no localization data; parent culture's ('en') localization data will be used.
[2014.11.19-12.24.42:330][  0]LogContentStreaming: Texture pool size is 0.000000MB
[2014.11.19-12.24.53:885][  0]LogTargetPlatformManager:Display: Building Assets For Windows
[2014.11.19-12.24.56:469][  0]LogTargetPlatformManager:Display: Building Assets For Windows
[2014.11.19-12.24.56:745][  0]LogDerivedDataCache:Display: Max Cache Size: 512 MB
[2014.11.19-12.24.58:009][  0]LogDerivedDataCache: Loaded boot cache 1.26s 39MB ../../../../Projects/Two_Body_Problem/DerivedDataCache/Boot.ddc.
[2014.11.19-12.24.58:011][  0]LogDerivedDataCache:Display: Loaded Boot cache: ../../../../Projects/Two_Body_Problem/DerivedDataCache/Boot.ddc
[2014.11.19-12.24.58:012][  0]LogDerivedDataCache: FDerivedDataBackendGraph:  Pak pak cache file ../../../../Projects/Two_Body_Problem/DerivedDataCache/DDC.ddp not found, will not use a pak cache.
[2014.11.19-12.24.58:012][  0]LogDerivedDataCache: Unable to find inner node Pak for hierarchical cache Hierarchy.
[2014.11.19-12.24.58:013][  0]LogDerivedDataCache: FDerivedDataBackendGraph:  EnginePak pak cache file ../../../Engine/DerivedDataCache/DDC.ddp not found, will not use a pak cache.
[2014.11.19-12.24.58:013][  0]LogDerivedDataCache: Unable to find inner node EnginePak for hierarchical cache Hierarchy.
[2014.11.19-12.24.58:039][  0]LogDerivedDataCache: Using Local data cache path ../../../Engine/DerivedDataCache: Writable
[2014.11.19-12.24.58:039][  0]LogDerivedDataCache: Shared data cache path not found in *engine.ini, will not use an Shared cache.
[2014.11.19-12.24.58:039][  0]LogDerivedDataCache: Unable to find inner node Shared for hierarchical cache Hierarchy.
[2014.11.19-12.25.04:244][  0]LogMeshUtilities: No automatic mesh reduction module available
[2014.11.19-12.25.04:244][  0]LogMeshUtilities: No automatic mesh merging module available
[2014.11.19-12.25.06:777][  0]LogInit: WinSock: version 1.1 (2.2), MaxSocks=32767, MaxUdp=65467
[2014.11.19-12.25.14:103][  0]UdpMessaging: Initializing bridge on interface 0.0.0.0:0 to multicast group 230.0.0.1:6666.
[2014.11.19-12.25.14:968][  0]LogDirectoryWatcher:Warning: Failed to begin reading directory changes for E:/Other Files/UnrealEngine_4.5/Projects/Two_Body_Problem/Binaries/Win64. Error: 0
[2014.11.19-12.25.15:851][  0]SourceControl: Info Source control is disabled
[2014.11.19-12.25.15:852][  0]SourceControl: Info Source control is disabled
[2014.11.19-12.25.15:896][  0]SourceControl: Info Source control is disabled
[2014.11.19-12.25.16:681][  0]LogObj: 22920 objects as part of root set at end of initial load.
[2014.11.19-12.25.16:681][  0]LogUObjectAllocator: 4804432 out of 0 bytes used by permanent object pool.
[2014.11.19-12.25.16:933][  0]LogEngine: Initializing Engine...
[2014.11.19-12.25.17:521][  0]LogInit: XAudio2 using '37'' TFT-TV-4 (NVIDIA High Definition Audio)' : 2 channels at 48 kHz using 16 bits per sample (channel mask 0x3)
[2014.11.19-12.25.17:534][  0]LogInit: FAudioDevice initialized.
[2014.11.19-12.25.17:748][  0]LogAIModule: Creating AISystem for world NewWorld
[2014.11.19-12.25.17:837][  0]LogDerivedDataCache: Saved boot cache 0.07s 39MB ../../../../Projects/Two_Body_Problem/DerivedDataCache/Boot.ddc.
[2014.11.19-12.25.19:471][  0]LogInit: Texture streaming: Enabled
[2014.11.19-12.25.19:713][  0]LogInit: Transaction tracking system initialized
[2014.11.19-12.25.20:288][  0]BlueprintLog: New page: Editor Load
[2014.11.19-12.25.20:430][  0]LogAssetRegistry: FAssetRegistry took 0.0183 seconds to start up
[2014.11.19-12.25.20:453][  0]LogDirectoryWatcher:Warning: Failed to begin reading directory changes for ../../../Engine/Plugins/Experimental/CharacterAI/Content/. Error: 0
[2014.11.19-12.25.23:470][  0]LogTargetPlatformManager:Display: Building Assets For Windows
[2014.11.19-12.25.25:208][  0]LogTargetPlatformManager:Display: Building Assets For Windows
[2014.11.19-12.25.25:407][  0]LogModuleManager:Warning: ModuleManager: Unable to load module 'AndroidRuntimeSettings' because the file 'E:/Other Files/UnrealEngine_4.5/UnrealEngine/Engine/Binaries/Win64/' was not found.
[2014.11.19-12.25.25:450][  0]LogModuleManager:Warning: ModuleManager: Unable to load module 'AndroidPlatformEditor' because the file 'E:/Other Files/UnrealEngine_4.5/UnrealEngine/Engine/Binaries/Win64/' was not found.
[2014.11.19-12.25.26:353][  0]LogConsoleResponse:Display: 
[2014.11.19-12.25.28:471][  0]SourceControl: Info Source control is disabled
[2014.11.19-12.25.28:477][  0]Cmd: MAP LOAD FILE="../../../../Projects/Two_Body_Problem/Content/Maps/TwoBodyProblem.umap" TEMPLATE=0 SHOWPROGRESS=1
[2014.11.19-12.25.28:490][  0]LightingResults: New page: Lighting Build
[2014.11.19-12.25.28:558][  0]MapCheck: New page: Map Check
[2014.11.19-12.25.28:558][  0]LightingResults: New page: Lighting Build
[2014.11.19-12.25.28:606][  0]LogParticles: Destroying 0 GPU particle simulations for FXSystem 0x000000F4B1A30CC0
[2014.11.19-12.25.31:077][  0]LogEditorServer: Finished looking for orphan Actors (0.000 secs)
[2014.11.19-12.25.31:080][  0]LogAIModule: Creating AISystem for world TwoBodyProblem
[2014.11.19-12.25.31:086][  0]Cmd: MAP CHECKDEP
[2014.11.19-12.25.31:087][  0]MapCheck: New page: TwoBodyProblem - 19 Nov 2014 12:25:31
[2014.11.19-12.25.31:799][  0]MapCheck: Info Map check complete: 0 Error(s), 0 Warning(s), took 712.529ms to complete.
[2014.11.19-12.25.31:799][  0]LogFileHelpers: Loading map 'TwoBodyProblem' took 3.323
[2014.11.19-12.25.32:110][  0]LogCollectionManager: Loaded 0 collections in 0.003941 seconds
[2014.11.19-12.25.32:673][  0]LogCrashTracker: Crashtracker disabled due to settings.
[2014.11.19-12.25.32:764][  0]LogUObjectGlobals:Warning: Failed to find object 'Class None.'
[2014.11.19-12.25.32:803][  0]LogLoad: Full Startup: 62.32 seconds (BP compile: 0.97 seconds)
[2014.11.19-12.25.33:151][  0]LogContentBrowser:Verbose: The content browser source was changed by the sources view to '/Game/Meshes'
[2014.11.19-12.25.33:739][  0]LogRenderer:Warning: Reallocating scene render targets to support 472x856.
[2014.11.19-12.25.35:409][  5]LogAssetRegistry: Asset discovery search completed in 14.9984 seconds
[2014.11.19-12.32.27:318][537]LogSlate:Warning: GetFontFace failed to load or process 'Roboto-Regular'
[2014.11.19-12.32.27:319][537]LogSlate:Warning: GetFontFace failed to load or process 'Roboto-Regular'
[2014.11.19-12.32.27:421][537]LogSlate:Warning: GetFontFace failed to load or process 'Roboto-Regular'
[2014.11.19-12.32.27:422][537]LogSlate:Warning: GetFontFace failed to load or process 'Roboto-Regular'
[2014.11.19-12.32.27:422][537]LogSlate:Warning: GetFontFace failed to load or process 'Roboto-Regular'
[2014.11.19-12.32.27:423][537]LogSlate:Warning: GetFontFace failed to load or process 'Roboto-Regular'
[2014.11.19-12.32.27:423][537]LogSlate:Warning: GetFontFace failed to load or process 'Roboto-Regular'
[2014.11.19-12.32.27:424][537]LogSlate:Warning: GetFontFace failed to load or process 'Roboto-Regular'
[2014.11.19-12.32.27:424][537]LogSlate:Warning: GetFontFace failed to load or process 'Roboto-Regular'
[2014.11.19-12.32.27:425][537]LogSlate:Warning: GetFontFace failed to load or process 'Roboto-Regular'
[2014.11.19-12.32.27:425][537]LogSlate:Warning: GetFontFace failed to load or process 'Roboto-Regular'
[2014.11.19-12.32.27:426][537]LogSlate:Warning: GetFontFace failed to load or process 'Roboto-Regular'
[2014.11.19-12.32.27:426][537]LogSlate:Warning: GetFontFace failed to load or process 'Roboto-Regular'
[2014.11.19-12.32.27:427][537]LogSlate:Warning: GetFontFace failed to load or process 'Roboto-Regular'
[2014.11.19-12.32.27:428][537]LogSlate:Warning: GetFontFace failed to load or process 'Roboto-Regular'
[2014.11.19-12.32.27:428][537]LogSlate:Warning: GetFontFace failed to load or process 'Roboto-Regular'
[2014.11.19-12.32.27:429][537]LogSlate:Warning: GetFontFace failed to load or process 'Roboto-Regular'
[2014.11.19-12.32.27:429][537]LogSlate:Warning: GetFontFace failed to load or process 'Roboto-Regular'
[2014.11.19-12.32.27:430][537]LogSlate:Warning: GetFontFace failed to load or process 'Roboto-Regular'
[2014.11.19-12.32.49:333][973]BlueprintLog: New page: Pre-PIE auto-recompile
[2014.11.19-12.32.49:333][973]LogPlayLevel: [PIE] Compiling Tutorial_BP_MacroLib before PIE...
[2014.11.19-12.32.49:648][973]LogPlayLevel: [PIE] Compiling TwoBodyProblem before PIE...
[2014.11.19-12.32.50:333][973]LogPlayLevel: PIE:  Blueprint regeneration took 999 ms (2 blueprints)
[2014.11.19-12.32.50:334][973]PIE: New page: PIE session: TwoBodyProblem (19 Nov 2014 12:32:50)
[2014.11.19-12.32.50:383][973]LogPlayLevel: PIE: StaticDuplicateObject took: (0.046826s)
[2014.11.19-12.32.50:386][973]LogPlayLevel: PIE: World Init took: (0.001464s)
[2014.11.19-12.32.50:386][973]LogPlayLevel: PIE: Created PIE world by copying editor world from /Game/Maps/TwoBodyProblem.TwoBodyProblem to /Game/Maps/UEDPIE_0_TwoBodyProblem.TwoBodyProblem (0.051314s)
[2014.11.19-12.32.50:464][973]LogWorld: Game class is 'TwinStickGameMode_C'
[2014.11.19-12.32.50:486][973]LogAIModule: Creating AISystem for world TwoBodyProblem
[2014.11.19-12.32.50:487][973]LogWorld: Bringing World /Game/Maps/UEDPIE_0_TwoBodyProblem.TwoBodyProblem up for play (max tick rate 0) at 2014.11.19-12.32.50
[2014.11.19-12.32.50:490][973]LogWorld: Bringing up level for play took: 0.003524
[2014.11.19-12.32.50:506][973]PIE: Info Play in editor start time for /Game/Maps/UEDPIE_0_TwoBodyProblem 0.803
[2014.11.19-12.32.51:268][973]LogRenderer:Warning: Reallocating scene render targets to support 1296x856.
[2014.11.19-12.32.58:322][ 63]LogParticles: Destroying 0 GPU particle simulations for FXSystem 0x000000F4B5C52F20
[2014.11.19-12.33.04:288][183]BlueprintLog: New page: Pre-PIE auto-recompile
[2014.11.19-12.33.04:425][183]LogPlayLevel: [PIE] Compiling TwoBodyProblem before PIE...
[2014.11.19-12.33.04:974][183]LogPlayLevel: PIE:  Blueprint regeneration took 685 ms (1 blueprints)
[2014.11.19-12.33.04:974][183]PIE: New page: PIE session: TwoBodyProblem (19 Nov 2014 12:33:04)
[2014.11.19-12.33.05:018][183]LogPlayLevel: PIE: StaticDuplicateObject took: (0.043920s)
[2014.11.19-12.33.05:020][183]LogPlayLevel: PIE: World Init took: (0.002307s)
[2014.11.19-12.33.05:021][183]LogPlayLevel: PIE: Created PIE world by copying editor world from /Game/Maps/TwoBodyProblem.TwoBodyProblem to /Game/Maps/UEDPIE_0_TwoBodyProblem.TwoBodyProblem (0.046572s)
[2014.11.19-12.33.05:076][183]LogWorld: Game class is 'TwinStickGameMode_C'
[2014.11.19-12.33.05:080][183]LogAIModule: Creating AISystem for world TwoBodyProblem
[2014.11.19-12.33.05:081][183]LogWorld: Bringing World /Game/Maps/UEDPIE_0_TwoBodyProblem.TwoBodyProblem up for play (max tick rate 0) at 2014.11.19-12.33.05
[2014.11.19-12.33.05:082][183]LogWorld: Bringing up level for play took: 0.001858
[2014.11.19-12.33.05:088][183]PIE: Info Play in editor start time for /Game/Maps/UEDPIE_0_TwoBodyProblem 1.384
[2014.11.19-12.33.26:426][532]LogParticles: Destroying 0 GPU particle simulations for FXSystem 0x000000F4A9116020
[2014.11.19-12.33.58:219][121]LogSlate:Warning: GetFontFace failed to load or process 'Roboto-Regular'
[2014.11.19-12.33.58:220][121]LogSlate:Warning: GetFontFace failed to load or process 'Roboto-Regular'
[2014.11.19-12.33.58:220][121]LogSlate:Warning: GetFontFace failed to load or process 'Roboto-Regular'
[2014.11.19-12.33.58:221][121]LogSlate:Warning: GetFontFace failed to load or process 'Roboto-Regular'
[2014.11.19-12.33.58:222][121]LogSlate:Warning: GetFontFace failed to load or process 'Roboto-Regular'
[2014.11.19-12.33.58:222][121]LogSlate:Warning: GetFontFace failed to load or process 'Roboto-Regular'
[2014.11.19-12.34.08:324][307]LogSlate:Warning: GetFontFace failed to load or process 'Roboto-Regular'
[2014.11.19-12.34.08:325][307]LogSlate:Warning: GetFontFace failed to load or process 'Roboto-Regular'
[2014.11.19-12.34.40:845][974]LogSlate:Warning: GetFontFace failed to load or process 'Roboto-Regular'
[2014.11.19-12.34.57:463][332]BlueprintLog: New page: Compile TwoBodyProblem
[2014.11.19-12.34.58:069][332]BlueprintEditorCompileResults: Info [0627.34] Compile of TwoBodyProblem successful! [in 95 ms]
[2014.11.19-12.34.59:449][341]BlueprintLog: New page: Pre-PIE auto-recompile
[2014.11.19-12.34.59:529][341]LogPlayLevel: [PIE] Compiling TwoBodyProblem before PIE...
[2014.11.19-12.35.00:038][341]LogPlayLevel: PIE:  Blueprint regeneration took 589 ms (1 blueprints)
[2014.11.19-12.35.00:039][341]PIE: New page: PIE session: TwoBodyProblem (19 Nov 2014 12:35:00)
[2014.11.19-12.35.00:089][341]LogPlayLevel: PIE: StaticDuplicateObject took: (0.050047s)
[2014.11.19-12.35.00:091][341]LogPlayLevel: PIE: World Init took: (0.001823s)
[2014.11.19-12.35.00:092][341]LogPlayLevel: PIE: Created PIE world by copying editor world from /Game/Maps/TwoBodyProblem.TwoBodyProblem to /Game/Maps/UEDPIE_0_TwoBodyProblem.TwoBodyProblem (0.052914s)
[2014.11.19-12.35.00:150][341]LogWorld: Game class is 'TwinStickGameMode_C'
[2014.11.19-12.35.00:154][341]LogAIModule: Creating AISystem for world TwoBodyProblem
[2014.11.19-12.35.00:155][341]LogWorld: Bringing World /Game/Maps/UEDPIE_0_TwoBodyProblem.TwoBodyProblem up for play (max tick rate 0) at 2014.11.19-12.35.00
[2014.11.19-12.35.00:156][341]LogWorld: Bringing up level for play took: 0.001889
[2014.11.19-12.35.00:162][341]PIE: Info Play in editor start time for /Game/Maps/UEDPIE_0_TwoBodyProblem 0.459
[2014.11.19-12.35.31:745][886]LogParticles: Destroying 0 GPU particle simulations for FXSystem 0x000000F4B69A8A40
[2014.11.19-12.35.32:671][898]BlueprintLog: New page: Pre-PIE auto-recompile
[2014.11.19-12.35.32:763][898]LogPlayLevel: [PIE] Compiling TwoBodyProblem before PIE...
[2014.11.19-12.35.33:289][898]LogPlayLevel: PIE:  Blueprint regeneration took 617 ms (1 blueprints)
[2014.11.19-12.35.33:289][898]PIE: New page: PIE session: TwoBodyProblem (19 Nov 2014 12:35:33)
[2014.11.19-12.35.33:337][898]LogPlayLevel: PIE: StaticDuplicateObject took: (0.047674s)
[2014.11.19-12.35.33:340][898]LogPlayLevel: PIE: World Init took: (0.002672s)
[2014.11.19-12.35.33:340][898]LogPlayLevel: PIE: Created PIE world by copying editor world from /Game/Maps/TwoBodyProblem.TwoBodyProblem to /Game/Maps/UEDPIE_0_TwoBodyProblem.TwoBodyProblem (0.050736s)
[2014.11.19-12.35.33:391][898]LogWorld: Game class is 'TwinStickGameMode_C'
[2014.11.19-12.35.33:395][898]LogAIModule: Creating AISystem for world TwoBodyProblem
[2014.11.19-12.35.33:397][898]LogWorld: Bringing World /Game/Maps/UEDPIE_0_TwoBodyProblem.TwoBodyProblem up for play (max tick rate 0) at 2014.11.19-12.35.33
[2014.11.19-12.35.33:398][898]LogWorld: Bringing up level for play took: 0.002144
[2014.11.19-12.35.33:403][898]PIE: Info Play in editor start time for /Game/Maps/UEDPIE_0_TwoBodyProblem 1.7
[2014.11.19-12.37.51:565][428]LogParticles: Destroying 0 GPU particle simulations for FXSystem 0x000000F4A8456FC0
[2014.11.19-12.38.41:988][487]BlueprintLog: New page: Compile TwoBodyProblem
[2014.11.19-12.38.42:601][487]BlueprintEditorCompileResults: Info [0851.88] Compile of TwoBodyProblem successful! [in 91 ms]
[2014.11.19-12.38.45:411][506]Cmd: OBJ SAVEPACKAGE PACKAGE="/Game/Maps/TwoBodyProblem" FILE="../../../../Projects/Two_Body_Problem/Content/Maps/TwoBodyProblem.umap" SILENT=true AUTOSAVING=false KEEPDIRTY=false
[2014.11.19-12.38.54:645][506]LogSavePackage: Save=9013.664063ms
[2014.11.19-12.38.54:645][506]LogSavePackage: Moving '../../../../Projects/Two_Body_Problem/Saved/TwoBodyProblem657398C14A5F482053AB95A24F0EE5D8.tmp' to '../../../../Projects/Two_Body_Problem/Content/Maps/TwoBodyProblem.umap'
[2014.11.19-12.38.54:751][506]LogFileHelpers: Saving map 'TwoBodyProblem' took 10.049
[2014.11.19-13.03.46:578][797]Cmd: QUIT_EDITOR
[2014.11.19-13.03.47:121][797]LogExit: Preparing to exit.
[2014.11.19-13.03.47:333][797]LogExit: Editor shut down
[2014.11.19-13.03.47:334][797]LogExit: Transaction tracking system shut down
[2014.11.19-13.03.47:336][797]LogParticles: Destroying 0 GPU particle simulations for FXSystem 0x000000F4A94A80E0
[2014.11.19-13.03.47:337][797]LogParticles: Destroying 0 GPU particle simulations for FXSystem 0x000000F4B82AF560
[2014.11.19-13.03.47:337][797]LogParticles: Destroying 0 GPU particle simulations for FXSystem 0x000000F4B8557C40
[2014.11.19-13.03.47:403][797]LogExit: Object subsystem successfully closed.
[2014.11.19-13.03.47:655][797]LogModuleManager: Shutting down and abandoning module Merge (167)
[2014.11.19-13.03.47:656][797]LogModuleManager: Shutting down and abandoning module AndroidDeviceDetection (166)
[2014.11.19-13.03.47:656][797]LogModuleManager: Shutting down and abandoning module CrashTracker (165)
[2014.11.19-13.03.47:656][797]LogModuleManager: Shutting down and abandoning module SuperSearch (164)
[2014.11.19-13.03.47:656][797]LogModuleManager: Shutting down and abandoning module SceneOutliner (163)
[2014.11.19-13.03.47:656][797]LogModuleManager: Shutting down and abandoning module EditorWidgets (162)
[2014.11.19-13.03.47:656][797]LogModuleManager: Shutting down and abandoning module CollectionManager (161)
[2014.11.19-13.03.47:658][797]LogModuleManager: Shutting down and abandoning module StatsViewer (160)
[2014.11.19-13.03.47:658][797]LogModuleManager: Shutting down and abandoning module FoliageEdit (159)
[2014.11.19-13.03.47:658][797]LogModuleManager: Shutting down and abandoning module LandscapeEditor (158)
[2014.11.19-13.03.47:660][797]LogModuleManager: Shutting down and abandoning module MeshPaint (157)
[2014.11.19-13.03.47:660][797]LogModuleManager: Shutting down and abandoning module ActorPickerMode (156)
[2014.11.19-13.03.47:660][797]LogModuleManager: Shutting down and abandoning module GeometryMode (155)
[2014.11.19-13.03.47:660][797]LogModuleManager: Shutting down and abandoning module TextureAlignMode (154)
[2014.11.19-13.03.47:660][797]LogModuleManager: Shutting down and abandoning module BspMode (153)
[2014.11.19-13.03.47:660][797]LogModuleManager: Shutting down and abandoning module PlacementMode (152)
[2014.11.19-13.03.47:660][797]LogModuleManager: Shutting down and abandoning module AutomationWorker (151)
[2014.11.19-13.03.47:660][797]LogModuleManager: Shutting down and abandoning module CharacterAI (150)
[2014.11.19-13.03.47:660][797]LogModuleManager: Shutting down and abandoning module GameProjectGeneration (149)
[2014.11.19-13.03.47:663][797]LogModuleManager: Shutting down and abandoning module IntroTutorials (148)
[2014.11.19-13.03.47:663][797]LogModuleManager: Shutting down and abandoning module EditorLiveStreaming (147)
[2014.11.19-13.03.47:663][797]LogModuleManager: Shutting down and abandoning module HardwareTargeting (146)
[2014.11.19-13.03.47:663][797]LogModuleManager: Shutting down and abandoning module BehaviorTreeEditor (145)
[2014.11.19-13.03.47:667][797]LogModuleManager: Shutting down and abandoning module DeviceProfileEditor (144)
[2014.11.19-13.03.47:667][797]LogModuleManager: Shutting down and abandoning module UndoHistory (143)
[2014.11.19-13.03.47:667][797]LogModuleManager: Shutting down and abandoning module GameplayTagsEditor (142)
[2014.11.19-13.03.47:667][797]LogModuleManager: Shutting down and abandoning module UserFeedback (141)
[2014.11.19-13.03.47:667][797]LogModuleManager: Shutting down and abandoning module XmlParser (140)
[2014.11.19-13.03.47:667][797]LogModuleManager: Shutting down and abandoning module Blutility (139)
[2014.11.19-13.03.47:667][797]LogModuleManager: Shutting down and abandoning module IOSPlatformEditor (138)
[2014.11.19-13.03.47:667][797]LogModuleManager: Shutting down and abandoning module IOSRuntimeSettings (137)
[2014.11.19-13.03.47:667][797]LogModuleManager: Shutting down and abandoning module ProjectTargetPlatformEditor (134)
[2014.11.19-13.03.47:667][797]LogModuleManager: Shutting down and abandoning module ProjectSettingsViewer (133)
[2014.11.19-13.03.47:667][797]LogModuleManager: Shutting down and abandoning module InputBindingEditor (132)
[2014.11.19-13.03.47:668][797]LogModuleManager: Shutting down and abandoning module EditorSettingsViewer (131)
[2014.11.19-13.03.47:668][797]LogModuleManager: Shutting down and abandoning module SettingsEditor (130)
[2014.11.19-13.03.47:669][797]LogModuleManager: Shutting down and abandoning module ProjectLauncher (129)
[2014.11.19-13.03.47:669][797]LogModuleManager: Shutting down and abandoning module SessionFrontend (128)
[2014.11.19-13.03.47:669][797]LogModuleManager: Shutting down and abandoning module ProfilerClient (127)
[2014.11.19-13.03.47:671][797]LogModuleManager: Shutting down and abandoning module TargetDeviceServices (126)
[2014.11.19-13.03.47:671][797]LogModuleManager: Shutting down and abandoning module DeviceManager (125)
[2014.11.19-13.03.47:671][797]LogModuleManager: Shutting down and abandoning module AutomationController (124)
[2014.11.19-13.03.47:672][797]LogModuleManager: Shutting down and abandoning module AutomationWindow (123)
[2014.11.19-13.03.47:673][797]LogModuleManager: Shutting down and abandoning module Layers (122)
[2014.11.19-13.03.47:677][797]LogModuleManager: Shutting down and abandoning module ComponentVisualizers (121)
[2014.11.19-13.03.47:677][797]LogModuleManager: Shutting down and abandoning module DetailCustomizations (120)
[2014.11.19-13.03.47:677][797]LogModuleManager: Shutting down and abandoning module PackagesDialog (119)
[2014.11.19-13.03.47:677][797]LogModuleManager: Shutting down and abandoning module AssetRegistry (118)
[2014.11.19-13.03.47:781][797]LogModuleManager: Shutting down and abandoning module Persona (117)
[2014.11.19-13.03.47:784][797]LogModuleManager: Shutting down and abandoning module Kismet (116)
[2014.11.19-13.03.47:785][797]LogModuleManager: Shutting down and abandoning module GraphEditor (115)
[2014.11.19-13.03.47:785][797]LogModuleManager: Shutting down and abandoning module ClassViewer (114)
[2014.11.19-13.03.47:785][797]LogModuleManager: Shutting down and abandoning module Toolbox (113)
[2014.11.19-13.03.47:785][797]LogModuleManager: Shutting down and abandoning module ModuleUI (112)
[2014.11.19-13.03.47:786][797]LogModuleManager: Shutting down and abandoning module MovieSceneTools (111)
[2014.11.19-13.03.47:788][797]LogModuleManager: Shutting down and abandoning module OutputLog (110)
[2014.11.19-13.03.47:788][797]LogModuleManager: Shutting down and abandoning module GammaUI (109)
[2014.11.19-13.03.47:789][797]LogModuleManager: Shutting down and abandoning module Documentation (108)
[2014.11.19-13.03.47:789][797]LogModuleManager: Shutting down and abandoning module GameLiveStreaming (107)
[2014.11.19-13.03.47:789][797]LogModuleManager: Shutting down and abandoning module StreamingPauseRendering (106)
[2014.11.19-13.03.47:789][797]LogModuleManager: Shutting down and abandoning module HTTP (105)
[2014.11.19-13.03.47:790][797]LogModuleManager: Shutting down and abandoning module AnalyticsET (104)
[2014.11.19-13.03.47:790][797]LogModuleManager: Shutting down and abandoning module Analytics (103)
[2014.11.19-13.03.47:790][797]LogModuleManager: Shutting down and abandoning module GameplayDebugger (102)
[2014.11.19-13.03.47:790][797]LogModuleManager: Shutting down and abandoning module AIModule (101)
[2014.11.19-13.03.47:790][797]LogModuleManager: Shutting down and abandoning module ProfilerService (100)
[2014.11.19-13.03.47:988][797]LogModuleManager: Shutting down and abandoning module TaskGraph (99)
[2014.11.19-13.03.47:991][797]LogModuleManager: Shutting down and abandoning module SlateRemote (98)
[2014.11.19-13.03.47:991][797]LogModuleManager: Shutting down and abandoning module ScriptEditorPlugin (97)
[2014.11.19-13.03.47:991][797]LogModuleManager: Shutting down and abandoning module CustomMeshComponent (96)
[2014.11.19-13.03.47:991][797]LogModuleManager: Shutting down and abandoning module CableComponent (95)
[2014.11.19-13.03.47:991][797]LogModuleManager: Shutting down and abandoning module MessagingDebugger (94)
[2014.11.19-13.03.47:994][797]LogModuleManager: Shutting down and abandoning module MediaPlayerEditor (93)
[2014.11.19-13.03.47:994][797]LogModuleManager: Shutting down and abandoning module SpeedTreeImporter (92)
[2014.11.19-13.03.47:994][797]LogModuleManager: Shutting down and abandoning module PluginsEditor (91)
[2014.11.19-13.03.47:994][797]LogModuleManager: Shutting down and abandoning module EpicSurvey (90)
[2014.11.19-13.03.47:995][797]LogModuleManager: Shutting down and abandoning module DesktopPlatform (89)
[2014.11.19-13.03.47:995][797]LogModuleManager: Shutting down and abandoning module VisualStudioSourceCodeAccess (88)
[2014.11.19-13.03.47:995][797]LogModuleManager: Shutting down and abandoning module UObjectPlugin (87)
[2014.11.19-13.03.47:995][797]LogModuleManager: Shutting down and abandoning module SubversionSourceControl (86)
[2014.11.19-13.03.47:995][797]LogModuleManager: Shutting down and abandoning module SourceControl (85)
[2014.11.19-13.03.47:995][797]LogModuleManager: Shutting down and abandoning module PerforceSourceControl (84)
[2014.11.19-13.03.47:995][797]LogModuleManager: Shutting down and abandoning module BlankPlugin (83)
[2014.11.19-13.03.47:995][797]LogModuleManager: Shutting down and abandoning module SlateReflector (82)
[2014.11.19-13.03.47:995][797]LogModuleManager: Shutting down and abandoning module DirectoryWatcher (81)
[2014.11.19-13.03.47:996][797]LogModuleManager: Shutting down and abandoning module HotReload (80)
[2014.11.19-13.03.47:996][797]LogModuleManager: Shutting down and abandoning module MainFrame (79)
[2014.11.19-13.03.47:996][797]LogModuleManager: Shutting down and abandoning module LevelEditor (78)
[2014.11.19-13.03.47:998][797]LogModuleManager: Shutting down and abandoning module ViewportSnapping (77)
[2014.11.19-13.03.47:998][797]LogModuleManager: Shutting down and abandoning module SmartSnapping (76)
[2014.11.19-13.03.47:998][797]LogModuleManager: Shutting down and abandoning module PaperTiledImporter (75)
[2014.11.19-13.03.47:998][797]LogModuleManager: Shutting down and abandoning module PaperJsonImporter (74)
[2014.11.19-13.03.47:998][797]LogModuleManager: Shutting down and abandoning module ContentBrowser (73)
[2014.11.19-13.03.47:998][797]LogModuleManager: Shutting down and abandoning module PropertyEditor (72)
[2014.11.19-13.03.47:998][797]LogModuleManager: Shutting down and abandoning module Paper2DEditor (71)
[2014.11.19-13.03.48:000][797]LogModuleManager: Shutting down and abandoning module ScriptPlugin (70)
[2014.11.19-13.03.48:001][797]LogModuleManager: Shutting down and abandoning module UdpMessaging (69)
[2014.11.19-13.03.48:102][797]LogModuleManager: Shutting down and abandoning module Paper2D (68)
[2014.11.19-13.03.48:102][797]LogModuleManager: Shutting down and abandoning module WindowsMoviePlayer (67)
[2014.11.19-13.03.48:111][797]LogModuleManager: Shutting down and abandoning module Media (66)
[2014.11.19-13.03.48:111][797]LogModuleManager: Shutting down and abandoning module WmfMedia (65)
[2014.11.19-13.03.48:112][797]LogModuleManager: Shutting down and abandoning module OnlineBlueprintSupport (64)
[2014.11.19-13.03.48:112][797]LogModuleManager: Shutting down and abandoning module FunctionalTesting (63)
[2014.11.19-13.03.48:112][797]LogModuleManager: Shutting down and abandoning module CollisionAnalyzer (62)
[2014.11.19-13.03.48:114][797]LogModuleManager: Shutting down and abandoning module WorkspaceMenuStructure (61)
[2014.11.19-13.03.48:114][797]LogModuleManager: Shutting down and abandoning module MessageLog (60)
[2014.11.19-13.03.48:114][797]LogModuleManager: Shutting down and abandoning module Sequencer (59)
[2014.11.19-13.03.48:116][797]LogModuleManager: Shutting down and abandoning module AssetTools (58)
[2014.11.19-13.03.48:120][797]LogModuleManager: Shutting down and abandoning module UMGEditor (57)
[2014.11.19-13.03.48:120][797]LogModuleManager: Shutting down and abandoning module UMG (56)
[2014.11.19-13.03.48:120][797]LogModuleManager: Shutting down and abandoning module Slate (55)
[2014.11.19-13.03.48:120][797]LogModuleManager: Shutting down and abandoning module EditorStyle (54)
[2014.11.19-13.03.48:123][797]LogModuleManager: Shutting down and abandoning module SessionServices (53)
[2014.11.19-13.03.48:123][797]LogModuleManager: Shutting down and abandoning module SourceCodeAccess (52)
[2014.11.19-13.03.48:123][797]LogModuleManager: Shutting down and abandoning module HeadMountedDisplay (51)
[2014.11.19-13.03.48:123][797]LogModuleManager: Shutting down and abandoning module XAudio2 (50)
[2014.11.19-13.03.48:123][797]LogModuleManager: Shutting down and abandoning module Networking (48)
[2014.11.19-13.03.48:123][797]LogModuleManager: Shutting down and abandoning module Core (47)
[2014.11.19-13.03.48:123][797]LogModuleManager: Shutting down and abandoning module KismetCompiler (46)
[2014.11.19-13.03.48:123][797]LogModuleManager: Shutting down and abandoning module PhysXFormats (45)
[2014.11.19-13.03.48:123][797]LogModuleManager: Shutting down and abandoning module MeshUtilities (44)
[2014.11.19-13.03.48:125][797]LogModuleManager: Shutting down and abandoning module DerivedDataCache (43)
[2014.11.19-13.03.48:151][797]LogDerivedDataCache: Shutdown
[2014.11.19-13.03.48:151][797]LogModuleManager: Shutting down and abandoning module MetalShaderFormat (42)
[2014.11.19-13.03.48:151][797]LogModuleManager: Shutting down and abandoning module ShaderFormatOpenGL (41)
[2014.11.19-13.03.48:152][797]LogModuleManager: Shutting down and abandoning module ShaderFormatD3D (40)
[2014.11.19-13.03.48:152][797]LogModuleManager: Shutting down and abandoning module TextureFormatUncompressed (39)
[2014.11.19-13.03.48:152][797]LogModuleManager: Shutting down and abandoning module TextureFormatPVR (38)
[2014.11.19-13.03.48:152][797]LogModuleManager: Shutting down and abandoning module TextureFormatDXT (37)
[2014.11.19-13.03.48:152][797]LogModuleManager: Shutting down and abandoning module AudioFormatADPCM (36)
[2014.11.19-13.03.48:152][797]LogModuleManager: Shutting down and abandoning module AudioFormatOgg (35)
[2014.11.19-13.03.48:152][797]LogModuleManager: Shutting down and abandoning module AudioFormatOpus (34)
[2014.11.19-13.03.48:152][797]LogModuleManager: Shutting down and abandoning module Messaging (33)
[2014.11.19-13.03.48:152][797]LogModuleManager: Shutting down and abandoning module IOSTargetPlatform (32)
[2014.11.19-13.03.48:153][797]LogModuleManager: Shutting down and abandoning module HTML5TargetPlatform (31)
[2014.11.19-13.03.48:153][797]LogModuleManager: Shutting down and abandoning module Android_DXTTargetPlatform (30)
[2014.11.19-13.03.48:153][797]LogModuleManager: Shutting down and abandoning module Android_PVRTCTargetPlatform (29)
[2014.11.19-13.03.48:153][797]LogModuleManager: Shutting down and abandoning module Android_ETC1TargetPlatform (28)
[2014.11.19-13.03.48:153][797]LogModuleManager: Shutting down and abandoning module Android_ETC2TargetPlatform (27)
[2014.11.19-13.03.48:153][797]LogModuleManager: Shutting down and abandoning module Android_ATCTargetPlatform (26)
[2014.11.19-13.03.48:153][797]LogModuleManager: Shutting down and abandoning module AndroidTargetPlatform (25)
[2014.11.19-13.03.48:153][797]LogModuleManager: Shutting down and abandoning module WindowsClientTargetPlatform (24)
[2014.11.19-13.03.48:153][797]LogModuleManager: Shutting down and abandoning module WindowsNoEditorTargetPlatform (23)
[2014.11.19-13.03.48:153][797]LogModuleManager: Shutting down and abandoning module WindowsServerTargetPlatform (22)
[2014.11.19-13.03.48:153][797]LogModuleManager: Shutting down and abandoning module WindowsTargetPlatform (21)
[2014.11.19-13.03.48:153][797]LogModuleManager: Shutting down and abandoning module TargetPlatform (20)
[2014.11.19-13.03.48:153][797]LogModuleManager: Shutting down and abandoning module InputCore (19)
[2014.11.19-13.03.48:153][797]LogModuleManager: Shutting down and abandoning module Settings (18)
[2014.11.19-13.03.48:153][797]LogModuleManager: Shutting down and abandoning module ImageWrapper (17)
[2014.11.19-13.03.48:153][797]LogModuleManager: Shutting down and abandoning module OculusRift (14)
[2014.11.19-13.03.48:153][797]LogModuleManager: Shutting down and abandoning module ExampleDeviceProfileSelector (13)
[2014.11.19-13.03.48:153][797]LogModuleManager: Shutting down and abandoning module TextureCompressor (12)
[2014.11.19-13.03.48:153][797]LogModuleManager: Shutting down and abandoning module ShaderCore (11)
[2014.11.19-13.03.48:153][797]LogModuleManager: Shutting down and abandoning module SlateRHIRenderer (10)
[2014.11.19-13.03.48:159][797]LogModuleManager: Shutting down and abandoning module OpenGLDrv (9)
[2014.11.19-13.03.48:159][797]LogModuleManager: Shutting down and abandoning module D3D11RHI (8)
[2014.11.19-13.03.48:159][797]LogModuleManager: Shutting down and abandoning module Renderer (7)
[2014.11.19-13.03.48:159][797]LogModuleManager: Shutting down and abandoning module Engine (6)
[2014.11.19-13.03.48:159][797]LogModuleManager: Shutting down and abandoning module CoreUObject (5)
[2014.11.19-13.03.48:160][797]LogModuleManager: Shutting down and abandoning module NetworkFile (4)
[2014.11.19-13.03.48:160][797]LogModuleManager: Shutting down and abandoning module StreamingFile (3)
[2014.11.19-13.03.48:160][797]LogModuleManager: Shutting down and abandoning module SandboxFile (2)
[2014.11.19-13.03.48:160][797]LogModuleManager: Shutting down and abandoning module PakFile (1)
[2014.11.19-13.03.48:163][797]LogExit: Exiting.
[2014.11.19-13.03.48:177][797]Log file closed, 11/19/14 13:03:48
