"C:/Users/10021_000/Desktop/hand in/Source/AsteroidMiner/AsteroidMiner.uproject" 1
"../../../Engine/Plugins/2D/Paper2D/Paper2D.uplugin" 2
"../../../Engine/Plugins/Developer/BlankPlugin/BlankPlugin.uplugin" 3
"../../../Engine/Plugins/Developer/PerforceSourceControl/PerforceSourceControl.uplugin" 4
"../../../Engine/Plugins/Developer/SubversionSourceControl/SubversionSourceControl.uplugin" 5
"../../../Engine/Plugins/Developer/UObjectPlugin/UObjectPlugin.uplugin" 6
"../../../Engine/Plugins/Developer/VisualStudioSourceCodeAccess/VisualStudioSourceCodeAccess.uplugin" 7
"../../../Engine/Plugins/Developer/XCodeSourceCodeAccess/XCodeSourceCodeAccess.uplugin" 8
"../../../Engine/Plugins/Editor/EpicSurvey/EpicSurvey.uplugin" 9
"../../../Engine/Plugins/Editor/MacGraphicsSwitching/MacGraphicsSwitching.uplugin" 10
"../../../Engine/Plugins/Editor/PluginsEditor/PluginsEditor.uplugin" 11
"../../../Engine/Plugins/Editor/SpeedTreeImporter/SpeedTreeImporter.uplugin" 12
"../../../Engine/Plugins/Experimental/BlueprintStats/BlueprintStats.uplugin" 13
"../../../Engine/Plugins/Experimental/CharacterAI/CharacterAI.uplugin" 14
"../../../Engine/Plugins/Experimental/CodeView/CodeView.uplugin" 15
"../../../Engine/Plugins/Experimental/LiveEditor/LiveEditor.uplugin" 16
"../../../Engine/Plugins/Experimental/Phya/Phya.uplugin" 17
"../../../Engine/Plugins/Experimental/SteamVR/SteamVR.uplugin" 18
"../../../Engine/Plugins/Media/AvfMedia/AvfMedia.uplugin" 19
"../../../Engine/Plugins/Media/MediaPlayerEditor/MediaPlayerEditor.uplugin" 20
"../../../Engine/Plugins/Media/WmfMedia/WmfMedia.uplugin" 21
"../../../Engine/Plugins/Messaging/MessagingDebugger/MessagingDebugger.uplugin" 22
"../../../Engine/Plugins/Messaging/ShmMessaging/ShmMessaging.uplugin" 23
"../../../Engine/Plugins/Messaging/UdpMessaging/UdpMessaging.uplugin" 24
"../../../Engine/Plugins/Runtime/Advertising/IOSTapJoy/IOSTapJoy.uplugin" 25
"../../../Engine/Plugins/Runtime/Analytics/AnalyticsBlueprintLibrary/AnalyticsBlueprintLibrary.uplugin" 26
"../../../Engine/Plugins/Runtime/Analytics/Apsalar/IOSApsalar/IOSApsalar.uplugin" 27
"../../../Engine/Plugins/Runtime/Analytics/FileLogging/FileLogging.uplugin" 28
"../../../Engine/Plugins/Runtime/AndroidDeviceProfileSelector/AndroidDeviceProfileSelector.uplugin" 29
"../../../Engine/Plugins/Runtime/AppleMoviePlayer/AppleMoviePlayer.uplugin" 30
"../../../Engine/Plugins/Runtime/CableComponent/CableComponent.uplugin" 31
"../../../Engine/Plugins/Runtime/CustomMeshComponent/CustomMeshComponent.uplugin" 32
"../../../Engine/Plugins/Runtime/ExampleDeviceProfileSelector/ExampleDeviceProfileSelector.uplugin" 33
"../../../Engine/Plugins/Runtime/IOSDeviceProfileSelector/IOSDeviceProfileSelector.uplugin" 34
"../../../Engine/Plugins/Runtime/LiveEditorListenServer/LiveEditorListenServer.uplugin" 35
"../../../Engine/Plugins/Runtime/OculusRift/OculusRift.uplugin" 36
"../../../Engine/Plugins/Runtime/SoundMod/SoundMod.uplugin" 37
"../../../Engine/Plugins/Runtime/SoundVisualizations/SoundVisualizations.uplugin" 38
"../../../Engine/Plugins/Runtime/TwitchLiveStreaming/TwitchLiveStreaming.uplugin" 39
"../../../Engine/Plugins/Runtime/WindowsDeviceProfileSelector/WindowsDeviceProfileSelector.uplugin" 40
"../../../Engine/Plugins/Runtime/WindowsMoviePlayer/WindowsMoviePlayer.uplugin" 41
"../../../Engine/Plugins/ScriptGeneratorPlugin/ScriptGeneratorPlugin.uplugin" 42
"../../../Engine/Plugins/ScriptPlugin/ScriptPlugin.uplugin" 43
"../../../Engine/Plugins/Slate/SlateRemote/SlateRemote.uplugin" 44
"..\..\..\Engine\Content\Internationalization\icudt53l\cnvalias.icu" 45
"..\..\..\Engine\Content\Internationalization\icudt53l\en_US_POSIX.res" 46
"..\..\..\Engine\Content\Internationalization\icudt53l\pool.res" 47
"..\..\..\Engine\Content\Internationalization\icudt53l\en_US.res" 48
"..\..\..\Engine\Content\Internationalization\icudt53l\en.res" 49
"..\..\..\Engine\Content\Internationalization\icudt53l\root.res" 50
"..\..\..\Engine\Content\Internationalization\icudt53l\coll\ucadata.icu" 51
"..\..\..\Engine\Content\Internationalization\icudt53l\nfc.nrm" 52
"..\..\..\Engine\Content\Internationalization\icudt53l\coll\en_US_POSIX.res" 53
"..\..\..\Engine\Content\Internationalization\icudt53l\coll\en_US.res" 54
"..\..\..\Engine\Content\Internationalization\icudt53l\coll\en.res" 55
"..\..\..\Engine\Content\Internationalization\icudt53l\coll\root.res" 56
"..\..\..\Engine\Content\Internationalization\icudt53l\numberingSystems.res" 57
"..\..\..\Engine\Content\Internationalization\icudt53l\curr\supplementalData.res" 58
"..\..\..\Engine\Content\Internationalization\icudt53l\curr\pool.res" 59
"..\..\..\Engine\Content\Internationalization\icudt53l\curr\en.res" 60
"..\..\..\Engine\Content\Internationalization\icudt53l\curr\root.res" 61
"..\..\..\Engine\Content\Internationalization\icudt53l\en_GB.res" 62
"..\..\..\Engine\Content\Internationalization\icudt53l\en_001.res" 63
"..\..\..\Engine\Content\Internationalization\icudt53l\plurals.res" 64
"..\..\..\Engine\Content\Internationalization\icudt53l\windowsZones.res" 65
"..\..\..\Engine\Content\Internationalization\icudt53l\zoneinfo64.res" 66
"..\..\..\Engine\Content\Internationalization\icudt53l\keyTypeData.res" 67
"..\..\..\Engine\Content\Internationalization\icudt53l\timezoneTypes.res" 68
"..\..\..\Engine\Content\Internationalization\icudt53l\supplementalData.res" 69
"..\..\..\Engine\Content\Internationalization\icudt53l\likelySubtags.res" 70
"..\..\..\Engine\Content\Internationalization\icudt53l\curr\en_GB.res" 71
"..\..\..\Engine\Content\Internationalization\icudt53l\curr\en_001.res" 72
"../../../Engine/Config/Base.ini" 73
"../../../Engine/Config/BaseEngine.ini" 74
"../../../../../../Users/10021_000/Desktop/hand in/Source/AsteroidMiner/Config/DefaultEngine.ini" 75
"../../../Engine/Config/Windows/WindowsEngine.ini" 76
"C:/Users/10021_000/Desktop/hand in/Source/AsteroidMiner/Saved/Config/Windows/Engine.ini" 77
"../../../../../../Users/10021_000/Desktop/hand in/Source/AsteroidMiner/Saved/Config/CleanSourceConfigs/Engine.ini" 78
"../../../Engine/Config/BaseGame.ini" 79
"../../../../../../Users/10021_000/Desktop/hand in/Source/AsteroidMiner/Config/DefaultGame.ini" 80
"C:/Users/10021_000/Desktop/hand in/Source/AsteroidMiner/Saved/Config/Windows/Game.ini" 81
"../../../../../../Users/10021_000/Desktop/hand in/Source/AsteroidMiner/Saved/Config/CleanSourceConfigs/Game.ini" 82
"../../../Engine/Config/BaseInput.ini" 83
"../../../../../../Users/10021_000/Desktop/hand in/Source/AsteroidMiner/Config/DefaultInput.ini" 84
"C:/Users/10021_000/Desktop/hand in/Source/AsteroidMiner/Saved/Config/Windows/Input.ini" 85
"../../../../../../Users/10021_000/Desktop/hand in/Source/AsteroidMiner/Saved/Config/CleanSourceConfigs/Input.ini" 86
"../../../Engine/Config/BaseEditor.ini" 87
"../../../../../../Users/10021_000/Desktop/hand in/Source/AsteroidMiner/Config/DefaultEditor.ini" 88
"C:/Users/10021_000/Desktop/hand in/Source/AsteroidMiner/Saved/Config/Windows/Editor.ini" 89
"../../../../../../Users/10021_000/Desktop/hand in/Source/AsteroidMiner/Saved/Config/CleanSourceConfigs/Editor.ini" 90
"../../../Engine/Config/BaseEditorLayout.ini" 91
"C:/Users/10021_000/Desktop/hand in/Source/AsteroidMiner/Saved/Config/Windows/EditorLayout.ini" 92
"../../../../../../Users/10021_000/Desktop/hand in/Source/AsteroidMiner/Saved/Config/CleanSourceConfigs/EditorLayout.ini" 93
"../../../Engine/Config/BaseEditorUserSettings.ini" 94
"C:/Users/10021_000/Desktop/hand in/Source/AsteroidMiner/Saved/Config/Windows/EditorUserSettings.ini" 95
"../../../../../../Users/10021_000/Desktop/hand in/Source/AsteroidMiner/Saved/Config/CleanSourceConfigs/EditorUserSettings.ini" 96
"../../../Engine/Config/BaseEditorKeyBindings.ini" 97
"C:/Users/10021_000/Desktop/hand in/Source/AsteroidMiner/Saved/Config/Windows/EditorKeyBindings.ini" 98
"../../../../../../Users/10021_000/Desktop/hand in/Source/AsteroidMiner/Saved/Config/CleanSourceConfigs/EditorKeyBindings.ini" 99
"../../../Engine/Config/BaseCompat.ini" 100
"C:/Users/10021_000/Desktop/hand in/Source/AsteroidMiner/Saved/Config/Windows/Compat.ini" 101
"../../../../../../Users/10021_000/Desktop/hand in/Source/AsteroidMiner/Saved/Config/CleanSourceConfigs/Compat.ini" 102
"../../../Engine/Config/BaseLightmass.ini" 103
"C:/Users/10021_000/Desktop/hand in/Source/AsteroidMiner/Saved/Config/Windows/Lightmass.ini" 104
"../../../../../../Users/10021_000/Desktop/hand in/Source/AsteroidMiner/Saved/Config/CleanSourceConfigs/Lightmass.ini" 105
"../../../Engine/Config/BaseScalability.ini" 106
"C:/Users/10021_000/Desktop/hand in/Source/AsteroidMiner/Saved/Config/Windows/Scalability.ini" 107
"../../../../../../Users/10021_000/Desktop/hand in/Source/AsteroidMiner/Saved/Config/CleanSourceConfigs/Scalability.ini" 108
"C:/Users/10021_000/Desktop/hand in/Source/AsteroidMiner/Saved/Config/Windows/GameUserSettings.ini" 109
"../../../../../../Users/10021_000/Desktop/hand in/Source/AsteroidMiner/Saved/Config/CleanSourceConfigs/GameUserSettings.ini" 110
"../../../Engine/Config/BaseDeviceProfiles.ini" 111
"C:/Users/10021_000/Desktop/hand in/Source/AsteroidMiner/Saved/Config/Windows/DeviceProfiles.ini" 112
"../../../../../../Users/10021_000/Desktop/hand in/Source/AsteroidMiner/Saved/Config/CleanSourceConfigs/DeviceProfiles.ini" 113
"../../../Engine/Config/ConsoleVariables.ini" 114
"..\..\..\Engine\Content\Internationalization\icudt53l\es.res" 115
"..\..\..\Engine\Content\Internationalization\icudt53l\coll\es.res" 116
"..\..\..\Engine\Content\Internationalization\icudt53l\curr\es.res" 117
"..\..\..\Engine\Content\Internationalization\icudt53l\es_ES.res" 118
"..\..\..\Engine\Content\Internationalization\icudt53l\ja.res" 119
"..\..\..\Engine\Content\Internationalization\icudt53l\coll\ja.res" 120
"..\..\..\Engine\Content\Internationalization\icudt53l\curr\ja.res" 121
"..\..\..\Engine\Content\Internationalization\icudt53l\ja_JP.res" 122
"..\..\..\Engine\Content\Internationalization\icudt53l\ko.res" 123
"..\..\..\Engine\Content\Internationalization\icudt53l\coll\ko.res" 124
"..\..\..\Engine\Content\Internationalization\icudt53l\curr\ko.res" 125
"..\..\..\Engine\Content\Internationalization\icudt53l\ko_KR.res" 126
"..\..\..\Engine\Content\Internationalization\icudt53l\pt_BR.res" 127
"..\..\..\Engine\Content\Internationalization\icudt53l\pt.res" 128
"..\..\..\Engine\Content\Internationalization\icudt53l\coll\pt.res" 129
"..\..\..\Engine\Content\Internationalization\icudt53l\curr\pt.res" 130
"..\..\..\Engine\Content\Internationalization\icudt53l\zh_CN.res" 131
"..\..\..\Engine\Content\Internationalization\icudt53l\zh_Hans_CN.res" 132
"..\..\..\Engine\Content\Internationalization\icudt53l\zh_Hans.res" 133
"..\..\..\Engine\Content\Internationalization\icudt53l\zh.res" 134
"..\..\..\Engine\Content\Internationalization\icudt53l\coll\zh_CN.res" 135
"..\..\..\Engine\Content\Internationalization\icudt53l\coll\zh_Hans_CN.res" 136
"..\..\..\Engine\Content\Internationalization\icudt53l\coll\zh_Hans.res" 137
"..\..\..\Engine\Content\Internationalization\icudt53l\coll\zh.res" 138
"..\..\..\Engine\Content\Internationalization\icudt53l\curr\zh_CN.res" 139
"..\..\..\Engine\Content\Internationalization\icudt53l\curr\zh_Hans_CN.res" 140
"..\..\..\Engine\Content\Internationalization\icudt53l\curr\zh_Hans.res" 141
"..\..\..\Engine\Content\Internationalization\icudt53l\curr\zh.res" 142
"C:/Program Files/Epic Games/4.6/Engine/Content/Localization/Editor/en/Editor.locres" 143
"C:/Program Files/Epic Games/4.6/Engine/Content/Localization/EditorTutorials/en/EditorTutorials.locres" 144
"C:/Program Files/Epic Games/4.6/Engine/Content/Localization/Engine/en/Engine.locres" 145
"../../../Engine/Content/Slate/Fonts/Roboto-Regular.ttf" 146
"../../../Engine/Content/Slate/Fonts/Roboto-Bold.ttf" 147
"../../../Engine/Content/Slate/Fonts/Roboto-Light.ttf" 148
"../../../Engine/Content/Slate/Fonts/DroidSansMono.ttf" 149
"C:/Program Files/Epic Games/4.6/Engine/Binaries/Win64/../../../Engine/Shaders/ParticleSpriteVertexFactory.usf" 150
"C:/Program Files/Epic Games/4.6/Engine/Binaries/Win64/../../../Engine/Shaders/VertexFactoryCommon.usf" 151
"C:/Program Files/Epic Games/4.6/Engine/Binaries/Win64/../../../Engine/Shaders/Common.usf" 152
"C:/Program Files/Epic Games/4.6/Engine/Binaries/Win64/../../../Engine/Shaders/ShaderVersion.usf" 153
"C:/Program Files/Epic Games/4.6/Engine/Binaries/Win64/../../../Engine/Shaders/Definitions.usf" 154
"C:/Program Files/Epic Games/4.6/Engine/Binaries/Win64/../../../Engine/Shaders/Random.usf" 155
"C:/Program Files/Epic Games/4.6/Engine/Binaries/Win64/../../../Engine/Shaders/ParticleVertexFactoryCommon.usf" 156
"C:/Program Files/Epic Games/4.6/Engine/Binaries/Win64/../../../Engine/Shaders/ParticleGPUSpriteVertexFactory.usf" 157
"C:/Program Files/Epic Games/4.6/Engine/Binaries/Win64/../../../Engine/Shaders/ParticleBeamTrailVertexFactory.usf" 158
"C:/Program Files/Epic Games/4.6/Engine/Binaries/Win64/../../../Engine/Shaders/VectorFieldVisualizationVertexFactory.usf" 159
"C:/Program Files/Epic Games/4.6/Engine/Binaries/Win64/../../../Engine/Shaders/LocalVertexFactory.usf" 160
"C:/Program Files/Epic Games/4.6/Engine/Binaries/Win64/../../../Engine/Shaders/LocalVertexFactoryCommon.usf" 161
"C:/Program Files/Epic Games/4.6/Engine/Binaries/Win64/../../../Engine/Shaders/MeshParticleVertexFactory.usf" 162
"C:/Program Files/Epic Games/4.6/Engine/Binaries/Win64/../../../Engine/Shaders/GpuSkinVertexFactory.usf" 163
"C:/Program Files/Epic Games/4.6/Engine/Binaries/Win64/../../../Engine/Shaders/GpuSkinCacheCommon.usf" 164
"C:/Program Files/Epic Games/4.6/Engine/Binaries/Win64/../../../Engine/Shaders/LandscapeVertexFactory.usf" 165
"C:/Program Files/Epic Games/4.6/Engine/Binaries/Win64/../../../Engine/Shaders/SlateElementPixelShader.usf" 166
"C:/Program Files/Epic Games/4.6/Engine/Binaries/Win64/../../../Engine/Shaders/MaterialTemplate.usf" 167
"C:/Program Files/Epic Games/4.6/Engine/Binaries/Win64/../../../Engine/Shaders/DepthOfFieldCommon.usf" 168
"C:/Program Files/Epic Games/4.6/Engine/Binaries/Win64/../../../Engine/Shaders/SpeedTreeCommon.usf" 169
"C:/Program Files/Epic Games/4.6/Engine/Binaries/Win64/../../../Engine/Shaders/AtmosphereCommon.usf" 170
"C:/Program Files/Epic Games/4.6/Engine/Binaries/Win64/../../../Engine/Shaders/PostProcessCommon.usf" 171
"C:/Program Files/Epic Games/4.6/Engine/Binaries/Win64/../../../Engine/Shaders/DeferredShadingCommon.usf" 172
"C:/Program Files/Epic Games/4.6/Engine/Binaries/Win64/../../../Engine/Shaders/LightAccumulator.usf" 173
"C:/Program Files/Epic Games/4.6/Engine/Binaries/Win64/../../../Engine/Shaders/SlateVertexShader.usf" 174
"C:/Program Files/Epic Games/4.6/Engine/Binaries/Win64/../../../Engine/Shaders/OneColorShader.usf" 175
"C:/Program Files/Epic Games/4.6/Engine/Binaries/Win64/../../../Engine/Shaders/ResolveVertexShader.usf" 176
"C:/Program Files/Epic Games/4.6/Engine/Binaries/Win64/../../../Engine/Shaders/ResolvePixelShader.usf" 177
"C:/Program Files/Epic Games/4.6/Engine/Binaries/Win64/../../../Engine/Shaders/VisualizeTexture.usf" 178
"C:/Program Files/Epic Games/4.6/Engine/Binaries/Win64/../../../Engine/Shaders/ScreenSpaceReflections.usf" 179
"C:/Program Files/Epic Games/4.6/Engine/Binaries/Win64/../../../Engine/Shaders/BRDF.usf" 180
"C:/Program Files/Epic Games/4.6/Engine/Binaries/Win64/../../../Engine/Shaders/MonteCarlo.usf" 181
"C:/Program Files/Epic Games/4.6/Engine/Binaries/Win64/../../../Engine/Shaders/FilterVertexShader.usf" 182
"C:/Program Files/Epic Games/4.6/Engine/Binaries/Win64/../../../Engine/Shaders/FilterPixelShader.usf" 183
"C:/Program Files/Epic Games/4.6/Engine/Binaries/Win64/../../../Engine/Shaders/PostProcessVisualizeHDR.usf" 184
"C:/Program Files/Epic Games/4.6/Engine/Binaries/Win64/../../../Engine/Shaders/PostProcessHistogramCommon.usf" 185
"C:/Program Files/Epic Games/4.6/Engine/Binaries/Win64/../../../Engine/Shaders/TonemapCommon.usf" 186
"C:/Program Files/Epic Games/4.6/Engine/Binaries/Win64/../../../Engine/Shaders/MiniFontCommon.usf" 187
"C:/Program Files/Epic Games/4.6/Engine/Binaries/Win64/../../../Engine/Shaders/PostProcessVisualizeBuffer.usf" 188
"C:/Program Files/Epic Games/4.6/Engine/Binaries/Win64/../../../Engine/Shaders/PostProcessUpscale.usf" 189
"C:/Program Files/Epic Games/4.6/Engine/Binaries/Win64/../../../Engine/Shaders/PostProcessTonemap.usf" 190
"C:/Program Files/Epic Games/4.6/Engine/Binaries/Win64/../../../Engine/Shaders/PostProcessTestImage.usf" 191
"C:/Program Files/Epic Games/4.6/Engine/Binaries/Win64/../../../Engine/Shaders/PostProcessTemporalAA.usf" 192
"C:/Program Files/Epic Games/4.6/Engine/Binaries/Win64/../../../Engine/Shaders/PostProcessTemporalCommon.usf" 193
"C:/Program Files/Epic Games/4.6/Engine/Binaries/Win64/../../../Engine/Shaders/PostProcessSubsurface.usf" 194
"C:/Program Files/Epic Games/4.6/Engine/Binaries/Win64/../../../Engine/Shaders/SeparableSSS.usf" 195
"C:/Program Files/Epic Games/4.6/Engine/Binaries/Win64/../../../Engine/Shaders/PostProcessSelectionOutline.usf" 196
"C:/Program Files/Epic Games/4.6/Engine/Binaries/Win64/../../../Engine/Shaders/PostProcessSceneColorFringe.usf" 197
"C:/Program Files/Epic Games/4.6/Engine/Binaries/Win64/../../../Engine/Shaders/PostProcessNoiseBlur.usf" 198
"C:/Program Files/Epic Games/4.6/Engine/Binaries/Win64/../../../Engine/Shaders/PostProcessMotionBlur.usf" 199
"C:/Program Files/Epic Games/4.6/Engine/Binaries/Win64/../../../Engine/Shaders/MorpheusInclude.usf" 200
"C:/Program Files/Epic Games/4.6/Engine/Binaries/Win64/../../../Engine/Shaders/PostProcessMobile.usf" 201
"C:/Program Files/Epic Games/4.6/Engine/Binaries/Win64/../../../Engine/Shaders/PostProcessMaterialShaders.usf" 202
"C:/Program Files/Epic Games/4.6/Engine/Binaries/Win64/../../../Engine/Shaders/PostProcessLensFlares.usf" 203
"C:/Program Files/Epic Games/4.6/Engine/Binaries/Win64/../../../Engine/Shaders/PostProcessLensBlur.usf" 204
"C:/Program Files/Epic Games/4.6/Engine/Binaries/Win64/../../../Engine/Shaders/PostProcessBloom.usf" 205
"C:/Program Files/Epic Games/4.6/Engine/Binaries/Win64/../../../Engine/Shaders/PostProcessHMD.usf" 206
"C:/Program Files/Epic Games/4.6/Engine/Binaries/Win64/../../../Engine/Shaders/PostProcessHistogramReduce.usf" 207
"C:/Program Files/Epic Games/4.6/Engine/Binaries/Win64/../../../Engine/Shaders/PostProcessHistogram.usf" 208
"C:/Program Files/Epic Games/4.6/Engine/Binaries/Win64/../../../Engine/Shaders/PostProcessGBufferHints.usf" 209
"C:/Program Files/Epic Games/4.6/Engine/Binaries/Win64/../../../Engine/Shaders/PostProcessEyeAdaptation.usf" 210
"C:/Program Files/Epic Games/4.6/Engine/Binaries/Win64/../../../Engine/Shaders/PostProcessDownsample.usf" 211
"C:/Program Files/Epic Games/4.6/Engine/Binaries/Win64/../../../Engine/Shaders/PostProcessDOF.usf" 212
"C:/Program Files/Epic Games/4.6/Engine/Binaries/Win64/../../../Engine/Shaders/PostProcessCompositeEditorPrimitives.usf" 213
"C:/Program Files/Epic Games/4.6/Engine/Binaries/Win64/../../../Engine/Shaders/PostProcessCombineLUTs.usf" 214
"C:/Program Files/Epic Games/4.6/Engine/Binaries/Win64/../../../Engine/Shaders/PostProcessBusyWait.usf" 215
"C:/Program Files/Epic Games/4.6/Engine/Binaries/Win64/../../../Engine/Shaders/PostProcessBokehDOF.usf" 216
"C:/Program Files/Epic Games/4.6/Engine/Binaries/Win64/../../../Engine/Shaders/FXAAShader.usf" 217
"C:/Program Files/Epic Games/4.6/Engine/Binaries/Win64/../../../Engine/Shaders/Fxaa3_11.usf" 218
"C:/Program Files/Epic Games/4.6/Engine/Binaries/Win64/../../../Engine/Shaders/PostProcessPassThrough.usf" 219
"C:/Program Files/Epic Games/4.6/Engine/Binaries/Win64/../../../Engine/Shaders/PostProcessLpvIndirect.usf" 220
"C:/Program Files/Epic Games/4.6/Engine/Binaries/Win64/../../../Engine/Shaders/DeferredLightingCommon.usf" 221
"C:/Program Files/Epic Games/4.6/Engine/Binaries/Win64/../../../Engine/Shaders/DynamicLightingCommon.usf" 222
"C:/Program Files/Epic Games/4.6/Engine/Binaries/Win64/../../../Engine/Shaders/IESLightProfilesCommon.usf" 223
"C:/Program Files/Epic Games/4.6/Engine/Binaries/Win64/../../../Engine/Shaders/LPVFinalPass.usf" 224
"C:/Program Files/Epic Games/4.6/Engine/Binaries/Win64/../../../Engine/Shaders/LPVCommon.usf" 225
"C:/Program Files/Epic Games/4.6/Engine/Binaries/Win64/../../../Engine/Shaders/DeferredDecal.usf" 226
"C:/Program Files/Epic Games/4.6/Engine/Binaries/Win64/../../../Engine/Shaders/PostProcessAmbientOcclusion.usf" 227
"C:/Program Files/Epic Games/4.6/Engine/Binaries/Win64/../../../Engine/Shaders/PostProcessAmbient.usf" 228
"C:/Program Files/Epic Games/4.6/Engine/Binaries/Win64/../../../Engine/Shaders/CubemapCommon.usf" 229
"C:/Program Files/Epic Games/4.6/Engine/Binaries/Win64/../../../Engine/Shaders/VelocityShader.usf" 230
"C:/Program Files/Epic Games/4.6/Engine/Binaries/Win64/../../../Engine/Shaders/Tessellation.usf" 231
"C:/Program Files/Epic Games/4.6/Engine/Binaries/Win64/../../../Engine/Shaders/FlatTessellation.usf" 232
"C:/Program Files/Epic Games/4.6/Engine/Binaries/Win64/../../../Engine/Shaders/PNTriangles.usf" 233
"C:/Program Files/Epic Games/4.6/Engine/Binaries/Win64/../../../Engine/Shaders/TranslucentLightingShaders.usf" 234
"C:/Program Files/Epic Games/4.6/Engine/Binaries/Win64/../../../Engine/Shaders/SHCommon.usf" 235
"C:/Program Files/Epic Games/4.6/Engine/Binaries/Win64/../../../Engine/Shaders/ShadowProjectionCommon.usf" 236
"C:/Program Files/Epic Games/4.6/Engine/Binaries/Win64/../../../Engine/Shaders/TranslucentLightInjectionShaders.usf" 237
"C:/Program Files/Epic Games/4.6/Engine/Binaries/Win64/../../../Engine/Shaders/LightFunctionCommon.usf" 238
"C:/Program Files/Epic Games/4.6/Engine/Binaries/Win64/../../../Engine/Shaders/TranslucentShadowDepthShaders.usf" 239
"C:/Program Files/Epic Games/4.6/Engine/Binaries/Win64/../../../Engine/Shaders/ShadowDepthCommon.usf" 240
"C:/Program Files/Epic Games/4.6/Engine/Binaries/Win64/../../../Engine/Shaders/TiledDeferredLightShaders.usf" 241
"C:/Program Files/Epic Games/4.6/Engine/Binaries/Win64/../../../Engine/Shaders/ShadowProjectionPixelShader.usf" 242
"C:/Program Files/Epic Games/4.6/Engine/Binaries/Win64/../../../Engine/Shaders/ShadowFilteringCommon.usf" 243
"C:/Program Files/Epic Games/4.6/Engine/Binaries/Win64/../../../Engine/Shaders/ShadowProjectionVertexShader.usf" 244
"C:/Program Files/Epic Games/4.6/Engine/Binaries/Win64/../../../Engine/Shaders/ShadowDepthPixelShader.usf" 245
"C:/Program Files/Epic Games/4.6/Engine/Binaries/Win64/../../../Engine/Shaders/LPVWriteVplCommon.usf" 246
"C:/Program Files/Epic Games/4.6/Engine/Binaries/Win64/../../../Engine/Shaders/LPVWriteCommon.usf" 247
"C:/Program Files/Epic Games/4.6/Engine/Binaries/Win64/../../../Engine/Shaders/ShadowDepthVertexShader.usf" 248
"C:/Program Files/Epic Games/4.6/Engine/Binaries/Win64/../../../Engine/Shaders/ShaderComplexityApplyPixelShader.usf" 249
"C:/Program Files/Epic Games/4.6/Engine/Binaries/Win64/../../../Engine/Shaders/ShaderComplexityApplyVertexShader.usf" 250
"C:/Program Files/Epic Games/4.6/Engine/Binaries/Win64/../../../Engine/Shaders/ShaderComplexityAccumulatePixelShader.usf" 251
"C:/Program Files/Epic Games/4.6/Engine/Binaries/Win64/../../../Engine/Shaders/HZBOcclusion.usf" 252
"C:/Program Files/Epic Games/4.6/Engine/Binaries/Win64/../../../Engine/Shaders/OcclusionQueryVertexShader.usf" 253
"C:/Program Files/Epic Games/4.6/Engine/Binaries/Win64/../../../Engine/Shaders/HitProxyPixelShader.usf" 254
"C:/Program Files/Epic Games/4.6/Engine/Binaries/Win64/../../../Engine/Shaders/HitProxyVertexShader.usf" 255
"C:/Program Files/Epic Games/4.6/Engine/Binaries/Win64/../../../Engine/Shaders/ReflectionEnvironmentShaders.usf" 256
"C:/Program Files/Epic Games/4.6/Engine/Binaries/Win64/../../../Engine/Shaders/ReflectionEnvironmentShared.usf" 257
"C:/Program Files/Epic Games/4.6/Engine/Binaries/Win64/../../../Engine/Shaders/SkyLightingShared.usf" 258
"C:/Program Files/Epic Games/4.6/Engine/Binaries/Win64/../../../Engine/Shaders/ReflectionEnvironmentComputeShaders.usf" 259
"C:/Program Files/Epic Games/4.6/Engine/Binaries/Win64/../../../Engine/Shaders/LightShaftShader.usf" 260
"C:/Program Files/Epic Games/4.6/Engine/Binaries/Win64/../../../Engine/Shaders/StationaryLightOverlapShaders.usf" 261
"C:/Program Files/Epic Games/4.6/Engine/Binaries/Win64/../../../Engine/Shaders/DeferredLightPixelShaders.usf" 262
"C:/Program Files/Epic Games/4.6/Engine/Binaries/Win64/../../../Engine/Shaders/DeferredLightVertexShaders.usf" 263
"C:/Program Files/Epic Games/4.6/Engine/Binaries/Win64/../../../Engine/Shaders/LPVVisualise.usf" 264
"C:/Program Files/Epic Games/4.6/Engine/Binaries/Win64/../../../Engine/Shaders/LPVGeometryVolumeCommon.usf" 265
"C:/Program Files/Epic Games/4.6/Engine/Binaries/Win64/../../../Engine/Shaders/LPVDirectLightInject.usf" 266
"C:/Program Files/Epic Games/4.6/Engine/Binaries/Win64/../../../Engine/Shaders/LPVPropagate.usf" 267
"C:/Program Files/Epic Games/4.6/Engine/Binaries/Win64/../../../Engine/Shaders/LPVBuildGeometryVolume.usf" 268
"C:/Program Files/Epic Games/4.6/Engine/Binaries/Win64/../../../Engine/Shaders/LPVInject_AccumulateVplLists.usf" 269
"C:/Program Files/Epic Games/4.6/Engine/Binaries/Win64/../../../Engine/Shaders/LPVInject_GenerateVplLists.usf" 270
"C:/Program Files/Epic Games/4.6/Engine/Binaries/Win64/../../../Engine/Shaders/LPVClearLists.usf" 271
"C:/Program Files/Epic Games/4.6/Engine/Binaries/Win64/../../../Engine/Shaders/LPVClear.usf" 272
"C:/Program Files/Epic Games/4.6/Engine/Binaries/Win64/../../../Engine/Shaders/LightMapDensityShader.usf" 273
"C:/Program Files/Epic Games/4.6/Engine/Binaries/Win64/../../../Engine/Shaders/LightFunctionPixelShader.usf" 274
"C:/Program Files/Epic Games/4.6/Engine/Binaries/Win64/../../../Engine/Shaders/LightFunctionVertexShader.usf" 275
"C:/Program Files/Epic Games/4.6/Engine/Binaries/Win64/../../../Engine/Shaders/HdrCustomResolveShaders.usf" 276
"C:/Program Files/Epic Games/4.6/Engine/Binaries/Win64/../../../Engine/Shaders/GPUBenchmark.usf" 277
"C:/Program Files/Epic Games/4.6/Engine/Binaries/Win64/../../../Engine/Shaders/GammaCorrection.usf" 278
"C:/Program Files/Epic Games/4.6/Engine/Binaries/Win64/../../../Engine/Shaders/BasePassForForwardShadingPixelShader.usf" 279
"C:/Program Files/Epic Games/4.6/Engine/Binaries/Win64/../../../Engine/Shaders/BasePassForForwardShadingCommon.usf" 280
"C:/Program Files/Epic Games/4.6/Engine/Binaries/Win64/../../../Engine/Shaders/LightmapCommon.usf" 281
"C:/Program Files/Epic Games/4.6/Engine/Binaries/Win64/../../../Engine/Shaders/BasePassForForwardShadingVertexShader.usf" 282
"C:/Program Files/Epic Games/4.6/Engine/Binaries/Win64/../../../Engine/Shaders/HeightFogCommon.usf" 283
"C:/Program Files/Epic Games/4.6/Engine/Binaries/Win64/../../../Engine/Shaders/HeightFogPixelShader.usf" 284
"C:/Program Files/Epic Games/4.6/Engine/Binaries/Win64/../../../Engine/Shaders/HeightFogVertexShader.usf" 285
"C:/Program Files/Epic Games/4.6/Engine/Binaries/Win64/../../../Engine/Shaders/DistortAccumulatePS.usf" 286
"C:/Program Files/Epic Games/4.6/Engine/Binaries/Win64/../../../Engine/Shaders/DistortAccumulateVS.usf" 287
"C:/Program Files/Epic Games/4.6/Engine/Binaries/Win64/../../../Engine/Shaders/DistortApplyScreenPS.usf" 288
"C:/Program Files/Epic Games/4.6/Engine/Binaries/Win64/../../../Engine/Shaders/SkyLighting.usf" 289
"C:/Program Files/Epic Games/4.6/Engine/Binaries/Win64/../../../Engine/Shaders/DistanceFieldSurfaceCacheLighting.usf" 290
"C:/Program Files/Epic Games/4.6/Engine/Binaries/Win64/../../../Engine/Shaders/DistanceFieldLightingShared.usf" 291
"C:/Program Files/Epic Games/4.6/Engine/Binaries/Win64/../../../Engine/Shaders/DistanceFieldAOShared.usf" 292
"C:/Program Files/Epic Games/4.6/Engine/Binaries/Win64/../../../Engine/Shaders/DistanceFieldSurfaceCacheLightingCompute.usf" 293
"C:/Program Files/Epic Games/4.6/Engine/Binaries/Win64/../../../Engine/Shaders/DistanceFieldShadowing.usf" 294
"C:/Program Files/Epic Games/4.6/Engine/Binaries/Win64/../../../Engine/Shaders/DepthOnlyPixelShader.usf" 295
"C:/Program Files/Epic Games/4.6/Engine/Binaries/Win64/../../../Engine/Shaders/DepthOnlyVertexShader.usf" 296
"C:/Program Files/Epic Games/4.6/Engine/Binaries/Win64/../../../Engine/Shaders/PositionOnlyDepthVertexShader.usf" 297
"C:/Program Files/Epic Games/4.6/Engine/Binaries/Win64/../../../Engine/Shaders/DownsampleDepthPixelShader.usf" 298
"C:/Program Files/Epic Games/4.6/Engine/Binaries/Win64/../../../Engine/Shaders/BasePassPixelShader.usf" 299
"C:/Program Files/Epic Games/4.6/Engine/Binaries/Win64/../../../Engine/Shaders/BasePassCommon.usf" 300
"C:/Program Files/Epic Games/4.6/Engine/Binaries/Win64/../../../Engine/Shaders/BasePassVertexShader.usf" 301
"C:/Program Files/Epic Games/4.6/Engine/Binaries/Win64/../../../Engine/Shaders/BasePassVertexCommon.usf" 302
"C:/Program Files/Epic Games/4.6/Engine/Binaries/Win64/../../../Engine/Shaders/BasePassTessellationShaders.usf" 303
"C:/Program Files/Epic Games/4.6/Engine/Binaries/Win64/../../../Engine/Shaders/AtmospherePrecompute.usf" 304
"C:/Program Files/Epic Games/4.6/Engine/Binaries/Win64/../../../Engine/Shaders/AtmospherePrecomputeCommon.usf" 305
"C:/Program Files/Epic Games/4.6/Engine/Binaries/Win64/../../../Engine/Shaders/AtmospherePrecomputeInscatter.usf" 306
"C:/Program Files/Epic Games/4.6/Engine/Binaries/Win64/../../../Engine/Shaders/AtmosphericFogShader.usf" 307
"C:/Program Files/Epic Games/4.6/Engine/Binaries/Win64/../../../Engine/Shaders/ParticleSortKeyGen.usf" 308
"C:/Program Files/Epic Games/4.6/Engine/Binaries/Win64/../../../Engine/Shaders/ParticleBoundsShader.usf" 309
"C:/Program Files/Epic Games/4.6/Engine/Binaries/Win64/../../../Engine/Shaders/ParticleSimVisualizeShader.usf" 310
"C:/Program Files/Epic Games/4.6/Engine/Binaries/Win64/../../../Engine/Shaders/ParticleInjectionShader.usf" 311
"C:/Program Files/Epic Games/4.6/Engine/Binaries/Win64/../../../Engine/Shaders/ParticleSimulationShader.usf" 312
"C:/Program Files/Epic Games/4.6/Engine/Binaries/Win64/../../../Engine/Shaders/ParticleCurveInjectionShader.usf" 313
"C:/Program Files/Epic Games/4.6/Engine/Binaries/Win64/../../../Engine/Shaders/VectorFieldCompositeShaders.usf" 314
"C:/Program Files/Epic Games/4.6/Engine/Binaries/Win64/../../../Engine/Shaders/UpdateTextureShaders.usf" 315
"C:/Program Files/Epic Games/4.6/Engine/Binaries/Win64/../../../Engine/Shaders/SimpleElementColorChannelMaskPixelShader.usf" 316
"C:/Program Files/Epic Games/4.6/Engine/Binaries/Win64/../../../Engine/Shaders/SimpleElementHitProxyPixelShader.usf" 317
"C:/Program Files/Epic Games/4.6/Engine/Binaries/Win64/../../../Engine/Shaders/SimpleElementPixelShader.usf" 318
"C:/Program Files/Epic Games/4.6/Engine/Binaries/Win64/../../../Engine/Shaders/ColorUtils.usf" 319
"C:/Program Files/Epic Games/4.6/Engine/Binaries/Win64/../../../Engine/Shaders/SimpleElementVertexShader.usf" 320
"C:/Program Files/Epic Games/4.6/Engine/Binaries/Win64/../../../Engine/Shaders/ScreenVertexShader.usf" 321
"C:/Program Files/Epic Games/4.6/Engine/Binaries/Win64/../../../Engine/Shaders/ScreenPixelShader.usf" 322
"C:/Program Files/Epic Games/4.6/Engine/Binaries/Win64/../../../Engine/Shaders/RadixSortShaders.usf" 323
"C:/Program Files/Epic Games/4.6/Engine/Binaries/Win64/../../../Engine/Shaders/GpuSkinCacheComputeShader.usf" 324
"C:/Program Files/Epic Games/4.6/Engine/Binaries/Win64/../../../Engine/Shaders/NullPixelShader.usf" 325
"C:/Program Files/Epic Games/4.6/Engine/Binaries/Win64/../../../Engine/Shaders/ClearReplacementShaders.usf" 326
"C:/Program Files/Epic Games/4.6/Engine/Binaries/Win64/../../../Engine/Shaders/SimpleElementTexture2DPreviewPixelShader.usf" 327
"C:/Program Files/Epic Games/4.6/Engine/Binaries/Win64/../../../Engine/Shaders/SimpleElementNormalMapPixelShader.usf" 328
"C:/Program Files/Epic Games/4.6/Engine/Binaries/Win64/../../../Engine/Shaders/meshpaintdilatepixelshader.usf" 329
"C:/Program Files/Epic Games/4.6/Engine/Binaries/Win64/../../../Engine/Shaders/meshpaintdilatevertexshader.usf" 330
"C:/Program Files/Epic Games/4.6/Engine/Binaries/Win64/../../../Engine/Shaders/MeshPaintPixelShader.usf" 331
"C:/Program Files/Epic Games/4.6/Engine/Binaries/Win64/../../../Engine/Shaders/MeshPaintVertexShader.usf" 332
"../../../Engine/Config/Android/AndroidEngine.ini" 333
"../../../Engine/Config/IOS/IOSEngine.ini" 334
"../../../Engine/Config/Linux/LinuxEngine.ini" 335
"C:/Users/10021_000/AppData/Local/UnrealEngine/4.6/DerivedDataCache/Boot.ddc" 336
"../../../Engine/DerivedDataCache/DDC.ddp" 337
"../../../Engine/Content/EditorResources/S_Actor.uasset" 338
"../../../Engine/Content/EditorLandscapeResources/DataLayer.uasset" 339
"../../../Engine/Content/Maps/Templates/Thumbnails/Default.uasset" 340
"../../../Engine/Content/EditorMaterials/ParticleSystems/PSysThumbnail_NoImage.uasset" 341
"../../../Engine/Content/EditorMaterials/ParticleSystems/PSysThumbnail_OOD.uasset" 342
"../../../Engine/Content/EngineDamageTypes/DmgTypeBP_Environmental.uasset" 343
"../../../Engine/Content/EngineMeshes/Sphere.uasset" 344
"../../../Engine/Content/EngineFonts/RobotoDistanceField.uasset" 345
"../../../Engine/Content/EngineMaterials/DefaultTextMaterialOpaque.uasset" 346
"../../../Engine/Content/Functions/Engine_MaterialFunctions01/Shading/PowerToRoughness.uasset" 347
"../../../Engine/Content/Functions/Engine_MaterialFunctions01/Shading/ConvertFromDiffSpec.uasset" 348
"../../../Engine/Content/EngineMaterials/WorldGridMaterial.uasset" 349
"../../../Engine/Content/Functions/Engine_MaterialFunctions01/Opacity/CameraDepthFade.uasset" 350
"../../../Engine/Content/EngineMaterials/T_Default_Material_Grid_M.uasset" 351
"../../../Engine/Content/EngineMaterials/T_Default_Material_Grid_N.uasset" 352
"../../../Engine/Content/EngineMaterials/DefaultDeferredDecalMaterial.uasset" 353
"../../../Engine/Content/EngineMaterials/DefaultDiffuse.uasset" 354
"../../../Engine/Content/EngineMaterials/DefaultLightFunctionMaterial.uasset" 355
"../../../Engine/Content/EngineMaterials/DefaultPostProcessMaterial.uasset" 356
"../../../Engine/Content/Functions/Engine_MaterialFunctions02/Utility/BreakOutFloat2Components.uasset" 357
"../../../Engine/Content/EditorResources/S_Trigger.uasset" 358
"../../../Engine/Content/EngineResources/WhiteSquareTexture.uasset" 359
"../../../Engine/Content/EngineResources/GradientTexture0.uasset" 360
"../../../Engine/Content/EngineResources/Black.uasset" 361
"../../../Engine/Content/EditorMaterials/MatineeGroups/MAT_Groups_Float.uasset" 362
"../../../Engine/Content/EditorMaterials/MatineeGroups/MAT_Groups_Director.uasset" 363
"../../../Engine/Content/EditorMaterials/MatineeGroups/MAT_Groups_Event.uasset" 364
"../../../Engine/Content/EditorMaterials/MatineeGroups/MAT_Groups_Anim.uasset" 365
"../../../Engine/Content/EditorMaterials/MatineeGroups/MAT_Groups_Fade.uasset" 366
"../../../Engine/Content/EditorMaterials/MatineeGroups/MAT_Groups_Move.uasset" 367
"../../../Engine/Content/EditorMaterials/MatineeGroups/MAT_Groups_Slomo.uasset" 368
"../../../Engine/Content/EditorMaterials/MatineeGroups/MAT_ColorTrack.uasset" 369
"../../../Engine/Content/EditorMaterials/MAT_Groups_Toggle.uasset" 370
"../../../Engine/Content/EditorMaterials/MatineeGroups/MAT_Groups_AudioMaster.uasset" 371
"../../../Engine/Content/EditorMaterials/MatineeGroups/MAT_Groups_Sound.uasset" 372
"../../../Engine/Content/EditorMaterials/MatineeGroups/MAT_Groups_Vector.uasset" 373
"../../../Engine/Content/EditorMaterials/MAT_Groups_Visibility.uasset" 374
"../../../Engine/Content/EngineResources/DefaultTexture.uasset" 375
"../../../Engine/Content/EngineResources/DefaultTextureCube.uasset" 376
"../../../Engine/Content/EngineSounds/Master.uasset" 377
"../../../Engine/Content/EngineSounds/Music.uasset" 378
"../../../Engine/Content/EngineSounds/SFX.uasset" 379
"../../../Engine/Content/EngineSounds/Normal_Attack.uasset" 380
"../../../Engine/Content/EngineSounds/Special_Attack_PSM.uasset" 381
"../../../Engine/Content/EngineSounds/Duck_Normal_Attack_MixMod.uasset" 382
"../../../Engine/Content/EngineSounds/Voice.uasset" 383
"../../../Engine/Content/EngineMeshes/Cylinder.uasset" 384
"../../../Engine/Content/EngineMaterials/DefaultMaterial.uasset" 385
"../../../Engine/Content/EngineTireTypes/DefaultTireType.uasset" 386
"../../../Engine/Content/Editor/Slate/Fonts/DroidSansMono.ttf" 387
"../../../Engine/Content/Editor/Slate/Fonts/Roboto-BoldCondensed.ttf" 388
"../../../Engine/Content/Editor/Slate/Fonts/Roboto-Black.ttf" 389
"../../../Engine/Content/Editor/Slate/Fonts/Roboto-BoldCondensedItalic.ttf" 390
"../../../Engine/Content/Editor/Slate/Fonts/Roboto-Italic.ttf" 391
"../../../Engine/Content/EngineFonts/Roboto.uasset" 392
"../../../Engine/Content/EngineMaterials/Widget3DPassThrough_Translucent.uasset" 393
"../../../Engine/Content/EngineMaterials/Widget3DPassThrough.uasset" 394
"../../../Engine/Content/EngineMaterials/Widget3DPassThrough_Translucent_OneSided.uasset" 395
"../../../Engine/Content/EngineMaterials/Widget3DPassThrough_Opaque.uasset" 396
"../../../Engine/Content/EngineMaterials/Widget3DPassThrough_Opaque_OneSided.uasset" 397
"../../../Engine/Plugins/2D/Paper2D/Content/MaskedUnlitSpriteMaterial.uasset" 398
"../../../Engine/Plugins/2D/Paper2D/Content/DefaultSpriteMaterial.uasset" 399
"../../../Engine/Plugins/2D/Paper2D/Content/DummySpriteTexture.uasset" 400
"../../../Engine/Plugins/2D/Paper2D/Content/OpaqueUnlitSpriteMaterial.uasset" 401
"../../../Engine/Plugins/2D/Paper2D/Content/DefaultPaperTerrainMaterial.uasset" 402
"../../../Engine/Plugins/2D/Paper2D/Content/DummySprite.uasset" 403
"C:/Users/10021_000/AppData/Local/UnrealEngine/4.6/Saved/Config/Windows/SourceControlSettings.ini" 404
"../../../../../../Users/10021_000/Desktop/hand in/Source/AsteroidMiner/Saved/Config/CleanSourceConfigs/SourceControlSettings.ini" 405
"C:/Users/10021_000/Desktop/hand in/Source/AsteroidMiner/Saved/Config/Windows/SourceControlSettings.ini" 406
"../../../Engine/Content/EngineMaterials/RemoveSurfaceMaterial.uasset" 407
"../../../Engine/Content/EngineDebugMaterials/DebugMeshMaterial.uasset" 408
"../../../Engine/Content/EngineMaterials/M_InvalidLightmapSettings.uasset" 409
"../../../Engine/Content/EngineMaterials/InvalidLightmapSettings.uasset" 410
"../../../Engine/Content/EditorMaterials/GizmoMaterial.uasset" 411
"../../../Engine/Content/EngineMaterials/Good64x64TilingNoiseHighFreq.uasset" 412
"../../../Engine/Content/EngineMaterials/DefaultBokeh.uasset" 413
"../../../Engine/Content/EngineMaterials/PreintegratedSkinBRDF.uasset" 414
"../../../Engine/Content/EngineMaterials/MiniFont.uasset" 415
"../../../Engine/Content/EngineMaterials/WeightMapPlaceholderTexture.uasset" 416
"../../../Engine/Content/EngineMaterials/DefaultWhiteGrid.uasset" 417
"../../../Engine/Content/EngineMaterials/DefaultPhysicalMaterial.uasset" 418
"../../../Engine/Content/EngineFonts/RobotoTiny.uasset" 419
"../../../../../../Users/10021_000/Desktop/hand in/Source/AsteroidMiner/Intermediate/CachedAssetRegistry.bin" 420
"../../../Engine/Content/MobileResources/HUD/VirtualJoystick_Thumb.uasset" 421
"../../../Engine/Content/MobileResources/HUD/VirtualJoystick_Background.uasset" 422
"../../../Engine/Content/MobileResources/HUD/T_Castle_ThumbstickOutter.uasset" 423
"../../../Engine/Content/MobileResources/HUD/T_Castle_ThumbstickInner.uasset" 424
"../../../Engine/Content/MobileResources/HUD/MobileHUDDirectionStick.uasset" 425
"../../../Engine/Content/MobileResources/HUD/MobileHUDDirectionPad3.uasset" 426
"../../../Engine/Content/MobileResources/HUD/MobileHUDDirectionPad2.uasset" 427
"../../../Engine/Content/MobileResources/HUD/MobileHUDDirectionPad.uasset" 428
"../../../Engine/Content/MobileResources/HUD/MobileHUDButtonFire.uasset" 429
"../../../Engine/Content/MobileResources/HUD/MobileHUDButton3.uasset" 430
"../../../Engine/Content/MobileResources/HUD/MobileHUDButton2_on.uasset" 431
"../../../Engine/Content/MobileResources/HUD/MobileHUDButton2_off.uasset" 432
"../../../Engine/Content/MobileResources/HUD/MobileHUDButton1_on.uasset" 433
"../../../Engine/Content/MobileResources/HUD/MobileHUDButton1_off.uasset" 434
"../../../Engine/Content/MobileResources/HUD/LeftVirtualJoystickOnly.uasset" 435
"../../../Engine/Content/MobileResources/HUD/DefaultVirtualJoysticks.uasset" 436
"../../../Engine/Content/MobileResources/HUD/AnalogHat.uasset" 437
"../../../Engine/Content/MobileResources/T_MobileMenu2.uasset" 438
"../../../Engine/Content/MobileResources/T_MobileControls_texture.uasset" 439
"../../../../../../Users/10021_000/Desktop/hand in/Source/AsteroidMiner/Content/Widgets/PauseMenuWidget.uasset" 440
"../../../../../../Users/10021_000/Desktop/hand in/Source/AsteroidMiner/Content/Textures/T_Background.uasset" 441
"C:/Users/10021_000/AppData/Local/UnrealEngine/Common/DerivedDataCache/8/3/6/TEXTURE_75F87CE100B546AAB8A1C4132AF9DB17_AUTODXT_55510DEF46E4BE02705735B56554E__BA57ABDA45CCFD2706FE86C1C0BEDB0DCC71846D.udd" 442
"C:/Users/10021_000/AppData/Local/UnrealEngine/Common/DerivedDataCache/0/4/1/TEXTURE_75F87CE100B546AAB8A1C4132AF9DB17_AUTODXT_55510DEF46E4BE02705735B56554E__2ACD51BDA491A97245B07DAB993253B7E6CEFC5C.udd" 443
"C:/Users/10021_000/AppData/Local/UnrealEngine/Common/DerivedDataCache/2/5/4/TEXTURE_75F87CE100B546AAB8A1C4132AF9DB17_AUTODXT_55510DEF46E4BE02705735B56554E__AF8B239C68A2A701D25E4556223396BD997F8500.udd" 444
"C:/Users/10021_000/AppData/Local/UnrealEngine/Common/DerivedDataCache/0/3/0/TEXTURE_75F87CE100B546AAB8A1C4132AF9DB17_AUTODXT_55510DEF46E4BE02705735B56554E__59D10F523334E10F0C460A243132AB40CC71788B.udd" 445
"C:/Users/10021_000/AppData/Local/UnrealEngine/Common/DerivedDataCache/2/4/0/TEXTURE_75F87CE100B546AAB8A1C4132AF9DB17_AUTODXT_55510DEF46E4BE02705735B56554E__47CC16B1C9C0D8B4743A9A7FB9ADB41BAC40985C.udd" 446
"../../../../../../Users/10021_000/Desktop/hand in/Source/AsteroidMiner/Content/Widgets/MenuWidget.uasset" 447
"../../../../../../Users/10021_000/Desktop/hand in/Source/AsteroidMiner/Content/Widgets/GameOverWidget.uasset" 448
"../../../Engine/Content/Maps/Entry.umap" 449
"../../../Engine/Content/EngineMaterials/DefaultNormal.uasset" 450
"../../../../../../Users/10021_000/Desktop/hand in/Source/AsteroidMiner/Content/Maps/Menu.umap" 451
"../../../../../../Users/10021_000/Desktop/hand in/Source/AsteroidMiner/Content/Maps/AsteroidMiner.umap" 452
"../../../Engine/Content/EditorBlueprintResources/StandardMacros.uasset" 453
"../../../Engine/Content/EngineSky/BP_Sky_Sphere.uasset" 454
"../../../Engine/Content/EngineSky/C_Sky_Cloud_Color.uasset" 455
"../../../Engine/Content/EngineSky/C_Sky_Horizon_Color.uasset" 456
"../../../Engine/Content/EngineSky/C_Sky_Zenith_Color.uasset" 457
"../../../Engine/Content/EngineSky/M_Sky_Panning_Clouds2.uasset" 458
"../../../Engine/Content/EngineSky/T_Sky_Blue.uasset" 459
"../../../Engine/Content/EngineSky/T_Sky_Clouds_M.uasset" 460
"../../../Engine/Content/EngineSky/T_Sky_Stars.uasset" 461
"../../../../../../Users/10021_000/Desktop/hand in/Source/AsteroidMiner/Content/Materials/M_SkyBox.uasset" 462
"../../../../../../Users/10021_000/Desktop/hand in/Source/AsteroidMiner/Content/Textures/HighResSkyBox.uasset" 463
"../../../Engine/Content/EngineSky/SM_SkySphere.uasset" 464
"../../../../../../Users/10021_000/Desktop/hand in/Source/AsteroidMiner/Content/Blueprints/AI/BotShip.uasset" 465
"../../../../../../Users/10021_000/Desktop/hand in/Source/AsteroidMiner/Content/Blueprints/AI/ShipAIController.uasset" 466
"../../../../../../Users/10021_000/Desktop/hand in/Source/AsteroidMiner/Content/Blueprints/AI/ShipBT.uasset" 467
"../../../../../../Users/10021_000/Desktop/hand in/Source/AsteroidMiner/Content/Blueprints/AI/ShipBB.uasset" 468
"../../../../../../Users/10021_000/Desktop/hand in/Source/AsteroidMiner/Content/Blueprints/AI/ShipState.uasset" 469
"../../../../../../Users/10021_000/Desktop/hand in/Source/AsteroidMiner/Content/Blueprints/AI/BehaviourTreeTasks/AdjustVelocityBTT.uasset" 470
"../../../../../../Users/10021_000/Desktop/hand in/Source/AsteroidMiner/Content/Blueprints/GameComponents/DebugHud.uasset" 471
"../../../../../../Users/10021_000/Desktop/hand in/Source/AsteroidMiner/Content/Blueprints/GameComponents/Hud_Interface.uasset" 472
"../../../../../../Users/10021_000/Desktop/hand in/Source/AsteroidMiner/Content/Materials/M_HUD_Fuel_Bar.uasset" 473
"../../../../../../Users/10021_000/Desktop/hand in/Source/AsteroidMiner/Content/Textures/T_HUD_Bar_Generic.uasset" 474
"../../../../../../Users/10021_000/Desktop/hand in/Source/AsteroidMiner/Content/Textures/T_Button.uasset" 475
"../../../../../../Users/10021_000/Desktop/hand in/Source/AsteroidMiner/Content/Textures/T_Button_Hover.uasset" 476
"../../../../../../Users/10021_000/Desktop/hand in/Source/AsteroidMiner/Content/Textures/T_Button_Pressed.uasset" 477
"../../../../../../Users/10021_000/Desktop/hand in/Source/AsteroidMiner/Content/Blueprints/Objects/B_Sun.uasset" 478
"../../../../../../Users/10021_000/Desktop/hand in/Source/AsteroidMiner/Content/Meshes/DetailedSun.uasset" 479
"../../../../../../Users/10021_000/Desktop/hand in/Source/AsteroidMiner/Content/Materials/M_Sun.uasset" 480
"../../../Engine/Content/Engine_MI_Shaders/T_Base_Tile_Normal.uasset" 481
"../../../../../../Users/10021_000/Desktop/hand in/Source/AsteroidMiner/Content/Textures/T_Fire.uasset" 482
"../../../../../../Users/10021_000/Desktop/hand in/Source/AsteroidMiner/Content/Meshes/UFO.uasset" 483
"../../../../../../Users/10021_000/Desktop/hand in/Source/AsteroidMiner/Content/Materials/M_Ship.uasset" 484
"../../../../../../Users/10021_000/Desktop/hand in/Source/AsteroidMiner/Content/Blueprints/AI/BehaviourTreeTasks/CheckStateBTT.uasset" 485
"../../../../../../Users/10021_000/Desktop/hand in/Source/AsteroidMiner/Content/Blueprints/GameComponents/AsteroidMinerGameMode.uasset" 486
"../../../../../../Users/10021_000/Desktop/hand in/Source/AsteroidMiner/Content/Blueprints/GameComponents/AsteroidMinerCamera.uasset" 487
"../../../../../../Users/10021_000/Desktop/hand in/Source/AsteroidMiner/Content/Audio/BackgroundMusic.uasset" 488
"../../../../../../Users/10021_000/Desktop/hand in/Source/AsteroidMiner/Content/Blueprints/GameComponents/AsteroidMinerPlayerControler.uasset" 489
"../../../../../../Users/10021_000/Desktop/hand in/Source/AsteroidMiner/Content/Blueprints/Objects/B_Asteroid.uasset" 490
"../../../../../../Users/10021_000/Desktop/hand in/Source/AsteroidMiner/Content/Meshes/Rock.uasset" 491
"../../../../../../Users/10021_000/Desktop/hand in/Source/AsteroidMiner/Content/Materials/M_Asteroid.uasset" 492
"../../../Engine/Content/Engine_MI_Shaders/T_Base_Tile_DetailNormal.uasset" 493
"C:/Users/10021_000/AppData/Local/UnrealEngine/Common/DerivedDataCache/4/9/7/MATSM_E2C1E89EE9AE4F3CA7B8E0F2C49B34EB_PCD3D_SM5_2__BC5N_DEV_SL_NODBUFC90F74CF__AD1F697D2D33AA34A3B62C90797BF330AE073750.udd" 494
"C:/Users/10021_000/AppData/Local/UnrealEngine/Common/DerivedDataCache/0/8/4/MATSM_E2C1E89EE9AE4F3CA7B8E0F2C49B34EB_PCD3D_SM4_2__BC5N_DEV_SL_NODBUFC90F74CF__DD3363D556E75B6412CB2A048E8544A489EC0306.udd" 495
"C:/Users/10021_000/AppData/Local/UnrealEngine/Common/DerivedDataCache/5/3/5/MATSM_E2C1E89EE9AE4F3CA7B8E0F2C49B34EB_PCD3D_SM5_2__BC5N_DEV_SL_NODBUFC70572EF__252F0081D44BA8D650CC91A88C117242B091FBA7.udd" 496
"C:/Users/10021_000/AppData/Local/UnrealEngine/Common/DerivedDataCache/6/8/6/TEXTURE_75F87CE100B546AAB8A1C4132AF9DB17_AUTODXT_CC1D7C55497E2D67D65B3EA256119__5BBF3A1F633EE0D17B6A48F5042D05B777C66D20.udd" 497
"C:/Users/10021_000/AppData/Local/UnrealEngine/Common/DerivedDataCache/3/8/2/MATSM_E2C1E89EE9AE4F3CA7B8E0F2C49B34EB_PCD3D_SM4_2__BC5N_DEV_SL_NODBUFC70572EF__435DD29718095E278FB424C6857A882F38777D1A.udd" 498
"C:/Users/10021_000/AppData/Local/UnrealEngine/Common/DerivedDataCache/7/4/8/TEXTURE_75F87CE100B546AAB8A1C4132AF9DB17_AUTODXT_4EAD56C545D9D6B914DB0DAD762CB__425CF8C388787582CF68D6DE02F711F8F4DE5C22.udd" 499
"C:/Users/10021_000/AppData/Local/UnrealEngine/Common/DerivedDataCache/9/5/8/TEXTURE_75F87CE100B546AAB8A1C4132AF9DB17_AUTODXT_B277C88246F072DE6F4C2F8A5B22D__6E95E8A983141F3354E4294C9ECD50FC3E50F164.udd" 500
"C:/Users/10021_000/AppData/Local/UnrealEngine/Common/DerivedDataCache/5/6/8/TEXTURE_75F87CE100B546AAB8A1C4132AF9DB17_AUTODXT_B277C88246F072DE6F4C2F8A5B22D__89272739484F5867611998FEDD3F464509383239.udd" 501
"C:/Users/10021_000/AppData/Local/UnrealEngine/Common/DerivedDataCache/5/2/6/TEXTURE_75F87CE100B546AAB8A1C4132AF9DB17_AUTODXT_B277C88246F072DE6F4C2F8A5B22D__F37CBDD7D5546363514B28843B7C7DC0C499A556.udd" 502
"C:/Users/10021_000/AppData/Local/UnrealEngine/Common/DerivedDataCache/7/3/9/TEXTURE_75F87CE100B546AAB8A1C4132AF9DB17_AUTODXT_8EB8D8FF418B92547FAC60A9206AF__D6D762CCEDCBBCF83860FCEF5E8F32C9B1A20EE6.udd" 503
"C:/Users/10021_000/AppData/Local/UnrealEngine/Common/DerivedDataCache/0/5/2/TEXTURE_75F87CE100B546AAB8A1C4132AF9DB17_AUTODXT_8EB8D8FF418B92547FAC60A9206AF__D2EAA2A64108ED665B04ACC00A77F65878EBCE99.udd" 504
"C:/Users/10021_000/AppData/Local/UnrealEngine/Common/DerivedDataCache/1/8/9/TEXTURE_75F87CE100B546AAB8A1C4132AF9DB17_AUTODXT_8EB8D8FF418B92547FAC60A9206AF__A8DCCBFD78E074B5EDFAFE95502A4B2E585FF4EE.udd" 505
"C:/Users/10021_000/AppData/Local/UnrealEngine/Common/DerivedDataCache/9/5/7/TEXTURE_75F87CE100B546AAB8A1C4132AF9DB17_AUTODXT_3714609246ED04860324ADB40A699__073C55EAB390FC4041C85C1D979122E67F5381BB.udd" 506
"C:/Users/10021_000/AppData/Local/UnrealEngine/Common/DerivedDataCache/6/0/6/TEXTURE_75F87CE100B546AAB8A1C4132AF9DB17_AUTODXT_3714609246ED04860324ADB40A699__98D450215698479E59111FFEABC17C3DD56EB73D.udd" 507
"C:/Users/10021_000/AppData/Local/UnrealEngine/Common/DerivedDataCache/8/3/4/TEXTURE_75F87CE100B546AAB8A1C4132AF9DB17_AUTODXT_3714609246ED04860324ADB40A699__02E17E8BD5A6E92E4711A37F044DE98FFE2CB4DB.udd" 508
"C:/Users/10021_000/AppData/Local/UnrealEngine/Common/DerivedDataCache/8/6/3/MATSM_E2C1E89EE9AE4F3CA7B8E0F2C49B34EB_PCD3D_SM5_2__BC5N_DEV_SL_NODBUF53DBAFD5__443CC84D06BEA57C2E7718A9D54E67D8457E5C61.udd" 509
"C:/Users/10021_000/AppData/Local/UnrealEngine/Common/DerivedDataCache/1/5/5/MATSM_E2C1E89EE9AE4F3CA7B8E0F2C49B34EB_PCD3D_SM4_2__BC5N_DEV_SL_NODBUF53DBAFD5__80ACF2F0248E63796B03CB8FC0DEB457D43EFDB3.udd" 510
"C:/Users/10021_000/AppData/Local/UnrealEngine/Common/DerivedDataCache/4/8/9/STATICMESH_46A8778361B442A9523C54440EA1E9D_0DB5412B27AB480F844CC7F0BE5ABAFF_3E__67EDA35B37A56EDA85F0756AA21E2A985C252A65.udd" 511
"C:/Users/10021_000/AppData/Local/UnrealEngine/Common/DerivedDataCache/8/4/8/PHYSX_$7B1F0627AE$2DABEB$2D4206$2D8D78$2DE16BEB5DDC7E$7D_PHYSXPC_3A35429344E44__E92A1D59053A477C79234E0CAA977E2E1E808B5C.udd" 512
"C:/Users/10021_000/AppData/Local/UnrealEngine/Common/DerivedDataCache/4/4/3/TEXTURE_75F87CE100B546AAB8A1C4132AF9DB17_AUTODXT_79CD3C34429B2D3C196DD6AF7A99C__CE8CADE9612CF8AE98B7836DC451421C0307F1E1.udd" 513
"C:/Users/10021_000/AppData/Local/UnrealEngine/Common/DerivedDataCache/8/1/0/TEXTURE_75F87CE100B546AAB8A1C4132AF9DB17_AUTODXT_79CD3C34429B2D3C196DD6AF7A99C__2AD2ABB89667F358E8785B66F04F800C3E709EEE.udd" 514
"C:/Users/10021_000/AppData/Local/UnrealEngine/Common/DerivedDataCache/8/6/9/TEXTURE_75F87CE100B546AAB8A1C4132AF9DB17_AUTODXT_79CD3C34429B2D3C196DD6AF7A99C__64A05A6C3382EB271898F9D6FFC0476C506D5FCB.udd" 515
"C:/Users/10021_000/AppData/Local/UnrealEngine/Common/DerivedDataCache/9/8/0/MATSM_E2C1E89EE9AE4F3CA7B8E0F2C49B34EB_PCD3D_SM5_2__BC5N_DEV_SL_NODBUF7066126B__6E859A60C00436AE5525CBEA6D0D406451AAE227.udd" 516
"C:/Users/10021_000/AppData/Local/UnrealEngine/Common/DerivedDataCache/5/3/0/TEXTURE_75F87CE100B546AAB8A1C4132AF9DB17_AUTODXT_79CD3C34429B2D3C196DD6AF7A99C__66E43A6A210B6EFA5EC9CC086A82CA377706EF91.udd" 517
"C:/Users/10021_000/AppData/Local/UnrealEngine/Common/DerivedDataCache/3/6/9/TEXTURE_75F87CE100B546AAB8A1C4132AF9DB17_AUTODXT_759A767D47A5E8BDE4A3BCADA518B__C4244190327913142500E7318857832881E17A66.udd" 518
"C:/Users/10021_000/AppData/Local/UnrealEngine/Common/DerivedDataCache/0/8/3/TEXTURE_75F87CE100B546AAB8A1C4132AF9DB17_DXT1_FB290B4642EBDCC97549B28EF40EE536__9405837FB1E46E5EBB67A06F1FD2F58E08206440.udd" 519
"C:/Users/10021_000/AppData/Local/UnrealEngine/Common/DerivedDataCache/4/0/0/TEXTURE_75F87CE100B546AAB8A1C4132AF9DB17_AUTODXT_D02F44CD4BC80CB3BF34028835083__440589BDCE46EBC421E831EFB89F2060ECB5C7F7.udd" 520
"C:/Users/10021_000/AppData/Local/UnrealEngine/Common/DerivedDataCache/6/2/9/MATSM_E2C1E89EE9AE4F3CA7B8E0F2C49B34EB_PCD3D_SM4_2__BC5N_DEV_SL_NODBUF7066126B__31C3EAB1627A8ED0317678C0EFCE83B5C8DF2807.udd" 521
"C:/Users/10021_000/AppData/Local/UnrealEngine/Common/DerivedDataCache/9/0/2/STATICMESH_46A8778361B442A9523C54440EA1E9D_0DB5412B27AB480F844CC7F0BE5ABAFF_70__E76F996680F0FCD85D264643EB98476EFA2511E3.udd" 522
"C:/Users/10021_000/AppData/Local/UnrealEngine/Common/DerivedDataCache/7/1/5/PHYSX_$7B1F0627AE$2DABEB$2D4206$2D8D78$2DE16BEB5DDC7E$7D_PHYSXPC_EE21A7FD49CAE__71CA5CFDCBAB57170095E09BDEEF6FBE8F23D49E.udd" 523
"C:/Users/10021_000/AppData/Local/UnrealEngine/Common/DerivedDataCache/5/9/9/PHYSX_$7B1F0627AE$2DABEB$2D4206$2D8D78$2DE16BEB5DDC7E$7D_PHYSXPC_243C42DB41718AA66AC1C7A100B17694__1_0_13073_0.udd" 524
"C:/Users/10021_000/AppData/Local/UnrealEngine/Common/DerivedDataCache/1/1/7/PHYSX_$7B1F0627AE$2DABEB$2D4206$2D8D78$2DE16BEB5DDC7E$7D_PHYSXPC_3EBBF1A74B125E7628E34EA1FFCF310F__1_0_13073_0.udd" 525
"C:/Users/10021_000/AppData/Local/UnrealEngine/Common/DerivedDataCache/3/7/1/AUDIO_0002_0000_OGG_0001_9FCC3B844AF9B9783DDD4D9703A82B2C.udd" 526
"C:/Users/10021_000/AppData/Local/UnrealEngine/Common/DerivedDataCache/5/6/9/MATSM_E2C1E89EE9AE4F3CA7B8E0F2C49B34EB_PCD3D_SM5_2__BC5N_DEV_SL_NODBUF8591DCCB__411296630F8057BFD01F7016B3A41ECA5F017A83.udd" 527
"C:/Users/10021_000/AppData/Local/UnrealEngine/Common/DerivedDataCache/8/0/8/MATSM_E2C1E89EE9AE4F3CA7B8E0F2C49B34EB_PCD3D_SM4_2__BC5N_DEV_SL_NODBUF8591DCCB__54FB8A12CB4B1E0F710E923A0D10CA2E2481EB37.udd" 528
"C:/Users/10021_000/AppData/Local/UnrealEngine/Common/DerivedDataCache/4/8/1/STATICMESH_46A8778361B442A9523C54440EA1E9D_0DB5412B27AB480F844CC7F0BE5ABAFF_9B__1C63806240DFB25BF2BE63BDEB5103DEEA3690AA.udd" 529
"C:/Users/10021_000/AppData/Local/UnrealEngine/Common/DerivedDataCache/7/5/9/PHYSX_$7B1F0627AE$2DABEB$2D4206$2D8D78$2DE16BEB5DDC7E$7D_PHYSXPC_F0ED722D4ABB0__927E88625D1E549BA67BC30542927B4C7388062D.udd" 530
"../../../../../../Users/10021_000/Desktop/hand in/Source/AsteroidMiner/Content/Font/MyFont.uasset" 531
"C:/Users/10021_000/AppData/Local/UnrealEngine/Common/DerivedDataCache/4/6/5/TEXTURE_75F87CE100B546AAB8A1C4132AF9DB17_AUTODXT_23F073D44E135106A5E42A96C9852__8E23B7C7CC682564DB3CC328720E49C125D50E64.udd" 532
"../../../../../../Users/10021_000/Desktop/hand in/Source/AsteroidMiner/Content/Blueprints/GameComponents/ShowDebugHud.uasset" 533
"../../../../../../Users/10021_000/Desktop/hand in/Source/AsteroidMiner/Content/Blueprints/AI/ShipBot.uasset" 534
"../../../../../../Users/10021_000/Desktop/hand in/Source/AsteroidMiner/Content/Blueprints/DebugHud.uasset" 535
"../../../../../../Users/10021_000/Desktop/hand in/Source/AsteroidMiner/Content/Blueprints/B_Sun.uasset" 536
"../../../../../../Users/10021_000/Desktop/hand in/Source/AsteroidMiner/Content/Blueprints/B_Ship.uasset" 537
"../../../../../../Users/10021_000/Desktop/hand in/Source/AsteroidMiner/Content/Blueprints/B_Earth.uasset" 538
"../../../../../../Users/10021_000/Desktop/hand in/Source/AsteroidMiner/Content/Blueprints/AsteroidMinerGameMode.uasset" 539
